2023-03-30 17:53:09.893 [info] Reading sessions from keychain...
2023-03-30 17:53:09.893 [info] Getting sessions for user:email...
2023-03-30 17:53:09.893 [info] Got stored sessions!
2023-03-30 17:53:09.893 [info] Got 2 verified sessions.
2023-03-30 17:53:09.893 [info] Got 1 sessions for user:email...
2023-03-30 17:53:09.893 [info] Getting sessions for all scopes...
2023-03-30 17:53:09.893 [info] Got 2 sessions for ...
2023-03-30 17:53:11.747 [info] Getting sessions for all scopes...
2023-03-30 17:53:11.747 [info] Got 2 sessions for ...
2023-03-30 17:53:13.329 [info] Getting user info...
2023-03-30 17:53:13.664 [info] Getting user info...
2023-03-30 17:53:14.503 [info] Got account info!
2023-03-30 17:53:14.574 [info] Got account info!
2023-03-30 17:54:55.287 [info] Getting sessions for all scopes...
2023-03-30 17:54:55.287 [info] Got 2 sessions for ...
2023-03-30 18:47:57.776 [info] Getting sessions for user:email...
2023-03-30 18:47:57.884 [info] Got 1 sessions for user:email...
2023-03-30 19:32:36.410 [info] Getting sessions for user:email...
2023-03-30 19:32:36.411 [info] Got 1 sessions for user:email...
2023-03-30 20:15:38.498 [info] Getting sessions for user:email...
2023-03-30 20:15:38.500 [info] Got 1 sessions for user:email...
2023-03-30 21:13:52.186 [info] Getting sessions for user:email...
2023-03-30 21:13:52.186 [info] Got 1 sessions for user:email...
2023-03-30 22:09:00.563 [info] Getting sessions for user:email...
2023-03-30 22:09:00.584 [info] Got 1 sessions for user:email...
2023-03-30 23:04:22.793 [info] Getting sessions for user:email...
2023-03-30 23:04:22.793 [info] Got 1 sessions for user:email...
2023-03-30 23:57:56.868 [info] Getting sessions for user:email...
2023-03-30 23:57:56.868 [info] Got 1 sessions for user:email...
2023-03-31 00:54:45.281 [info] Getting sessions for user:email...
2023-03-31 00:54:45.282 [info] Got 1 sessions for user:email...
