[Info  - 6:19:41 PM] (23921) Pylance language server 2023.3.30 (pyright 68a8e98a) starting
[Info  - 6:19:41 PM] (23921) Server root directory: /home/hadi/.vscode/extensions/ms-python.vscode-pylance-2023.3.30/dist
[Info  - 6:19:41 PM] (23921) Starting service instance "Desktop"
[Info  - 6:19:41 PM] (23921) Auto-indent enabled
[Info  - 6:19:41 PM] (23921) No configuration file found.
[Info  - 6:19:41 PM] (23921) No pyproject.toml file found.
[Info  - 6:19:41 PM] (23921) Setting pythonPath for service "Desktop": "/bin/python3"
[Warn  - 6:19:41 PM] (23921) stubPath /home/hadi/Desktop/typings is not a valid directory.
[Info  - 6:19:41 PM] (23921) Assuming Python version 3.10
[Info  - 6:19:41 PM] (23921) Assuming Python platform Linux
[Info  - 6:19:42 PM] (23921) Searching for source files
[Info  - 6:19:42 PM] (23921) Found 3 source files
[Info  - 6:19:43 PM] (23921) Background analysis(1) root directory: /home/hadi/.vscode/extensions/ms-python.vscode-pylance-2023.3.30/dist
[Info  - 6:19:43 PM] (23921) Background analysis(1) started
[Info  - 6:19:43 PM] (23921) Indexer background runner(2) root directory: /home/hadi/.vscode/extensions/ms-python.vscode-pylance-2023.3.30/dist (index)
[Info  - 6:19:43 PM] (23921) Indexing(2) started
[Info  - 6:19:47 PM] (23921) [IDX(2)] Long operation: scan packages /home/hadi/Desktop (3635ms)
[Info  - 6:19:47 PM] (23921) scanned(2) 161 files over 1 exec env
[Info  - 6:19:47 PM] (23921) [BG(1)] Long operation: getSemanticTokens full at /home/hadi/Desktop/earthquake_proj/data_modifier.py (4080ms)
[Info  - 6:19:52 PM] (23921) [IDX(2)] Long operation: index execution environment /home/hadi/Desktop (4449ms)
[Info  - 6:19:52 PM] (23921) [IDX(2)] Long operation: index packages /home/hadi/Desktop (4523ms)
[Info  - 6:19:52 PM] (23921) indexed(2) 95 files over 1 exec env
[Info  - 6:19:52 PM] (23921) Indexing finished(2).
