2023-03-24 10:16:12.174 [info] Using settings sync service https://vscode-sync.trafficmanager.net/
2023-03-24 10:16:12.174 [info] Auto Sync is enabled.
2023-03-24 10:16:12.174 [info] Auto Sync: Suspended until auth token is available.
2023-03-24 10:16:12.349 [info] Deleting non existing profile from backup /home/hadi/.config/Code/User/sync/extensions
2023-03-24 10:16:12.354 [info] Deleting non existing profile from backup /home/hadi/.config/Code/User/sync/globalState
2023-03-24 10:16:12.357 [info] Deleting non existing profile from backup /home/hadi/.config/Code/User/sync/keybindings
2023-03-24 10:16:12.364 [info] Deleting non existing profile from backup /home/hadi/.config/Code/User/sync/profiles
2023-03-24 10:16:12.370 [info] Deleting non existing profile from backup /home/hadi/.config/Code/User/sync/settings
2023-03-24 10:16:12.385 [info] Deleting non existing profile from backup /home/hadi/.config/Code/User/sync/snippets
2023-03-24 10:16:12.398 [info] Deleting non existing profile from backup /home/hadi/.config/Code/User/sync/tasks
2023-03-24 10:16:22.286 [info] Auto Sync: Triggered by Interval
2023-03-24 10:16:22.287 [info] Sync started.
2023-03-24 10:16:23.712 [info] Settings: Last sync resource does not exist locally.
2023-03-24 10:16:24.105 [info] Settings: No changes found during synchronizing settings.
2023-03-24 10:16:24.110 [info] Keybindings: Last sync resource does not exist locally.
2023-03-24 10:16:24.525 [info] Keybindings: No changes found during synchronizing keybindings.
2023-03-24 10:16:24.532 [info] Snippets: Last sync resource does not exist locally.
2023-03-24 10:16:24.855 [info] Snippets: No changes found during synchronizing snippets.
2023-03-24 10:16:24.862 [info] Tasks: Last sync resource does not exist locally.
2023-03-24 10:16:25.142 [info] Tasks: No changes found during synchronizing tasks.
2023-03-24 10:16:25.148 [info] GlobalState: Last sync resource does not exist locally.
2023-03-24 10:16:26.409 [info] GlobalState: Updated remote ui state. Updated: cpp.1.lastSessionDate,cpp.1.sessionCount,java.2.lastSessionDate,java.2.sessionCount,javascript.1.lastSessionDate,javascript.1.sessionCount,typescript.1.lastSessionDate,typescript.1.sessionCount.
2023-03-24 10:16:26.516 [info] GlobalState: Updated last synchronized ui state
2023-03-24 10:16:26.552 [info] Extensions: Last sync resource does not exist locally.
2023-03-24 10:16:27.302 [info] Extensions: No changes found during synchronizing extensions.
2023-03-24 10:16:27.306 [info] Profiles: Last sync resource does not exist locally.
2023-03-24 10:16:27.670 [info] Profiles: No changes found during synchronizing profiles.
2023-03-24 10:16:27.684 [info] Sync done. Took 5397ms
2023-03-24 10:16:38.865 [info] Auto Sync: Triggered by Activity
2023-03-24 10:16:38.866 [info] Sync started.
2023-03-24 10:16:39.197 [info] Settings: No changes found during synchronizing settings.
2023-03-24 10:16:39.209 [info] Keybindings: No changes found during synchronizing keybindings.
2023-03-24 10:16:39.220 [info] Snippets: No changes found during synchronizing snippets.
2023-03-24 10:16:39.229 [info] Tasks: No changes found during synchronizing tasks.
2023-03-24 10:16:39.242 [info] GlobalState: No changes found during synchronizing ui state.
2023-03-24 10:16:39.427 [info] Extensions: No changes found during synchronizing extensions.
2023-03-24 10:16:39.431 [info] Profiles: No changes found during synchronizing profiles.
2023-03-24 10:16:39.435 [info] Sync done. Took 573ms
2023-03-24 10:16:51.987 [info] Auto Sync: Triggered by Activity
2023-03-24 10:16:51.988 [info] Sync started.
2023-03-24 10:16:52.269 [info] Settings: No changes found during synchronizing settings.
2023-03-24 10:16:52.280 [info] Keybindings: No changes found during synchronizing keybindings.
2023-03-24 10:16:52.286 [info] Snippets: No changes found during synchronizing snippets.
2023-03-24 10:16:52.292 [info] Tasks: No changes found during synchronizing tasks.
2023-03-24 10:16:52.300 [info] GlobalState: No changes found during synchronizing ui state.
2023-03-24 10:16:52.468 [info] Extensions: No changes found during synchronizing extensions.
2023-03-24 10:16:52.473 [info] Profiles: No changes found during synchronizing profiles.
2023-03-24 10:16:52.480 [info] Sync done. Took 497ms
2023-03-24 10:17:15.174 [info] Auto Sync: Triggered by Activity
2023-03-24 10:17:15.175 [info] Sync started.
2023-03-24 10:17:15.463 [info] Settings: No changes found during synchronizing settings.
2023-03-24 10:17:15.470 [info] Keybindings: No changes found during synchronizing keybindings.
2023-03-24 10:17:15.476 [info] Snippets: No changes found during synchronizing snippets.
2023-03-24 10:17:15.480 [info] Tasks: No changes found during synchronizing tasks.
2023-03-24 10:17:15.486 [info] GlobalState: No changes found during synchronizing ui state.
2023-03-24 10:17:15.616 [info] Extensions: No changes found during synchronizing extensions.
2023-03-24 10:17:15.624 [info] Profiles: No changes found during synchronizing profiles.
2023-03-24 10:17:15.629 [info] Sync done. Took 457ms
2023-03-24 10:17:36.992 [info] Auto Sync: Triggered by Activity
2023-03-24 10:17:36.998 [info] Sync started.
2023-03-24 10:17:37.283 [info] Settings: No changes found during synchronizing settings.
2023-03-24 10:17:37.397 [info] Keybindings: No changes found during synchronizing keybindings.
2023-03-24 10:17:37.447 [info] Snippets: No changes found during synchronizing snippets.
2023-03-24 10:17:37.475 [info] Tasks: No changes found during synchronizing tasks.
2023-03-24 10:17:37.488 [info] GlobalState: No changes found during synchronizing ui state.
2023-03-24 10:17:37.644 [info] Extensions: No changes found during synchronizing extensions.
2023-03-24 10:17:37.652 [info] Profiles: No changes found during synchronizing profiles.
2023-03-24 10:17:37.656 [info] Sync done. Took 683ms
2023-03-24 10:20:33.547 [info] Auto Sync: Triggered by Activity
2023-03-24 10:20:33.922 [info] Sync started.
2023-03-24 10:20:47.294 [info] Settings: No changes found during synchronizing settings.
2023-03-24 10:20:48.011 [info] Keybindings: No changes found during synchronizing keybindings.
2023-03-24 10:20:48.346 [info] Snippets: No changes found during synchronizing snippets.
2023-03-24 10:20:48.480 [info] Tasks: No changes found during synchronizing tasks.
2023-03-24 10:20:49.243 [info] GlobalState: No changes found during synchronizing ui state.
2023-03-24 10:20:56.351 [info] Extensions: No changes found during synchronizing extensions.
2023-03-24 10:20:56.429 [info] Profiles: No changes found during synchronizing profiles.
2023-03-24 10:20:56.455 [info] Sync done. Took 31011ms
2023-03-24 10:21:06.040 [info] Auto Sync: Triggered by Activity
2023-03-24 10:21:06.041 [info] Sync started.
2023-03-24 10:21:06.692 [info] Settings: No changes found during synchronizing settings.
2023-03-24 10:21:06.744 [info] Keybindings: No changes found during synchronizing keybindings.
2023-03-24 10:21:06.753 [info] Snippets: No changes found during synchronizing snippets.
2023-03-24 10:21:06.758 [info] Tasks: No changes found during synchronizing tasks.
2023-03-24 10:21:06.790 [info] GlobalState: No changes found during synchronizing ui state.
2023-03-24 10:21:07.371 [info] Extensions: No changes found during synchronizing extensions.
2023-03-24 10:21:07.388 [info] Profiles: No changes found during synchronizing profiles.
2023-03-24 10:21:07.396 [info] Sync done. Took 1360ms
2023-03-24 10:22:28.471 [info] Auto Sync: Triggered by Activity
2023-03-24 10:22:28.471 [info] Sync started.
2023-03-24 10:22:29.115 [info] Settings: No changes found during synchronizing settings.
2023-03-24 10:22:29.123 [info] Keybindings: No changes found during synchronizing keybindings.
2023-03-24 10:22:29.212 [info] Snippets: No changes found during synchronizing snippets.
2023-03-24 10:22:29.237 [info] Tasks: No changes found during synchronizing tasks.
2023-03-24 10:22:29.274 [info] GlobalState: No changes found during synchronizing ui state.
2023-03-24 10:22:29.904 [info] Extensions: No changes found during synchronizing extensions.
2023-03-24 10:22:29.933 [info] Profiles: No changes found during synchronizing profiles.
2023-03-24 10:22:29.948 [info] Sync done. Took 1480ms
2023-03-24 10:26:42.523 [info] Auto Sync: Triggered by Activity
2023-03-24 10:26:42.523 [info] Sync started.
2023-03-24 10:26:43.543 [info] Settings: No changes found during synchronizing settings.
2023-03-24 10:26:43.578 [info] Keybindings: No changes found during synchronizing keybindings.
2023-03-24 10:26:43.603 [info] Snippets: No changes found during synchronizing snippets.
2023-03-24 10:26:43.615 [info] Tasks: No changes found during synchronizing tasks.
2023-03-24 10:26:43.627 [info] GlobalState: No changes found during synchronizing ui state.
2023-03-24 10:26:44.041 [info] Extensions: No changes found during synchronizing extensions.
2023-03-24 10:26:44.045 [info] Profiles: No changes found during synchronizing profiles.
2023-03-24 10:26:44.050 [info] Sync done. Took 1526ms
2023-03-24 10:26:59.524 [info] Auto Sync: Triggered by Activity
2023-03-24 10:26:59.525 [info] Sync started.
2023-03-24 10:27:00.421 [info] Settings: No changes found during synchronizing settings.
2023-03-24 10:27:00.436 [info] Keybindings: No changes found during synchronizing keybindings.
2023-03-24 10:27:00.447 [info] Snippets: No changes found during synchronizing snippets.
2023-03-24 10:27:00.451 [info] Tasks: No changes found during synchronizing tasks.
2023-03-24 10:27:02.292 [info] GlobalState: Updated remote ui state. Updated: workbench.panel.pinnedPanels.
2023-03-24 10:27:02.437 [info] GlobalState: Updated last synchronized ui state
2023-03-24 10:27:02.790 [info] Extensions: No changes found during synchronizing extensions.
2023-03-24 10:27:02.794 [info] Profiles: No changes found during synchronizing profiles.
2023-03-24 10:27:02.798 [info] Sync done. Took 3275ms
2023-03-24 10:28:35.475 [info] Auto Sync: Triggered by Activity
2023-03-24 10:28:35.475 [info] Sync started.
2023-03-24 10:28:36.147 [info] Settings: No changes found during synchronizing settings.
2023-03-24 10:28:36.156 [info] Keybindings: No changes found during synchronizing keybindings.
2023-03-24 10:28:36.167 [info] Snippets: No changes found during synchronizing snippets.
2023-03-24 10:28:36.172 [info] Tasks: No changes found during synchronizing tasks.
2023-03-24 10:28:36.179 [info] GlobalState: No changes found during synchronizing ui state.
2023-03-24 10:28:36.338 [info] Extensions: No changes found during synchronizing extensions.
2023-03-24 10:28:36.361 [info] Profiles: No changes found during synchronizing profiles.
2023-03-24 10:28:36.364 [info] Sync done. Took 890ms
2023-03-24 10:30:36.744 [info] Auto Sync: Triggered by Activity
2023-03-24 10:30:36.748 [info] Sync started.
2023-03-24 10:30:37.297 [info] Settings: No changes found during synchronizing settings.
2023-03-24 10:30:37.320 [info] Keybindings: No changes found during synchronizing keybindings.
2023-03-24 10:30:37.330 [info] Snippets: No changes found during synchronizing snippets.
2023-03-24 10:30:37.335 [info] Tasks: No changes found during synchronizing tasks.
2023-03-24 10:30:37.342 [info] GlobalState: No changes found during synchronizing ui state.
2023-03-24 10:30:37.479 [info] Extensions: No changes found during synchronizing extensions.
2023-03-24 10:30:37.483 [info] Profiles: No changes found during synchronizing profiles.
2023-03-24 10:30:37.486 [info] Sync done. Took 748ms
2023-03-24 10:31:40.899 [info] Auto Sync: Triggered by Activity
2023-03-24 10:31:40.899 [info] Sync started.
2023-03-24 10:31:41.200 [info] Settings: No changes found during synchronizing settings.
2023-03-24 10:31:41.207 [info] Keybindings: No changes found during synchronizing keybindings.
2023-03-24 10:31:41.214 [info] Snippets: No changes found during synchronizing snippets.
2023-03-24 10:31:41.219 [info] Tasks: No changes found during synchronizing tasks.
2023-03-24 10:31:41.227 [info] GlobalState: No changes found during synchronizing ui state.
2023-03-24 10:31:41.446 [info] Extensions: No changes found during synchronizing extensions.
2023-03-24 10:31:41.452 [info] Profiles: No changes found during synchronizing profiles.
2023-03-24 10:31:41.474 [info] Sync done. Took 572ms
2023-03-24 10:31:55.337 [info] Auto Sync: Triggered by Activity
2023-03-24 10:31:55.338 [info] Sync started.
2023-03-24 10:31:55.878 [info] Settings: No changes found during synchronizing settings.
2023-03-24 10:31:55.894 [info] Keybindings: No changes found during synchronizing keybindings.
2023-03-24 10:31:55.907 [info] Snippets: No changes found during synchronizing snippets.
2023-03-24 10:31:55.920 [info] Tasks: No changes found during synchronizing tasks.
2023-03-24 10:31:55.935 [info] GlobalState: No changes found during synchronizing ui state.
2023-03-24 10:31:56.162 [info] Extensions: No changes found during synchronizing extensions.
2023-03-24 10:31:56.167 [info] Profiles: No changes found during synchronizing profiles.
2023-03-24 10:31:56.173 [info] Sync done. Took 837ms
2023-03-24 10:33:24.951 [info] Auto Sync: Triggered by Activity
2023-03-24 10:33:24.953 [info] Sync started.
2023-03-24 10:33:25.924 [info] Settings: No changes found during synchronizing settings.
2023-03-24 10:33:25.971 [info] Keybindings: No changes found during synchronizing keybindings.
2023-03-24 10:33:25.991 [info] Snippets: No changes found during synchronizing snippets.
2023-03-24 10:33:26.010 [info] Tasks: No changes found during synchronizing tasks.
2023-03-24 10:33:26.037 [info] GlobalState: No changes found during synchronizing ui state.
2023-03-24 10:33:26.232 [info] Extensions: No changes found during synchronizing extensions.
2023-03-24 10:33:26.236 [info] Profiles: No changes found during synchronizing profiles.
2023-03-24 10:33:26.247 [info] Sync done. Took 1300ms
2023-03-24 10:33:52.094 [info] Auto Sync: Triggered by Activity
2023-03-24 10:33:52.096 [info] Sync started.
2023-03-24 10:33:52.335 [info] Settings: No changes found during synchronizing settings.
2023-03-24 10:33:52.346 [info] Keybindings: No changes found during synchronizing keybindings.
2023-03-24 10:33:52.356 [info] Snippets: No changes found during synchronizing snippets.
2023-03-24 10:33:52.361 [info] Tasks: No changes found during synchronizing tasks.
2023-03-24 10:33:52.370 [info] GlobalState: No changes found during synchronizing ui state.
2023-03-24 10:33:52.516 [info] Extensions: No changes found during synchronizing extensions.
2023-03-24 10:33:52.529 [info] Profiles: No changes found during synchronizing profiles.
2023-03-24 10:33:52.537 [info] Sync done. Took 462ms
2023-03-24 10:35:24.990 [info] Auto Sync: Triggered by Activity
2023-03-24 10:35:24.991 [info] Sync started.
2023-03-24 10:35:26.092 [info] Settings: No changes found during synchronizing settings.
2023-03-24 10:35:26.105 [info] Keybindings: No changes found during synchronizing keybindings.
2023-03-24 10:35:26.114 [info] Snippets: No changes found during synchronizing snippets.
2023-03-24 10:35:26.121 [info] Tasks: No changes found during synchronizing tasks.
2023-03-24 10:35:26.128 [info] GlobalState: No changes found during synchronizing ui state.
2023-03-24 10:35:26.311 [info] Extensions: No changes found during synchronizing extensions.
2023-03-24 10:35:26.326 [info] Profiles: No changes found during synchronizing profiles.
2023-03-24 10:35:26.333 [info] Sync done. Took 1347ms
2023-03-24 10:35:41.778 [info] Auto Sync: Triggered by Activity
2023-03-24 10:35:41.779 [info] Sync started.
2023-03-24 10:35:42.697 [info] Settings: No changes found during synchronizing settings.
2023-03-24 10:35:42.718 [info] Keybindings: No changes found during synchronizing keybindings.
2023-03-24 10:35:42.747 [info] Snippets: No changes found during synchronizing snippets.
2023-03-24 10:35:42.774 [info] Tasks: No changes found during synchronizing tasks.
2023-03-24 10:35:42.800 [info] GlobalState: No changes found during synchronizing ui state.
2023-03-24 10:35:42.961 [info] Extensions: No changes found during synchronizing extensions.
2023-03-24 10:35:42.976 [info] Profiles: No changes found during synchronizing profiles.
2023-03-24 10:35:42.980 [info] Sync done. Took 1205ms
2023-03-24 10:36:48.652 [info] Auto Sync: Triggered by Activity
2023-03-24 10:36:48.653 [info] Sync started.
2023-03-24 10:36:50.201 [info] Settings: No changes found during synchronizing settings.
2023-03-24 10:36:50.212 [info] Keybindings: No changes found during synchronizing keybindings.
2023-03-24 10:36:50.218 [info] Snippets: No changes found during synchronizing snippets.
2023-03-24 10:36:50.230 [info] Tasks: No changes found during synchronizing tasks.
2023-03-24 10:36:50.242 [info] GlobalState: No changes found during synchronizing ui state.
2023-03-24 10:36:50.460 [info] Extensions: No changes found during synchronizing extensions.
2023-03-24 10:36:50.463 [info] Profiles: No changes found during synchronizing profiles.
2023-03-24 10:36:50.465 [info] Sync done. Took 1816ms
2023-03-24 10:39:00.574 [info] Auto Sync: Triggered by Activity
2023-03-24 10:39:00.576 [info] Sync started.
2023-03-24 10:39:03.994 [info] Settings: No changes found during synchronizing settings.
2023-03-24 10:39:04.005 [info] Keybindings: No changes found during synchronizing keybindings.
2023-03-24 10:39:04.015 [info] Snippets: No changes found during synchronizing snippets.
2023-03-24 10:39:04.020 [info] Tasks: No changes found during synchronizing tasks.
2023-03-24 10:39:04.749 [info] GlobalState: No changes found during synchronizing ui state.
2023-03-24 10:39:04.950 [info] Extensions: No changes found during synchronizing extensions.
2023-03-24 10:39:04.968 [info] Profiles: No changes found during synchronizing profiles.
2023-03-24 10:39:04.977 [info] Sync done. Took 4424ms
2023-03-24 10:39:16.223 [info] Auto Sync: Triggered by Activity
2023-03-24 10:39:16.223 [info] Sync started.
2023-03-24 10:39:17.260 [info] Settings: No changes found during synchronizing settings.
2023-03-24 10:39:17.273 [info] Keybindings: No changes found during synchronizing keybindings.
2023-03-24 10:39:17.277 [info] Snippets: No changes found during synchronizing snippets.
2023-03-24 10:39:17.285 [info] Tasks: No changes found during synchronizing tasks.
2023-03-24 10:39:17.291 [info] GlobalState: No changes found during synchronizing ui state.
2023-03-24 10:39:17.418 [info] Extensions: No changes found during synchronizing extensions.
2023-03-24 10:39:17.421 [info] Profiles: No changes found during synchronizing profiles.
2023-03-24 10:39:17.424 [info] Sync done. Took 1201ms
2023-03-24 10:39:37.192 [info] Auto Sync: Triggered by Activity
2023-03-24 10:39:37.194 [info] Sync started.
2023-03-24 10:39:37.841 [info] Settings: No changes found during synchronizing settings.
2023-03-24 10:39:37.848 [info] Keybindings: No changes found during synchronizing keybindings.
2023-03-24 10:39:37.854 [info] Snippets: No changes found during synchronizing snippets.
2023-03-24 10:39:37.864 [info] Tasks: No changes found during synchronizing tasks.
2023-03-24 10:39:37.874 [info] GlobalState: No changes found during synchronizing ui state.
2023-03-24 10:39:38.064 [info] Extensions: No changes found during synchronizing extensions.
2023-03-24 10:39:38.067 [info] Profiles: No changes found during synchronizing profiles.
2023-03-24 10:39:38.069 [info] Sync done. Took 880ms
2023-03-24 10:39:57.143 [info] Auto Sync: Triggered by Activity
2023-03-24 10:39:57.144 [info] Sync started.
2023-03-24 10:39:58.120 [info] Settings: No changes found during synchronizing settings.
2023-03-24 10:39:58.137 [info] Keybindings: No changes found during synchronizing keybindings.
2023-03-24 10:39:58.148 [info] Snippets: No changes found during synchronizing snippets.
2023-03-24 10:39:58.154 [info] Tasks: No changes found during synchronizing tasks.
2023-03-24 10:39:58.166 [info] GlobalState: No changes found during synchronizing ui state.
2023-03-24 10:39:58.339 [info] Extensions: No changes found during synchronizing extensions.
2023-03-24 10:39:58.342 [info] Profiles: No changes found during synchronizing profiles.
2023-03-24 10:39:58.345 [info] Sync done. Took 1205ms
2023-03-24 10:41:30.277 [info] Auto Sync: Triggered by Activity
2023-03-24 10:41:30.292 [info] Sync started.
2023-03-24 10:41:31.180 [info] Settings: No changes found during synchronizing settings.
2023-03-24 10:41:31.204 [info] Keybindings: No changes found during synchronizing keybindings.
2023-03-24 10:41:31.213 [info] Snippets: No changes found during synchronizing snippets.
2023-03-24 10:41:31.220 [info] Tasks: No changes found during synchronizing tasks.
2023-03-24 10:41:31.228 [info] GlobalState: No changes found during synchronizing ui state.
2023-03-24 10:41:31.379 [info] Extensions: No changes found during synchronizing extensions.
2023-03-24 10:41:31.384 [info] Profiles: No changes found during synchronizing profiles.
2023-03-24 10:41:31.387 [info] Sync done. Took 1114ms
2023-03-24 10:41:58.527 [info] Auto Sync: Triggered by Activity
2023-03-24 10:41:58.527 [info] Sync started.
2023-03-24 10:41:59.458 [info] Settings: No changes found during synchronizing settings.
2023-03-24 10:41:59.476 [info] Keybindings: No changes found during synchronizing keybindings.
2023-03-24 10:41:59.492 [info] Snippets: No changes found during synchronizing snippets.
2023-03-24 10:41:59.498 [info] Tasks: No changes found during synchronizing tasks.
2023-03-24 10:41:59.509 [info] GlobalState: No changes found during synchronizing ui state.
2023-03-24 10:41:59.660 [info] Extensions: No changes found during synchronizing extensions.
2023-03-24 10:41:59.671 [info] Profiles: No changes found during synchronizing profiles.
2023-03-24 10:41:59.674 [info] Sync done. Took 1148ms
2023-03-24 10:42:52.930 [info] Auto Sync: Triggered by Activity
2023-03-24 10:42:52.931 [info] Sync started.
2023-03-24 10:42:54.439 [info] Settings: No changes found during synchronizing settings.
2023-03-24 10:42:54.447 [info] Keybindings: No changes found during synchronizing keybindings.
2023-03-24 10:42:54.454 [info] Snippets: No changes found during synchronizing snippets.
2023-03-24 10:42:54.471 [info] Tasks: No changes found during synchronizing tasks.
2023-03-24 10:42:54.479 [info] GlobalState: No changes found during synchronizing ui state.
2023-03-24 10:42:54.670 [info] Extensions: No changes found during synchronizing extensions.
2023-03-24 10:42:54.684 [info] Profiles: No changes found during synchronizing profiles.
2023-03-24 10:42:54.686 [info] Sync done. Took 1759ms
2023-03-24 10:43:09.706 [info] Auto Sync: Triggered by Activity
2023-03-24 10:43:09.706 [info] Sync started.
2023-03-24 10:43:10.173 [info] Settings: No changes found during synchronizing settings.
2023-03-24 10:43:10.179 [info] Keybindings: No changes found during synchronizing keybindings.
2023-03-24 10:43:10.185 [info] Snippets: No changes found during synchronizing snippets.
2023-03-24 10:43:10.189 [info] Tasks: No changes found during synchronizing tasks.
2023-03-24 10:43:10.198 [info] GlobalState: No changes found during synchronizing ui state.
2023-03-24 10:43:10.324 [info] Extensions: No changes found during synchronizing extensions.
2023-03-24 10:43:10.339 [info] Profiles: No changes found during synchronizing profiles.
2023-03-24 10:43:10.349 [info] Sync done. Took 643ms
2023-03-24 10:44:01.046 [info] Auto Sync: Triggered by Activity
2023-03-24 10:44:01.046 [info] Sync started.
2023-03-24 10:44:01.461 [info] Settings: No changes found during synchronizing settings.
2023-03-24 10:44:01.481 [info] Keybindings: No changes found during synchronizing keybindings.
2023-03-24 10:44:01.492 [info] Snippets: No changes found during synchronizing snippets.
2023-03-24 10:44:01.498 [info] Tasks: No changes found during synchronizing tasks.
2023-03-24 10:44:01.506 [info] GlobalState: No changes found during synchronizing ui state.
2023-03-24 10:44:01.665 [info] Extensions: No changes found during synchronizing extensions.
2023-03-24 10:44:01.683 [info] Profiles: No changes found during synchronizing profiles.
2023-03-24 10:44:01.688 [info] Sync done. Took 651ms
2023-03-24 10:44:25.575 [info] Auto Sync: Triggered by Activity
2023-03-24 10:44:25.576 [info] Sync started.
2023-03-24 10:44:26.262 [info] Settings: No changes found during synchronizing settings.
2023-03-24 10:44:26.268 [info] Keybindings: No changes found during synchronizing keybindings.
2023-03-24 10:44:26.275 [info] Snippets: No changes found during synchronizing snippets.
2023-03-24 10:44:26.281 [info] Tasks: No changes found during synchronizing tasks.
2023-03-24 10:44:26.288 [info] GlobalState: No changes found during synchronizing ui state.
2023-03-24 10:44:26.408 [info] Extensions: No changes found during synchronizing extensions.
2023-03-24 10:44:26.418 [info] Profiles: No changes found during synchronizing profiles.
2023-03-24 10:44:26.425 [info] Sync done. Took 852ms
2023-03-24 10:49:26.429 [info] Auto Sync: Triggered by Interval
2023-03-24 10:49:26.430 [info] Sync started.
2023-03-24 10:49:28.290 [info] Settings: No changes found during synchronizing settings.
2023-03-24 10:49:28.323 [info] Keybindings: No changes found during synchronizing keybindings.
2023-03-24 10:49:28.329 [info] Snippets: No changes found during synchronizing snippets.
2023-03-24 10:49:28.334 [info] Tasks: No changes found during synchronizing tasks.
2023-03-24 10:49:28.341 [info] GlobalState: No changes found during synchronizing ui state.
2023-03-24 10:49:28.501 [info] Extensions: No changes found during synchronizing extensions.
2023-03-24 10:49:28.504 [info] Profiles: No changes found during synchronizing profiles.
2023-03-24 10:49:28.507 [info] Sync done. Took 2077ms
2023-03-24 10:54:28.507 [info] Auto Sync: Triggered by Interval
2023-03-24 10:54:28.508 [info] Sync started.
2023-03-24 10:54:29.506 [info] Settings: No changes found during synchronizing settings.
2023-03-24 10:54:29.513 [info] Keybindings: No changes found during synchronizing keybindings.
2023-03-24 10:54:29.519 [info] Snippets: No changes found during synchronizing snippets.
2023-03-24 10:54:29.524 [info] Tasks: No changes found during synchronizing tasks.
2023-03-24 10:54:29.653 [info] GlobalState: No changes found during synchronizing ui state.
2023-03-24 10:54:29.821 [info] Extensions: No changes found during synchronizing extensions.
2023-03-24 10:54:29.832 [info] Profiles: No changes found during synchronizing profiles.
2023-03-24 10:54:29.841 [info] Sync done. Took 1334ms
2023-03-24 10:59:29.845 [info] Auto Sync: Triggered by Interval
2023-03-24 10:59:29.846 [info] Sync started.
2023-03-24 10:59:30.629 [info] Settings: No changes found during synchronizing settings.
2023-03-24 10:59:30.635 [info] Keybindings: No changes found during synchronizing keybindings.
2023-03-24 10:59:30.642 [info] Snippets: No changes found during synchronizing snippets.
2023-03-24 10:59:30.646 [info] Tasks: No changes found during synchronizing tasks.
2023-03-24 10:59:30.653 [info] GlobalState: No changes found during synchronizing ui state.
2023-03-24 10:59:30.820 [info] Extensions: No changes found during synchronizing extensions.
2023-03-24 10:59:30.824 [info] Profiles: No changes found during synchronizing profiles.
2023-03-24 10:59:30.826 [info] Sync done. Took 985ms
2023-03-24 11:03:53.411 [info] Auto Sync: Triggered by Activity
2023-03-24 11:03:53.412 [info] Sync started.
2023-03-24 11:03:54.687 [info] Settings: No changes found during synchronizing settings.
2023-03-24 11:03:54.697 [info] Keybindings: No changes found during synchronizing keybindings.
2023-03-24 11:03:54.702 [info] Snippets: No changes found during synchronizing snippets.
2023-03-24 11:03:54.707 [info] Tasks: No changes found during synchronizing tasks.
2023-03-24 11:03:54.713 [info] GlobalState: No changes found during synchronizing ui state.
2023-03-24 11:03:54.865 [info] Extensions: No changes found during synchronizing extensions.
2023-03-24 11:03:54.868 [info] Profiles: No changes found during synchronizing profiles.
2023-03-24 11:03:54.871 [info] Sync done. Took 1462ms
2023-03-24 11:04:07.667 [info] Auto Sync: Triggered by Activity
2023-03-24 11:04:07.667 [info] Sync started.
2023-03-24 11:04:08.122 [info] Settings: No changes found during synchronizing settings.
2023-03-24 11:04:08.136 [info] Keybindings: No changes found during synchronizing keybindings.
2023-03-24 11:04:08.146 [info] Snippets: No changes found during synchronizing snippets.
2023-03-24 11:04:08.156 [info] Tasks: No changes found during synchronizing tasks.
2023-03-24 11:04:08.165 [info] GlobalState: No changes found during synchronizing ui state.
2023-03-24 11:04:08.322 [info] Extensions: No changes found during synchronizing extensions.
2023-03-24 11:04:08.332 [info] Profiles: No changes found during synchronizing profiles.
2023-03-24 11:04:08.337 [info] Sync done. Took 686ms
2023-03-24 11:04:27.018 [info] Auto Sync: Triggered by Activity
2023-03-24 11:04:27.019 [info] Sync started.
2023-03-24 11:04:27.368 [info] Settings: No changes found during synchronizing settings.
2023-03-24 11:04:27.382 [info] Keybindings: No changes found during synchronizing keybindings.
2023-03-24 11:04:27.387 [info] Snippets: No changes found during synchronizing snippets.
2023-03-24 11:04:27.390 [info] Tasks: No changes found during synchronizing tasks.
2023-03-24 11:04:27.396 [info] GlobalState: No changes found during synchronizing ui state.
2023-03-24 11:04:27.515 [info] Extensions: No changes found during synchronizing extensions.
2023-03-24 11:04:27.518 [info] Profiles: No changes found during synchronizing profiles.
2023-03-24 11:04:27.524 [info] Sync done. Took 508ms
2023-03-24 11:05:52.710 [info] Auto Sync: Triggered by Activity
2023-03-24 11:05:52.711 [info] Sync started.
2023-03-24 11:05:53.106 [info] Settings: No changes found during synchronizing settings.
2023-03-24 11:05:53.131 [info] Keybindings: No changes found during synchronizing keybindings.
2023-03-24 11:05:53.154 [info] Snippets: No changes found during synchronizing snippets.
2023-03-24 11:05:53.173 [info] Tasks: No changes found during synchronizing tasks.
2023-03-24 11:05:53.180 [info] GlobalState: No changes found during synchronizing ui state.
2023-03-24 11:05:53.348 [info] Extensions: No changes found during synchronizing extensions.
2023-03-24 11:05:53.354 [info] Profiles: No changes found during synchronizing profiles.
2023-03-24 11:05:53.357 [info] Sync done. Took 663ms
2023-03-24 11:06:05.504 [info] Auto Sync: Triggered by Activity
2023-03-24 11:06:05.504 [info] Sync started.
2023-03-24 11:06:05.735 [info] Settings: No changes found during synchronizing settings.
2023-03-24 11:06:05.740 [info] Keybindings: No changes found during synchronizing keybindings.
2023-03-24 11:06:05.746 [info] Snippets: No changes found during synchronizing snippets.
2023-03-24 11:06:05.750 [info] Tasks: No changes found during synchronizing tasks.
2023-03-24 11:06:05.757 [info] GlobalState: No changes found during synchronizing ui state.
2023-03-24 11:06:05.906 [info] Extensions: No changes found during synchronizing extensions.
2023-03-24 11:06:05.920 [info] Profiles: No changes found during synchronizing profiles.
2023-03-24 11:06:05.923 [info] Sync done. Took 420ms
2023-03-24 11:08:39.919 [info] Auto Sync: Triggered by Activity
2023-03-24 11:08:39.919 [info] Sync started.
2023-03-24 11:08:41.831 [info] Settings: No changes found during synchronizing settings.
2023-03-24 11:08:41.839 [info] Keybindings: No changes found during synchronizing keybindings.
2023-03-24 11:08:41.845 [info] Snippets: No changes found during synchronizing snippets.
2023-03-24 11:08:41.853 [info] Tasks: No changes found during synchronizing tasks.
2023-03-24 11:08:41.862 [info] GlobalState: No changes found during synchronizing ui state.
2023-03-24 11:08:42.006 [info] Extensions: No changes found during synchronizing extensions.
2023-03-24 11:08:42.011 [info] Profiles: No changes found during synchronizing profiles.
2023-03-24 11:08:42.016 [info] Sync done. Took 2097ms
2023-03-24 11:13:42.022 [info] Auto Sync: Triggered by Interval
2023-03-24 11:13:42.023 [info] Sync started.
2023-03-24 11:13:43.185 [info] Settings: No changes found during synchronizing settings.
2023-03-24 11:13:43.194 [info] Keybindings: No changes found during synchronizing keybindings.
2023-03-24 11:13:43.203 [info] Snippets: No changes found during synchronizing snippets.
2023-03-24 11:13:43.208 [info] Tasks: No changes found during synchronizing tasks.
2023-03-24 11:13:43.220 [info] GlobalState: No changes found during synchronizing ui state.
2023-03-24 11:13:43.493 [info] Extensions: No changes found during synchronizing extensions.
2023-03-24 11:13:43.497 [info] Profiles: No changes found during synchronizing profiles.
2023-03-24 11:13:43.574 [info] Sync done. Took 1551ms
2023-03-24 11:17:44.444 [info] Auto Sync: Triggered by Activity
2023-03-24 11:17:44.496 [info] Sync started.
2023-03-24 11:17:46.079 [info] Settings: No changes found during synchronizing settings.
2023-03-24 11:17:46.114 [info] Keybindings: No changes found during synchronizing keybindings.
2023-03-24 11:17:46.128 [info] Snippets: No changes found during synchronizing snippets.
2023-03-24 11:17:46.133 [info] Tasks: No changes found during synchronizing tasks.
2023-03-24 11:17:46.210 [info] GlobalState: No changes found during synchronizing ui state.
2023-03-24 11:17:46.834 [info] Extensions: No changes found during synchronizing extensions.
2023-03-24 11:17:46.838 [info] Profiles: No changes found during synchronizing profiles.
2023-03-24 11:17:46.841 [info] Sync done. Took 2397ms
2023-03-24 11:18:03.424 [info] Auto Sync: Triggered by Activity
2023-03-24 11:18:03.424 [info] Sync started.
2023-03-24 11:18:03.768 [info] Settings: No changes found during synchronizing settings.
2023-03-24 11:18:03.942 [info] Keybindings: No changes found during synchronizing keybindings.
2023-03-24 11:18:03.949 [info] Snippets: No changes found during synchronizing snippets.
2023-03-24 11:18:03.969 [info] Tasks: No changes found during synchronizing tasks.
2023-03-24 11:18:04.001 [info] GlobalState: No changes found during synchronizing ui state.
2023-03-24 11:18:04.606 [info] Extensions: No changes found during synchronizing extensions.
2023-03-24 11:18:04.652 [info] Profiles: No changes found during synchronizing profiles.
2023-03-24 11:18:04.663 [info] Sync done. Took 1238ms
2023-03-24 11:19:35.807 [info] Auto Sync: Triggered by Activity
2023-03-24 11:19:35.861 [info] Sync started.
2023-03-24 11:19:36.426 [info] Settings: No changes found during synchronizing settings.
2023-03-24 11:19:36.585 [info] Keybindings: No changes found during synchronizing keybindings.
2023-03-24 11:19:36.755 [info] Snippets: No changes found during synchronizing snippets.
2023-03-24 11:19:36.887 [info] Tasks: No changes found during synchronizing tasks.
2023-03-24 11:19:37.176 [info] GlobalState: No changes found during synchronizing ui state.
2023-03-24 11:19:39.529 [info] Extensions: No changes found during synchronizing extensions.
2023-03-24 11:19:39.533 [info] Profiles: No changes found during synchronizing profiles.
2023-03-24 11:19:39.536 [info] Sync done. Took 3835ms
2023-03-24 11:19:49.293 [info] Auto Sync: Triggered by Activity
2023-03-24 11:19:49.295 [info] Sync started.
2023-03-24 11:19:49.780 [info] Settings: No changes found during synchronizing settings.
2023-03-24 11:19:49.787 [info] Keybindings: No changes found during synchronizing keybindings.
2023-03-24 11:19:49.793 [info] Snippets: No changes found during synchronizing snippets.
2023-03-24 11:19:49.800 [info] Tasks: No changes found during synchronizing tasks.
2023-03-24 11:19:49.806 [info] GlobalState: No changes found during synchronizing ui state.
2023-03-24 11:19:50.131 [info] Extensions: No changes found during synchronizing extensions.
2023-03-24 11:19:50.134 [info] Profiles: No changes found during synchronizing profiles.
2023-03-24 11:19:50.136 [info] Sync done. Took 848ms
2023-03-24 11:23:03.084 [info] Auto Sync: Triggered by Activity
2023-03-24 11:23:18.006 [info] Sync started.
2023-03-24 11:25:15.788 [info] Settings: No changes found during synchronizing settings.
2023-03-24 11:25:20.956 [info] Keybindings: No changes found during synchronizing keybindings.
2023-03-24 11:25:27.388 [info] Snippets: No changes found during synchronizing snippets.
2023-03-24 11:25:29.026 [info] Tasks: No changes found during synchronizing tasks.
2023-03-24 11:25:36.547 [info] GlobalState: No changes found during synchronizing ui state.
2023-03-24 11:26:52.290 [info] Extensions: No changes found during synchronizing extensions.
2023-03-24 11:26:52.861 [info] Profiles: No changes found during synchronizing profiles.
2023-03-24 11:26:52.887 [info] Sync done. Took 234660ms
2023-03-24 11:26:52.915 [info] Auto Sync: Triggered by Interval
2023-03-24 11:26:52.916 [info] Sync started.
2023-03-24 11:27:11.644 [info] Settings: No changes found during synchronizing settings.
2023-03-24 11:27:12.509 [info] Keybindings: No changes found during synchronizing keybindings.
2023-03-24 11:27:12.884 [info] Snippets: No changes found during synchronizing snippets.
2023-03-24 11:27:13.830 [info] Tasks: No changes found during synchronizing tasks.
2023-03-24 11:27:16.213 [info] GlobalState: No changes found during synchronizing ui state.
2023-03-24 11:27:32.177 [info] Extensions: No changes found during synchronizing extensions.
2023-03-24 11:27:32.182 [info] Profiles: No changes found during synchronizing profiles.
2023-03-24 11:27:32.187 [info] Sync done. Took 39299ms
