2023-04-02 22:01:19.974 [info] Extension host with pid 38576 started
2023-04-02 22:01:19.974 [info] Skipping acquiring lock for /home/hadi/.config/Code/User/workspaceStorage/e0f039a488c2d35aaf821c258b7132de.
2023-04-02 22:01:20.116 [info] ExtensionService#_doActivateExtension vscode.emmet, startup: false, activationEvent: 'onLanguage'
2023-04-02 22:01:20.197 [info] ExtensionService#_doActivateExtension ms-python.python, startup: false, activationEvent: 'onLanguage:python', root cause: ms-python.isort
2023-04-02 22:01:20.679 [info] ExtensionService#_doActivateExtension ms-toolsai.jupyter, startup: false, activationEvent: 'onLanguage:python'
2023-04-02 22:01:23.228 [info] ExtensionService#_doActivateExtension vscode.git-base, startup: true, activationEvent: '*', root cause: vscode.git
2023-04-02 22:01:23.232 [info] ExtensionService#_doActivateExtension vscode.github-authentication, startup: false, activationEvent: 'onAuthenticationRequest:github'
2023-04-02 22:01:23.347 [info] ExtensionService#_doActivateExtension ms-toolsai.jupyter-renderers, startup: false, activationEvent: 'api', root cause: ms-toolsai.jupyter
2023-04-02 22:01:23.468 [info] ExtensionService#_doActivateExtension ms-python.isort, startup: false, activationEvent: 'onLanguage:python'
2023-04-02 22:01:23.681 [info] ExtensionService#_doActivateExtension ms-python.vscode-pylance, startup: false, activationEvent: 'onLanguage:python'
2023-04-02 22:01:24.418 [info] ExtensionService#_doActivateExtension vscode.git, startup: true, activationEvent: '*'
2023-04-02 22:01:24.585 [info] ExtensionService#_doActivateExtension vscode.github, startup: true, activationEvent: '*'
2023-04-02 22:01:24.722 [info] Eager extensions activated
2023-04-02 22:01:24.725 [info] ExtensionService#_doActivateExtension vscode.microsoft-authentication, startup: false, activationEvent: 'onAuthenticationRequest:microsoft'
2023-04-02 22:01:24.866 [info] ExtensionService#_doActivateExtension vscode.debug-auto-launch, startup: false, activationEvent: 'onStartupFinished'
2023-04-02 22:01:24.869 [info] ExtensionService#_doActivateExtension vscode.merge-conflict, startup: false, activationEvent: 'onStartupFinished'
2023-04-02 22:01:24.891 [info] ExtensionService#_doActivateExtension eamodio.gitlens, startup: false, activationEvent: 'onStartupFinished'
2023-04-02 22:01:25.097 [info] ExtensionService#_doActivateExtension vscode.npm, startup: false, activationEvent: 'onStartupFinished', root cause: esbenp.prettier-vscode
2023-04-02 22:01:26.016 [info] ExtensionService#_doActivateExtension esbenp.prettier-vscode, startup: false, activationEvent: 'onStartupFinished'
2023-04-02 22:01:30.456 [info] ExtensionService#_doActivateExtension vscode.configuration-editing, startup: false, activationEvent: 'onLanguage:jsonc'
2023-04-02 22:01:30.630 [info] ExtensionService#_doActivateExtension vscode.json-language-features, startup: false, activationEvent: 'onLanguage:jsonc'
2023-04-02 22:01:30.720 [info] ExtensionService#_doActivateExtension vscode.typescript-language-features, startup: false, activationEvent: 'onLanguage:jsonc'
2023-04-02 22:02:08.235 [info] Extension host terminating: renderer closed the MessagePort
2023-04-02 22:02:08.265 [error] Canceled: Canceled
	at new l (/snap/code/123/usr/share/code/resources/app/out/vs/workbench/api/node/extensionHostProcess.js:98:105190)
	at c.O (/snap/code/123/usr/share/code/resources/app/out/vs/workbench/api/node/extensionHostProcess.js:108:11692)
	at G.<computed>.Q.charCodeAt.G.<computed> (/snap/code/123/usr/share/code/resources/app/out/vs/workbench/api/node/extensionHostProcess.js:108:8967)
	at m.g (/snap/code/123/usr/share/code/resources/app/out/vs/workbench/api/node/extensionHostProcess.js:98:125211)
	at m.executeCommand (/snap/code/123/usr/share/code/resources/app/out/vs/workbench/api/node/extensionHostProcess.js:98:124587)
	at L.registerCommand.description (/snap/code/123/usr/share/code/resources/app/out/vs/workbench/api/node/extensionHostProcess.js:98:123880)
	at m.h (/snap/code/123/usr/share/code/resources/app/out/vs/workbench/api/node/extensionHostProcess.js:98:125797)
	at m.g (/snap/code/123/usr/share/code/resources/app/out/vs/workbench/api/node/extensionHostProcess.js:98:124687)
	at m.executeCommand (/snap/code/123/usr/share/code/resources/app/out/vs/workbench/api/node/extensionHostProcess.js:98:124587)
	at Object.executeCommand (/snap/code/123/usr/share/code/resources/app/out/vs/workbench/api/node/extensionHostProcess.js:114:23801)
	at c (/home/hadi/.vscode/extensions/eamodio.gitlens-13.4.0/dist/gitlens.js:1:988555)
	at ActionRunners._updateContextKeys (/home/hadi/.vscode/extensions/eamodio.gitlens-13.4.0/dist/gitlens.js:1:7346)
	at r (/home/hadi/.vscode/extensions/eamodio.gitlens-13.4.0/dist/gitlens.js:1:5765)
	at RegisteredActionRunner.unregister (/home/hadi/.vscode/extensions/eamodio.gitlens-13.4.0/dist/gitlens.js:1:5909)
	at RegisteredActionRunner.dispose (/home/hadi/.vscode/extensions/eamodio.gitlens-13.4.0/dist/gitlens.js:1:4574)
	at ActionRunners.dispose (/home/hadi/.vscode/extensions/eamodio.gitlens-13.4.0/dist/gitlens.js:1:5351)
	at C (/snap/code/123/usr/share/code/resources/app/out/vs/workbench/api/node/extensionHostProcess.js:10:12084)
	at E.Y (/snap/code/123/usr/share/code/resources/app/out/vs/workbench/api/node/extensionHostProcess.js:110:11147)
	at /snap/code/123/usr/share/code/resources/app/out/vs/workbench/api/node/extensionHostProcess.js:110:9131
	at Array.map (<anonymous>)
	at E.R (/snap/code/123/usr/share/code/resources/app/out/vs/workbench/api/node/extensionHostProcess.js:110:9118)
	at E.terminate (/snap/code/123/usr/share/code/resources/app/out/vs/workbench/api/node/extensionHostProcess.js:110:9389)
	at d.terminate (/snap/code/123/usr/share/code/resources/app/out/vs/workbench/api/node/extensionHostProcess.js:114:1544)
	at p (/snap/code/123/usr/share/code/resources/app/out/vs/workbench/api/node/extensionHostProcess.js:124:18690)
	at MessagePortMain.<anonymous> (/snap/code/123/usr/share/code/resources/app/out/vs/workbench/api/node/extensionHostProcess.js:124:14829)
	at MessagePortMain.emit (node:events:526:28)
	at MessagePortMain._internalPort.emit (node:electron/js2c/utility_init:5:364) setContext undefined
2023-04-02 22:02:08.265 [error] Canceled: Canceled
	at new l (/snap/code/123/usr/share/code/resources/app/out/vs/workbench/api/node/extensionHostProcess.js:98:105190)
	at c.O (/snap/code/123/usr/share/code/resources/app/out/vs/workbench/api/node/extensionHostProcess.js:108:11692)
	at G.<computed>.Q.charCodeAt.G.<computed> (/snap/code/123/usr/share/code/resources/app/out/vs/workbench/api/node/extensionHostProcess.js:108:8967)
	at m.g (/snap/code/123/usr/share/code/resources/app/out/vs/workbench/api/node/extensionHostProcess.js:98:125211)
	at m.executeCommand (/snap/code/123/usr/share/code/resources/app/out/vs/workbench/api/node/extensionHostProcess.js:98:124587)
	at L.registerCommand.description (/snap/code/123/usr/share/code/resources/app/out/vs/workbench/api/node/extensionHostProcess.js:98:123880)
	at m.h (/snap/code/123/usr/share/code/resources/app/out/vs/workbench/api/node/extensionHostProcess.js:98:125797)
	at m.g (/snap/code/123/usr/share/code/resources/app/out/vs/workbench/api/node/extensionHostProcess.js:98:124687)
	at m.executeCommand (/snap/code/123/usr/share/code/resources/app/out/vs/workbench/api/node/extensionHostProcess.js:98:124587)
	at Object.executeCommand (/snap/code/123/usr/share/code/resources/app/out/vs/workbench/api/node/extensionHostProcess.js:114:23801)
	at c (/home/hadi/.vscode/extensions/eamodio.gitlens-13.4.0/dist/gitlens.js:1:988555)
	at ActionRunners._updateContextKeys (/home/hadi/.vscode/extensions/eamodio.gitlens-13.4.0/dist/gitlens.js:1:7346)
	at r (/home/hadi/.vscode/extensions/eamodio.gitlens-13.4.0/dist/gitlens.js:1:5765)
	at RegisteredActionRunner.unregister (/home/hadi/.vscode/extensions/eamodio.gitlens-13.4.0/dist/gitlens.js:1:5909)
	at RegisteredActionRunner.dispose (/home/hadi/.vscode/extensions/eamodio.gitlens-13.4.0/dist/gitlens.js:1:4574)
	at ActionRunners.dispose (/home/hadi/.vscode/extensions/eamodio.gitlens-13.4.0/dist/gitlens.js:1:5351)
	at C (/snap/code/123/usr/share/code/resources/app/out/vs/workbench/api/node/extensionHostProcess.js:10:12084)
	at E.Y (/snap/code/123/usr/share/code/resources/app/out/vs/workbench/api/node/extensionHostProcess.js:110:11147)
	at /snap/code/123/usr/share/code/resources/app/out/vs/workbench/api/node/extensionHostProcess.js:110:9131
	at Array.map (<anonymous>)
	at E.R (/snap/code/123/usr/share/code/resources/app/out/vs/workbench/api/node/extensionHostProcess.js:110:9118)
	at E.terminate (/snap/code/123/usr/share/code/resources/app/out/vs/workbench/api/node/extensionHostProcess.js:110:9389)
	at d.terminate (/snap/code/123/usr/share/code/resources/app/out/vs/workbench/api/node/extensionHostProcess.js:114:1544)
	at p (/snap/code/123/usr/share/code/resources/app/out/vs/workbench/api/node/extensionHostProcess.js:124:18690)
	at MessagePortMain.<anonymous> (/snap/code/123/usr/share/code/resources/app/out/vs/workbench/api/node/extensionHostProcess.js:124:14829)
	at MessagePortMain.emit (node:events:526:28)
	at MessagePortMain._internalPort.emit (node:electron/js2c/utility_init:5:364) setContext undefined
2023-04-02 22:02:08.266 [error] Canceled: Canceled
	at new l (/snap/code/123/usr/share/code/resources/app/out/vs/workbench/api/node/extensionHostProcess.js:98:105190)
	at c.O (/snap/code/123/usr/share/code/resources/app/out/vs/workbench/api/node/extensionHostProcess.js:108:11692)
	at G.<computed>.Q.charCodeAt.G.<computed> (/snap/code/123/usr/share/code/resources/app/out/vs/workbench/api/node/extensionHostProcess.js:108:8967)
	at m.g (/snap/code/123/usr/share/code/resources/app/out/vs/workbench/api/node/extensionHostProcess.js:98:125211)
	at m.executeCommand (/snap/code/123/usr/share/code/resources/app/out/vs/workbench/api/node/extensionHostProcess.js:98:124587)
	at L.registerCommand.description (/snap/code/123/usr/share/code/resources/app/out/vs/workbench/api/node/extensionHostProcess.js:98:123880)
	at m.h (/snap/code/123/usr/share/code/resources/app/out/vs/workbench/api/node/extensionHostProcess.js:98:125797)
	at m.g (/snap/code/123/usr/share/code/resources/app/out/vs/workbench/api/node/extensionHostProcess.js:98:124687)
	at m.executeCommand (/snap/code/123/usr/share/code/resources/app/out/vs/workbench/api/node/extensionHostProcess.js:98:124587)
	at Object.executeCommand (/snap/code/123/usr/share/code/resources/app/out/vs/workbench/api/node/extensionHostProcess.js:114:23801)
	at c (/home/hadi/.vscode/extensions/eamodio.gitlens-13.4.0/dist/gitlens.js:1:988555)
	at ActionRunners._updateContextKeys (/home/hadi/.vscode/extensions/eamodio.gitlens-13.4.0/dist/gitlens.js:1:7346)
	at r (/home/hadi/.vscode/extensions/eamodio.gitlens-13.4.0/dist/gitlens.js:1:5765)
	at RegisteredActionRunner.unregister (/home/hadi/.vscode/extensions/eamodio.gitlens-13.4.0/dist/gitlens.js:1:5909)
	at RegisteredActionRunner.dispose (/home/hadi/.vscode/extensions/eamodio.gitlens-13.4.0/dist/gitlens.js:1:4574)
	at ActionRunners.dispose (/home/hadi/.vscode/extensions/eamodio.gitlens-13.4.0/dist/gitlens.js:1:5351)
	at C (/snap/code/123/usr/share/code/resources/app/out/vs/workbench/api/node/extensionHostProcess.js:10:12084)
	at E.Y (/snap/code/123/usr/share/code/resources/app/out/vs/workbench/api/node/extensionHostProcess.js:110:11147)
	at /snap/code/123/usr/share/code/resources/app/out/vs/workbench/api/node/extensionHostProcess.js:110:9131
	at Array.map (<anonymous>)
	at E.R (/snap/code/123/usr/share/code/resources/app/out/vs/workbench/api/node/extensionHostProcess.js:110:9118)
	at E.terminate (/snap/code/123/usr/share/code/resources/app/out/vs/workbench/api/node/extensionHostProcess.js:110:9389)
	at d.terminate (/snap/code/123/usr/share/code/resources/app/out/vs/workbench/api/node/extensionHostProcess.js:114:1544)
	at p (/snap/code/123/usr/share/code/resources/app/out/vs/workbench/api/node/extensionHostProcess.js:124:18690)
	at MessagePortMain.<anonymous> (/snap/code/123/usr/share/code/resources/app/out/vs/workbench/api/node/extensionHostProcess.js:124:14829)
	at MessagePortMain.emit (node:events:526:28)
	at MessagePortMain._internalPort.emit (node:electron/js2c/utility_init:5:364) setContext undefined
2023-04-02 22:02:08.266 [error] Canceled: Canceled
	at new l (/snap/code/123/usr/share/code/resources/app/out/vs/workbench/api/node/extensionHostProcess.js:98:105190)
	at c.O (/snap/code/123/usr/share/code/resources/app/out/vs/workbench/api/node/extensionHostProcess.js:108:11692)
	at G.<computed>.Q.charCodeAt.G.<computed> (/snap/code/123/usr/share/code/resources/app/out/vs/workbench/api/node/extensionHostProcess.js:108:8967)
	at m.g (/snap/code/123/usr/share/code/resources/app/out/vs/workbench/api/node/extensionHostProcess.js:98:125211)
	at m.executeCommand (/snap/code/123/usr/share/code/resources/app/out/vs/workbench/api/node/extensionHostProcess.js:98:124587)
	at L.registerCommand.description (/snap/code/123/usr/share/code/resources/app/out/vs/workbench/api/node/extensionHostProcess.js:98:123880)
	at m.h (/snap/code/123/usr/share/code/resources/app/out/vs/workbench/api/node/extensionHostProcess.js:98:125797)
	at m.g (/snap/code/123/usr/share/code/resources/app/out/vs/workbench/api/node/extensionHostProcess.js:98:124687)
	at m.executeCommand (/snap/code/123/usr/share/code/resources/app/out/vs/workbench/api/node/extensionHostProcess.js:98:124587)
	at Object.executeCommand (/snap/code/123/usr/share/code/resources/app/out/vs/workbench/api/node/extensionHostProcess.js:114:23801)
	at c (/home/hadi/.vscode/extensions/eamodio.gitlens-13.4.0/dist/gitlens.js:1:988555)
	at ActionRunners._updateContextKeys (/home/hadi/.vscode/extensions/eamodio.gitlens-13.4.0/dist/gitlens.js:1:7346)
	at r (/home/hadi/.vscode/extensions/eamodio.gitlens-13.4.0/dist/gitlens.js:1:5765)
	at RegisteredActionRunner.unregister (/home/hadi/.vscode/extensions/eamodio.gitlens-13.4.0/dist/gitlens.js:1:5909)
	at RegisteredActionRunner.dispose (/home/hadi/.vscode/extensions/eamodio.gitlens-13.4.0/dist/gitlens.js:1:4574)
	at Object.dispose (/home/hadi/.vscode/extensions/eamodio.gitlens-13.4.0/dist/gitlens.js:1:6006)
	at C (/snap/code/123/usr/share/code/resources/app/out/vs/workbench/api/node/extensionHostProcess.js:10:12084)
	at E.Y (/snap/code/123/usr/share/code/resources/app/out/vs/workbench/api/node/extensionHostProcess.js:110:11147)
	at /snap/code/123/usr/share/code/resources/app/out/vs/workbench/api/node/extensionHostProcess.js:110:9131
	at Array.map (<anonymous>)
	at E.R (/snap/code/123/usr/share/code/resources/app/out/vs/workbench/api/node/extensionHostProcess.js:110:9118)
	at E.terminate (/snap/code/123/usr/share/code/resources/app/out/vs/workbench/api/node/extensionHostProcess.js:110:9389)
	at d.terminate (/snap/code/123/usr/share/code/resources/app/out/vs/workbench/api/node/extensionHostProcess.js:114:1544)
	at p (/snap/code/123/usr/share/code/resources/app/out/vs/workbench/api/node/extensionHostProcess.js:124:18690)
	at MessagePortMain.<anonymous> (/snap/code/123/usr/share/code/resources/app/out/vs/workbench/api/node/extensionHostProcess.js:124:14829)
	at MessagePortMain.emit (node:events:526:28)
	at MessagePortMain._internalPort.emit (node:electron/js2c/utility_init:5:364) setContext undefined
2023-04-02 22:02:08.266 [error] Canceled: Canceled
	at new l (/snap/code/123/usr/share/code/resources/app/out/vs/workbench/api/node/extensionHostProcess.js:98:105190)
	at c.O (/snap/code/123/usr/share/code/resources/app/out/vs/workbench/api/node/extensionHostProcess.js:108:11692)
	at G.<computed>.Q.charCodeAt.G.<computed> (/snap/code/123/usr/share/code/resources/app/out/vs/workbench/api/node/extensionHostProcess.js:108:8967)
	at m.g (/snap/code/123/usr/share/code/resources/app/out/vs/workbench/api/node/extensionHostProcess.js:98:125211)
	at m.executeCommand (/snap/code/123/usr/share/code/resources/app/out/vs/workbench/api/node/extensionHostProcess.js:98:124587)
	at L.registerCommand.description (/snap/code/123/usr/share/code/resources/app/out/vs/workbench/api/node/extensionHostProcess.js:98:123880)
	at m.h (/snap/code/123/usr/share/code/resources/app/out/vs/workbench/api/node/extensionHostProcess.js:98:125797)
	at m.g (/snap/code/123/usr/share/code/resources/app/out/vs/workbench/api/node/extensionHostProcess.js:98:124687)
	at m.executeCommand (/snap/code/123/usr/share/code/resources/app/out/vs/workbench/api/node/extensionHostProcess.js:98:124587)
	at Object.executeCommand (/snap/code/123/usr/share/code/resources/app/out/vs/workbench/api/node/extensionHostProcess.js:114:23801)
	at c (/home/hadi/.vscode/extensions/eamodio.gitlens-13.4.0/dist/gitlens.js:1:988555)
	at ActionRunners._updateContextKeys (/home/hadi/.vscode/extensions/eamodio.gitlens-13.4.0/dist/gitlens.js:1:7346)
	at r (/home/hadi/.vscode/extensions/eamodio.gitlens-13.4.0/dist/gitlens.js:1:5765)
	at RegisteredActionRunner.unregister (/home/hadi/.vscode/extensions/eamodio.gitlens-13.4.0/dist/gitlens.js:1:5909)
	at RegisteredActionRunner.dispose (/home/hadi/.vscode/extensions/eamodio.gitlens-13.4.0/dist/gitlens.js:1:4574)
	at Object.dispose (/home/hadi/.vscode/extensions/eamodio.gitlens-13.4.0/dist/gitlens.js:1:6006)
	at C (/snap/code/123/usr/share/code/resources/app/out/vs/workbench/api/node/extensionHostProcess.js:10:12084)
	at E.Y (/snap/code/123/usr/share/code/resources/app/out/vs/workbench/api/node/extensionHostProcess.js:110:11147)
	at /snap/code/123/usr/share/code/resources/app/out/vs/workbench/api/node/extensionHostProcess.js:110:9131
	at Array.map (<anonymous>)
	at E.R (/snap/code/123/usr/share/code/resources/app/out/vs/workbench/api/node/extensionHostProcess.js:110:9118)
	at E.terminate (/snap/code/123/usr/share/code/resources/app/out/vs/workbench/api/node/extensionHostProcess.js:110:9389)
	at d.terminate (/snap/code/123/usr/share/code/resources/app/out/vs/workbench/api/node/extensionHostProcess.js:114:1544)
	at p (/snap/code/123/usr/share/code/resources/app/out/vs/workbench/api/node/extensionHostProcess.js:124:18690)
	at MessagePortMain.<anonymous> (/snap/code/123/usr/share/code/resources/app/out/vs/workbench/api/node/extensionHostProcess.js:124:14829)
	at MessagePortMain.emit (node:events:526:28)
	at MessagePortMain._internalPort.emit (node:electron/js2c/utility_init:5:364) setContext undefined
2023-04-02 22:02:08.267 [error] Canceled: Canceled
	at new l (/snap/code/123/usr/share/code/resources/app/out/vs/workbench/api/node/extensionHostProcess.js:98:105190)
	at c.O (/snap/code/123/usr/share/code/resources/app/out/vs/workbench/api/node/extensionHostProcess.js:108:11692)
	at G.<computed>.Q.charCodeAt.G.<computed> (/snap/code/123/usr/share/code/resources/app/out/vs/workbench/api/node/extensionHostProcess.js:108:8967)
	at m.g (/snap/code/123/usr/share/code/resources/app/out/vs/workbench/api/node/extensionHostProcess.js:98:125211)
	at m.executeCommand (/snap/code/123/usr/share/code/resources/app/out/vs/workbench/api/node/extensionHostProcess.js:98:124587)
	at L.registerCommand.description (/snap/code/123/usr/share/code/resources/app/out/vs/workbench/api/node/extensionHostProcess.js:98:123880)
	at m.h (/snap/code/123/usr/share/code/resources/app/out/vs/workbench/api/node/extensionHostProcess.js:98:125797)
	at m.g (/snap/code/123/usr/share/code/resources/app/out/vs/workbench/api/node/extensionHostProcess.js:98:124687)
	at m.executeCommand (/snap/code/123/usr/share/code/resources/app/out/vs/workbench/api/node/extensionHostProcess.js:98:124587)
	at Object.executeCommand (/snap/code/123/usr/share/code/resources/app/out/vs/workbench/api/node/extensionHostProcess.js:114:23801)
	at c (/home/hadi/.vscode/extensions/eamodio.gitlens-13.4.0/dist/gitlens.js:1:988555)
	at ActionRunners._updateContextKeys (/home/hadi/.vscode/extensions/eamodio.gitlens-13.4.0/dist/gitlens.js:1:7346)
	at r (/home/hadi/.vscode/extensions/eamodio.gitlens-13.4.0/dist/gitlens.js:1:5765)
	at RegisteredActionRunner.unregister (/home/hadi/.vscode/extensions/eamodio.gitlens-13.4.0/dist/gitlens.js:1:5909)
	at RegisteredActionRunner.dispose (/home/hadi/.vscode/extensions/eamodio.gitlens-13.4.0/dist/gitlens.js:1:4574)
	at Object.dispose (/home/hadi/.vscode/extensions/eamodio.gitlens-13.4.0/dist/gitlens.js:1:6006)
	at C (/snap/code/123/usr/share/code/resources/app/out/vs/workbench/api/node/extensionHostProcess.js:10:12084)
	at E.Y (/snap/code/123/usr/share/code/resources/app/out/vs/workbench/api/node/extensionHostProcess.js:110:11147)
	at /snap/code/123/usr/share/code/resources/app/out/vs/workbench/api/node/extensionHostProcess.js:110:9131
	at Array.map (<anonymous>)
	at E.R (/snap/code/123/usr/share/code/resources/app/out/vs/workbench/api/node/extensionHostProcess.js:110:9118)
	at E.terminate (/snap/code/123/usr/share/code/resources/app/out/vs/workbench/api/node/extensionHostProcess.js:110:9389)
	at d.terminate (/snap/code/123/usr/share/code/resources/app/out/vs/workbench/api/node/extensionHostProcess.js:114:1544)
	at p (/snap/code/123/usr/share/code/resources/app/out/vs/workbench/api/node/extensionHostProcess.js:124:18690)
	at MessagePortMain.<anonymous> (/snap/code/123/usr/share/code/resources/app/out/vs/workbench/api/node/extensionHostProcess.js:124:14829)
	at MessagePortMain.emit (node:events:526:28)
	at MessagePortMain._internalPort.emit (node:electron/js2c/utility_init:5:364) setContext undefined
2023-04-02 22:02:08.280 [info] Extension host with pid 38576 exiting with code 0
