2023-03-24 18:19:36.898 [info] Log level: Info
2023-03-24 18:19:36.898 [info] Validating found git in: "git"
2023-03-24 18:19:36.898 [info] Using git "2.34.1" from "git"
2023-03-24 18:19:36.956 [info] > git rev-parse --show-toplevel [158ms]
2023-03-24 18:19:36.956 [info] fatal: not a git repository (or any parent up to mount point /)
Stopping at filesystem boundary (GIT_DISCOVERY_ACROSS_FILESYSTEM not set).
2023-03-24 18:19:38.006 [info] > git rev-parse --show-toplevel [1035ms]
2023-03-24 18:19:38.006 [info] fatal: not a git repository (or any parent up to mount point /)
Stopping at filesystem boundary (GIT_DISCOVERY_ACROSS_FILESYSTEM not set).
2023-03-24 18:19:38.322 [info] > git rev-parse --show-toplevel [305ms]
2023-03-24 18:19:38.322 [info] fatal: not a git repository (or any parent up to mount point /)
Stopping at filesystem boundary (GIT_DISCOVERY_ACROSS_FILESYSTEM not set).
2023-03-24 18:19:38.474 [info] > git rev-parse --show-toplevel [120ms]
2023-03-24 18:19:38.474 [info] fatal: not a git repository (or any parent up to mount point /)
Stopping at filesystem boundary (GIT_DISCOVERY_ACROSS_FILESYSTEM not set).
2023-03-24 18:19:38.578 [info] > git rev-parse --show-toplevel [85ms]
2023-03-24 18:19:38.578 [info] fatal: not a git repository (or any parent up to mount point /)
Stopping at filesystem boundary (GIT_DISCOVERY_ACROSS_FILESYSTEM not set).
2023-03-24 18:19:38.604 [info] > git rev-parse --show-toplevel [8ms]
2023-03-24 18:19:38.604 [info] fatal: not a git repository (or any parent up to mount point /)
Stopping at filesystem boundary (GIT_DISCOVERY_ACROSS_FILESYSTEM not set).
2023-03-24 18:19:38.753 [info] > git rev-parse --show-toplevel [133ms]
2023-03-24 18:19:38.795 [info] > git rev-parse --git-dir --git-common-dir [17ms]
2023-03-24 18:19:38.818 [info] Open repository: /home/hadi/Desktop/git_test
2023-03-24 18:19:38.917 [info] > git rev-parse --show-toplevel [60ms]
2023-03-24 18:19:38.917 [info] fatal: not a git repository (or any parent up to mount point /)
Stopping at filesystem boundary (GIT_DISCOVERY_ACROSS_FILESYSTEM not set).
2023-03-24 18:19:39.028 [info] > git rev-parse --show-toplevel [84ms]
2023-03-24 18:19:39.028 [info] fatal: not a git repository (or any parent up to mount point /)
Stopping at filesystem boundary (GIT_DISCOVERY_ACROSS_FILESYSTEM not set).
2023-03-24 18:19:39.031 [info] > git config --get commit.template [139ms]
2023-03-24 18:19:40.126 [info] No remotes found in the git config file.
2023-03-24 18:19:40.193 [info] > git for-each-ref --format=%(refname)%00%(upstream:short)%00%(objectname)%00%(upstream:track)%00%(upstream:remotename)%00%(upstream:remoteref) refs/heads/master refs/remotes/master [67ms]
2023-03-24 18:19:40.375 [info] > git status -z -uall [164ms]
2023-03-24 18:19:40.440 [info] > git config --get commit.template [28ms]
2023-03-24 18:19:40.467 [info] No remotes found in the git config file.
2023-03-24 18:19:40.472 [info] > git for-each-ref --format=%(refname)%00%(upstream:short)%00%(objectname)%00%(upstream:track)%00%(upstream:remotename)%00%(upstream:remoteref) refs/heads/master refs/remotes/master [6ms]
2023-03-24 18:19:40.492 [info] > git status -z -uall [3ms]
2023-03-24 18:20:00.278 [info] > git rev-parse --show-toplevel [2ms]
2023-03-24 18:20:00.278 [info] fatal: not a git repository (or any parent up to mount point /)
Stopping at filesystem boundary (GIT_DISCOVERY_ACROSS_FILESYSTEM not set).
2023-03-24 18:20:03.348 [info] > git rev-parse --show-toplevel [2ms]
2023-03-24 18:20:03.349 [info] fatal: not a git repository (or any parent up to mount point /)
Stopping at filesystem boundary (GIT_DISCOVERY_ACROSS_FILESYSTEM not set).
2023-03-24 18:22:35.503 [info] > git rev-parse --show-toplevel [10ms]
2023-03-24 18:22:35.503 [info] fatal: not a git repository (or any parent up to mount point /)
Stopping at filesystem boundary (GIT_DISCOVERY_ACROSS_FILESYSTEM not set).
2023-03-24 18:22:43.266 [info] > git rev-parse --show-toplevel [2ms]
2023-03-24 18:22:43.266 [info] fatal: not a git repository (or any parent up to mount point /)
Stopping at filesystem boundary (GIT_DISCOVERY_ACROSS_FILESYSTEM not set).
2023-03-24 18:22:43.405 [info] > git rev-parse --show-toplevel [7ms]
2023-03-24 18:22:43.405 [info] fatal: not a git repository (or any parent up to mount point /)
Stopping at filesystem boundary (GIT_DISCOVERY_ACROSS_FILESYSTEM not set).
