2023-04-02 22:01:24.835 [info] Log level: Info
2023-04-02 22:01:24.835 [info] Validating found git in: "git"
2023-04-02 22:01:24.835 [info] Using git "2.34.1" from "git"
2023-04-02 22:01:24.838 [info] > git rev-parse --show-toplevel [116ms]
2023-04-02 22:01:24.838 [info] fatal: not a git repository (or any parent up to mount point /)
Stopping at filesystem boundary (GIT_DISCOVERY_ACROSS_FILESYSTEM not set).
2023-04-02 22:01:25.300 [info] > git rev-parse --show-toplevel [451ms]
2023-04-02 22:01:25.301 [info] fatal: not a git repository (or any parent up to mount point /)
Stopping at filesystem boundary (GIT_DISCOVERY_ACROSS_FILESYSTEM not set).
2023-04-02 22:01:25.527 [info] > git rev-parse --show-toplevel [202ms]
2023-04-02 22:01:25.527 [info] fatal: not a git repository (or any parent up to mount point /)
Stopping at filesystem boundary (GIT_DISCOVERY_ACROSS_FILESYSTEM not set).
2023-04-02 22:01:25.616 [info] > git rev-parse --show-toplevel [77ms]
2023-04-02 22:01:25.616 [info] fatal: not a git repository (or any parent up to mount point /)
Stopping at filesystem boundary (GIT_DISCOVERY_ACROSS_FILESYSTEM not set).
2023-04-02 22:01:25.643 [info] > git rev-parse --show-toplevel [15ms]
2023-04-02 22:01:25.643 [info] fatal: not a git repository (or any parent up to mount point /)
Stopping at filesystem boundary (GIT_DISCOVERY_ACROSS_FILESYSTEM not set).
2023-04-02 22:01:25.686 [info] > git rev-parse --show-toplevel [31ms]
2023-04-02 22:01:25.686 [info] fatal: not a git repository (or any parent up to mount point /)
Stopping at filesystem boundary (GIT_DISCOVERY_ACROSS_FILESYSTEM not set).
