2023-03-25 00:37:26.681 [info] Using settings sync service https://vscode-sync.trafficmanager.net/
2023-03-25 00:37:26.681 [info] Auto Sync is enabled.
2023-03-25 00:37:26.682 [info] Auto Sync: Suspended until auth token is available.
2023-03-25 00:37:42.294 [info] Auto Sync: Triggered by Interval
2023-03-25 00:37:42.301 [info] Sync started.
2023-03-25 00:37:58.202 [info] Settings: Last sync resource does not exist locally.
2023-03-25 00:37:59.605 [info] Settings: No changes found during synchronizing settings.
2023-03-25 00:37:59.610 [info] Keybindings: Last sync resource does not exist locally.
2023-03-25 00:38:01.791 [info] Keybindings: Updated remote keybindings
2023-03-25 00:38:01.873 [info] Keybindings: Updated last synchronized keybindings
2023-03-25 00:38:01.884 [info] Snippets: Last sync resource does not exist locally.
2023-03-25 00:38:02.513 [info] Snippets: No changes found during synchronizing snippets.
2023-03-25 00:38:02.519 [info] Tasks: Last sync resource does not exist locally.
2023-03-25 00:38:03.976 [info] Tasks: No changes found during synchronizing tasks.
2023-03-25 00:38:03.981 [info] GlobalState: Last sync resource does not exist locally.
2023-03-25 00:38:09.155 [info] GlobalState: Updated remote ui state. Updated: workbench.panel.pinnedPanels,memento/gettingStartedService,memento/workbench.editor.keybindings,cpp.1.lastSessionDate,cpp.1.sessionCount,java.2.lastSessionDate,java.2.sessionCount,javascript.1.lastSessionDate,javascript.1.sessionCount,typescript.1.lastSessionDate,typescript.1.sessionCount.
2023-03-25 00:38:09.201 [info] GlobalState: Updated last synchronized ui state
2023-03-25 00:38:09.207 [info] Extensions: Last sync resource does not exist locally.
2023-03-25 00:38:11.293 [info] Extensions: Updated remote extensions. Removed: ["grapecity.gc-excelviewer"].
2023-03-25 00:38:11.911 [info] Extensions: Updated last synchronized extensions.
2023-03-25 00:38:11.928 [info] Profiles: Last sync resource does not exist locally.
2023-03-25 00:38:12.818 [info] Profiles: No changes found during synchronizing profiles.
2023-03-25 00:38:12.823 [info] Sync done. Took 30533ms
2023-03-25 00:38:45.589 [info] Auto Sync: Triggered by Activity
2023-03-25 00:38:45.589 [info] Sync started.
