2023-03-25 11:01:30.480 [info] Log level: Info
2023-03-25 11:01:30.480 [info] Validating found git in: "git"
2023-03-25 11:01:30.480 [info] Using git "2.34.1" from "git"
2023-03-25 11:01:30.480 [info] > git rev-parse --show-toplevel [76ms]
2023-03-25 11:01:30.480 [info] fatal: not a git repository (or any parent up to mount point /)
Stopping at filesystem boundary (GIT_DISCOVERY_ACROSS_FILESYSTEM not set).
2023-03-25 11:01:30.480 [info] > git rev-parse --show-toplevel [700ms]
2023-03-25 11:01:30.480 [info] fatal: not a git repository (or any parent up to mount point /)
Stopping at filesystem boundary (GIT_DISCOVERY_ACROSS_FILESYSTEM not set).
2023-03-25 11:01:30.523 [info] > git rev-parse --show-toplevel [490ms]
2023-03-25 11:01:30.524 [info] fatal: not a git repository (or any parent up to mount point /)
Stopping at filesystem boundary (GIT_DISCOVERY_ACROSS_FILESYSTEM not set).
2023-03-25 11:01:31.739 [info] > git rev-parse --show-toplevel [1204ms]
2023-03-25 11:01:31.739 [info] fatal: not a git repository (or any parent up to mount point /)
Stopping at filesystem boundary (GIT_DISCOVERY_ACROSS_FILESYSTEM not set).
2023-03-25 11:01:31.809 [info] > git rev-parse --show-toplevel [59ms]
2023-03-25 11:01:31.809 [info] fatal: not a git repository (or any parent up to mount point /)
Stopping at filesystem boundary (GIT_DISCOVERY_ACROSS_FILESYSTEM not set).
2023-03-25 11:01:31.824 [info] > git rev-parse --show-toplevel [4ms]
2023-03-25 11:01:31.824 [info] fatal: not a git repository (or any parent up to mount point /)
Stopping at filesystem boundary (GIT_DISCOVERY_ACROSS_FILESYSTEM not set).
2023-03-25 11:01:31.933 [info] > git rev-parse --show-toplevel [99ms]
2023-03-25 11:01:31.981 [info] > git rev-parse --git-dir --git-common-dir [30ms]
2023-03-25 11:01:31.996 [info] Open repository: /home/hadi/Desktop/git_test
2023-03-25 11:01:32.083 [info] > git rev-parse --show-toplevel [70ms]
2023-03-25 11:01:32.084 [info] fatal: not a git repository (or any parent up to mount point /)
Stopping at filesystem boundary (GIT_DISCOVERY_ACROSS_FILESYSTEM not set).
2023-03-25 11:01:32.108 [info] > git rev-parse --show-toplevel [9ms]
2023-03-25 11:01:32.108 [info] fatal: not a git repository (or any parent up to mount point /)
Stopping at filesystem boundary (GIT_DISCOVERY_ACROSS_FILESYSTEM not set).
2023-03-25 11:01:32.127 [info] > git config --get commit.template [87ms]
2023-03-25 11:01:32.150 [info] No remotes found in the git config file.
2023-03-25 11:01:32.151 [info] > git rev-parse --show-toplevel [26ms]
2023-03-25 11:01:32.151 [info] fatal: not a git repository (or any parent up to mount point /)
Stopping at filesystem boundary (GIT_DISCOVERY_ACROSS_FILESYSTEM not set).
2023-03-25 11:01:32.173 [info] > git for-each-ref --format=%(refname)%00%(upstream:short)%00%(objectname)%00%(upstream:track)%00%(upstream:remotename)%00%(upstream:remoteref) refs/heads/master refs/remotes/master [25ms]
2023-03-25 11:01:32.192 [info] > git rev-parse --show-toplevel [25ms]
2023-03-25 11:01:32.193 [info] fatal: not a git repository (or any parent up to mount point /)
Stopping at filesystem boundary (GIT_DISCOVERY_ACROSS_FILESYSTEM not set).
2023-03-25 11:01:32.903 [info] > git status -z -uall [718ms]
2023-03-25 11:01:33.019 [info] > git config --get commit.template [53ms]
2023-03-25 11:01:33.189 [info] No remotes found in the git config file.
2023-03-25 11:01:33.271 [info] > git for-each-ref --format=%(refname)%00%(upstream:short)%00%(objectname)%00%(upstream:track)%00%(upstream:remotename)%00%(upstream:remoteref) refs/heads/master refs/remotes/master [80ms]
2023-03-25 11:01:33.312 [info] > git status -z -uall [27ms]
