2023-03-31 15:10:40.773 [info] Extension host with pid 13647 started
2023-03-31 15:10:40.773 [info] Skipping acquiring lock for /home/hadi/.config/Code/User/workspaceStorage/e0f039a488c2d35aaf821c258b7132de.
2023-03-31 15:10:41.106 [info] Extension host with pid 13646 started
2023-03-31 15:10:41.106 [info] Skipping acquiring lock for /home/hadi/.config/Code/User/workspaceStorage/e0f039a488c2d35aaf821c258b7132de.
2023-03-31 15:10:42.043 [info] ExtensionService#_doActivateExtension vscode.emmet, startup: false, activationEvent: 'onLanguage'
2023-03-31 15:10:42.107 [info] ExtensionService#_doActivateExtension ms-python.python, startup: false, activationEvent: 'onLanguage:python', root cause: ms-python.isort
2023-03-31 15:10:42.256 [info] ExtensionService#_doActivateExtension vscode.emmet, startup: false, activationEvent: 'onLanguage'
2023-03-31 15:10:42.339 [info] ExtensionService#_doActivateExtension ms-python.python, startup: false, activationEvent: 'onLanguage:python', root cause: ms-python.isort
2023-03-31 15:10:43.982 [info] ExtensionService#_doActivateExtension ms-toolsai.jupyter, startup: false, activationEvent: 'onLanguage:python'
2023-03-31 15:10:44.147 [info] ExtensionService#_doActivateExtension ms-toolsai.jupyter, startup: false, activationEvent: 'onLanguage:python'
2023-03-31 15:10:45.217 [info] ExtensionService#_doActivateExtension vscode.github-authentication, startup: false, activationEvent: 'onAuthenticationRequest:github'
2023-03-31 15:10:45.347 [info] ExtensionService#_doActivateExtension vscode.github-authentication, startup: false, activationEvent: 'onAuthenticationRequest:github'
2023-03-31 15:10:46.552 [info] ExtensionService#_doActivateExtension vscode.git-base, startup: true, activationEvent: '*', root cause: vscode.git
2023-03-31 15:10:48.022 [info] ExtensionService#_doActivateExtension vscode.git-base, startup: true, activationEvent: '*', root cause: vscode.git
2023-03-31 15:10:48.382 [info] ExtensionService#_doActivateExtension ms-toolsai.jupyter-renderers, startup: false, activationEvent: 'api', root cause: ms-toolsai.jupyter
2023-03-31 15:10:48.982 [info] ExtensionService#_doActivateExtension ms-python.isort, startup: false, activationEvent: 'onLanguage:python'
2023-03-31 15:10:49.331 [info] ExtensionService#_doActivateExtension ms-python.vscode-pylance, startup: false, activationEvent: 'onLanguage:python'
2023-03-31 15:10:49.946 [info] ExtensionService#_doActivateExtension ms-toolsai.jupyter-renderers, startup: false, activationEvent: 'api', root cause: ms-toolsai.jupyter
2023-03-31 15:10:50.038 [info] ExtensionService#_doActivateExtension vscode.git, startup: true, activationEvent: '*'
2023-03-31 15:10:50.111 [info] ExtensionService#_doActivateExtension vscode.git, startup: true, activationEvent: '*'
2023-03-31 15:10:50.402 [info] ExtensionService#_doActivateExtension vscode.github, startup: true, activationEvent: '*'
2023-03-31 15:10:50.412 [info] ExtensionService#_doActivateExtension vscode.github, startup: true, activationEvent: '*'
2023-03-31 15:10:50.439 [info] ExtensionService#_doActivateExtension ms-python.isort, startup: false, activationEvent: 'onLanguage:python'
2023-03-31 15:10:50.529 [info] ExtensionService#_doActivateExtension ms-python.vscode-pylance, startup: false, activationEvent: 'onLanguage:python'
2023-03-31 15:10:51.107 [info] ExtensionService#_doActivateExtension vscode.microsoft-authentication, startup: false, activationEvent: 'onAuthenticationRequest:microsoft'
2023-03-31 15:10:51.318 [info] ExtensionService#_doActivateExtension vscode.microsoft-authentication, startup: false, activationEvent: 'onAuthenticationRequest:microsoft'
2023-03-31 15:10:51.544 [info] Eager extensions activated
2023-03-31 15:10:51.606 [info] Eager extensions activated
2023-03-31 15:10:51.765 [info] ExtensionService#_doActivateExtension vscode.debug-auto-launch, startup: false, activationEvent: 'onStartupFinished'
2023-03-31 15:10:51.772 [info] ExtensionService#_doActivateExtension vscode.merge-conflict, startup: false, activationEvent: 'onStartupFinished'
2023-03-31 15:10:51.823 [info] ExtensionService#_doActivateExtension vscode.debug-auto-launch, startup: false, activationEvent: 'onStartupFinished'
2023-03-31 15:10:51.830 [info] ExtensionService#_doActivateExtension eamodio.gitlens, startup: false, activationEvent: 'onStartupFinished'
2023-03-31 15:10:51.835 [info] ExtensionService#_doActivateExtension vscode.merge-conflict, startup: false, activationEvent: 'onStartupFinished'
2023-03-31 15:10:51.876 [info] ExtensionService#_doActivateExtension eamodio.gitlens, startup: false, activationEvent: 'onStartupFinished'
2023-03-31 15:10:52.105 [info] ExtensionService#_doActivateExtension vscode.npm, startup: false, activationEvent: 'onStartupFinished', root cause: esbenp.prettier-vscode
2023-03-31 15:10:52.118 [info] ExtensionService#_doActivateExtension vscode.npm, startup: false, activationEvent: 'onStartupFinished', root cause: esbenp.prettier-vscode
2023-03-31 15:10:53.128 [info] ExtensionService#_doActivateExtension esbenp.prettier-vscode, startup: false, activationEvent: 'onStartupFinished'
2023-03-31 15:10:53.171 [info] ExtensionService#_doActivateExtension esbenp.prettier-vscode, startup: false, activationEvent: 'onStartupFinished'
2023-03-31 15:10:54.300 [warning] TextEditor is closed/disposed
2023-03-31 15:10:54.300 [warning] TextEditor is closed/disposed
2023-03-31 15:10:58.269 [info] ExtensionService#_doActivateExtension vscode.configuration-editing, startup: false, activationEvent: 'onLanguage:jsonc'
2023-03-31 15:10:58.422 [info] ExtensionService#_doActivateExtension vscode.json-language-features, startup: false, activationEvent: 'onLanguage:jsonc'
2023-03-31 15:10:58.615 [info] ExtensionService#_doActivateExtension vscode.configuration-editing, startup: false, activationEvent: 'onLanguage:jsonc'
2023-03-31 15:10:58.716 [info] ExtensionService#_doActivateExtension vscode.json-language-features, startup: false, activationEvent: 'onLanguage:jsonc'
2023-03-31 15:10:58.880 [info] ExtensionService#_doActivateExtension vscode.typescript-language-features, startup: false, activationEvent: 'onLanguage:jsonc'
2023-03-31 15:10:59.158 [info] ExtensionService#_doActivateExtension vscode.typescript-language-features, startup: false, activationEvent: 'onLanguage:jsonc'
2023-03-31 15:11:04.063 [info] Extension host terminating: renderer closed the MessagePort
2023-03-31 15:11:04.194 [error] Canceled: Canceled
	at new l (/snap/code/123/usr/share/code/resources/app/out/vs/workbench/api/node/extensionHostProcess.js:98:105190)
	at c.O (/snap/code/123/usr/share/code/resources/app/out/vs/workbench/api/node/extensionHostProcess.js:108:11692)
	at G.<computed>.Q.charCodeAt.G.<computed> (/snap/code/123/usr/share/code/resources/app/out/vs/workbench/api/node/extensionHostProcess.js:108:8967)
	at m.g (/snap/code/123/usr/share/code/resources/app/out/vs/workbench/api/node/extensionHostProcess.js:98:125211)
	at m.executeCommand (/snap/code/123/usr/share/code/resources/app/out/vs/workbench/api/node/extensionHostProcess.js:98:124587)
	at L.registerCommand.description (/snap/code/123/usr/share/code/resources/app/out/vs/workbench/api/node/extensionHostProcess.js:98:123880)
	at m.h (/snap/code/123/usr/share/code/resources/app/out/vs/workbench/api/node/extensionHostProcess.js:98:125797)
	at m.g (/snap/code/123/usr/share/code/resources/app/out/vs/workbench/api/node/extensionHostProcess.js:98:124687)
	at m.executeCommand (/snap/code/123/usr/share/code/resources/app/out/vs/workbench/api/node/extensionHostProcess.js:98:124587)
	at Object.executeCommand (/snap/code/123/usr/share/code/resources/app/out/vs/workbench/api/node/extensionHostProcess.js:114:23801)
	at c (/home/hadi/.vscode/extensions/eamodio.gitlens-13.4.0/dist/gitlens.js:1:988555)
	at ActionRunners._updateContextKeys (/home/hadi/.vscode/extensions/eamodio.gitlens-13.4.0/dist/gitlens.js:1:7346)
	at r (/home/hadi/.vscode/extensions/eamodio.gitlens-13.4.0/dist/gitlens.js:1:5765)
	at RegisteredActionRunner.unregister (/home/hadi/.vscode/extensions/eamodio.gitlens-13.4.0/dist/gitlens.js:1:5909)
	at RegisteredActionRunner.dispose (/home/hadi/.vscode/extensions/eamodio.gitlens-13.4.0/dist/gitlens.js:1:4574)
	at ActionRunners.dispose (/home/hadi/.vscode/extensions/eamodio.gitlens-13.4.0/dist/gitlens.js:1:5351)
	at C (/snap/code/123/usr/share/code/resources/app/out/vs/workbench/api/node/extensionHostProcess.js:10:12084)
	at E.Y (/snap/code/123/usr/share/code/resources/app/out/vs/workbench/api/node/extensionHostProcess.js:110:11147)
	at /snap/code/123/usr/share/code/resources/app/out/vs/workbench/api/node/extensionHostProcess.js:110:9131
	at Array.map (<anonymous>)
	at E.R (/snap/code/123/usr/share/code/resources/app/out/vs/workbench/api/node/extensionHostProcess.js:110:9118)
	at E.terminate (/snap/code/123/usr/share/code/resources/app/out/vs/workbench/api/node/extensionHostProcess.js:110:9389)
	at d.terminate (/snap/code/123/usr/share/code/resources/app/out/vs/workbench/api/node/extensionHostProcess.js:114:1544)
	at p (/snap/code/123/usr/share/code/resources/app/out/vs/workbench/api/node/extensionHostProcess.js:124:18690)
	at MessagePortMain.<anonymous> (/snap/code/123/usr/share/code/resources/app/out/vs/workbench/api/node/extensionHostProcess.js:124:14829)
	at MessagePortMain.emit (node:events:526:28)
	at MessagePortMain._internalPort.emit (node:electron/js2c/utility_init:5:364) setContext undefined
2023-03-31 15:11:04.194 [error] Canceled: Canceled
	at new l (/snap/code/123/usr/share/code/resources/app/out/vs/workbench/api/node/extensionHostProcess.js:98:105190)
	at c.O (/snap/code/123/usr/share/code/resources/app/out/vs/workbench/api/node/extensionHostProcess.js:108:11692)
	at G.<computed>.Q.charCodeAt.G.<computed> (/snap/code/123/usr/share/code/resources/app/out/vs/workbench/api/node/extensionHostProcess.js:108:8967)
	at m.g (/snap/code/123/usr/share/code/resources/app/out/vs/workbench/api/node/extensionHostProcess.js:98:125211)
	at m.executeCommand (/snap/code/123/usr/share/code/resources/app/out/vs/workbench/api/node/extensionHostProcess.js:98:124587)
	at L.registerCommand.description (/snap/code/123/usr/share/code/resources/app/out/vs/workbench/api/node/extensionHostProcess.js:98:123880)
	at m.h (/snap/code/123/usr/share/code/resources/app/out/vs/workbench/api/node/extensionHostProcess.js:98:125797)
	at m.g (/snap/code/123/usr/share/code/resources/app/out/vs/workbench/api/node/extensionHostProcess.js:98:124687)
	at m.executeCommand (/snap/code/123/usr/share/code/resources/app/out/vs/workbench/api/node/extensionHostProcess.js:98:124587)
	at Object.executeCommand (/snap/code/123/usr/share/code/resources/app/out/vs/workbench/api/node/extensionHostProcess.js:114:23801)
	at c (/home/hadi/.vscode/extensions/eamodio.gitlens-13.4.0/dist/gitlens.js:1:988555)
	at ActionRunners._updateContextKeys (/home/hadi/.vscode/extensions/eamodio.gitlens-13.4.0/dist/gitlens.js:1:7346)
	at r (/home/hadi/.vscode/extensions/eamodio.gitlens-13.4.0/dist/gitlens.js:1:5765)
	at RegisteredActionRunner.unregister (/home/hadi/.vscode/extensions/eamodio.gitlens-13.4.0/dist/gitlens.js:1:5909)
	at RegisteredActionRunner.dispose (/home/hadi/.vscode/extensions/eamodio.gitlens-13.4.0/dist/gitlens.js:1:4574)
	at ActionRunners.dispose (/home/hadi/.vscode/extensions/eamodio.gitlens-13.4.0/dist/gitlens.js:1:5351)
	at C (/snap/code/123/usr/share/code/resources/app/out/vs/workbench/api/node/extensionHostProcess.js:10:12084)
	at E.Y (/snap/code/123/usr/share/code/resources/app/out/vs/workbench/api/node/extensionHostProcess.js:110:11147)
	at /snap/code/123/usr/share/code/resources/app/out/vs/workbench/api/node/extensionHostProcess.js:110:9131
	at Array.map (<anonymous>)
	at E.R (/snap/code/123/usr/share/code/resources/app/out/vs/workbench/api/node/extensionHostProcess.js:110:9118)
	at E.terminate (/snap/code/123/usr/share/code/resources/app/out/vs/workbench/api/node/extensionHostProcess.js:110:9389)
	at d.terminate (/snap/code/123/usr/share/code/resources/app/out/vs/workbench/api/node/extensionHostProcess.js:114:1544)
	at p (/snap/code/123/usr/share/code/resources/app/out/vs/workbench/api/node/extensionHostProcess.js:124:18690)
	at MessagePortMain.<anonymous> (/snap/code/123/usr/share/code/resources/app/out/vs/workbench/api/node/extensionHostProcess.js:124:14829)
	at MessagePortMain.emit (node:events:526:28)
	at MessagePortMain._internalPort.emit (node:electron/js2c/utility_init:5:364) setContext undefined
2023-03-31 15:11:04.194 [error] Canceled: Canceled
	at new l (/snap/code/123/usr/share/code/resources/app/out/vs/workbench/api/node/extensionHostProcess.js:98:105190)
	at c.O (/snap/code/123/usr/share/code/resources/app/out/vs/workbench/api/node/extensionHostProcess.js:108:11692)
	at G.<computed>.Q.charCodeAt.G.<computed> (/snap/code/123/usr/share/code/resources/app/out/vs/workbench/api/node/extensionHostProcess.js:108:8967)
	at m.g (/snap/code/123/usr/share/code/resources/app/out/vs/workbench/api/node/extensionHostProcess.js:98:125211)
	at m.executeCommand (/snap/code/123/usr/share/code/resources/app/out/vs/workbench/api/node/extensionHostProcess.js:98:124587)
	at L.registerCommand.description (/snap/code/123/usr/share/code/resources/app/out/vs/workbench/api/node/extensionHostProcess.js:98:123880)
	at m.h (/snap/code/123/usr/share/code/resources/app/out/vs/workbench/api/node/extensionHostProcess.js:98:125797)
	at m.g (/snap/code/123/usr/share/code/resources/app/out/vs/workbench/api/node/extensionHostProcess.js:98:124687)
	at m.executeCommand (/snap/code/123/usr/share/code/resources/app/out/vs/workbench/api/node/extensionHostProcess.js:98:124587)
	at Object.executeCommand (/snap/code/123/usr/share/code/resources/app/out/vs/workbench/api/node/extensionHostProcess.js:114:23801)
	at c (/home/hadi/.vscode/extensions/eamodio.gitlens-13.4.0/dist/gitlens.js:1:988555)
	at ActionRunners._updateContextKeys (/home/hadi/.vscode/extensions/eamodio.gitlens-13.4.0/dist/gitlens.js:1:7346)
	at r (/home/hadi/.vscode/extensions/eamodio.gitlens-13.4.0/dist/gitlens.js:1:5765)
	at RegisteredActionRunner.unregister (/home/hadi/.vscode/extensions/eamodio.gitlens-13.4.0/dist/gitlens.js:1:5909)
	at RegisteredActionRunner.dispose (/home/hadi/.vscode/extensions/eamodio.gitlens-13.4.0/dist/gitlens.js:1:4574)
	at ActionRunners.dispose (/home/hadi/.vscode/extensions/eamodio.gitlens-13.4.0/dist/gitlens.js:1:5351)
	at C (/snap/code/123/usr/share/code/resources/app/out/vs/workbench/api/node/extensionHostProcess.js:10:12084)
	at E.Y (/snap/code/123/usr/share/code/resources/app/out/vs/workbench/api/node/extensionHostProcess.js:110:11147)
	at /snap/code/123/usr/share/code/resources/app/out/vs/workbench/api/node/extensionHostProcess.js:110:9131
	at Array.map (<anonymous>)
	at E.R (/snap/code/123/usr/share/code/resources/app/out/vs/workbench/api/node/extensionHostProcess.js:110:9118)
	at E.terminate (/snap/code/123/usr/share/code/resources/app/out/vs/workbench/api/node/extensionHostProcess.js:110:9389)
	at d.terminate (/snap/code/123/usr/share/code/resources/app/out/vs/workbench/api/node/extensionHostProcess.js:114:1544)
	at p (/snap/code/123/usr/share/code/resources/app/out/vs/workbench/api/node/extensionHostProcess.js:124:18690)
	at MessagePortMain.<anonymous> (/snap/code/123/usr/share/code/resources/app/out/vs/workbench/api/node/extensionHostProcess.js:124:14829)
	at MessagePortMain.emit (node:events:526:28)
	at MessagePortMain._internalPort.emit (node:electron/js2c/utility_init:5:364) setContext undefined
2023-03-31 15:11:04.195 [error] Canceled: Canceled
	at new l (/snap/code/123/usr/share/code/resources/app/out/vs/workbench/api/node/extensionHostProcess.js:98:105190)
	at c.O (/snap/code/123/usr/share/code/resources/app/out/vs/workbench/api/node/extensionHostProcess.js:108:11692)
	at G.<computed>.Q.charCodeAt.G.<computed> (/snap/code/123/usr/share/code/resources/app/out/vs/workbench/api/node/extensionHostProcess.js:108:8967)
	at m.g (/snap/code/123/usr/share/code/resources/app/out/vs/workbench/api/node/extensionHostProcess.js:98:125211)
	at m.executeCommand (/snap/code/123/usr/share/code/resources/app/out/vs/workbench/api/node/extensionHostProcess.js:98:124587)
	at L.registerCommand.description (/snap/code/123/usr/share/code/resources/app/out/vs/workbench/api/node/extensionHostProcess.js:98:123880)
	at m.h (/snap/code/123/usr/share/code/resources/app/out/vs/workbench/api/node/extensionHostProcess.js:98:125797)
	at m.g (/snap/code/123/usr/share/code/resources/app/out/vs/workbench/api/node/extensionHostProcess.js:98:124687)
	at m.executeCommand (/snap/code/123/usr/share/code/resources/app/out/vs/workbench/api/node/extensionHostProcess.js:98:124587)
	at Object.executeCommand (/snap/code/123/usr/share/code/resources/app/out/vs/workbench/api/node/extensionHostProcess.js:114:23801)
	at c (/home/hadi/.vscode/extensions/eamodio.gitlens-13.4.0/dist/gitlens.js:1:988555)
	at ActionRunners._updateContextKeys (/home/hadi/.vscode/extensions/eamodio.gitlens-13.4.0/dist/gitlens.js:1:7346)
	at r (/home/hadi/.vscode/extensions/eamodio.gitlens-13.4.0/dist/gitlens.js:1:5765)
	at RegisteredActionRunner.unregister (/home/hadi/.vscode/extensions/eamodio.gitlens-13.4.0/dist/gitlens.js:1:5909)
	at RegisteredActionRunner.dispose (/home/hadi/.vscode/extensions/eamodio.gitlens-13.4.0/dist/gitlens.js:1:4574)
	at Object.dispose (/home/hadi/.vscode/extensions/eamodio.gitlens-13.4.0/dist/gitlens.js:1:6006)
	at C (/snap/code/123/usr/share/code/resources/app/out/vs/workbench/api/node/extensionHostProcess.js:10:12084)
	at E.Y (/snap/code/123/usr/share/code/resources/app/out/vs/workbench/api/node/extensionHostProcess.js:110:11147)
	at /snap/code/123/usr/share/code/resources/app/out/vs/workbench/api/node/extensionHostProcess.js:110:9131
	at Array.map (<anonymous>)
	at E.R (/snap/code/123/usr/share/code/resources/app/out/vs/workbench/api/node/extensionHostProcess.js:110:9118)
	at E.terminate (/snap/code/123/usr/share/code/resources/app/out/vs/workbench/api/node/extensionHostProcess.js:110:9389)
	at d.terminate (/snap/code/123/usr/share/code/resources/app/out/vs/workbench/api/node/extensionHostProcess.js:114:1544)
	at p (/snap/code/123/usr/share/code/resources/app/out/vs/workbench/api/node/extensionHostProcess.js:124:18690)
	at MessagePortMain.<anonymous> (/snap/code/123/usr/share/code/resources/app/out/vs/workbench/api/node/extensionHostProcess.js:124:14829)
	at MessagePortMain.emit (node:events:526:28)
	at MessagePortMain._internalPort.emit (node:electron/js2c/utility_init:5:364) setContext undefined
2023-03-31 15:11:04.196 [error] Canceled: Canceled
	at new l (/snap/code/123/usr/share/code/resources/app/out/vs/workbench/api/node/extensionHostProcess.js:98:105190)
	at c.O (/snap/code/123/usr/share/code/resources/app/out/vs/workbench/api/node/extensionHostProcess.js:108:11692)
	at G.<computed>.Q.charCodeAt.G.<computed> (/snap/code/123/usr/share/code/resources/app/out/vs/workbench/api/node/extensionHostProcess.js:108:8967)
	at m.g (/snap/code/123/usr/share/code/resources/app/out/vs/workbench/api/node/extensionHostProcess.js:98:125211)
	at m.executeCommand (/snap/code/123/usr/share/code/resources/app/out/vs/workbench/api/node/extensionHostProcess.js:98:124587)
	at L.registerCommand.description (/snap/code/123/usr/share/code/resources/app/out/vs/workbench/api/node/extensionHostProcess.js:98:123880)
	at m.h (/snap/code/123/usr/share/code/resources/app/out/vs/workbench/api/node/extensionHostProcess.js:98:125797)
	at m.g (/snap/code/123/usr/share/code/resources/app/out/vs/workbench/api/node/extensionHostProcess.js:98:124687)
	at m.executeCommand (/snap/code/123/usr/share/code/resources/app/out/vs/workbench/api/node/extensionHostProcess.js:98:124587)
	at Object.executeCommand (/snap/code/123/usr/share/code/resources/app/out/vs/workbench/api/node/extensionHostProcess.js:114:23801)
	at c (/home/hadi/.vscode/extensions/eamodio.gitlens-13.4.0/dist/gitlens.js:1:988555)
	at ActionRunners._updateContextKeys (/home/hadi/.vscode/extensions/eamodio.gitlens-13.4.0/dist/gitlens.js:1:7346)
	at r (/home/hadi/.vscode/extensions/eamodio.gitlens-13.4.0/dist/gitlens.js:1:5765)
	at RegisteredActionRunner.unregister (/home/hadi/.vscode/extensions/eamodio.gitlens-13.4.0/dist/gitlens.js:1:5909)
	at RegisteredActionRunner.dispose (/home/hadi/.vscode/extensions/eamodio.gitlens-13.4.0/dist/gitlens.js:1:4574)
	at Object.dispose (/home/hadi/.vscode/extensions/eamodio.gitlens-13.4.0/dist/gitlens.js:1:6006)
	at C (/snap/code/123/usr/share/code/resources/app/out/vs/workbench/api/node/extensionHostProcess.js:10:12084)
	at E.Y (/snap/code/123/usr/share/code/resources/app/out/vs/workbench/api/node/extensionHostProcess.js:110:11147)
	at /snap/code/123/usr/share/code/resources/app/out/vs/workbench/api/node/extensionHostProcess.js:110:9131
	at Array.map (<anonymous>)
	at E.R (/snap/code/123/usr/share/code/resources/app/out/vs/workbench/api/node/extensionHostProcess.js:110:9118)
	at E.terminate (/snap/code/123/usr/share/code/resources/app/out/vs/workbench/api/node/extensionHostProcess.js:110:9389)
	at d.terminate (/snap/code/123/usr/share/code/resources/app/out/vs/workbench/api/node/extensionHostProcess.js:114:1544)
	at p (/snap/code/123/usr/share/code/resources/app/out/vs/workbench/api/node/extensionHostProcess.js:124:18690)
	at MessagePortMain.<anonymous> (/snap/code/123/usr/share/code/resources/app/out/vs/workbench/api/node/extensionHostProcess.js:124:14829)
	at MessagePortMain.emit (node:events:526:28)
	at MessagePortMain._internalPort.emit (node:electron/js2c/utility_init:5:364) setContext undefined
2023-03-31 15:11:04.197 [error] Canceled: Canceled
	at new l (/snap/code/123/usr/share/code/resources/app/out/vs/workbench/api/node/extensionHostProcess.js:98:105190)
	at c.O (/snap/code/123/usr/share/code/resources/app/out/vs/workbench/api/node/extensionHostProcess.js:108:11692)
	at G.<computed>.Q.charCodeAt.G.<computed> (/snap/code/123/usr/share/code/resources/app/out/vs/workbench/api/node/extensionHostProcess.js:108:8967)
	at m.g (/snap/code/123/usr/share/code/resources/app/out/vs/workbench/api/node/extensionHostProcess.js:98:125211)
	at m.executeCommand (/snap/code/123/usr/share/code/resources/app/out/vs/workbench/api/node/extensionHostProcess.js:98:124587)
	at L.registerCommand.description (/snap/code/123/usr/share/code/resources/app/out/vs/workbench/api/node/extensionHostProcess.js:98:123880)
	at m.h (/snap/code/123/usr/share/code/resources/app/out/vs/workbench/api/node/extensionHostProcess.js:98:125797)
	at m.g (/snap/code/123/usr/share/code/resources/app/out/vs/workbench/api/node/extensionHostProcess.js:98:124687)
	at m.executeCommand (/snap/code/123/usr/share/code/resources/app/out/vs/workbench/api/node/extensionHostProcess.js:98:124587)
	at Object.executeCommand (/snap/code/123/usr/share/code/resources/app/out/vs/workbench/api/node/extensionHostProcess.js:114:23801)
	at c (/home/hadi/.vscode/extensions/eamodio.gitlens-13.4.0/dist/gitlens.js:1:988555)
	at ActionRunners._updateContextKeys (/home/hadi/.vscode/extensions/eamodio.gitlens-13.4.0/dist/gitlens.js:1:7346)
	at r (/home/hadi/.vscode/extensions/eamodio.gitlens-13.4.0/dist/gitlens.js:1:5765)
	at RegisteredActionRunner.unregister (/home/hadi/.vscode/extensions/eamodio.gitlens-13.4.0/dist/gitlens.js:1:5909)
	at RegisteredActionRunner.dispose (/home/hadi/.vscode/extensions/eamodio.gitlens-13.4.0/dist/gitlens.js:1:4574)
	at Object.dispose (/home/hadi/.vscode/extensions/eamodio.gitlens-13.4.0/dist/gitlens.js:1:6006)
	at C (/snap/code/123/usr/share/code/resources/app/out/vs/workbench/api/node/extensionHostProcess.js:10:12084)
	at E.Y (/snap/code/123/usr/share/code/resources/app/out/vs/workbench/api/node/extensionHostProcess.js:110:11147)
	at /snap/code/123/usr/share/code/resources/app/out/vs/workbench/api/node/extensionHostProcess.js:110:9131
	at Array.map (<anonymous>)
	at E.R (/snap/code/123/usr/share/code/resources/app/out/vs/workbench/api/node/extensionHostProcess.js:110:9118)
	at E.terminate (/snap/code/123/usr/share/code/resources/app/out/vs/workbench/api/node/extensionHostProcess.js:110:9389)
	at d.terminate (/snap/code/123/usr/share/code/resources/app/out/vs/workbench/api/node/extensionHostProcess.js:114:1544)
	at p (/snap/code/123/usr/share/code/resources/app/out/vs/workbench/api/node/extensionHostProcess.js:124:18690)
	at MessagePortMain.<anonymous> (/snap/code/123/usr/share/code/resources/app/out/vs/workbench/api/node/extensionHostProcess.js:124:14829)
	at MessagePortMain.emit (node:events:526:28)
	at MessagePortMain._internalPort.emit (node:electron/js2c/utility_init:5:364) setContext undefined
2023-03-31 15:11:04.197 [error] ProxyResolver#resolveProxy DIRECT Canceled: Canceled
	at new l (/snap/code/123/usr/share/code/resources/app/out/vs/workbench/api/node/extensionHostProcess.js:98:105190)
	at c.O (/snap/code/123/usr/share/code/resources/app/out/vs/workbench/api/node/extensionHostProcess.js:108:11692)
	at G.<computed>.Q.charCodeAt.G.<computed> (/snap/code/123/usr/share/code/resources/app/out/vs/workbench/api/node/extensionHostProcess.js:108:8967)
	at L.resolveProxy (/snap/code/123/usr/share/code/resources/app/out/vs/workbench/api/node/extensionHostProcess.js:109:20163)
	at Object.resolveProxy (/snap/code/123/usr/share/code/resources/app/out/vs/workbench/api/node/extensionHostProcess.js:119:9307)
	at useProxySettings (/snap/code/123/usr/share/code/resources/app/node_modules.asar/vscode-proxy-agent/out/index.js:159:16)
	at /snap/code/123/usr/share/code/resources/app/node_modules.asar/vscode-proxy-agent/out/index.js:107:13
	at /snap/code/123/usr/share/code/resources/app/node_modules.asar/vscode-proxy-agent/out/index.js:336:13
	at process.processTicksAndRejections (node:internal/process/task_queues:96:5) 
2023-03-31 15:11:06.129 [info] Extension host with pid 13646 exiting with code 0
2023-03-31 15:12:33.695 [error] Error: Failed to request creation of interactive window from VS Code.
	at uC.createEditor (/home/hadi/.vscode/extensions/ms-toolsai.jupyter-2023.2.1200692131/out/extension.node.js:24:387700)
	at async uC.create (/home/hadi/.vscode/extensions/ms-toolsai.jupyter-2023.2.1200692131/out/extension.node.js:24:386603)
	at async uC.getOrCreate (/home/hadi/.vscode/extensions/ms-toolsai.jupyter-2023.2.1200692131/out/extension.node.js:24:386173)
	at async ZS.runMatchingCell (/home/hadi/.vscode/extensions/ms-toolsai.jupyter-2023.2.1200692131/out/extension.node.js:24:357245)
	at async m.h (/snap/code/123/usr/share/code/resources/app/out/vs/workbench/api/node/extensionHostProcess.js:98:125789) jupyter.runcurrentcelladvance {"value":"ms-toolsai.jupyter","c":"ms-toolsai.jupyter"}
2023-03-31 15:12:47.716 [error] Error: Failed to request creation of interactive window from VS Code.
	at uC.createEditor (/home/hadi/.vscode/extensions/ms-toolsai.jupyter-2023.2.1200692131/out/extension.node.js:24:387700)
	at async uC.create (/home/hadi/.vscode/extensions/ms-toolsai.jupyter-2023.2.1200692131/out/extension.node.js:24:386603)
	at async uC.getOrCreate (/home/hadi/.vscode/extensions/ms-toolsai.jupyter-2023.2.1200692131/out/extension.node.js:24:386173)
	at async ZS.runMatchingCell (/home/hadi/.vscode/extensions/ms-toolsai.jupyter-2023.2.1200692131/out/extension.node.js:24:357245)
	at async m.h (/snap/code/123/usr/share/code/resources/app/out/vs/workbench/api/node/extensionHostProcess.js:98:125789) jupyter.runcurrentcelladvance {"value":"ms-toolsai.jupyter","c":"ms-toolsai.jupyter"}
2023-03-31 15:12:48.401 [error] Error: Failed to request creation of interactive window from VS Code.
	at uC.createEditor (/home/hadi/.vscode/extensions/ms-toolsai.jupyter-2023.2.1200692131/out/extension.node.js:24:387700)
	at async uC.create (/home/hadi/.vscode/extensions/ms-toolsai.jupyter-2023.2.1200692131/out/extension.node.js:24:386603)
	at async uC.getOrCreate (/home/hadi/.vscode/extensions/ms-toolsai.jupyter-2023.2.1200692131/out/extension.node.js:24:386173)
	at async ZS.runMatchingCell (/home/hadi/.vscode/extensions/ms-toolsai.jupyter-2023.2.1200692131/out/extension.node.js:24:357245)
	at async m.h (/snap/code/123/usr/share/code/resources/app/out/vs/workbench/api/node/extensionHostProcess.js:98:125789) jupyter.runcurrentcelladvance {"value":"ms-toolsai.jupyter","c":"ms-toolsai.jupyter"}
2023-03-31 15:12:58.280 [info] Extension host terminating: renderer closed the MessagePort
2023-03-31 15:12:58.355 [error] Canceled: Canceled
	at new l (/snap/code/123/usr/share/code/resources/app/out/vs/workbench/api/node/extensionHostProcess.js:98:105190)
	at c.O (/snap/code/123/usr/share/code/resources/app/out/vs/workbench/api/node/extensionHostProcess.js:108:11692)
	at G.<computed>.Q.charCodeAt.G.<computed> (/snap/code/123/usr/share/code/resources/app/out/vs/workbench/api/node/extensionHostProcess.js:108:8967)
	at m.g (/snap/code/123/usr/share/code/resources/app/out/vs/workbench/api/node/extensionHostProcess.js:98:125211)
	at m.executeCommand (/snap/code/123/usr/share/code/resources/app/out/vs/workbench/api/node/extensionHostProcess.js:98:124587)
	at L.registerCommand.description (/snap/code/123/usr/share/code/resources/app/out/vs/workbench/api/node/extensionHostProcess.js:98:123880)
	at m.h (/snap/code/123/usr/share/code/resources/app/out/vs/workbench/api/node/extensionHostProcess.js:98:125797)
	at m.g (/snap/code/123/usr/share/code/resources/app/out/vs/workbench/api/node/extensionHostProcess.js:98:124687)
	at m.executeCommand (/snap/code/123/usr/share/code/resources/app/out/vs/workbench/api/node/extensionHostProcess.js:98:124587)
	at Object.executeCommand (/snap/code/123/usr/share/code/resources/app/out/vs/workbench/api/node/extensionHostProcess.js:114:23801)
	at c (/home/hadi/.vscode/extensions/eamodio.gitlens-13.4.0/dist/gitlens.js:1:988555)
	at ActionRunners._updateContextKeys (/home/hadi/.vscode/extensions/eamodio.gitlens-13.4.0/dist/gitlens.js:1:7346)
	at r (/home/hadi/.vscode/extensions/eamodio.gitlens-13.4.0/dist/gitlens.js:1:5765)
	at RegisteredActionRunner.unregister (/home/hadi/.vscode/extensions/eamodio.gitlens-13.4.0/dist/gitlens.js:1:5909)
	at RegisteredActionRunner.dispose (/home/hadi/.vscode/extensions/eamodio.gitlens-13.4.0/dist/gitlens.js:1:4574)
	at ActionRunners.dispose (/home/hadi/.vscode/extensions/eamodio.gitlens-13.4.0/dist/gitlens.js:1:5351)
	at C (/snap/code/123/usr/share/code/resources/app/out/vs/workbench/api/node/extensionHostProcess.js:10:12084)
	at E.Y (/snap/code/123/usr/share/code/resources/app/out/vs/workbench/api/node/extensionHostProcess.js:110:11147)
	at /snap/code/123/usr/share/code/resources/app/out/vs/workbench/api/node/extensionHostProcess.js:110:9131
	at Array.map (<anonymous>)
	at E.R (/snap/code/123/usr/share/code/resources/app/out/vs/workbench/api/node/extensionHostProcess.js:110:9118)
	at E.terminate (/snap/code/123/usr/share/code/resources/app/out/vs/workbench/api/node/extensionHostProcess.js:110:9389)
	at d.terminate (/snap/code/123/usr/share/code/resources/app/out/vs/workbench/api/node/extensionHostProcess.js:114:1544)
	at p (/snap/code/123/usr/share/code/resources/app/out/vs/workbench/api/node/extensionHostProcess.js:124:18690)
	at MessagePortMain.<anonymous> (/snap/code/123/usr/share/code/resources/app/out/vs/workbench/api/node/extensionHostProcess.js:124:14829)
	at MessagePortMain.emit (node:events:526:28)
	at MessagePortMain._internalPort.emit (node:electron/js2c/utility_init:5:364) setContext undefined
2023-03-31 15:12:58.355 [error] Canceled: Canceled
	at new l (/snap/code/123/usr/share/code/resources/app/out/vs/workbench/api/node/extensionHostProcess.js:98:105190)
	at c.O (/snap/code/123/usr/share/code/resources/app/out/vs/workbench/api/node/extensionHostProcess.js:108:11692)
	at G.<computed>.Q.charCodeAt.G.<computed> (/snap/code/123/usr/share/code/resources/app/out/vs/workbench/api/node/extensionHostProcess.js:108:8967)
	at m.g (/snap/code/123/usr/share/code/resources/app/out/vs/workbench/api/node/extensionHostProcess.js:98:125211)
	at m.executeCommand (/snap/code/123/usr/share/code/resources/app/out/vs/workbench/api/node/extensionHostProcess.js:98:124587)
	at L.registerCommand.description (/snap/code/123/usr/share/code/resources/app/out/vs/workbench/api/node/extensionHostProcess.js:98:123880)
	at m.h (/snap/code/123/usr/share/code/resources/app/out/vs/workbench/api/node/extensionHostProcess.js:98:125797)
	at m.g (/snap/code/123/usr/share/code/resources/app/out/vs/workbench/api/node/extensionHostProcess.js:98:124687)
	at m.executeCommand (/snap/code/123/usr/share/code/resources/app/out/vs/workbench/api/node/extensionHostProcess.js:98:124587)
	at Object.executeCommand (/snap/code/123/usr/share/code/resources/app/out/vs/workbench/api/node/extensionHostProcess.js:114:23801)
	at c (/home/hadi/.vscode/extensions/eamodio.gitlens-13.4.0/dist/gitlens.js:1:988555)
	at ActionRunners._updateContextKeys (/home/hadi/.vscode/extensions/eamodio.gitlens-13.4.0/dist/gitlens.js:1:7346)
	at r (/home/hadi/.vscode/extensions/eamodio.gitlens-13.4.0/dist/gitlens.js:1:5765)
	at RegisteredActionRunner.unregister (/home/hadi/.vscode/extensions/eamodio.gitlens-13.4.0/dist/gitlens.js:1:5909)
	at RegisteredActionRunner.dispose (/home/hadi/.vscode/extensions/eamodio.gitlens-13.4.0/dist/gitlens.js:1:4574)
	at ActionRunners.dispose (/home/hadi/.vscode/extensions/eamodio.gitlens-13.4.0/dist/gitlens.js:1:5351)
	at C (/snap/code/123/usr/share/code/resources/app/out/vs/workbench/api/node/extensionHostProcess.js:10:12084)
	at E.Y (/snap/code/123/usr/share/code/resources/app/out/vs/workbench/api/node/extensionHostProcess.js:110:11147)
	at /snap/code/123/usr/share/code/resources/app/out/vs/workbench/api/node/extensionHostProcess.js:110:9131
	at Array.map (<anonymous>)
	at E.R (/snap/code/123/usr/share/code/resources/app/out/vs/workbench/api/node/extensionHostProcess.js:110:9118)
	at E.terminate (/snap/code/123/usr/share/code/resources/app/out/vs/workbench/api/node/extensionHostProcess.js:110:9389)
	at d.terminate (/snap/code/123/usr/share/code/resources/app/out/vs/workbench/api/node/extensionHostProcess.js:114:1544)
	at p (/snap/code/123/usr/share/code/resources/app/out/vs/workbench/api/node/extensionHostProcess.js:124:18690)
	at MessagePortMain.<anonymous> (/snap/code/123/usr/share/code/resources/app/out/vs/workbench/api/node/extensionHostProcess.js:124:14829)
	at MessagePortMain.emit (node:events:526:28)
	at MessagePortMain._internalPort.emit (node:electron/js2c/utility_init:5:364) setContext undefined
2023-03-31 15:12:58.355 [error] Canceled: Canceled
	at new l (/snap/code/123/usr/share/code/resources/app/out/vs/workbench/api/node/extensionHostProcess.js:98:105190)
	at c.O (/snap/code/123/usr/share/code/resources/app/out/vs/workbench/api/node/extensionHostProcess.js:108:11692)
	at G.<computed>.Q.charCodeAt.G.<computed> (/snap/code/123/usr/share/code/resources/app/out/vs/workbench/api/node/extensionHostProcess.js:108:8967)
	at m.g (/snap/code/123/usr/share/code/resources/app/out/vs/workbench/api/node/extensionHostProcess.js:98:125211)
	at m.executeCommand (/snap/code/123/usr/share/code/resources/app/out/vs/workbench/api/node/extensionHostProcess.js:98:124587)
	at L.registerCommand.description (/snap/code/123/usr/share/code/resources/app/out/vs/workbench/api/node/extensionHostProcess.js:98:123880)
	at m.h (/snap/code/123/usr/share/code/resources/app/out/vs/workbench/api/node/extensionHostProcess.js:98:125797)
	at m.g (/snap/code/123/usr/share/code/resources/app/out/vs/workbench/api/node/extensionHostProcess.js:98:124687)
	at m.executeCommand (/snap/code/123/usr/share/code/resources/app/out/vs/workbench/api/node/extensionHostProcess.js:98:124587)
	at Object.executeCommand (/snap/code/123/usr/share/code/resources/app/out/vs/workbench/api/node/extensionHostProcess.js:114:23801)
	at c (/home/hadi/.vscode/extensions/eamodio.gitlens-13.4.0/dist/gitlens.js:1:988555)
	at ActionRunners._updateContextKeys (/home/hadi/.vscode/extensions/eamodio.gitlens-13.4.0/dist/gitlens.js:1:7346)
	at r (/home/hadi/.vscode/extensions/eamodio.gitlens-13.4.0/dist/gitlens.js:1:5765)
	at RegisteredActionRunner.unregister (/home/hadi/.vscode/extensions/eamodio.gitlens-13.4.0/dist/gitlens.js:1:5909)
	at RegisteredActionRunner.dispose (/home/hadi/.vscode/extensions/eamodio.gitlens-13.4.0/dist/gitlens.js:1:4574)
	at ActionRunners.dispose (/home/hadi/.vscode/extensions/eamodio.gitlens-13.4.0/dist/gitlens.js:1:5351)
	at C (/snap/code/123/usr/share/code/resources/app/out/vs/workbench/api/node/extensionHostProcess.js:10:12084)
	at E.Y (/snap/code/123/usr/share/code/resources/app/out/vs/workbench/api/node/extensionHostProcess.js:110:11147)
	at /snap/code/123/usr/share/code/resources/app/out/vs/workbench/api/node/extensionHostProcess.js:110:9131
	at Array.map (<anonymous>)
	at E.R (/snap/code/123/usr/share/code/resources/app/out/vs/workbench/api/node/extensionHostProcess.js:110:9118)
	at E.terminate (/snap/code/123/usr/share/code/resources/app/out/vs/workbench/api/node/extensionHostProcess.js:110:9389)
	at d.terminate (/snap/code/123/usr/share/code/resources/app/out/vs/workbench/api/node/extensionHostProcess.js:114:1544)
	at p (/snap/code/123/usr/share/code/resources/app/out/vs/workbench/api/node/extensionHostProcess.js:124:18690)
	at MessagePortMain.<anonymous> (/snap/code/123/usr/share/code/resources/app/out/vs/workbench/api/node/extensionHostProcess.js:124:14829)
	at MessagePortMain.emit (node:events:526:28)
	at MessagePortMain._internalPort.emit (node:electron/js2c/utility_init:5:364) setContext undefined
2023-03-31 15:12:58.357 [error] Canceled: Canceled
	at new l (/snap/code/123/usr/share/code/resources/app/out/vs/workbench/api/node/extensionHostProcess.js:98:105190)
	at c.O (/snap/code/123/usr/share/code/resources/app/out/vs/workbench/api/node/extensionHostProcess.js:108:11692)
	at G.<computed>.Q.charCodeAt.G.<computed> (/snap/code/123/usr/share/code/resources/app/out/vs/workbench/api/node/extensionHostProcess.js:108:8967)
	at m.g (/snap/code/123/usr/share/code/resources/app/out/vs/workbench/api/node/extensionHostProcess.js:98:125211)
	at m.executeCommand (/snap/code/123/usr/share/code/resources/app/out/vs/workbench/api/node/extensionHostProcess.js:98:124587)
	at L.registerCommand.description (/snap/code/123/usr/share/code/resources/app/out/vs/workbench/api/node/extensionHostProcess.js:98:123880)
	at m.h (/snap/code/123/usr/share/code/resources/app/out/vs/workbench/api/node/extensionHostProcess.js:98:125797)
	at m.g (/snap/code/123/usr/share/code/resources/app/out/vs/workbench/api/node/extensionHostProcess.js:98:124687)
	at m.executeCommand (/snap/code/123/usr/share/code/resources/app/out/vs/workbench/api/node/extensionHostProcess.js:98:124587)
	at Object.executeCommand (/snap/code/123/usr/share/code/resources/app/out/vs/workbench/api/node/extensionHostProcess.js:114:23801)
	at c (/home/hadi/.vscode/extensions/eamodio.gitlens-13.4.0/dist/gitlens.js:1:988555)
	at ActionRunners._updateContextKeys (/home/hadi/.vscode/extensions/eamodio.gitlens-13.4.0/dist/gitlens.js:1:7346)
	at r (/home/hadi/.vscode/extensions/eamodio.gitlens-13.4.0/dist/gitlens.js:1:5765)
	at RegisteredActionRunner.unregister (/home/hadi/.vscode/extensions/eamodio.gitlens-13.4.0/dist/gitlens.js:1:5909)
	at RegisteredActionRunner.dispose (/home/hadi/.vscode/extensions/eamodio.gitlens-13.4.0/dist/gitlens.js:1:4574)
	at Object.dispose (/home/hadi/.vscode/extensions/eamodio.gitlens-13.4.0/dist/gitlens.js:1:6006)
	at C (/snap/code/123/usr/share/code/resources/app/out/vs/workbench/api/node/extensionHostProcess.js:10:12084)
	at E.Y (/snap/code/123/usr/share/code/resources/app/out/vs/workbench/api/node/extensionHostProcess.js:110:11147)
	at /snap/code/123/usr/share/code/resources/app/out/vs/workbench/api/node/extensionHostProcess.js:110:9131
	at Array.map (<anonymous>)
	at E.R (/snap/code/123/usr/share/code/resources/app/out/vs/workbench/api/node/extensionHostProcess.js:110:9118)
	at E.terminate (/snap/code/123/usr/share/code/resources/app/out/vs/workbench/api/node/extensionHostProcess.js:110:9389)
	at d.terminate (/snap/code/123/usr/share/code/resources/app/out/vs/workbench/api/node/extensionHostProcess.js:114:1544)
	at p (/snap/code/123/usr/share/code/resources/app/out/vs/workbench/api/node/extensionHostProcess.js:124:18690)
	at MessagePortMain.<anonymous> (/snap/code/123/usr/share/code/resources/app/out/vs/workbench/api/node/extensionHostProcess.js:124:14829)
	at MessagePortMain.emit (node:events:526:28)
	at MessagePortMain._internalPort.emit (node:electron/js2c/utility_init:5:364) setContext undefined
2023-03-31 15:12:58.357 [error] Canceled: Canceled
	at new l (/snap/code/123/usr/share/code/resources/app/out/vs/workbench/api/node/extensionHostProcess.js:98:105190)
	at c.O (/snap/code/123/usr/share/code/resources/app/out/vs/workbench/api/node/extensionHostProcess.js:108:11692)
	at G.<computed>.Q.charCodeAt.G.<computed> (/snap/code/123/usr/share/code/resources/app/out/vs/workbench/api/node/extensionHostProcess.js:108:8967)
	at m.g (/snap/code/123/usr/share/code/resources/app/out/vs/workbench/api/node/extensionHostProcess.js:98:125211)
	at m.executeCommand (/snap/code/123/usr/share/code/resources/app/out/vs/workbench/api/node/extensionHostProcess.js:98:124587)
	at L.registerCommand.description (/snap/code/123/usr/share/code/resources/app/out/vs/workbench/api/node/extensionHostProcess.js:98:123880)
	at m.h (/snap/code/123/usr/share/code/resources/app/out/vs/workbench/api/node/extensionHostProcess.js:98:125797)
	at m.g (/snap/code/123/usr/share/code/resources/app/out/vs/workbench/api/node/extensionHostProcess.js:98:124687)
	at m.executeCommand (/snap/code/123/usr/share/code/resources/app/out/vs/workbench/api/node/extensionHostProcess.js:98:124587)
	at Object.executeCommand (/snap/code/123/usr/share/code/resources/app/out/vs/workbench/api/node/extensionHostProcess.js:114:23801)
	at c (/home/hadi/.vscode/extensions/eamodio.gitlens-13.4.0/dist/gitlens.js:1:988555)
	at ActionRunners._updateContextKeys (/home/hadi/.vscode/extensions/eamodio.gitlens-13.4.0/dist/gitlens.js:1:7346)
	at r (/home/hadi/.vscode/extensions/eamodio.gitlens-13.4.0/dist/gitlens.js:1:5765)
	at RegisteredActionRunner.unregister (/home/hadi/.vscode/extensions/eamodio.gitlens-13.4.0/dist/gitlens.js:1:5909)
	at RegisteredActionRunner.dispose (/home/hadi/.vscode/extensions/eamodio.gitlens-13.4.0/dist/gitlens.js:1:4574)
	at Object.dispose (/home/hadi/.vscode/extensions/eamodio.gitlens-13.4.0/dist/gitlens.js:1:6006)
	at C (/snap/code/123/usr/share/code/resources/app/out/vs/workbench/api/node/extensionHostProcess.js:10:12084)
	at E.Y (/snap/code/123/usr/share/code/resources/app/out/vs/workbench/api/node/extensionHostProcess.js:110:11147)
	at /snap/code/123/usr/share/code/resources/app/out/vs/workbench/api/node/extensionHostProcess.js:110:9131
	at Array.map (<anonymous>)
	at E.R (/snap/code/123/usr/share/code/resources/app/out/vs/workbench/api/node/extensionHostProcess.js:110:9118)
	at E.terminate (/snap/code/123/usr/share/code/resources/app/out/vs/workbench/api/node/extensionHostProcess.js:110:9389)
	at d.terminate (/snap/code/123/usr/share/code/resources/app/out/vs/workbench/api/node/extensionHostProcess.js:114:1544)
	at p (/snap/code/123/usr/share/code/resources/app/out/vs/workbench/api/node/extensionHostProcess.js:124:18690)
	at MessagePortMain.<anonymous> (/snap/code/123/usr/share/code/resources/app/out/vs/workbench/api/node/extensionHostProcess.js:124:14829)
	at MessagePortMain.emit (node:events:526:28)
	at MessagePortMain._internalPort.emit (node:electron/js2c/utility_init:5:364) setContext undefined
2023-03-31 15:12:58.358 [error] Canceled: Canceled
	at new l (/snap/code/123/usr/share/code/resources/app/out/vs/workbench/api/node/extensionHostProcess.js:98:105190)
	at c.O (/snap/code/123/usr/share/code/resources/app/out/vs/workbench/api/node/extensionHostProcess.js:108:11692)
	at G.<computed>.Q.charCodeAt.G.<computed> (/snap/code/123/usr/share/code/resources/app/out/vs/workbench/api/node/extensionHostProcess.js:108:8967)
	at m.g (/snap/code/123/usr/share/code/resources/app/out/vs/workbench/api/node/extensionHostProcess.js:98:125211)
	at m.executeCommand (/snap/code/123/usr/share/code/resources/app/out/vs/workbench/api/node/extensionHostProcess.js:98:124587)
	at L.registerCommand.description (/snap/code/123/usr/share/code/resources/app/out/vs/workbench/api/node/extensionHostProcess.js:98:123880)
	at m.h (/snap/code/123/usr/share/code/resources/app/out/vs/workbench/api/node/extensionHostProcess.js:98:125797)
	at m.g (/snap/code/123/usr/share/code/resources/app/out/vs/workbench/api/node/extensionHostProcess.js:98:124687)
	at m.executeCommand (/snap/code/123/usr/share/code/resources/app/out/vs/workbench/api/node/extensionHostProcess.js:98:124587)
	at Object.executeCommand (/snap/code/123/usr/share/code/resources/app/out/vs/workbench/api/node/extensionHostProcess.js:114:23801)
	at c (/home/hadi/.vscode/extensions/eamodio.gitlens-13.4.0/dist/gitlens.js:1:988555)
	at ActionRunners._updateContextKeys (/home/hadi/.vscode/extensions/eamodio.gitlens-13.4.0/dist/gitlens.js:1:7346)
	at r (/home/hadi/.vscode/extensions/eamodio.gitlens-13.4.0/dist/gitlens.js:1:5765)
	at RegisteredActionRunner.unregister (/home/hadi/.vscode/extensions/eamodio.gitlens-13.4.0/dist/gitlens.js:1:5909)
	at RegisteredActionRunner.dispose (/home/hadi/.vscode/extensions/eamodio.gitlens-13.4.0/dist/gitlens.js:1:4574)
	at Object.dispose (/home/hadi/.vscode/extensions/eamodio.gitlens-13.4.0/dist/gitlens.js:1:6006)
	at C (/snap/code/123/usr/share/code/resources/app/out/vs/workbench/api/node/extensionHostProcess.js:10:12084)
	at E.Y (/snap/code/123/usr/share/code/resources/app/out/vs/workbench/api/node/extensionHostProcess.js:110:11147)
	at /snap/code/123/usr/share/code/resources/app/out/vs/workbench/api/node/extensionHostProcess.js:110:9131
	at Array.map (<anonymous>)
	at E.R (/snap/code/123/usr/share/code/resources/app/out/vs/workbench/api/node/extensionHostProcess.js:110:9118)
	at E.terminate (/snap/code/123/usr/share/code/resources/app/out/vs/workbench/api/node/extensionHostProcess.js:110:9389)
	at d.terminate (/snap/code/123/usr/share/code/resources/app/out/vs/workbench/api/node/extensionHostProcess.js:114:1544)
	at p (/snap/code/123/usr/share/code/resources/app/out/vs/workbench/api/node/extensionHostProcess.js:124:18690)
	at MessagePortMain.<anonymous> (/snap/code/123/usr/share/code/resources/app/out/vs/workbench/api/node/extensionHostProcess.js:124:14829)
	at MessagePortMain.emit (node:events:526:28)
	at MessagePortMain._internalPort.emit (node:electron/js2c/utility_init:5:364) setContext undefined
2023-03-31 15:12:58.398 [info] Extension host with pid 13647 exiting with code 0
2023-03-31 15:13:02.645 [info] Extension host with pid 14546 started
2023-03-31 15:13:02.645 [info] Skipping acquiring lock for /home/hadi/.config/Code/User/workspaceStorage/e0f039a488c2d35aaf821c258b7132de.
2023-03-31 15:13:03.174 [info] ExtensionService#_doActivateExtension vscode.emmet, startup: false, activationEvent: 'onLanguage'
2023-03-31 15:13:03.190 [info] ExtensionService#_doActivateExtension ms-python.python, startup: false, activationEvent: 'onLanguage:python', root cause: ms-python.isort
2023-03-31 15:13:03.641 [info] ExtensionService#_doActivateExtension ms-toolsai.jupyter, startup: false, activationEvent: 'onLanguage:python'
2023-03-31 15:13:04.165 [info] ExtensionService#_doActivateExtension vscode.github-authentication, startup: false, activationEvent: 'onAuthenticationRequest:github'
2023-03-31 15:13:05.609 [info] ExtensionService#_doActivateExtension vscode.git-base, startup: true, activationEvent: '*', root cause: vscode.git
2023-03-31 15:13:05.659 [info] ExtensionService#_doActivateExtension ms-toolsai.jupyter-renderers, startup: false, activationEvent: 'api', root cause: ms-toolsai.jupyter
2023-03-31 15:13:05.800 [info] ExtensionService#_doActivateExtension ms-python.isort, startup: false, activationEvent: 'onLanguage:python'
2023-03-31 15:13:05.824 [info] ExtensionService#_doActivateExtension ms-python.vscode-pylance, startup: false, activationEvent: 'onLanguage:python'
2023-03-31 15:13:06.230 [info] ExtensionService#_doActivateExtension vscode.git, startup: true, activationEvent: '*'
2023-03-31 15:13:06.282 [info] ExtensionService#_doActivateExtension vscode.github, startup: true, activationEvent: '*'
2023-03-31 15:13:06.392 [info] ExtensionService#_doActivateExtension vscode.microsoft-authentication, startup: false, activationEvent: 'onAuthenticationRequest:microsoft'
2023-03-31 15:13:06.535 [info] Eager extensions activated
2023-03-31 15:13:06.671 [info] ExtensionService#_doActivateExtension vscode.debug-auto-launch, startup: false, activationEvent: 'onStartupFinished'
2023-03-31 15:13:06.676 [info] ExtensionService#_doActivateExtension vscode.merge-conflict, startup: false, activationEvent: 'onStartupFinished'
2023-03-31 15:13:06.692 [info] ExtensionService#_doActivateExtension eamodio.gitlens, startup: false, activationEvent: 'onStartupFinished'
2023-03-31 15:13:06.779 [info] ExtensionService#_doActivateExtension vscode.npm, startup: false, activationEvent: 'onStartupFinished', root cause: esbenp.prettier-vscode
2023-03-31 15:13:07.996 [info] ExtensionService#_doActivateExtension esbenp.prettier-vscode, startup: false, activationEvent: 'onStartupFinished'
2023-03-31 15:19:09.074 [error] Error: Failed to request creation of interactive window from VS Code.
	at LC.createEditor (/home/hadi/.vscode/extensions/ms-toolsai.jupyter-2023.3.1000892223/out/extension.node.js:24:389448)
	at async LC.create (/home/hadi/.vscode/extensions/ms-toolsai.jupyter-2023.3.1000892223/out/extension.node.js:24:388351)
	at async LC.getOrCreate (/home/hadi/.vscode/extensions/ms-toolsai.jupyter-2023.3.1000892223/out/extension.node.js:24:387921)
	at async PC.runMatchingCell (/home/hadi/.vscode/extensions/ms-toolsai.jupyter-2023.3.1000892223/out/extension.node.js:24:359201)
	at async m.h (/snap/code/123/usr/share/code/resources/app/out/vs/workbench/api/node/extensionHostProcess.js:98:125789) jupyter.runcurrentcelladvance {"value":"ms-toolsai.jupyter","c":"ms-toolsai.jupyter"}
2023-03-31 15:20:35.050 [error] Error: Failed to request creation of interactive window from VS Code.
	at LC.createEditor (/home/hadi/.vscode/extensions/ms-toolsai.jupyter-2023.3.1000892223/out/extension.node.js:24:389448)
	at async LC.create (/home/hadi/.vscode/extensions/ms-toolsai.jupyter-2023.3.1000892223/out/extension.node.js:24:388351)
	at async LC.getOrCreate (/home/hadi/.vscode/extensions/ms-toolsai.jupyter-2023.3.1000892223/out/extension.node.js:24:387921)
	at async PC.runMatchingCell (/home/hadi/.vscode/extensions/ms-toolsai.jupyter-2023.3.1000892223/out/extension.node.js:24:359201)
	at async m.h (/snap/code/123/usr/share/code/resources/app/out/vs/workbench/api/node/extensionHostProcess.js:98:125789) jupyter.runcurrentcell {"value":"ms-toolsai.jupyter","c":"ms-toolsai.jupyter"}
2023-03-31 15:21:47.358 [error] Error: Failed to request creation of interactive window from VS Code.
	at LC.createEditor (/home/hadi/.vscode/extensions/ms-toolsai.jupyter-2023.3.1000892223/out/extension.node.js:24:389448)
	at async LC.create (/home/hadi/.vscode/extensions/ms-toolsai.jupyter-2023.3.1000892223/out/extension.node.js:24:388351)
	at async LC.getOrCreate (/home/hadi/.vscode/extensions/ms-toolsai.jupyter-2023.3.1000892223/out/extension.node.js:24:387921)
	at async PC.runMatchingCell (/home/hadi/.vscode/extensions/ms-toolsai.jupyter-2023.3.1000892223/out/extension.node.js:24:359201)
	at async m.h (/snap/code/123/usr/share/code/resources/app/out/vs/workbench/api/node/extensionHostProcess.js:98:125789) jupyter.runcurrentcelladvance {"value":"ms-toolsai.jupyter","c":"ms-toolsai.jupyter"}
2023-03-31 15:23:21.001 [error] Error: Failed to request creation of interactive window from VS Code.
	at LC.createEditor (/home/hadi/.vscode/extensions/ms-toolsai.jupyter-2023.3.1000892223/out/extension.node.js:24:389448)
	at async LC.create (/home/hadi/.vscode/extensions/ms-toolsai.jupyter-2023.3.1000892223/out/extension.node.js:24:388351)
	at async LC.getOrCreate (/home/hadi/.vscode/extensions/ms-toolsai.jupyter-2023.3.1000892223/out/extension.node.js:24:387921)
	at async PC.runMatchingCell (/home/hadi/.vscode/extensions/ms-toolsai.jupyter-2023.3.1000892223/out/extension.node.js:24:359201) jupyter.runcell {"value":"ms-toolsai.jupyter","c":"ms-toolsai.jupyter"}
2023-03-31 15:23:21.001 [error] Error: Failed to request creation of interactive window from VS Code.
	at LC.createEditor (/home/hadi/.vscode/extensions/ms-toolsai.jupyter-2023.3.1000892223/out/extension.node.js:24:389448)
	at async LC.create (/home/hadi/.vscode/extensions/ms-toolsai.jupyter-2023.3.1000892223/out/extension.node.js:24:388351)
	at async LC.getOrCreate (/home/hadi/.vscode/extensions/ms-toolsai.jupyter-2023.3.1000892223/out/extension.node.js:24:387921)
	at async PC.runMatchingCell (/home/hadi/.vscode/extensions/ms-toolsai.jupyter-2023.3.1000892223/out/extension.node.js:24:359201) jupyter.runcell undefined
2023-03-31 15:25:45.085 [info] Extension host terminating: renderer closed the MessagePort
2023-03-31 15:25:45.138 [error] Canceled: Canceled
	at new l (/snap/code/123/usr/share/code/resources/app/out/vs/workbench/api/node/extensionHostProcess.js:98:105190)
	at c.O (/snap/code/123/usr/share/code/resources/app/out/vs/workbench/api/node/extensionHostProcess.js:108:11692)
	at G.<computed>.Q.charCodeAt.G.<computed> (/snap/code/123/usr/share/code/resources/app/out/vs/workbench/api/node/extensionHostProcess.js:108:8967)
	at m.g (/snap/code/123/usr/share/code/resources/app/out/vs/workbench/api/node/extensionHostProcess.js:98:125211)
	at m.executeCommand (/snap/code/123/usr/share/code/resources/app/out/vs/workbench/api/node/extensionHostProcess.js:98:124587)
	at L.registerCommand.description (/snap/code/123/usr/share/code/resources/app/out/vs/workbench/api/node/extensionHostProcess.js:98:123880)
	at m.h (/snap/code/123/usr/share/code/resources/app/out/vs/workbench/api/node/extensionHostProcess.js:98:125797)
	at m.g (/snap/code/123/usr/share/code/resources/app/out/vs/workbench/api/node/extensionHostProcess.js:98:124687)
	at m.executeCommand (/snap/code/123/usr/share/code/resources/app/out/vs/workbench/api/node/extensionHostProcess.js:98:124587)
	at Object.executeCommand (/snap/code/123/usr/share/code/resources/app/out/vs/workbench/api/node/extensionHostProcess.js:114:23801)
	at c (/home/hadi/.vscode/extensions/eamodio.gitlens-13.4.0/dist/gitlens.js:1:988555)
	at ActionRunners._updateContextKeys (/home/hadi/.vscode/extensions/eamodio.gitlens-13.4.0/dist/gitlens.js:1:7346)
	at r (/home/hadi/.vscode/extensions/eamodio.gitlens-13.4.0/dist/gitlens.js:1:5765)
	at RegisteredActionRunner.unregister (/home/hadi/.vscode/extensions/eamodio.gitlens-13.4.0/dist/gitlens.js:1:5909)
	at RegisteredActionRunner.dispose (/home/hadi/.vscode/extensions/eamodio.gitlens-13.4.0/dist/gitlens.js:1:4574)
	at ActionRunners.dispose (/home/hadi/.vscode/extensions/eamodio.gitlens-13.4.0/dist/gitlens.js:1:5351)
	at C (/snap/code/123/usr/share/code/resources/app/out/vs/workbench/api/node/extensionHostProcess.js:10:12084)
	at E.Y (/snap/code/123/usr/share/code/resources/app/out/vs/workbench/api/node/extensionHostProcess.js:110:11147)
	at /snap/code/123/usr/share/code/resources/app/out/vs/workbench/api/node/extensionHostProcess.js:110:9131
	at Array.map (<anonymous>)
	at E.R (/snap/code/123/usr/share/code/resources/app/out/vs/workbench/api/node/extensionHostProcess.js:110:9118)
	at E.terminate (/snap/code/123/usr/share/code/resources/app/out/vs/workbench/api/node/extensionHostProcess.js:110:9389)
	at d.terminate (/snap/code/123/usr/share/code/resources/app/out/vs/workbench/api/node/extensionHostProcess.js:114:1544)
	at p (/snap/code/123/usr/share/code/resources/app/out/vs/workbench/api/node/extensionHostProcess.js:124:18690)
	at MessagePortMain.<anonymous> (/snap/code/123/usr/share/code/resources/app/out/vs/workbench/api/node/extensionHostProcess.js:124:14829)
	at MessagePortMain.emit (node:events:526:28)
	at MessagePortMain._internalPort.emit (node:electron/js2c/utility_init:5:364) setContext undefined
2023-03-31 15:25:45.139 [error] Canceled: Canceled
	at new l (/snap/code/123/usr/share/code/resources/app/out/vs/workbench/api/node/extensionHostProcess.js:98:105190)
	at c.O (/snap/code/123/usr/share/code/resources/app/out/vs/workbench/api/node/extensionHostProcess.js:108:11692)
	at G.<computed>.Q.charCodeAt.G.<computed> (/snap/code/123/usr/share/code/resources/app/out/vs/workbench/api/node/extensionHostProcess.js:108:8967)
	at m.g (/snap/code/123/usr/share/code/resources/app/out/vs/workbench/api/node/extensionHostProcess.js:98:125211)
	at m.executeCommand (/snap/code/123/usr/share/code/resources/app/out/vs/workbench/api/node/extensionHostProcess.js:98:124587)
	at L.registerCommand.description (/snap/code/123/usr/share/code/resources/app/out/vs/workbench/api/node/extensionHostProcess.js:98:123880)
	at m.h (/snap/code/123/usr/share/code/resources/app/out/vs/workbench/api/node/extensionHostProcess.js:98:125797)
	at m.g (/snap/code/123/usr/share/code/resources/app/out/vs/workbench/api/node/extensionHostProcess.js:98:124687)
	at m.executeCommand (/snap/code/123/usr/share/code/resources/app/out/vs/workbench/api/node/extensionHostProcess.js:98:124587)
	at Object.executeCommand (/snap/code/123/usr/share/code/resources/app/out/vs/workbench/api/node/extensionHostProcess.js:114:23801)
	at c (/home/hadi/.vscode/extensions/eamodio.gitlens-13.4.0/dist/gitlens.js:1:988555)
	at ActionRunners._updateContextKeys (/home/hadi/.vscode/extensions/eamodio.gitlens-13.4.0/dist/gitlens.js:1:7346)
	at r (/home/hadi/.vscode/extensions/eamodio.gitlens-13.4.0/dist/gitlens.js:1:5765)
	at RegisteredActionRunner.unregister (/home/hadi/.vscode/extensions/eamodio.gitlens-13.4.0/dist/gitlens.js:1:5909)
	at RegisteredActionRunner.dispose (/home/hadi/.vscode/extensions/eamodio.gitlens-13.4.0/dist/gitlens.js:1:4574)
	at ActionRunners.dispose (/home/hadi/.vscode/extensions/eamodio.gitlens-13.4.0/dist/gitlens.js:1:5351)
	at C (/snap/code/123/usr/share/code/resources/app/out/vs/workbench/api/node/extensionHostProcess.js:10:12084)
	at E.Y (/snap/code/123/usr/share/code/resources/app/out/vs/workbench/api/node/extensionHostProcess.js:110:11147)
	at /snap/code/123/usr/share/code/resources/app/out/vs/workbench/api/node/extensionHostProcess.js:110:9131
	at Array.map (<anonymous>)
	at E.R (/snap/code/123/usr/share/code/resources/app/out/vs/workbench/api/node/extensionHostProcess.js:110:9118)
	at E.terminate (/snap/code/123/usr/share/code/resources/app/out/vs/workbench/api/node/extensionHostProcess.js:110:9389)
	at d.terminate (/snap/code/123/usr/share/code/resources/app/out/vs/workbench/api/node/extensionHostProcess.js:114:1544)
	at p (/snap/code/123/usr/share/code/resources/app/out/vs/workbench/api/node/extensionHostProcess.js:124:18690)
	at MessagePortMain.<anonymous> (/snap/code/123/usr/share/code/resources/app/out/vs/workbench/api/node/extensionHostProcess.js:124:14829)
	at MessagePortMain.emit (node:events:526:28)
	at MessagePortMain._internalPort.emit (node:electron/js2c/utility_init:5:364) setContext undefined
2023-03-31 15:25:45.139 [error] Canceled: Canceled
	at new l (/snap/code/123/usr/share/code/resources/app/out/vs/workbench/api/node/extensionHostProcess.js:98:105190)
	at c.O (/snap/code/123/usr/share/code/resources/app/out/vs/workbench/api/node/extensionHostProcess.js:108:11692)
	at G.<computed>.Q.charCodeAt.G.<computed> (/snap/code/123/usr/share/code/resources/app/out/vs/workbench/api/node/extensionHostProcess.js:108:8967)
	at m.g (/snap/code/123/usr/share/code/resources/app/out/vs/workbench/api/node/extensionHostProcess.js:98:125211)
	at m.executeCommand (/snap/code/123/usr/share/code/resources/app/out/vs/workbench/api/node/extensionHostProcess.js:98:124587)
	at L.registerCommand.description (/snap/code/123/usr/share/code/resources/app/out/vs/workbench/api/node/extensionHostProcess.js:98:123880)
	at m.h (/snap/code/123/usr/share/code/resources/app/out/vs/workbench/api/node/extensionHostProcess.js:98:125797)
	at m.g (/snap/code/123/usr/share/code/resources/app/out/vs/workbench/api/node/extensionHostProcess.js:98:124687)
	at m.executeCommand (/snap/code/123/usr/share/code/resources/app/out/vs/workbench/api/node/extensionHostProcess.js:98:124587)
	at Object.executeCommand (/snap/code/123/usr/share/code/resources/app/out/vs/workbench/api/node/extensionHostProcess.js:114:23801)
	at c (/home/hadi/.vscode/extensions/eamodio.gitlens-13.4.0/dist/gitlens.js:1:988555)
	at ActionRunners._updateContextKeys (/home/hadi/.vscode/extensions/eamodio.gitlens-13.4.0/dist/gitlens.js:1:7346)
	at r (/home/hadi/.vscode/extensions/eamodio.gitlens-13.4.0/dist/gitlens.js:1:5765)
	at RegisteredActionRunner.unregister (/home/hadi/.vscode/extensions/eamodio.gitlens-13.4.0/dist/gitlens.js:1:5909)
	at RegisteredActionRunner.dispose (/home/hadi/.vscode/extensions/eamodio.gitlens-13.4.0/dist/gitlens.js:1:4574)
	at ActionRunners.dispose (/home/hadi/.vscode/extensions/eamodio.gitlens-13.4.0/dist/gitlens.js:1:5351)
	at C (/snap/code/123/usr/share/code/resources/app/out/vs/workbench/api/node/extensionHostProcess.js:10:12084)
	at E.Y (/snap/code/123/usr/share/code/resources/app/out/vs/workbench/api/node/extensionHostProcess.js:110:11147)
	at /snap/code/123/usr/share/code/resources/app/out/vs/workbench/api/node/extensionHostProcess.js:110:9131
	at Array.map (<anonymous>)
	at E.R (/snap/code/123/usr/share/code/resources/app/out/vs/workbench/api/node/extensionHostProcess.js:110:9118)
	at E.terminate (/snap/code/123/usr/share/code/resources/app/out/vs/workbench/api/node/extensionHostProcess.js:110:9389)
	at d.terminate (/snap/code/123/usr/share/code/resources/app/out/vs/workbench/api/node/extensionHostProcess.js:114:1544)
	at p (/snap/code/123/usr/share/code/resources/app/out/vs/workbench/api/node/extensionHostProcess.js:124:18690)
	at MessagePortMain.<anonymous> (/snap/code/123/usr/share/code/resources/app/out/vs/workbench/api/node/extensionHostProcess.js:124:14829)
	at MessagePortMain.emit (node:events:526:28)
	at MessagePortMain._internalPort.emit (node:electron/js2c/utility_init:5:364) setContext undefined
2023-03-31 15:25:45.139 [error] Canceled: Canceled
	at new l (/snap/code/123/usr/share/code/resources/app/out/vs/workbench/api/node/extensionHostProcess.js:98:105190)
	at c.O (/snap/code/123/usr/share/code/resources/app/out/vs/workbench/api/node/extensionHostProcess.js:108:11692)
	at G.<computed>.Q.charCodeAt.G.<computed> (/snap/code/123/usr/share/code/resources/app/out/vs/workbench/api/node/extensionHostProcess.js:108:8967)
	at m.g (/snap/code/123/usr/share/code/resources/app/out/vs/workbench/api/node/extensionHostProcess.js:98:125211)
	at m.executeCommand (/snap/code/123/usr/share/code/resources/app/out/vs/workbench/api/node/extensionHostProcess.js:98:124587)
	at L.registerCommand.description (/snap/code/123/usr/share/code/resources/app/out/vs/workbench/api/node/extensionHostProcess.js:98:123880)
	at m.h (/snap/code/123/usr/share/code/resources/app/out/vs/workbench/api/node/extensionHostProcess.js:98:125797)
	at m.g (/snap/code/123/usr/share/code/resources/app/out/vs/workbench/api/node/extensionHostProcess.js:98:124687)
	at m.executeCommand (/snap/code/123/usr/share/code/resources/app/out/vs/workbench/api/node/extensionHostProcess.js:98:124587)
	at Object.executeCommand (/snap/code/123/usr/share/code/resources/app/out/vs/workbench/api/node/extensionHostProcess.js:114:23801)
	at c (/home/hadi/.vscode/extensions/eamodio.gitlens-13.4.0/dist/gitlens.js:1:988555)
	at ActionRunners._updateContextKeys (/home/hadi/.vscode/extensions/eamodio.gitlens-13.4.0/dist/gitlens.js:1:7346)
	at r (/home/hadi/.vscode/extensions/eamodio.gitlens-13.4.0/dist/gitlens.js:1:5765)
	at RegisteredActionRunner.unregister (/home/hadi/.vscode/extensions/eamodio.gitlens-13.4.0/dist/gitlens.js:1:5909)
	at RegisteredActionRunner.dispose (/home/hadi/.vscode/extensions/eamodio.gitlens-13.4.0/dist/gitlens.js:1:4574)
	at Object.dispose (/home/hadi/.vscode/extensions/eamodio.gitlens-13.4.0/dist/gitlens.js:1:6006)
	at C (/snap/code/123/usr/share/code/resources/app/out/vs/workbench/api/node/extensionHostProcess.js:10:12084)
	at E.Y (/snap/code/123/usr/share/code/resources/app/out/vs/workbench/api/node/extensionHostProcess.js:110:11147)
	at /snap/code/123/usr/share/code/resources/app/out/vs/workbench/api/node/extensionHostProcess.js:110:9131
	at Array.map (<anonymous>)
	at E.R (/snap/code/123/usr/share/code/resources/app/out/vs/workbench/api/node/extensionHostProcess.js:110:9118)
	at E.terminate (/snap/code/123/usr/share/code/resources/app/out/vs/workbench/api/node/extensionHostProcess.js:110:9389)
	at d.terminate (/snap/code/123/usr/share/code/resources/app/out/vs/workbench/api/node/extensionHostProcess.js:114:1544)
	at p (/snap/code/123/usr/share/code/resources/app/out/vs/workbench/api/node/extensionHostProcess.js:124:18690)
	at MessagePortMain.<anonymous> (/snap/code/123/usr/share/code/resources/app/out/vs/workbench/api/node/extensionHostProcess.js:124:14829)
	at MessagePortMain.emit (node:events:526:28)
	at MessagePortMain._internalPort.emit (node:electron/js2c/utility_init:5:364) setContext undefined
2023-03-31 15:25:45.140 [error] Canceled: Canceled
	at new l (/snap/code/123/usr/share/code/resources/app/out/vs/workbench/api/node/extensionHostProcess.js:98:105190)
	at c.O (/snap/code/123/usr/share/code/resources/app/out/vs/workbench/api/node/extensionHostProcess.js:108:11692)
	at G.<computed>.Q.charCodeAt.G.<computed> (/snap/code/123/usr/share/code/resources/app/out/vs/workbench/api/node/extensionHostProcess.js:108:8967)
	at m.g (/snap/code/123/usr/share/code/resources/app/out/vs/workbench/api/node/extensionHostProcess.js:98:125211)
	at m.executeCommand (/snap/code/123/usr/share/code/resources/app/out/vs/workbench/api/node/extensionHostProcess.js:98:124587)
	at L.registerCommand.description (/snap/code/123/usr/share/code/resources/app/out/vs/workbench/api/node/extensionHostProcess.js:98:123880)
	at m.h (/snap/code/123/usr/share/code/resources/app/out/vs/workbench/api/node/extensionHostProcess.js:98:125797)
	at m.g (/snap/code/123/usr/share/code/resources/app/out/vs/workbench/api/node/extensionHostProcess.js:98:124687)
	at m.executeCommand (/snap/code/123/usr/share/code/resources/app/out/vs/workbench/api/node/extensionHostProcess.js:98:124587)
	at Object.executeCommand (/snap/code/123/usr/share/code/resources/app/out/vs/workbench/api/node/extensionHostProcess.js:114:23801)
	at c (/home/hadi/.vscode/extensions/eamodio.gitlens-13.4.0/dist/gitlens.js:1:988555)
	at ActionRunners._updateContextKeys (/home/hadi/.vscode/extensions/eamodio.gitlens-13.4.0/dist/gitlens.js:1:7346)
	at r (/home/hadi/.vscode/extensions/eamodio.gitlens-13.4.0/dist/gitlens.js:1:5765)
	at RegisteredActionRunner.unregister (/home/hadi/.vscode/extensions/eamodio.gitlens-13.4.0/dist/gitlens.js:1:5909)
	at RegisteredActionRunner.dispose (/home/hadi/.vscode/extensions/eamodio.gitlens-13.4.0/dist/gitlens.js:1:4574)
	at Object.dispose (/home/hadi/.vscode/extensions/eamodio.gitlens-13.4.0/dist/gitlens.js:1:6006)
	at C (/snap/code/123/usr/share/code/resources/app/out/vs/workbench/api/node/extensionHostProcess.js:10:12084)
	at E.Y (/snap/code/123/usr/share/code/resources/app/out/vs/workbench/api/node/extensionHostProcess.js:110:11147)
	at /snap/code/123/usr/share/code/resources/app/out/vs/workbench/api/node/extensionHostProcess.js:110:9131
	at Array.map (<anonymous>)
	at E.R (/snap/code/123/usr/share/code/resources/app/out/vs/workbench/api/node/extensionHostProcess.js:110:9118)
	at E.terminate (/snap/code/123/usr/share/code/resources/app/out/vs/workbench/api/node/extensionHostProcess.js:110:9389)
	at d.terminate (/snap/code/123/usr/share/code/resources/app/out/vs/workbench/api/node/extensionHostProcess.js:114:1544)
	at p (/snap/code/123/usr/share/code/resources/app/out/vs/workbench/api/node/extensionHostProcess.js:124:18690)
	at MessagePortMain.<anonymous> (/snap/code/123/usr/share/code/resources/app/out/vs/workbench/api/node/extensionHostProcess.js:124:14829)
	at MessagePortMain.emit (node:events:526:28)
	at MessagePortMain._internalPort.emit (node:electron/js2c/utility_init:5:364) setContext undefined
2023-03-31 15:25:45.140 [error] Canceled: Canceled
	at new l (/snap/code/123/usr/share/code/resources/app/out/vs/workbench/api/node/extensionHostProcess.js:98:105190)
	at c.O (/snap/code/123/usr/share/code/resources/app/out/vs/workbench/api/node/extensionHostProcess.js:108:11692)
	at G.<computed>.Q.charCodeAt.G.<computed> (/snap/code/123/usr/share/code/resources/app/out/vs/workbench/api/node/extensionHostProcess.js:108:8967)
	at m.g (/snap/code/123/usr/share/code/resources/app/out/vs/workbench/api/node/extensionHostProcess.js:98:125211)
	at m.executeCommand (/snap/code/123/usr/share/code/resources/app/out/vs/workbench/api/node/extensionHostProcess.js:98:124587)
	at L.registerCommand.description (/snap/code/123/usr/share/code/resources/app/out/vs/workbench/api/node/extensionHostProcess.js:98:123880)
	at m.h (/snap/code/123/usr/share/code/resources/app/out/vs/workbench/api/node/extensionHostProcess.js:98:125797)
	at m.g (/snap/code/123/usr/share/code/resources/app/out/vs/workbench/api/node/extensionHostProcess.js:98:124687)
	at m.executeCommand (/snap/code/123/usr/share/code/resources/app/out/vs/workbench/api/node/extensionHostProcess.js:98:124587)
	at Object.executeCommand (/snap/code/123/usr/share/code/resources/app/out/vs/workbench/api/node/extensionHostProcess.js:114:23801)
	at c (/home/hadi/.vscode/extensions/eamodio.gitlens-13.4.0/dist/gitlens.js:1:988555)
	at ActionRunners._updateContextKeys (/home/hadi/.vscode/extensions/eamodio.gitlens-13.4.0/dist/gitlens.js:1:7346)
	at r (/home/hadi/.vscode/extensions/eamodio.gitlens-13.4.0/dist/gitlens.js:1:5765)
	at RegisteredActionRunner.unregister (/home/hadi/.vscode/extensions/eamodio.gitlens-13.4.0/dist/gitlens.js:1:5909)
	at RegisteredActionRunner.dispose (/home/hadi/.vscode/extensions/eamodio.gitlens-13.4.0/dist/gitlens.js:1:4574)
	at Object.dispose (/home/hadi/.vscode/extensions/eamodio.gitlens-13.4.0/dist/gitlens.js:1:6006)
	at C (/snap/code/123/usr/share/code/resources/app/out/vs/workbench/api/node/extensionHostProcess.js:10:12084)
	at E.Y (/snap/code/123/usr/share/code/resources/app/out/vs/workbench/api/node/extensionHostProcess.js:110:11147)
	at /snap/code/123/usr/share/code/resources/app/out/vs/workbench/api/node/extensionHostProcess.js:110:9131
	at Array.map (<anonymous>)
	at E.R (/snap/code/123/usr/share/code/resources/app/out/vs/workbench/api/node/extensionHostProcess.js:110:9118)
	at E.terminate (/snap/code/123/usr/share/code/resources/app/out/vs/workbench/api/node/extensionHostProcess.js:110:9389)
	at d.terminate (/snap/code/123/usr/share/code/resources/app/out/vs/workbench/api/node/extensionHostProcess.js:114:1544)
	at p (/snap/code/123/usr/share/code/resources/app/out/vs/workbench/api/node/extensionHostProcess.js:124:18690)
	at MessagePortMain.<anonymous> (/snap/code/123/usr/share/code/resources/app/out/vs/workbench/api/node/extensionHostProcess.js:124:14829)
	at MessagePortMain.emit (node:events:526:28)
	at MessagePortMain._internalPort.emit (node:electron/js2c/utility_init:5:364) setContext undefined
2023-03-31 15:25:45.152 [info] Extension host with pid 14546 exiting with code 0
