[Info  - 6:30:41 PM] (25588) Pylance language server 2023.3.30 (pyright 68a8e98a) starting
[Info  - 6:30:41 PM] (25588) Server root directory: /home/hadi/.vscode/extensions/ms-python.vscode-pylance-2023.3.30/dist
[Info  - 6:30:41 PM] (25588) Starting service instance "Desktop"
[Info  - 6:30:41 PM] (25588) Auto-indent enabled
[Info  - 6:30:41 PM] (25588) No configuration file found.
[Info  - 6:30:41 PM] (25588) No pyproject.toml file found.
[Info  - 6:30:41 PM] (25588) Setting pythonPath for service "Desktop": "/bin/python3"
[Warn  - 6:30:41 PM] (25588) stubPath /home/hadi/Desktop/typings is not a valid directory.
[Info  - 6:30:41 PM] (25588) Assuming Python version 3.10
[Info  - 6:30:41 PM] (25588) Assuming Python platform Linux
[Info  - 6:30:42 PM] (25588) Searching for source files
[Info  - 6:30:42 PM] (25588) Found 3 source files
[Info  - 6:30:44 PM] (25588) Background analysis(1) root directory: /home/hadi/.vscode/extensions/ms-python.vscode-pylance-2023.3.30/dist
[Info  - 6:30:44 PM] (25588) Background analysis(1) started
[Info  - 6:30:44 PM] (25588) Indexer background runner(2) root directory: /home/hadi/.vscode/extensions/ms-python.vscode-pylance-2023.3.30/dist (index)
[Info  - 6:30:44 PM] (25588) Indexing(2) started
[Info  - 6:30:46 PM] (25588) [IDX(2)] Long operation: scan packages /home/hadi/Desktop (2744ms)
[Info  - 6:30:46 PM] (25588) scanned(2) 161 files over 1 exec env
[Info  - 6:30:48 PM] (25588) [BG(1)] Long operation: checking: /home/hadi/Desktop/earthquake_proj/data_modifier.py (2846ms)
[Info  - 6:30:48 PM] (25588) [BG(1)] Long operation: analyzing: /home/hadi/Desktop/earthquake_proj/data_modifier.py (4127ms)
[Info  - 6:30:49 PM] (25588) [IDX(2)] Long operation: index execution environment /home/hadi/Desktop (3461ms)
[Info  - 6:30:49 PM] (25588) [IDX(2)] Long operation: index packages /home/hadi/Desktop (3477ms)
[Info  - 6:30:49 PM] (25588) indexed(2) 95 files over 1 exec env
[Info  - 6:30:49 PM] (25588) Indexing finished(2).
