2023-03-31 15:10:50.676 [info] Reading sessions from keychain...
2023-03-31 15:10:50.676 [info] Getting sessions for all scopes...
2023-03-31 15:10:50.676 [info] Getting sessions for all scopes...
2023-03-31 15:10:50.676 [info] Getting sessions for user:email...
2023-03-31 15:10:50.676 [info] Got stored sessions!
2023-03-31 15:10:50.676 [info] Got 2 verified sessions.
2023-03-31 15:10:50.676 [info] Got 2 sessions for ...
2023-03-31 15:10:50.676 [info] Got 2 sessions for ...
2023-03-31 15:10:50.676 [info] Got 1 sessions for user:email...
2023-03-31 15:10:51.040 [info] Reading sessions from keychain...
2023-03-31 15:10:51.040 [info] Getting sessions for all scopes...
2023-03-31 15:10:51.040 [info] Getting sessions for all scopes...
2023-03-31 15:10:51.040 [info] Got stored sessions!
2023-03-31 15:10:51.040 [info] Got 2 verified sessions.
2023-03-31 15:10:51.040 [info] Got 2 sessions for ...
2023-03-31 15:10:51.040 [info] Got 2 sessions for ...
2023-03-31 15:10:51.040 [info] Getting sessions for user:email...
2023-03-31 15:10:51.040 [info] Got 1 sessions for user:email...
2023-03-31 15:10:52.905 [info] Getting sessions for all scopes...
2023-03-31 15:10:52.906 [info] Got 2 sessions for ...
2023-03-31 15:10:52.997 [info] Getting sessions for all scopes...
2023-03-31 15:10:52.997 [info] Got 2 sessions for ...
2023-03-31 15:10:53.734 [info] Getting user info...
2023-03-31 15:10:53.739 [info] Getting user info...
2023-03-31 15:10:53.914 [info] Getting user info...
2023-03-31 15:10:54.079 [info] Getting user info...
2023-03-31 15:10:55.405 [info] Got account info!
2023-03-31 15:10:55.608 [info] Got account info!
2023-03-31 15:10:55.651 [info] Got account info!
2023-03-31 15:10:55.796 [info] Got account info!
2023-03-31 15:10:55.810 [info] Getting sessions for all scopes...
2023-03-31 15:10:55.810 [info] Got 2 sessions for ...
2023-03-31 15:10:57.170 [info] Getting sessions for all scopes...
2023-03-31 15:10:57.170 [info] Got 2 sessions for ...
2023-03-31 15:13:06.028 [info] Reading sessions from keychain...
2023-03-31 15:13:06.226 [info] Getting sessions for all scopes...
2023-03-31 15:13:06.226 [info] Getting sessions for user:email...
2023-03-31 15:13:06.226 [info] Getting sessions for all scopes...
2023-03-31 15:13:06.226 [info] Got stored sessions!
2023-03-31 15:13:06.226 [info] Got 2 verified sessions.
2023-03-31 15:13:06.226 [info] Got 2 sessions for ...
2023-03-31 15:13:06.226 [info] Got 1 sessions for user:email...
2023-03-31 15:13:06.226 [info] Got 2 sessions for ...
2023-03-31 15:13:07.919 [info] Getting sessions for all scopes...
2023-03-31 15:13:07.919 [info] Got 2 sessions for ...
2023-03-31 15:13:08.859 [info] Getting user info...
2023-03-31 15:13:08.866 [info] Getting user info...
2023-03-31 15:13:09.729 [info] Getting sessions for all scopes...
2023-03-31 15:13:09.729 [info] Got 2 sessions for ...
2023-03-31 15:13:09.861 [info] Got account info!
2023-03-31 15:13:09.953 [info] Got account info!
