2023-03-24 10:16:10.256 [info] Added views:workbench.panel.markers.view in workbench.panel.markers
2023-03-24 10:16:10.256 [info] Added views:workbench.panel.output in workbench.panel.output
2023-03-24 10:16:10.256 [info] Added views:terminal in terminal
2023-03-24 10:16:10.256 [info] Added views:outline in workbench.view.explorer
2023-03-24 10:16:10.256 [info] Added views:workbench.scm in workbench.view.scm
2023-03-24 10:16:10.256 [info] Added views:workbench.view.search in workbench.view.search
2023-03-24 10:16:10.256 [info] Added views:timeline in workbench.view.explorer
2023-03-24 10:16:10.256 [info] Added views:workbench.explorer.fileView in workbench.view.explorer
2023-03-24 10:16:10.513 [info] Added views:workbench.debug.welcome in workbench.view.debug
2023-03-24 10:16:12.617 [info] Added views:gitlens.views.home,gitlens.views.contributors in workbench.view.extension.gitlens
2023-03-24 10:16:12.619 [info] Added views:gitlens.views.commits,gitlens.views.commitDetails,gitlens.views.fileHistory,gitlens.views.branches,gitlens.views.remotes,gitlens.views.stashes,gitlens.views.tags,gitlens.views.searchAndCompare in workbench.view.scm
2023-03-24 10:16:12.620 [info] Added views:dockerContainers,dockerImages,dockerRegistries,dockerNetworks,dockerVolumes,vscode-docker.views.dockerContexts,vscode-docker.views.help in workbench.view.extension.dockerView
2023-03-24 10:16:12.636 [info] Added views:vscode-serial-monitor.monitor0 in workbench.view.extension.vscode-serial-monitor-tools
2023-03-24 10:16:12.637 [info] Added views:platformio-ide.quickAccess in workbench.view.extension.platformio
2023-03-24 10:16:12.638 [info] Added views:platformio-debug.peripherals,platformio-debug.registers,platformio-debug.memory,platformio-debug.disassembly in workbench.view.debug
2023-03-24 10:16:13.358 [info] Added views:workbench.panel.repl.view in workbench.panel.repl
2023-03-24 10:16:15.671 [info] Added views:workbench.view.testing in workbench.view.extension.test
2023-03-24 10:16:20.768 [info] Added views:gitlens.views.timeline in workbench.view.extension.gitlensPanel
2023-03-24 10:16:20.771 [info] Added views:gitlens.views.worktrees in workbench.view.scm
2023-03-24 10:26:56.698 [info] Added views:jupyterViewVariables in workbench.view.extension.jupyter-variables
