2023-04-02 22:01:18.759 [info] Using settings sync service https://vscode-sync.trafficmanager.net/
2023-04-02 22:01:18.759 [info] Auto Sync is enabled.
2023-04-02 22:01:18.759 [info] Auto Sync: Suspended until auth token is available.
2023-04-02 22:01:19.740 [info] Deleting non existing profile from backup /home/hadi/.config/Code/User/sync/extensions
2023-04-02 22:01:19.745 [info] Deleting non existing profile from backup /home/hadi/.config/Code/User/sync/globalState
2023-04-02 22:01:19.749 [info] Deleting non existing profile from backup /home/hadi/.config/Code/User/sync/keybindings
2023-04-02 22:01:19.754 [info] Deleting non existing profile from backup /home/hadi/.config/Code/User/sync/profiles
2023-04-02 22:01:19.767 [info] Deleting non existing profile from backup /home/hadi/.config/Code/User/sync/settings
2023-04-02 22:01:19.772 [info] Deleting non existing profile from backup /home/hadi/.config/Code/User/sync/snippets
2023-04-02 22:01:19.776 [info] Deleting non existing profile from backup /home/hadi/.config/Code/User/sync/tasks
2023-04-02 22:01:28.350 [info] Auto Sync: Triggered by Interval
2023-04-02 22:01:28.351 [info] Sync started.
2023-04-02 22:01:29.949 [info] Settings: Last sync resource does not exist locally.
2023-04-02 22:01:30.470 [info] Settings: No changes found during synchronizing settings.
2023-04-02 22:01:30.473 [info] Keybindings: Last sync resource does not exist locally.
2023-04-02 22:01:30.966 [info] Keybindings: No changes found during synchronizing keybindings.
2023-04-02 22:01:30.974 [info] Snippets: Last sync resource does not exist locally.
2023-04-02 22:01:31.528 [info] Snippets: No changes found during synchronizing snippets.
2023-04-02 22:01:31.534 [info] Tasks: Last sync resource does not exist locally.
2023-04-02 22:01:32.075 [info] Tasks: No changes found during synchronizing tasks.
2023-04-02 22:01:32.089 [info] GlobalState: Last sync resource does not exist locally.
2023-04-02 22:01:33.543 [info] GlobalState: Updated remote ui state. Updated: workbench.panel.pinnedPanels,cpp.1.lastSessionDate,cpp.1.sessionCount,java.2.lastSessionDate,java.2.sessionCount,javascript.1.lastSessionDate,javascript.1.sessionCount,typescript.1.lastSessionDate,typescript.1.sessionCount,csharp.1.lastSessionDate,csharp.1.sessionCount.
2023-04-02 22:01:34.351 [info] GlobalState: Updated last synchronized ui state
2023-04-02 22:01:34.384 [info] Extensions: Last sync resource does not exist locally.
2023-04-02 22:01:35.623 [info] Extensions: No changes found during synchronizing extensions.
2023-04-02 22:01:35.660 [info] Profiles: Last sync resource does not exist locally.
2023-04-02 22:01:36.098 [info] Profiles: No changes found during synchronizing profiles.
2023-04-02 22:01:36.101 [info] Sync done. Took 7752ms
2023-04-02 22:02:05.627 [info] Auto Sync: Triggered by Activity
2023-04-02 22:02:05.628 [info] Sync started.
2023-04-02 22:02:06.035 [info] Settings: No changes found during synchronizing settings.
2023-04-02 22:02:06.044 [info] Keybindings: No changes found during synchronizing keybindings.
2023-04-02 22:02:06.050 [info] Snippets: No changes found during synchronizing snippets.
2023-04-02 22:02:06.054 [info] Tasks: No changes found during synchronizing tasks.
2023-04-02 22:02:06.061 [info] GlobalState: No changes found during synchronizing ui state.
2023-04-02 22:02:06.224 [info] Extensions: No changes found during synchronizing extensions.
2023-04-02 22:02:06.227 [info] Profiles: No changes found during synchronizing profiles.
2023-04-02 22:02:06.230 [info] Sync done. Took 604ms
