2023-03-24 18:19:27.736 [info] Added views:workbench.panel.markers.view in workbench.panel.markers
2023-03-24 18:19:27.736 [info] Added views:workbench.panel.output in workbench.panel.output
2023-03-24 18:19:27.736 [info] Added views:terminal in terminal
2023-03-24 18:19:27.736 [info] Added views:outline in workbench.view.explorer
2023-03-24 18:19:27.736 [info] Added views:workbench.scm in workbench.view.scm
2023-03-24 18:19:27.736 [info] Added views:workbench.view.search in workbench.view.search
2023-03-24 18:19:27.736 [info] Added views:timeline in workbench.view.explorer
2023-03-24 18:19:27.736 [info] Added views:workbench.explorer.fileView in workbench.view.explorer
2023-03-24 18:19:28.059 [info] Added views:workbench.debug.welcome in workbench.view.debug
2023-03-24 18:19:29.333 [info] Added views:gitlens.views.home,gitlens.views.contributors in workbench.view.extension.gitlens
2023-03-24 18:19:29.335 [info] Added views:gitlens.views.commits,gitlens.views.commitDetails,gitlens.views.fileHistory,gitlens.views.branches,gitlens.views.remotes,gitlens.views.stashes,gitlens.views.tags,gitlens.views.searchAndCompare in workbench.view.scm
2023-03-24 18:19:29.335 [info] Added views:dockerContainers,dockerImages,dockerRegistries,dockerNetworks,dockerVolumes,vscode-docker.views.dockerContexts,vscode-docker.views.help in workbench.view.extension.dockerView
2023-03-24 18:19:29.344 [info] Added views:vscode-serial-monitor.monitor0 in workbench.view.extension.vscode-serial-monitor-tools
2023-03-24 18:19:29.345 [info] Added views:platformio-ide.quickAccess in workbench.view.extension.platformio
2023-03-24 18:19:29.347 [info] Added views:platformio-debug.peripherals,platformio-debug.registers,platformio-debug.memory,platformio-debug.disassembly in workbench.view.debug
2023-03-24 18:19:30.590 [info] Added views:workbench.panel.repl.view in workbench.panel.repl
2023-03-24 18:19:34.047 [info] Added views:workbench.view.testing in workbench.view.extension.test
2023-03-24 18:19:38.684 [info] Added views:gitlens.views.timeline in workbench.view.extension.gitlensPanel
2023-03-24 18:19:38.687 [info] Added views:gitlens.views.worktrees in workbench.view.scm
2023-03-24 18:21:03.239 [info] Added views:workbench.views.extensions.installed,workbench.views.extensions.popular,extensions.recommendedList in workbench.view.extensions
2023-03-24 18:21:03.242 [info] Removed views:workbench.views.extensions.popular from workbench.view.extensions
2023-03-24 18:22:23.726 [info] Removed views:extensions.recommendedList,workbench.views.extensions.installed from workbench.view.extensions
2023-03-24 18:22:23.816 [info] Added views:workbench.views.extensions.marketplace in workbench.view.extensions
2023-03-24 18:22:41.613 [info] Added views:jupyterViewVariables in workbench.view.extension.jupyter-variables
2023-03-24 18:30:21.320 [info] Removed views:workbench.view.testing from workbench.view.extension.test
