2023-03-31 15:25:58.389 [info] Reading sessions from keychain...
2023-03-31 15:25:58.389 [info] Getting sessions for all scopes...
2023-03-31 15:25:58.389 [info] Getting sessions for all scopes...
2023-03-31 15:25:58.389 [info] Getting sessions for user:email...
2023-03-31 15:25:58.389 [info] Got stored sessions!
2023-03-31 15:25:58.389 [info] Got 2 verified sessions.
2023-03-31 15:25:58.389 [info] Got 2 sessions for ...
2023-03-31 15:25:58.389 [info] Got 2 sessions for ...
2023-03-31 15:25:58.389 [info] Got 1 sessions for user:email...
2023-03-31 15:25:59.557 [info] Getting user info...
2023-03-31 15:25:59.653 [info] Getting user info...
2023-03-31 15:25:59.711 [info] Getting sessions for all scopes...
2023-03-31 15:25:59.711 [info] Got 2 sessions for ...
2023-03-31 15:26:00.484 [info] Got account info!
2023-03-31 15:26:00.571 [info] Got account info!
2023-03-31 15:26:04.195 [info] Getting sessions for all scopes...
2023-03-31 15:26:04.195 [info] Got 2 sessions for ...
2023-03-31 16:21:03.729 [info] Getting sessions for user:email...
2023-03-31 16:21:03.731 [info] Got 1 sessions for user:email...
2023-03-31 17:13:55.466 [info] Getting sessions for user:email...
2023-03-31 17:13:55.466 [info] Got 1 sessions for user:email...
2023-03-31 18:06:57.129 [info] Getting sessions for user:email...
2023-03-31 18:06:57.129 [info] Got 1 sessions for user:email...
2023-03-31 18:59:54.310 [info] Getting sessions for user:email...
2023-03-31 18:59:54.620 [info] Got 1 sessions for user:email...
2023-03-31 19:48:33.258 [info] Getting sessions for user:email...
2023-03-31 19:48:33.258 [info] Got 1 sessions for user:email...
2023-03-31 20:47:00.250 [info] Getting sessions for user:email...
2023-03-31 20:47:00.261 [info] Got 1 sessions for user:email...
2023-03-31 21:29:57.897 [info] Getting sessions for user:email...
2023-03-31 21:29:57.897 [info] Got 1 sessions for user:email...
