2023-03-31 15:25:51.937 [info] Added views:workbench.panel.markers.view in workbench.panel.markers
2023-03-31 15:25:51.937 [info] Added views:workbench.panel.output in workbench.panel.output
2023-03-31 15:25:51.937 [info] Added views:terminal in terminal
2023-03-31 15:25:51.937 [info] Added views:outline in workbench.view.explorer
2023-03-31 15:25:51.937 [info] Added views:workbench.scm in workbench.view.scm
2023-03-31 15:25:51.937 [info] Added views:workbench.view.search in workbench.view.search
2023-03-31 15:25:51.937 [info] Added views:timeline in workbench.view.explorer
2023-03-31 15:25:51.937 [info] Added views:workbench.explorer.fileView in workbench.view.explorer
2023-03-31 15:25:51.937 [info] Added views:workbench.explorer.openEditorsView in workbench.view.explorer
2023-03-31 15:25:52.928 [info] Added views:gitlens.views.home,gitlens.views.contributors in workbench.view.extension.gitlens
2023-03-31 15:25:52.928 [info] Added views:gitlens.views.commits,gitlens.views.commitDetails,gitlens.views.fileHistory,gitlens.views.branches,gitlens.views.remotes,gitlens.views.stashes,gitlens.views.tags,gitlens.views.searchAndCompare in workbench.view.scm
2023-03-31 15:25:52.929 [info] Added views:dockerContainers,dockerImages,dockerRegistries,dockerNetworks,dockerVolumes,vscode-docker.views.dockerContexts,vscode-docker.views.help in workbench.view.extension.dockerView
2023-03-31 15:25:52.932 [info] Added views:vscode-serial-monitor.monitor0 in workbench.view.extension.vscode-serial-monitor-tools
2023-03-31 15:25:52.932 [info] Added views:platformio-ide.quickAccess in workbench.view.extension.platformio
2023-03-31 15:25:52.934 [info] Added views:platformio-debug.peripherals,platformio-debug.registers,platformio-debug.memory,platformio-debug.disassembly in workbench.view.debug
2023-03-31 15:25:53.644 [info] Added views:workbench.debug.welcome in workbench.view.debug
2023-03-31 15:25:53.766 [info] Added views:workbench.panel.repl.view in workbench.panel.repl
2023-03-31 15:25:55.458 [info] Added views:workbench.view.testing in workbench.view.extension.test
2023-03-31 15:25:58.905 [info] Removed views:gitlens.views.contributors from workbench.view.extension.gitlens
2023-03-31 15:25:58.905 [info] Removed views:gitlens.views.searchAndCompare,gitlens.views.tags,gitlens.views.stashes,gitlens.views.remotes,gitlens.views.branches,gitlens.views.fileHistory,gitlens.views.commitDetails,gitlens.views.commits from workbench.view.scm
2023-03-31 15:26:05.694 [info] Added views:jupyterViewVariables in workbench.view.extension.jupyter-variables
2023-03-31 15:43:43.586 [info] Removed views:jupyterViewVariables from workbench.view.extension.jupyter-variables
2023-03-31 15:50:01.062 [info] Added views:jupyterViewVariables in workbench.view.extension.jupyter-variables
2023-03-31 15:58:59.032 [info] Removed views:jupyterViewVariables from workbench.view.extension.jupyter-variables
2023-03-31 15:59:07.373 [info] Added views:jupyterViewVariables in workbench.view.extension.jupyter-variables
2023-03-31 16:00:07.973 [info] Removed views:jupyterViewVariables from workbench.view.extension.jupyter-variables
2023-03-31 16:00:09.539 [info] Added views:jupyterViewVariables in workbench.view.extension.jupyter-variables
2023-03-31 16:01:06.538 [info] Removed views:jupyterViewVariables from workbench.view.extension.jupyter-variables
2023-03-31 16:01:22.121 [info] Added views:jupyterViewVariables in workbench.view.extension.jupyter-variables
2023-03-31 22:09:54.707 [info] Removed views:workbench.view.testing from workbench.view.extension.test
