2023-03-30 17:53:06.929 [info] Extension host with pid 33157 started
2023-03-30 17:53:06.929 [info] Skipping acquiring lock for /home/hadi/.config/Code/User/workspaceStorage/e0f039a488c2d35aaf821c258b7132de.
2023-03-30 17:53:07.218 [info] ExtensionService#_doActivateExtension vscode.emmet, startup: false, activationEvent: 'onLanguage'
2023-03-30 17:53:07.541 [info] ExtensionService#_doActivateExtension vscode.git-base, startup: true, activationEvent: '*', root cause: vscode.git
2023-03-30 17:53:08.076 [info] ExtensionService#_doActivateExtension vscode.git, startup: true, activationEvent: '*'
2023-03-30 17:53:08.447 [info] ExtensionService#_doActivateExtension vscode.github, startup: true, activationEvent: '*'
2023-03-30 17:53:08.568 [info] ExtensionService#_doActivateExtension vscode.github-authentication, startup: false, activationEvent: 'onAuthenticationRequest:github'
2023-03-30 17:53:08.865 [info] Eager extensions activated
2023-03-30 17:53:09.069 [info] ExtensionService#_doActivateExtension vscode.debug-auto-launch, startup: false, activationEvent: 'onStartupFinished'
2023-03-30 17:53:09.281 [info] ExtensionService#_doActivateExtension vscode.merge-conflict, startup: false, activationEvent: 'onStartupFinished'
2023-03-30 17:53:09.510 [info] ExtensionService#_doActivateExtension eamodio.gitlens, startup: false, activationEvent: 'onStartupFinished'
2023-03-30 17:53:09.745 [info] ExtensionService#_doActivateExtension vscode.npm, startup: false, activationEvent: 'onStartupFinished', root cause: esbenp.prettier-vscode
2023-03-30 17:53:11.394 [info] ExtensionService#_doActivateExtension vscode.microsoft-authentication, startup: false, activationEvent: 'onAuthenticationRequest:microsoft'
2023-03-30 17:53:11.797 [info] ExtensionService#_doActivateExtension esbenp.prettier-vscode, startup: false, activationEvent: 'onStartupFinished'
2023-03-30 17:53:16.203 [info] ExtensionService#_doActivateExtension vscode.configuration-editing, startup: false, activationEvent: 'onLanguage:jsonc'
2023-03-30 17:53:16.273 [info] ExtensionService#_doActivateExtension vscode.json-language-features, startup: false, activationEvent: 'onLanguage:jsonc'
2023-03-30 17:53:16.460 [info] ExtensionService#_doActivateExtension vscode.typescript-language-features, startup: false, activationEvent: 'onLanguage:jsonc'
2023-03-30 18:06:54.724 [info] ExtensionService#_doActivateExtension ms-python.python, startup: false, activationEvent: 'onCommand:python.createNewFile'
2023-03-30 18:06:55.127 [info] ExtensionService#_doActivateExtension ms-python.isort, startup: false, activationEvent: 'onLanguage:python'
2023-03-30 18:06:55.183 [info] ExtensionService#_doActivateExtension ms-python.vscode-pylance, startup: false, activationEvent: 'onLanguage:python'
2023-03-30 18:06:55.825 [info] ExtensionService#_doActivateExtension ms-toolsai.jupyter, startup: false, activationEvent: 'onLanguage:python'
2023-03-30 18:06:56.786 [info] ExtensionService#_doActivateExtension ms-toolsai.jupyter-renderers, startup: false, activationEvent: 'api', root cause: ms-toolsai.jupyter
2023-03-30 18:45:05.897 [info] ExtensionService#_doActivateExtension vscode.extension-editing, startup: false, activationEvent: 'onLanguage:markdown'
2023-03-30 18:45:06.065 [info] ExtensionService#_doActivateExtension vscode.markdown-language-features, startup: false, activationEvent: 'onLanguage:markdown'
2023-03-31 01:02:03.972 [info] Extension host terminating: renderer closed the MessagePort
2023-03-31 01:02:06.693 [error] Canceled: Canceled
	at new l (/snap/code/122/usr/share/code/resources/app/out/vs/workbench/api/node/extensionHostProcess.js:96:88793)
	at a.O (/snap/code/122/usr/share/code/resources/app/out/vs/workbench/api/node/extensionHostProcess.js:106:11260)
	at V.<computed>.Q.charCodeAt.V.<computed> (/snap/code/122/usr/share/code/resources/app/out/vs/workbench/api/node/extensionHostProcess.js:106:8550)
	at c.g (/snap/code/122/usr/share/code/resources/app/out/vs/workbench/api/node/extensionHostProcess.js:96:108198)
	at c.executeCommand (/snap/code/122/usr/share/code/resources/app/out/vs/workbench/api/node/extensionHostProcess.js:96:107574)
	at N.registerCommand.description (/snap/code/122/usr/share/code/resources/app/out/vs/workbench/api/node/extensionHostProcess.js:96:106867)
	at c.h (/snap/code/122/usr/share/code/resources/app/out/vs/workbench/api/node/extensionHostProcess.js:96:108784)
	at c.g (/snap/code/122/usr/share/code/resources/app/out/vs/workbench/api/node/extensionHostProcess.js:96:107674)
	at c.executeCommand (/snap/code/122/usr/share/code/resources/app/out/vs/workbench/api/node/extensionHostProcess.js:96:107574)
	at Object.executeCommand (/snap/code/122/usr/share/code/resources/app/out/vs/workbench/api/node/extensionHostProcess.js:117:30781)
	at c (/home/hadi/.vscode/extensions/eamodio.gitlens-13.4.0/dist/gitlens.js:1:988555)
	at ActionRunners._updateContextKeys (/home/hadi/.vscode/extensions/eamodio.gitlens-13.4.0/dist/gitlens.js:1:7346)
	at r (/home/hadi/.vscode/extensions/eamodio.gitlens-13.4.0/dist/gitlens.js:1:5765)
	at RegisteredActionRunner.unregister (/home/hadi/.vscode/extensions/eamodio.gitlens-13.4.0/dist/gitlens.js:1:5909)
	at RegisteredActionRunner.dispose (/home/hadi/.vscode/extensions/eamodio.gitlens-13.4.0/dist/gitlens.js:1:4574)
	at ActionRunners.dispose (/home/hadi/.vscode/extensions/eamodio.gitlens-13.4.0/dist/gitlens.js:1:5351)
	at k (/snap/code/122/usr/share/code/resources/app/out/vs/workbench/api/node/extensionHostProcess.js:10:12074)
	at f.X (/snap/code/122/usr/share/code/resources/app/out/vs/workbench/api/node/extensionHostProcess.js:108:11284)
	at /snap/code/122/usr/share/code/resources/app/out/vs/workbench/api/node/extensionHostProcess.js:108:9088
	at Array.map (<anonymous>)
	at f.Q (/snap/code/122/usr/share/code/resources/app/out/vs/workbench/api/node/extensionHostProcess.js:108:9075)
	at f.terminate (/snap/code/122/usr/share/code/resources/app/out/vs/workbench/api/node/extensionHostProcess.js:108:9347)
	at u.terminate (/snap/code/122/usr/share/code/resources/app/out/vs/workbench/api/node/extensionHostProcess.js:112:1397)
	at p (/snap/code/122/usr/share/code/resources/app/out/vs/workbench/api/node/extensionHostProcess.js:122:18592)
	at MessagePortMain.<anonymous> (/snap/code/122/usr/share/code/resources/app/out/vs/workbench/api/node/extensionHostProcess.js:122:14731)
	at MessagePortMain.emit (node:events:526:28)
	at MessagePortMain._internalPort.emit (node:electron/js2c/utility_init:5:364) setContext undefined
2023-03-31 01:02:06.694 [error] Canceled: Canceled
	at new l (/snap/code/122/usr/share/code/resources/app/out/vs/workbench/api/node/extensionHostProcess.js:96:88793)
	at a.O (/snap/code/122/usr/share/code/resources/app/out/vs/workbench/api/node/extensionHostProcess.js:106:11260)
	at V.<computed>.Q.charCodeAt.V.<computed> (/snap/code/122/usr/share/code/resources/app/out/vs/workbench/api/node/extensionHostProcess.js:106:8550)
	at c.g (/snap/code/122/usr/share/code/resources/app/out/vs/workbench/api/node/extensionHostProcess.js:96:108198)
	at c.executeCommand (/snap/code/122/usr/share/code/resources/app/out/vs/workbench/api/node/extensionHostProcess.js:96:107574)
	at N.registerCommand.description (/snap/code/122/usr/share/code/resources/app/out/vs/workbench/api/node/extensionHostProcess.js:96:106867)
	at c.h (/snap/code/122/usr/share/code/resources/app/out/vs/workbench/api/node/extensionHostProcess.js:96:108784)
	at c.g (/snap/code/122/usr/share/code/resources/app/out/vs/workbench/api/node/extensionHostProcess.js:96:107674)
	at c.executeCommand (/snap/code/122/usr/share/code/resources/app/out/vs/workbench/api/node/extensionHostProcess.js:96:107574)
	at Object.executeCommand (/snap/code/122/usr/share/code/resources/app/out/vs/workbench/api/node/extensionHostProcess.js:117:30781)
	at c (/home/hadi/.vscode/extensions/eamodio.gitlens-13.4.0/dist/gitlens.js:1:988555)
	at ActionRunners._updateContextKeys (/home/hadi/.vscode/extensions/eamodio.gitlens-13.4.0/dist/gitlens.js:1:7346)
	at r (/home/hadi/.vscode/extensions/eamodio.gitlens-13.4.0/dist/gitlens.js:1:5765)
	at RegisteredActionRunner.unregister (/home/hadi/.vscode/extensions/eamodio.gitlens-13.4.0/dist/gitlens.js:1:5909)
	at RegisteredActionRunner.dispose (/home/hadi/.vscode/extensions/eamodio.gitlens-13.4.0/dist/gitlens.js:1:4574)
	at ActionRunners.dispose (/home/hadi/.vscode/extensions/eamodio.gitlens-13.4.0/dist/gitlens.js:1:5351)
	at k (/snap/code/122/usr/share/code/resources/app/out/vs/workbench/api/node/extensionHostProcess.js:10:12074)
	at f.X (/snap/code/122/usr/share/code/resources/app/out/vs/workbench/api/node/extensionHostProcess.js:108:11284)
	at /snap/code/122/usr/share/code/resources/app/out/vs/workbench/api/node/extensionHostProcess.js:108:9088
	at Array.map (<anonymous>)
	at f.Q (/snap/code/122/usr/share/code/resources/app/out/vs/workbench/api/node/extensionHostProcess.js:108:9075)
	at f.terminate (/snap/code/122/usr/share/code/resources/app/out/vs/workbench/api/node/extensionHostProcess.js:108:9347)
	at u.terminate (/snap/code/122/usr/share/code/resources/app/out/vs/workbench/api/node/extensionHostProcess.js:112:1397)
	at p (/snap/code/122/usr/share/code/resources/app/out/vs/workbench/api/node/extensionHostProcess.js:122:18592)
	at MessagePortMain.<anonymous> (/snap/code/122/usr/share/code/resources/app/out/vs/workbench/api/node/extensionHostProcess.js:122:14731)
	at MessagePortMain.emit (node:events:526:28)
	at MessagePortMain._internalPort.emit (node:electron/js2c/utility_init:5:364) setContext undefined
2023-03-31 01:02:06.695 [error] Canceled: Canceled
	at new l (/snap/code/122/usr/share/code/resources/app/out/vs/workbench/api/node/extensionHostProcess.js:96:88793)
	at a.O (/snap/code/122/usr/share/code/resources/app/out/vs/workbench/api/node/extensionHostProcess.js:106:11260)
	at V.<computed>.Q.charCodeAt.V.<computed> (/snap/code/122/usr/share/code/resources/app/out/vs/workbench/api/node/extensionHostProcess.js:106:8550)
	at c.g (/snap/code/122/usr/share/code/resources/app/out/vs/workbench/api/node/extensionHostProcess.js:96:108198)
	at c.executeCommand (/snap/code/122/usr/share/code/resources/app/out/vs/workbench/api/node/extensionHostProcess.js:96:107574)
	at N.registerCommand.description (/snap/code/122/usr/share/code/resources/app/out/vs/workbench/api/node/extensionHostProcess.js:96:106867)
	at c.h (/snap/code/122/usr/share/code/resources/app/out/vs/workbench/api/node/extensionHostProcess.js:96:108784)
	at c.g (/snap/code/122/usr/share/code/resources/app/out/vs/workbench/api/node/extensionHostProcess.js:96:107674)
	at c.executeCommand (/snap/code/122/usr/share/code/resources/app/out/vs/workbench/api/node/extensionHostProcess.js:96:107574)
	at Object.executeCommand (/snap/code/122/usr/share/code/resources/app/out/vs/workbench/api/node/extensionHostProcess.js:117:30781)
	at c (/home/hadi/.vscode/extensions/eamodio.gitlens-13.4.0/dist/gitlens.js:1:988555)
	at ActionRunners._updateContextKeys (/home/hadi/.vscode/extensions/eamodio.gitlens-13.4.0/dist/gitlens.js:1:7346)
	at r (/home/hadi/.vscode/extensions/eamodio.gitlens-13.4.0/dist/gitlens.js:1:5765)
	at RegisteredActionRunner.unregister (/home/hadi/.vscode/extensions/eamodio.gitlens-13.4.0/dist/gitlens.js:1:5909)
	at RegisteredActionRunner.dispose (/home/hadi/.vscode/extensions/eamodio.gitlens-13.4.0/dist/gitlens.js:1:4574)
	at ActionRunners.dispose (/home/hadi/.vscode/extensions/eamodio.gitlens-13.4.0/dist/gitlens.js:1:5351)
	at k (/snap/code/122/usr/share/code/resources/app/out/vs/workbench/api/node/extensionHostProcess.js:10:12074)
	at f.X (/snap/code/122/usr/share/code/resources/app/out/vs/workbench/api/node/extensionHostProcess.js:108:11284)
	at /snap/code/122/usr/share/code/resources/app/out/vs/workbench/api/node/extensionHostProcess.js:108:9088
	at Array.map (<anonymous>)
	at f.Q (/snap/code/122/usr/share/code/resources/app/out/vs/workbench/api/node/extensionHostProcess.js:108:9075)
	at f.terminate (/snap/code/122/usr/share/code/resources/app/out/vs/workbench/api/node/extensionHostProcess.js:108:9347)
	at u.terminate (/snap/code/122/usr/share/code/resources/app/out/vs/workbench/api/node/extensionHostProcess.js:112:1397)
	at p (/snap/code/122/usr/share/code/resources/app/out/vs/workbench/api/node/extensionHostProcess.js:122:18592)
	at MessagePortMain.<anonymous> (/snap/code/122/usr/share/code/resources/app/out/vs/workbench/api/node/extensionHostProcess.js:122:14731)
	at MessagePortMain.emit (node:events:526:28)
	at MessagePortMain._internalPort.emit (node:electron/js2c/utility_init:5:364) setContext undefined
2023-03-31 01:02:06.697 [error] Canceled: Canceled
	at new l (/snap/code/122/usr/share/code/resources/app/out/vs/workbench/api/node/extensionHostProcess.js:96:88793)
	at a.O (/snap/code/122/usr/share/code/resources/app/out/vs/workbench/api/node/extensionHostProcess.js:106:11260)
	at V.<computed>.Q.charCodeAt.V.<computed> (/snap/code/122/usr/share/code/resources/app/out/vs/workbench/api/node/extensionHostProcess.js:106:8550)
	at c.g (/snap/code/122/usr/share/code/resources/app/out/vs/workbench/api/node/extensionHostProcess.js:96:108198)
	at c.executeCommand (/snap/code/122/usr/share/code/resources/app/out/vs/workbench/api/node/extensionHostProcess.js:96:107574)
	at N.registerCommand.description (/snap/code/122/usr/share/code/resources/app/out/vs/workbench/api/node/extensionHostProcess.js:96:106867)
	at c.h (/snap/code/122/usr/share/code/resources/app/out/vs/workbench/api/node/extensionHostProcess.js:96:108784)
	at c.g (/snap/code/122/usr/share/code/resources/app/out/vs/workbench/api/node/extensionHostProcess.js:96:107674)
	at c.executeCommand (/snap/code/122/usr/share/code/resources/app/out/vs/workbench/api/node/extensionHostProcess.js:96:107574)
	at Object.executeCommand (/snap/code/122/usr/share/code/resources/app/out/vs/workbench/api/node/extensionHostProcess.js:117:30781)
	at c (/home/hadi/.vscode/extensions/eamodio.gitlens-13.4.0/dist/gitlens.js:1:988555)
	at ActionRunners._updateContextKeys (/home/hadi/.vscode/extensions/eamodio.gitlens-13.4.0/dist/gitlens.js:1:7346)
	at r (/home/hadi/.vscode/extensions/eamodio.gitlens-13.4.0/dist/gitlens.js:1:5765)
	at RegisteredActionRunner.unregister (/home/hadi/.vscode/extensions/eamodio.gitlens-13.4.0/dist/gitlens.js:1:5909)
	at RegisteredActionRunner.dispose (/home/hadi/.vscode/extensions/eamodio.gitlens-13.4.0/dist/gitlens.js:1:4574)
	at Object.dispose (/home/hadi/.vscode/extensions/eamodio.gitlens-13.4.0/dist/gitlens.js:1:6006)
	at k (/snap/code/122/usr/share/code/resources/app/out/vs/workbench/api/node/extensionHostProcess.js:10:12074)
	at f.X (/snap/code/122/usr/share/code/resources/app/out/vs/workbench/api/node/extensionHostProcess.js:108:11284)
	at /snap/code/122/usr/share/code/resources/app/out/vs/workbench/api/node/extensionHostProcess.js:108:9088
	at Array.map (<anonymous>)
	at f.Q (/snap/code/122/usr/share/code/resources/app/out/vs/workbench/api/node/extensionHostProcess.js:108:9075)
	at f.terminate (/snap/code/122/usr/share/code/resources/app/out/vs/workbench/api/node/extensionHostProcess.js:108:9347)
	at u.terminate (/snap/code/122/usr/share/code/resources/app/out/vs/workbench/api/node/extensionHostProcess.js:112:1397)
	at p (/snap/code/122/usr/share/code/resources/app/out/vs/workbench/api/node/extensionHostProcess.js:122:18592)
	at MessagePortMain.<anonymous> (/snap/code/122/usr/share/code/resources/app/out/vs/workbench/api/node/extensionHostProcess.js:122:14731)
	at MessagePortMain.emit (node:events:526:28)
	at MessagePortMain._internalPort.emit (node:electron/js2c/utility_init:5:364) setContext undefined
2023-03-31 01:02:06.698 [error] Canceled: Canceled
	at new l (/snap/code/122/usr/share/code/resources/app/out/vs/workbench/api/node/extensionHostProcess.js:96:88793)
	at a.O (/snap/code/122/usr/share/code/resources/app/out/vs/workbench/api/node/extensionHostProcess.js:106:11260)
	at V.<computed>.Q.charCodeAt.V.<computed> (/snap/code/122/usr/share/code/resources/app/out/vs/workbench/api/node/extensionHostProcess.js:106:8550)
	at c.g (/snap/code/122/usr/share/code/resources/app/out/vs/workbench/api/node/extensionHostProcess.js:96:108198)
	at c.executeCommand (/snap/code/122/usr/share/code/resources/app/out/vs/workbench/api/node/extensionHostProcess.js:96:107574)
	at N.registerCommand.description (/snap/code/122/usr/share/code/resources/app/out/vs/workbench/api/node/extensionHostProcess.js:96:106867)
	at c.h (/snap/code/122/usr/share/code/resources/app/out/vs/workbench/api/node/extensionHostProcess.js:96:108784)
	at c.g (/snap/code/122/usr/share/code/resources/app/out/vs/workbench/api/node/extensionHostProcess.js:96:107674)
	at c.executeCommand (/snap/code/122/usr/share/code/resources/app/out/vs/workbench/api/node/extensionHostProcess.js:96:107574)
	at Object.executeCommand (/snap/code/122/usr/share/code/resources/app/out/vs/workbench/api/node/extensionHostProcess.js:117:30781)
	at c (/home/hadi/.vscode/extensions/eamodio.gitlens-13.4.0/dist/gitlens.js:1:988555)
	at ActionRunners._updateContextKeys (/home/hadi/.vscode/extensions/eamodio.gitlens-13.4.0/dist/gitlens.js:1:7346)
	at r (/home/hadi/.vscode/extensions/eamodio.gitlens-13.4.0/dist/gitlens.js:1:5765)
	at RegisteredActionRunner.unregister (/home/hadi/.vscode/extensions/eamodio.gitlens-13.4.0/dist/gitlens.js:1:5909)
	at RegisteredActionRunner.dispose (/home/hadi/.vscode/extensions/eamodio.gitlens-13.4.0/dist/gitlens.js:1:4574)
	at Object.dispose (/home/hadi/.vscode/extensions/eamodio.gitlens-13.4.0/dist/gitlens.js:1:6006)
	at k (/snap/code/122/usr/share/code/resources/app/out/vs/workbench/api/node/extensionHostProcess.js:10:12074)
	at f.X (/snap/code/122/usr/share/code/resources/app/out/vs/workbench/api/node/extensionHostProcess.js:108:11284)
	at /snap/code/122/usr/share/code/resources/app/out/vs/workbench/api/node/extensionHostProcess.js:108:9088
	at Array.map (<anonymous>)
	at f.Q (/snap/code/122/usr/share/code/resources/app/out/vs/workbench/api/node/extensionHostProcess.js:108:9075)
	at f.terminate (/snap/code/122/usr/share/code/resources/app/out/vs/workbench/api/node/extensionHostProcess.js:108:9347)
	at u.terminate (/snap/code/122/usr/share/code/resources/app/out/vs/workbench/api/node/extensionHostProcess.js:112:1397)
	at p (/snap/code/122/usr/share/code/resources/app/out/vs/workbench/api/node/extensionHostProcess.js:122:18592)
	at MessagePortMain.<anonymous> (/snap/code/122/usr/share/code/resources/app/out/vs/workbench/api/node/extensionHostProcess.js:122:14731)
	at MessagePortMain.emit (node:events:526:28)
	at MessagePortMain._internalPort.emit (node:electron/js2c/utility_init:5:364) setContext undefined
2023-03-31 01:02:06.699 [error] Canceled: Canceled
	at new l (/snap/code/122/usr/share/code/resources/app/out/vs/workbench/api/node/extensionHostProcess.js:96:88793)
	at a.O (/snap/code/122/usr/share/code/resources/app/out/vs/workbench/api/node/extensionHostProcess.js:106:11260)
	at V.<computed>.Q.charCodeAt.V.<computed> (/snap/code/122/usr/share/code/resources/app/out/vs/workbench/api/node/extensionHostProcess.js:106:8550)
	at c.g (/snap/code/122/usr/share/code/resources/app/out/vs/workbench/api/node/extensionHostProcess.js:96:108198)
	at c.executeCommand (/snap/code/122/usr/share/code/resources/app/out/vs/workbench/api/node/extensionHostProcess.js:96:107574)
	at N.registerCommand.description (/snap/code/122/usr/share/code/resources/app/out/vs/workbench/api/node/extensionHostProcess.js:96:106867)
	at c.h (/snap/code/122/usr/share/code/resources/app/out/vs/workbench/api/node/extensionHostProcess.js:96:108784)
	at c.g (/snap/code/122/usr/share/code/resources/app/out/vs/workbench/api/node/extensionHostProcess.js:96:107674)
	at c.executeCommand (/snap/code/122/usr/share/code/resources/app/out/vs/workbench/api/node/extensionHostProcess.js:96:107574)
	at Object.executeCommand (/snap/code/122/usr/share/code/resources/app/out/vs/workbench/api/node/extensionHostProcess.js:117:30781)
	at c (/home/hadi/.vscode/extensions/eamodio.gitlens-13.4.0/dist/gitlens.js:1:988555)
	at ActionRunners._updateContextKeys (/home/hadi/.vscode/extensions/eamodio.gitlens-13.4.0/dist/gitlens.js:1:7346)
	at r (/home/hadi/.vscode/extensions/eamodio.gitlens-13.4.0/dist/gitlens.js:1:5765)
	at RegisteredActionRunner.unregister (/home/hadi/.vscode/extensions/eamodio.gitlens-13.4.0/dist/gitlens.js:1:5909)
	at RegisteredActionRunner.dispose (/home/hadi/.vscode/extensions/eamodio.gitlens-13.4.0/dist/gitlens.js:1:4574)
	at Object.dispose (/home/hadi/.vscode/extensions/eamodio.gitlens-13.4.0/dist/gitlens.js:1:6006)
	at k (/snap/code/122/usr/share/code/resources/app/out/vs/workbench/api/node/extensionHostProcess.js:10:12074)
	at f.X (/snap/code/122/usr/share/code/resources/app/out/vs/workbench/api/node/extensionHostProcess.js:108:11284)
	at /snap/code/122/usr/share/code/resources/app/out/vs/workbench/api/node/extensionHostProcess.js:108:9088
	at Array.map (<anonymous>)
	at f.Q (/snap/code/122/usr/share/code/resources/app/out/vs/workbench/api/node/extensionHostProcess.js:108:9075)
	at f.terminate (/snap/code/122/usr/share/code/resources/app/out/vs/workbench/api/node/extensionHostProcess.js:108:9347)
	at u.terminate (/snap/code/122/usr/share/code/resources/app/out/vs/workbench/api/node/extensionHostProcess.js:112:1397)
	at p (/snap/code/122/usr/share/code/resources/app/out/vs/workbench/api/node/extensionHostProcess.js:122:18592)
	at MessagePortMain.<anonymous> (/snap/code/122/usr/share/code/resources/app/out/vs/workbench/api/node/extensionHostProcess.js:122:14731)
	at MessagePortMain.emit (node:events:526:28)
	at MessagePortMain._internalPort.emit (node:electron/js2c/utility_init:5:364) setContext undefined
2023-03-31 01:02:06.763 [error] Canceled: Canceled
	at new l (/snap/code/122/usr/share/code/resources/app/out/vs/workbench/api/node/extensionHostProcess.js:96:88793)
	at a.O (/snap/code/122/usr/share/code/resources/app/out/vs/workbench/api/node/extensionHostProcess.js:106:11260)
	at V.<computed>.Q.charCodeAt.V.<computed> (/snap/code/122/usr/share/code/resources/app/out/vs/workbench/api/node/extensionHostProcess.js:106:8550)
	at c.g (/snap/code/122/usr/share/code/resources/app/out/vs/workbench/api/node/extensionHostProcess.js:96:108198)
	at c.executeCommand (/snap/code/122/usr/share/code/resources/app/out/vs/workbench/api/node/extensionHostProcess.js:96:107574)
	at N.registerCommand.description (/snap/code/122/usr/share/code/resources/app/out/vs/workbench/api/node/extensionHostProcess.js:96:106867)
	at c.h (/snap/code/122/usr/share/code/resources/app/out/vs/workbench/api/node/extensionHostProcess.js:96:108784)
	at c.g (/snap/code/122/usr/share/code/resources/app/out/vs/workbench/api/node/extensionHostProcess.js:96:107674)
	at c.executeCommand (/snap/code/122/usr/share/code/resources/app/out/vs/workbench/api/node/extensionHostProcess.js:96:107574)
	at Object.executeCommand (/snap/code/122/usr/share/code/resources/app/out/vs/workbench/api/node/extensionHostProcess.js:117:30781)
	at gd.executeCommand (/home/hadi/.vscode/extensions/ms-toolsai.jupyter-2023.2.1200692131/out/extension.node.js:17:9347)
	at Ly.set (/home/hadi/.vscode/extensions/ms-toolsai.jupyter-2023.2.1200692131/out/extension.node.js:24:91055)
	at t_.updateContextOfActiveInteractiveWindowKernel (/home/hadi/.vscode/extensions/ms-toolsai.jupyter-2023.2.1200692131/out/extension.node.js:24:432918)
	at t_.onDidKernelStatusChange (/home/hadi/.vscode/extensions/ms-toolsai.jupyter-2023.2.1200692131/out/extension.node.js:24:433126)
	at f.invoke (/snap/code/122/usr/share/code/resources/app/out/vs/workbench/api/node/extensionHostProcess.js:63:145)
	at m.deliver (/snap/code/122/usr/share/code/resources/app/out/vs/workbench/api/node/extensionHostProcess.js:63:2066)
	at d.fire (/snap/code/122/usr/share/code/resources/app/out/vs/workbench/api/node/extensionHostProcess.js:63:1704)
	at Bg.<anonymous> (/home/hadi/.vscode/extensions/ms-toolsai.jupyter-2023.2.1200692131/out/extension.node.js:24:35298)
	at f.invoke (/snap/code/122/usr/share/code/resources/app/out/vs/workbench/api/node/extensionHostProcess.js:63:145)
	at m.deliver (/snap/code/122/usr/share/code/resources/app/out/vs/workbench/api/node/extensionHostProcess.js:63:2066)
	at d.fire (/snap/code/122/usr/share/code/resources/app/out/vs/workbench/api/node/extensionHostProcess.js:63:1704)
	at /home/hadi/.vscode/extensions/ms-toolsai.jupyter-2023.2.1200692131/out/extension.node.js:17:292855
	at xg.dispose (/home/hadi/.vscode/extensions/ms-toolsai.jupyter-2023.2.1200692131/out/extension.node.js:17:292957)
	at /home/hadi/.vscode/extensions/ms-toolsai.jupyter-2023.2.1200692131/out/extension.node.js:2:1761981
	at Array.map (<anonymous>)
	at Tc.dispose (/home/hadi/.vscode/extensions/ms-toolsai.jupyter-2023.2.1200692131/out/extension.node.js:2:1761971)
	at Module.zE (/home/hadi/.vscode/extensions/ms-toolsai.jupyter-2023.2.1200692131/out/extension.node.js:24:561778)
	at f.X (/snap/code/122/usr/share/code/resources/app/out/vs/workbench/api/node/extensionHostProcess.js:108:11085)
	at /snap/code/122/usr/share/code/resources/app/out/vs/workbench/api/node/extensionHostProcess.js:108:9088
	at Array.map (<anonymous>)
	at f.Q (/snap/code/122/usr/share/code/resources/app/out/vs/workbench/api/node/extensionHostProcess.js:108:9075)
	at f.terminate (/snap/code/122/usr/share/code/resources/app/out/vs/workbench/api/node/extensionHostProcess.js:108:9347)
	at u.terminate (/snap/code/122/usr/share/code/resources/app/out/vs/workbench/api/node/extensionHostProcess.js:112:1397)
	at p (/snap/code/122/usr/share/code/resources/app/out/vs/workbench/api/node/extensionHostProcess.js:122:18592)
	at MessagePortMain.<anonymous> (/snap/code/122/usr/share/code/resources/app/out/vs/workbench/api/node/extensionHostProcess.js:122:14731)
	at MessagePortMain.emit (node:events:526:28)
	at MessagePortMain._internalPort.emit (node:electron/js2c/utility_init:5:364) setContext undefined
2023-03-31 01:02:07.384 [info] Extension host with pid 33157 exiting with code 0
