[Info  - 3:10:58 PM] (13934) Pylance language server 2023.3.40 (pyright 04471971) starting
[Info  - 3:10:58 PM] (13934) Server root directory: /home/hadi/.vscode/extensions/ms-python.vscode-pylance-2023.3.40/dist
[Info  - 3:10:59 PM] (13934) Starting service instance "Desktop"
[Info  - 3:10:59 PM] (13934) Auto-indent enabled
[Info  - 3:11:00 PM] (13934) Background analysis(1) root directory: /home/hadi/.vscode/extensions/ms-python.vscode-pylance-2023.3.40/dist
[Info  - 3:11:00 PM] (13934) Background analysis(1) started
[Info  - 3:11:00 PM] (13934) No configuration file found.
[Info  - 3:11:00 PM] (13934) No pyproject.toml file found.
[Info  - 3:11:00 PM] (13934) Setting pythonPath for service "Desktop": "/bin/python3"
[Warn  - 3:11:00 PM] (13934) stubPath /home/hadi/Desktop/typings is not a valid directory.
[Info  - 3:11:00 PM] (13934) Assuming Python version 3.10
[Info  - 3:11:00 PM] (13934) Assuming Python platform Linux
[Info  - 3:11:05 PM] (13934) Searching for source files
[Info  - 3:11:05 PM] (13934) No source files found.
[Info  - 3:11:06 PM] (13934) Indexer background runner(2) root directory: /home/hadi/.vscode/extensions/ms-python.vscode-pylance-2023.3.40/dist (index)
[Info  - 3:11:06 PM] (13934) Indexing(2) started
[Info  - 3:11:13 PM] (13934) [BG(1)] Long operation: getSemanticTokens full at Untitled-2 (7612ms)
[Info  - 3:11:14 PM] (13934) [IDX(2)] Long operation: scan packages /home/hadi/Desktop (7797ms)
[Info  - 3:11:14 PM] (13934) scanned(2) 162 files over 1 exec env
[Info  - 3:11:20 PM] (13934) [IDX(2)] Long operation: index execution environment /home/hadi/Desktop (5717ms)
[Info  - 3:11:20 PM] (13934) [IDX(2)] Long operation: index packages /home/hadi/Desktop (5731ms)
[Info  - 3:11:20 PM] (13934) indexed(2) 96 files over 1 exec env
[Info  - 3:11:20 PM] (13934) Indexing finished(2).
