[Info  - 12:37:34 AM] (3870) Pylance language server 2023.3.30 (pyright 68a8e98a) starting
[Info  - 12:37:34 AM] (3870) Server root directory: /home/hadi/.vscode/extensions/ms-python.vscode-pylance-2023.3.30/dist
[Info  - 12:37:34 AM] (3870) Starting service instance "Desktop"
[Info  - 12:37:34 AM] (3870) Auto-indent enabled
[Info  - 12:37:34 AM] (3870) Background analysis(1) root directory: /home/hadi/.vscode/extensions/ms-python.vscode-pylance-2023.3.30/dist
[Info  - 12:37:34 AM] (3870) Background analysis(1) started
[Info  - 12:37:34 AM] (3870) No configuration file found.
[Info  - 12:37:34 AM] (3870) No pyproject.toml file found.
[Info  - 12:37:34 AM] (3870) Setting pythonPath for service "Desktop": "/bin/python3"
[Warn  - 12:37:34 AM] (3870) stubPath /home/hadi/Desktop/typings is not a valid directory.
[Info  - 12:37:34 AM] (3870) Assuming Python version 3.10
[Info  - 12:37:34 AM] (3870) Assuming Python platform Linux
[Info  - 12:37:36 AM] (3870) Searching for source files
[Info  - 12:37:36 AM] (3870) Found 3 source files
[Info  - 12:37:37 AM] (3870) Indexer background runner(2) root directory: /home/hadi/.vscode/extensions/ms-python.vscode-pylance-2023.3.30/dist (index)
[Info  - 12:37:37 AM] (3870) Indexing(2) started
[Info  - 12:37:42 AM] (3870) [BG(1)] Long operation: getSemanticTokens full at /home/hadi/Desktop/earthquake_proj/data_modifier.py (4625ms)
[Info  - 12:37:42 AM] (3870) [IDX(2)] Long operation: scan packages /home/hadi/Desktop (4715ms)
[Info  - 12:37:42 AM] (3870) scanned(2) 161 files over 1 exec env
[Info  - 12:37:49 AM] (3870) [IDX(2)] Long operation: index execution environment /home/hadi/Desktop (6303ms)
[Info  - 12:37:49 AM] (3870) [IDX(2)] Long operation: index packages /home/hadi/Desktop (7258ms)
[Info  - 12:37:49 AM] (3870) indexed(2) 95 files over 1 exec env
[Info  - 12:37:49 AM] (3870) Indexing finished(2).
