2023-04-02 22:01:17.681 [info] Added views:workbench.panel.markers.view in workbench.panel.markers
2023-04-02 22:01:17.681 [info] Added views:workbench.panel.output in workbench.panel.output
2023-04-02 22:01:17.682 [info] Added views:terminal in terminal
2023-04-02 22:01:17.682 [info] Added views:outline in workbench.view.explorer
2023-04-02 22:01:17.682 [info] Added views:workbench.scm in workbench.view.scm
2023-04-02 22:01:17.682 [info] Added views:workbench.view.search in workbench.view.search
2023-04-02 22:01:17.682 [info] Added views:timeline in workbench.view.explorer
2023-04-02 22:01:17.682 [info] Added views:workbench.explorer.fileView in workbench.view.explorer
2023-04-02 22:01:17.682 [info] Added views:workbench.explorer.openEditorsView in workbench.view.explorer
2023-04-02 22:01:17.918 [info] Added views:workbench.debug.welcome in workbench.view.debug
2023-04-02 22:01:18.711 [info] Added views:gitlens.views.home,gitlens.views.contributors in workbench.view.extension.gitlens
2023-04-02 22:01:18.713 [info] Added views:gitlens.views.commits,gitlens.views.commitDetails,gitlens.views.fileHistory,gitlens.views.branches,gitlens.views.remotes,gitlens.views.stashes,gitlens.views.tags,gitlens.views.searchAndCompare in workbench.view.scm
2023-04-02 22:01:18.714 [info] Added views:dockerContainers,dockerImages,dockerRegistries,dockerNetworks,dockerVolumes,vscode-docker.views.dockerContexts,vscode-docker.views.help in workbench.view.extension.dockerView
2023-04-02 22:01:18.725 [info] Added views:vscode-serial-monitor.monitor0 in workbench.view.extension.vscode-serial-monitor-tools
2023-04-02 22:01:18.725 [info] Added views:platformio-ide.quickAccess in workbench.view.extension.platformio
2023-04-02 22:01:18.726 [info] Added views:platformio-debug.peripherals,platformio-debug.registers,platformio-debug.memory,platformio-debug.disassembly in workbench.view.debug
2023-04-02 22:01:20.126 [info] Added views:workbench.panel.repl.view in workbench.panel.repl
2023-04-02 22:01:23.403 [info] Added views:workbench.view.testing in workbench.view.extension.test
2023-04-02 22:01:25.354 [info] Removed views:gitlens.views.contributors from workbench.view.extension.gitlens
2023-04-02 22:01:25.355 [info] Removed views:gitlens.views.searchAndCompare,gitlens.views.tags,gitlens.views.stashes,gitlens.views.remotes,gitlens.views.branches,gitlens.views.fileHistory,gitlens.views.commitDetails,gitlens.views.commits from workbench.view.scm
2023-04-02 22:02:08.259 [info] Removed views:workbench.view.testing from workbench.view.extension.test
