2023-03-25 11:01:24.077 [info] Using settings sync service https://vscode-sync.trafficmanager.net/
2023-03-25 11:01:24.077 [info] Auto Sync is enabled.
2023-03-25 11:01:24.077 [info] Auto Sync: Suspended until auth token is available.
2023-03-25 11:01:24.293 [info] Deleting non existing profile from backup /home/hadi/.config/Code/User/sync/extensions
2023-03-25 11:01:24.301 [info] Deleting non existing profile from backup /home/hadi/.config/Code/User/sync/globalState
2023-03-25 11:01:24.307 [info] Deleting non existing profile from backup /home/hadi/.config/Code/User/sync/keybindings
2023-03-25 11:01:24.310 [info] Deleting non existing profile from backup /home/hadi/.config/Code/User/sync/profiles
2023-03-25 11:01:24.318 [info] Deleting non existing profile from backup /home/hadi/.config/Code/User/sync/settings
2023-03-25 11:01:24.325 [info] Deleting non existing profile from backup /home/hadi/.config/Code/User/sync/snippets
2023-03-25 11:01:24.330 [info] Deleting non existing profile from backup /home/hadi/.config/Code/User/sync/tasks
2023-03-25 11:01:34.859 [info] Auto Sync: Triggered by Interval
2023-03-25 11:01:34.860 [info] Sync started.
2023-03-25 11:01:35.896 [info] Settings: Last sync resource does not exist locally.
2023-03-25 11:01:36.328 [info] Settings: No changes found during synchronizing settings.
2023-03-25 11:01:36.334 [info] Keybindings: Last sync resource does not exist locally.
2023-03-25 11:01:36.774 [info] Keybindings: No changes found during synchronizing keybindings.
2023-03-25 11:01:36.777 [info] Snippets: Last sync resource does not exist locally.
2023-03-25 11:01:37.827 [info] Snippets: No changes found during synchronizing snippets.
2023-03-25 11:01:37.840 [info] Tasks: Last sync resource does not exist locally.
2023-03-25 11:01:38.337 [info] Tasks: No changes found during synchronizing tasks.
2023-03-25 11:01:38.353 [info] GlobalState: Last sync resource does not exist locally.
2023-03-25 11:01:38.811 [info] GlobalState: No changes found during synchronizing ui state.
2023-03-25 11:01:38.818 [info] Extensions: Last sync resource does not exist locally.
2023-03-25 11:01:39.512 [info] Extensions: No changes found during synchronizing extensions.
2023-03-25 11:01:39.517 [info] Profiles: Last sync resource does not exist locally.
2023-03-25 11:01:39.832 [info] Profiles: No changes found during synchronizing profiles.
2023-03-25 11:01:39.854 [info] Sync done. Took 4993ms
2023-03-25 11:01:48.151 [info] Auto Sync: Triggered by Activity
2023-03-25 11:01:48.152 [info] Sync started.
2023-03-25 11:01:48.450 [info] Settings: No changes found during synchronizing settings.
2023-03-25 11:01:48.461 [info] Keybindings: No changes found during synchronizing keybindings.
2023-03-25 11:01:48.473 [info] Snippets: No changes found during synchronizing snippets.
2023-03-25 11:01:48.478 [info] Tasks: No changes found during synchronizing tasks.
2023-03-25 11:01:48.492 [info] GlobalState: No changes found during synchronizing ui state.
2023-03-25 11:01:48.688 [info] Extensions: No changes found during synchronizing extensions.
2023-03-25 11:01:48.693 [info] Profiles: No changes found during synchronizing profiles.
2023-03-25 11:01:48.700 [info] Sync done. Took 552ms
2023-03-25 11:06:37.069 [info] Auto Sync: Triggered by Activity
2023-03-25 11:06:37.070 [info] Sync started.
2023-03-25 11:06:37.982 [info] Settings: No changes found during synchronizing settings.
2023-03-25 11:06:38.000 [info] Keybindings: No changes found during synchronizing keybindings.
2023-03-25 11:06:38.014 [info] Snippets: No changes found during synchronizing snippets.
2023-03-25 11:06:38.020 [info] Tasks: No changes found during synchronizing tasks.
2023-03-25 11:06:38.029 [info] GlobalState: No changes found during synchronizing ui state.
2023-03-25 11:06:38.217 [info] Extensions: No changes found during synchronizing extensions.
2023-03-25 11:06:38.220 [info] Profiles: No changes found during synchronizing profiles.
2023-03-25 11:06:38.224 [info] Sync done. Took 1158ms
2023-03-25 11:11:38.246 [info] Auto Sync: Triggered by Interval
2023-03-25 11:11:38.248 [info] Sync started.
2023-03-25 11:11:39.103 [info] Settings: No changes found during synchronizing settings.
2023-03-25 11:11:39.112 [info] Keybindings: No changes found during synchronizing keybindings.
2023-03-25 11:11:39.119 [info] Snippets: No changes found during synchronizing snippets.
2023-03-25 11:11:39.126 [info] Tasks: No changes found during synchronizing tasks.
2023-03-25 11:11:39.136 [info] GlobalState: No changes found during synchronizing ui state.
2023-03-25 11:11:39.394 [info] Extensions: No changes found during synchronizing extensions.
2023-03-25 11:11:39.401 [info] Profiles: No changes found during synchronizing profiles.
2023-03-25 11:11:39.408 [info] Sync done. Took 1163ms
2023-03-25 11:16:39.411 [info] Auto Sync: Triggered by Interval
2023-03-25 11:16:39.412 [info] Sync started.
2023-03-25 11:16:40.359 [info] Settings: No changes found during synchronizing settings.
2023-03-25 11:16:40.383 [info] Keybindings: No changes found during synchronizing keybindings.
2023-03-25 11:16:40.397 [info] Snippets: No changes found during synchronizing snippets.
2023-03-25 11:16:40.404 [info] Tasks: No changes found during synchronizing tasks.
2023-03-25 11:16:40.411 [info] GlobalState: No changes found during synchronizing ui state.
2023-03-25 11:16:40.575 [info] Extensions: No changes found during synchronizing extensions.
2023-03-25 11:16:40.579 [info] Profiles: No changes found during synchronizing profiles.
2023-03-25 11:16:40.582 [info] Sync done. Took 1174ms
2023-03-25 11:21:40.583 [info] Auto Sync: Triggered by Interval
2023-03-25 11:21:40.584 [info] Sync started.
2023-03-25 11:21:41.579 [info] Settings: No changes found during synchronizing settings.
2023-03-25 11:21:41.587 [info] Keybindings: No changes found during synchronizing keybindings.
2023-03-25 11:21:41.594 [info] Snippets: No changes found during synchronizing snippets.
2023-03-25 11:21:41.598 [info] Tasks: No changes found during synchronizing tasks.
2023-03-25 11:21:41.606 [info] GlobalState: No changes found during synchronizing ui state.
2023-03-25 11:21:41.743 [info] Extensions: No changes found during synchronizing extensions.
2023-03-25 11:21:41.746 [info] Profiles: No changes found during synchronizing profiles.
2023-03-25 11:21:41.749 [info] Sync done. Took 1166ms
2023-03-25 11:26:41.751 [info] Auto Sync: Triggered by Interval
2023-03-25 11:26:41.752 [info] Sync started.
2023-03-25 11:26:42.544 [info] Settings: No changes found during synchronizing settings.
2023-03-25 11:26:42.551 [info] Keybindings: No changes found during synchronizing keybindings.
2023-03-25 11:26:42.558 [info] Snippets: No changes found during synchronizing snippets.
2023-03-25 11:26:42.567 [info] Tasks: No changes found during synchronizing tasks.
2023-03-25 11:26:42.576 [info] GlobalState: No changes found during synchronizing ui state.
2023-03-25 11:26:42.759 [info] Extensions: No changes found during synchronizing extensions.
2023-03-25 11:26:42.766 [info] Profiles: No changes found during synchronizing profiles.
2023-03-25 11:26:42.772 [info] Sync done. Took 1022ms
2023-03-25 11:31:42.773 [info] Auto Sync: Triggered by Interval
2023-03-25 11:31:42.774 [info] Sync started.
2023-03-25 11:31:43.746 [info] Settings: No changes found during synchronizing settings.
2023-03-25 11:31:43.757 [info] Keybindings: No changes found during synchronizing keybindings.
2023-03-25 11:31:43.766 [info] Snippets: No changes found during synchronizing snippets.
2023-03-25 11:31:43.772 [info] Tasks: No changes found during synchronizing tasks.
2023-03-25 11:31:43.783 [info] GlobalState: No changes found during synchronizing ui state.
2023-03-25 11:31:43.937 [info] Extensions: No changes found during synchronizing extensions.
2023-03-25 11:31:43.942 [info] Profiles: No changes found during synchronizing profiles.
2023-03-25 11:31:43.946 [info] Sync done. Took 1173ms
2023-03-25 11:36:43.947 [info] Auto Sync: Triggered by Interval
2023-03-25 11:36:43.947 [info] Sync started.
2023-03-25 11:36:44.774 [info] Settings: No changes found during synchronizing settings.
2023-03-25 11:36:44.782 [info] Keybindings: No changes found during synchronizing keybindings.
2023-03-25 11:36:44.791 [info] Snippets: No changes found during synchronizing snippets.
2023-03-25 11:36:44.799 [info] Tasks: No changes found during synchronizing tasks.
2023-03-25 11:36:44.808 [info] GlobalState: No changes found during synchronizing ui state.
2023-03-25 11:36:44.931 [info] Extensions: No changes found during synchronizing extensions.
2023-03-25 11:36:44.934 [info] Profiles: No changes found during synchronizing profiles.
2023-03-25 11:36:44.937 [info] Sync done. Took 990ms
2023-03-25 11:41:44.943 [info] Auto Sync: Triggered by Interval
2023-03-25 11:41:44.945 [info] Sync started.
2023-03-25 11:41:45.868 [info] Settings: No changes found during synchronizing settings.
2023-03-25 11:41:45.874 [info] Keybindings: No changes found during synchronizing keybindings.
2023-03-25 11:41:45.880 [info] Snippets: No changes found during synchronizing snippets.
2023-03-25 11:41:45.889 [info] Tasks: No changes found during synchronizing tasks.
2023-03-25 11:41:45.896 [info] GlobalState: No changes found during synchronizing ui state.
2023-03-25 11:41:46.026 [info] Extensions: No changes found during synchronizing extensions.
2023-03-25 11:41:46.029 [info] Profiles: No changes found during synchronizing profiles.
2023-03-25 11:41:46.033 [info] Sync done. Took 1095ms
2023-03-25 11:46:46.035 [info] Auto Sync: Triggered by Interval
2023-03-25 11:46:46.036 [info] Sync started.
2023-03-25 11:46:46.805 [info] Settings: No changes found during synchronizing settings.
2023-03-25 11:46:46.837 [info] Keybindings: No changes found during synchronizing keybindings.
2023-03-25 11:46:46.848 [info] Snippets: No changes found during synchronizing snippets.
2023-03-25 11:46:46.859 [info] Tasks: No changes found during synchronizing tasks.
2023-03-25 11:46:46.871 [info] GlobalState: No changes found during synchronizing ui state.
2023-03-25 11:46:47.056 [info] Extensions: No changes found during synchronizing extensions.
2023-03-25 11:46:47.062 [info] Profiles: No changes found during synchronizing profiles.
2023-03-25 11:46:47.067 [info] Sync done. Took 1034ms
2023-03-25 11:51:47.068 [info] Auto Sync: Triggered by Interval
2023-03-25 11:51:47.069 [info] Sync started.
2023-03-25 11:51:47.859 [info] Settings: No changes found during synchronizing settings.
2023-03-25 11:51:47.864 [info] Keybindings: No changes found during synchronizing keybindings.
2023-03-25 11:51:47.869 [info] Snippets: No changes found during synchronizing snippets.
2023-03-25 11:51:47.873 [info] Tasks: No changes found during synchronizing tasks.
2023-03-25 11:51:47.880 [info] GlobalState: No changes found during synchronizing ui state.
2023-03-25 11:51:48.002 [info] Extensions: No changes found during synchronizing extensions.
2023-03-25 11:51:48.005 [info] Profiles: No changes found during synchronizing profiles.
2023-03-25 11:51:48.007 [info] Sync done. Took 940ms
2023-03-25 11:56:48.009 [info] Auto Sync: Triggered by Interval
2023-03-25 11:56:48.010 [info] Sync started.
2023-03-25 11:56:48.847 [info] Settings: No changes found during synchronizing settings.
2023-03-25 11:56:48.878 [info] Keybindings: No changes found during synchronizing keybindings.
2023-03-25 11:56:48.907 [info] Snippets: No changes found during synchronizing snippets.
2023-03-25 11:56:48.924 [info] Tasks: No changes found during synchronizing tasks.
2023-03-25 11:56:48.943 [info] GlobalState: No changes found during synchronizing ui state.
2023-03-25 11:56:49.095 [info] Extensions: No changes found during synchronizing extensions.
2023-03-25 11:56:49.098 [info] Profiles: No changes found during synchronizing profiles.
2023-03-25 11:56:49.103 [info] Sync done. Took 1096ms
2023-03-25 12:01:49.104 [info] Auto Sync: Triggered by Interval
2023-03-25 12:01:49.104 [info] Sync started.
2023-03-25 12:01:50.114 [info] Settings: No changes found during synchronizing settings.
2023-03-25 12:01:50.127 [info] Keybindings: No changes found during synchronizing keybindings.
2023-03-25 12:01:50.149 [info] Snippets: No changes found during synchronizing snippets.
2023-03-25 12:01:50.159 [info] Tasks: No changes found during synchronizing tasks.
2023-03-25 12:01:50.183 [info] GlobalState: No changes found during synchronizing ui state.
2023-03-25 12:01:50.362 [info] Extensions: No changes found during synchronizing extensions.
2023-03-25 12:01:50.366 [info] Profiles: No changes found during synchronizing profiles.
2023-03-25 12:01:50.369 [info] Sync done. Took 1265ms
2023-03-25 12:06:50.370 [info] Auto Sync: Triggered by Interval
2023-03-25 12:06:50.370 [info] Sync started.
2023-03-25 12:06:51.167 [info] Settings: No changes found during synchronizing settings.
2023-03-25 12:06:51.173 [info] Keybindings: No changes found during synchronizing keybindings.
2023-03-25 12:06:51.179 [info] Snippets: No changes found during synchronizing snippets.
2023-03-25 12:06:51.183 [info] Tasks: No changes found during synchronizing tasks.
2023-03-25 12:06:51.191 [info] GlobalState: No changes found during synchronizing ui state.
2023-03-25 12:06:51.312 [info] Extensions: No changes found during synchronizing extensions.
2023-03-25 12:06:51.315 [info] Profiles: No changes found during synchronizing profiles.
2023-03-25 12:06:51.318 [info] Sync done. Took 948ms
2023-03-25 12:11:51.319 [info] Auto Sync: Triggered by Interval
2023-03-25 12:11:51.319 [info] Sync started.
2023-03-25 12:11:52.202 [info] Settings: No changes found during synchronizing settings.
2023-03-25 12:11:52.210 [info] Keybindings: No changes found during synchronizing keybindings.
2023-03-25 12:11:52.216 [info] Snippets: No changes found during synchronizing snippets.
2023-03-25 12:11:52.222 [info] Tasks: No changes found during synchronizing tasks.
2023-03-25 12:11:52.228 [info] GlobalState: No changes found during synchronizing ui state.
2023-03-25 12:11:52.363 [info] Extensions: No changes found during synchronizing extensions.
2023-03-25 12:11:52.366 [info] Profiles: No changes found during synchronizing profiles.
2023-03-25 12:11:52.370 [info] Sync done. Took 1051ms
2023-03-25 12:16:52.370 [info] Auto Sync: Triggered by Interval
2023-03-25 12:16:52.371 [info] Sync started.
2023-03-25 12:16:53.395 [info] Settings: No changes found during synchronizing settings.
2023-03-25 12:16:53.403 [info] Keybindings: No changes found during synchronizing keybindings.
2023-03-25 12:16:53.410 [info] Snippets: No changes found during synchronizing snippets.
2023-03-25 12:16:53.415 [info] Tasks: No changes found during synchronizing tasks.
2023-03-25 12:16:53.424 [info] GlobalState: No changes found during synchronizing ui state.
2023-03-25 12:16:53.582 [info] Extensions: No changes found during synchronizing extensions.
2023-03-25 12:16:53.585 [info] Profiles: No changes found during synchronizing profiles.
2023-03-25 12:16:53.588 [info] Sync done. Took 1218ms
2023-03-25 12:21:53.593 [info] Auto Sync: Triggered by Interval
2023-03-25 12:21:53.594 [info] Sync started.
2023-03-25 12:21:54.440 [info] Settings: No changes found during synchronizing settings.
2023-03-25 12:21:54.450 [info] Keybindings: No changes found during synchronizing keybindings.
2023-03-25 12:21:54.459 [info] Snippets: No changes found during synchronizing snippets.
2023-03-25 12:21:54.464 [info] Tasks: No changes found during synchronizing tasks.
2023-03-25 12:21:54.472 [info] GlobalState: No changes found during synchronizing ui state.
2023-03-25 12:21:54.621 [info] Extensions: No changes found during synchronizing extensions.
2023-03-25 12:21:54.624 [info] Profiles: No changes found during synchronizing profiles.
2023-03-25 12:21:54.627 [info] Sync done. Took 1038ms
2023-03-25 12:26:54.630 [info] Auto Sync: Triggered by Interval
2023-03-25 12:26:54.631 [info] Sync started.
2023-03-25 12:26:55.673 [info] Settings: No changes found during synchronizing settings.
2023-03-25 12:26:55.681 [info] Keybindings: No changes found during synchronizing keybindings.
2023-03-25 12:26:55.688 [info] Snippets: No changes found during synchronizing snippets.
2023-03-25 12:26:55.692 [info] Tasks: No changes found during synchronizing tasks.
2023-03-25 12:26:55.700 [info] GlobalState: No changes found during synchronizing ui state.
2023-03-25 12:26:55.863 [info] Extensions: No changes found during synchronizing extensions.
2023-03-25 12:26:55.872 [info] Profiles: No changes found during synchronizing profiles.
2023-03-25 12:26:55.874 [info] Sync done. Took 1247ms
2023-03-25 12:31:55.877 [info] Auto Sync: Triggered by Interval
2023-03-25 12:31:55.877 [info] Sync started.
2023-03-25 12:31:57.023 [info] Settings: No changes found during synchronizing settings.
2023-03-25 12:31:57.040 [info] Keybindings: No changes found during synchronizing keybindings.
2023-03-25 12:31:57.059 [info] Snippets: No changes found during synchronizing snippets.
2023-03-25 12:31:57.072 [info] Tasks: No changes found during synchronizing tasks.
2023-03-25 12:31:57.100 [info] GlobalState: No changes found during synchronizing ui state.
2023-03-25 12:31:57.292 [info] Extensions: No changes found during synchronizing extensions.
2023-03-25 12:31:57.296 [info] Profiles: No changes found during synchronizing profiles.
2023-03-25 12:31:57.299 [info] Sync done. Took 1424ms
2023-03-25 12:36:57.299 [info] Auto Sync: Triggered by Interval
2023-03-25 12:36:57.299 [info] Sync started.
2023-03-25 12:36:58.250 [info] Settings: No changes found during synchronizing settings.
2023-03-25 12:36:58.268 [info] Keybindings: No changes found during synchronizing keybindings.
2023-03-25 12:36:58.277 [info] Snippets: No changes found during synchronizing snippets.
2023-03-25 12:36:58.282 [info] Tasks: No changes found during synchronizing tasks.
2023-03-25 12:36:58.290 [info] GlobalState: No changes found during synchronizing ui state.
2023-03-25 12:36:58.421 [info] Extensions: No changes found during synchronizing extensions.
2023-03-25 12:36:58.423 [info] Profiles: No changes found during synchronizing profiles.
2023-03-25 12:36:58.426 [info] Sync done. Took 1127ms
2023-03-25 12:41:58.428 [info] Auto Sync: Triggered by Interval
2023-03-25 12:41:58.429 [info] Sync started.
2023-03-25 12:41:59.557 [info] Settings: No changes found during synchronizing settings.
2023-03-25 12:41:59.611 [info] Keybindings: No changes found during synchronizing keybindings.
2023-03-25 12:41:59.641 [info] Snippets: No changes found during synchronizing snippets.
2023-03-25 12:41:59.652 [info] Tasks: No changes found during synchronizing tasks.
2023-03-25 12:41:59.664 [info] GlobalState: No changes found during synchronizing ui state.
2023-03-25 12:41:59.827 [info] Extensions: No changes found during synchronizing extensions.
2023-03-25 12:41:59.831 [info] Profiles: No changes found during synchronizing profiles.
2023-03-25 12:41:59.834 [info] Sync done. Took 1408ms
2023-03-25 12:46:59.835 [info] Auto Sync: Triggered by Interval
2023-03-25 12:46:59.835 [info] Sync started.
2023-03-25 12:47:00.799 [info] Settings: No changes found during synchronizing settings.
2023-03-25 12:47:00.804 [info] Keybindings: No changes found during synchronizing keybindings.
2023-03-25 12:47:00.809 [info] Snippets: No changes found during synchronizing snippets.
2023-03-25 12:47:00.813 [info] Tasks: No changes found during synchronizing tasks.
2023-03-25 12:47:00.819 [info] GlobalState: No changes found during synchronizing ui state.
2023-03-25 12:47:00.941 [info] Extensions: No changes found during synchronizing extensions.
2023-03-25 12:47:00.945 [info] Profiles: No changes found during synchronizing profiles.
2023-03-25 12:47:00.948 [info] Sync done. Took 1113ms
2023-03-25 12:52:00.952 [info] Auto Sync: Triggered by Interval
2023-03-25 12:52:00.953 [info] Sync started.
2023-03-25 12:52:02.140 [info] Settings: No changes found during synchronizing settings.
2023-03-25 12:52:02.242 [info] Keybindings: No changes found during synchronizing keybindings.
2023-03-25 12:52:02.282 [info] Snippets: No changes found during synchronizing snippets.
2023-03-25 12:52:02.312 [info] Tasks: No changes found during synchronizing tasks.
2023-03-25 12:52:02.362 [info] GlobalState: No changes found during synchronizing ui state.
2023-03-25 12:52:03.955 [info] Extensions: No changes found during synchronizing extensions.
2023-03-25 12:52:04.010 [info] Profiles: No changes found during synchronizing profiles.
2023-03-25 12:52:04.054 [info] Sync done. Took 3101ms
2023-03-25 12:57:04.057 [info] Auto Sync: Triggered by Interval
2023-03-25 12:57:04.059 [info] Sync started.
2023-03-25 12:57:05.152 [info] Settings: No changes found during synchronizing settings.
2023-03-25 12:57:05.195 [info] Keybindings: No changes found during synchronizing keybindings.
2023-03-25 12:57:05.230 [info] Snippets: No changes found during synchronizing snippets.
2023-03-25 12:57:05.272 [info] Tasks: No changes found during synchronizing tasks.
2023-03-25 12:57:05.317 [info] GlobalState: No changes found during synchronizing ui state.
2023-03-25 12:57:06.961 [info] Extensions: No changes found during synchronizing extensions.
2023-03-25 12:57:06.987 [info] Profiles: No changes found during synchronizing profiles.
2023-03-25 12:57:07.019 [info] Sync done. Took 2963ms
