2023-03-31 15:10:28.310 [info] [SharedProcess] using utility process
2023-03-31 15:10:28.320 [info] [SharedProcess] using utility process
2023-03-31 15:10:28.391 [info] update#setState idle
2023-03-31 15:10:28.392 [info] update#setState idle
2023-03-31 15:10:30.148 [error] [storage state.vscdb] exec(): Error: SQLITE_BUSY: database is locked
2023-03-31 15:10:30.149 [error] [storage state.vscdb] open(): Unable to open DB due to Error: SQLITE_BUSY: database is locked
2023-03-31 15:10:35.229 [error] vscode-file: Refused to load resource /snap/code/122/usr/share/code/resources/app/extensions/theme-seti/icons/seti.woff from vscode-file: protocol (original URL: vscode-file://vscode-app/snap/code/122/usr/share/code/resources/app/extensions/theme-seti/icons/seti.woff)
2023-03-31 15:10:35.241 [error] vscode-file: Refused to load resource /snap/code/122/usr/share/code/resources/app/extensions/theme-seti/icons/seti.woff from vscode-file: protocol (original URL: vscode-file://vscode-app/snap/code/122/usr/share/code/resources/app/extensions/theme-seti/icons/seti.woff)
2023-03-31 15:10:35.457 [info] [UtilityProcess id: 1, type: extensionHost, pid: <none>]: creating new...
2023-03-31 15:10:35.485 [info] [UtilityProcess id: 1, type: extensionHost, pid: <none>]: creating new...
2023-03-31 15:10:35.489 [info] [UtilityProcess id: 1, type: extensionHost, pid: 13646]: successfully created
2023-03-31 15:10:35.515 [info] [UtilityProcess id: 1, type: extensionHost, pid: 13647]: successfully created
2023-03-31 15:10:36.712 [info] [UtilityProcess type: shared-process, pid: <none>]: creating new...
2023-03-31 15:10:36.714 [info] [UtilityProcess type: shared-process, pid: <none>]: creating new...
2023-03-31 15:10:36.721 [info] [UtilityProcess id: 1, type: fileWatcher, pid: <none>]: creating new...
2023-03-31 15:10:36.723 [info] [UtilityProcess id: 1, type: fileWatcher, pid: <none>]: creating new...
2023-03-31 15:10:36.732 [info] [UtilityProcess type: shared-process, pid: 13679]: successfully created
2023-03-31 15:10:36.733 [info] [UtilityProcess id: 1, type: fileWatcher, pid: 13681]: successfully created
2023-03-31 15:10:36.781 [info] [UtilityProcess type: shared-process, pid: 13680]: successfully created
2023-03-31 15:10:36.782 [info] [UtilityProcess id: 1, type: fileWatcher, pid: 13682]: successfully created
2023-03-31 15:10:41.053 [error] [storage state.vscdb] prepare(): Error: SQLITE_BUSY: database is locked (INSERT INTO ItemTable VALUES (?,?),(?,?),(?,?),(?,?)). Details: Keys: releaseNotes/lastVersion, memento/experiment.service.memento, workbench.activity.pinnedViewlets2, workbench.activity.placeholderViewlets Length: 7339
2023-03-31 15:10:43.642 [error] [storage state.vscdb] prepare(): Error: SQLITE_BUSY: database is locked (INSERT INTO ItemTable VALUES (?,?),(?,?),(?,?),(?,?),(?,?),(?,?),(?,?),(?,?),(?,?),(?,?),(?,?),(?,?),(?,?),(?,?),(?,?),(?,?),(?,?),(?,?)). Details: Keys: memento/notebookEditors, workbench.activity.pinnedViewlets2, workbench.activity.placeholderViewlets, workbench.panel.pinnedPanels, cpp.1.lastSessionDate, cpp.1.sessionCount, java.2.lastSessionDate, java.2.sessionCount, javascript.1.lastSessionDate, javascript.1.sessionCount, typescript.1.lastSessionDate, typescript.1.sessionCount, __$__targetStorageMarker, csharp.1.lastSessionDate, csharp.1.sessionCount, perf/lastRunningCommit, iconThemeData, colorThemeData Length: 112284
2023-03-31 15:10:43.941 [error] [storage state.vscdb] prepare(): Error: SQLITE_BUSY: database is locked (INSERT INTO ItemTable VALUES (?,?)). Details: Keys: __$__targetStorageMarker Length: 3414
2023-03-31 15:10:45.232 [error] [storage state.vscdb] prepare(): Error: SQLITE_BUSY: database is locked (INSERT INTO ItemTable VALUES (?,?)). Details: Keys: __$__targetStorageMarker Length: 3414
2023-03-31 15:10:46.262 [error] [storage state.vscdb] prepare(): Error: SQLITE_BUSY: database is locked (DELETE FROM ItemTable WHERE key IN (?)). Details: Keys: terminal.integrated.bufferState
2023-03-31 15:10:46.734 [info] [UtilityProcess id: 1, type: extensionHost, pid: 13646]: enabling inspect port
2023-03-31 15:10:46.738 [info] [UtilityProcess id: 1, type: extensionHost, pid: 13646]: enabling inspect port
2023-03-31 15:10:53.752 [error] [storage state.vscdb] prepare(): Error: SQLITE_BUSY: database is locked (INSERT INTO ItemTable VALUES (?,?)). Details: Keys: terminal.integrated.environmentVariableCollections Length: 555
2023-03-31 15:10:58.391 [info] update#setState checking for updates
2023-03-31 15:10:58.393 [info] update#setState idle
2023-03-31 15:10:58.401 [info] update#setState checking for updates
2023-03-31 15:10:58.418 [info] update#setState idle
2023-03-31 15:11:04.246 [info] [UtilityProcess id: 1, type: extensionHost, pid: 13646]: waiting to exit...
2023-03-31 15:11:04.253 [info] [UtilityProcess id: 1, type: fileWatcher, pid: 13682]: attempting to kill the process...
2023-03-31 15:11:04.256 [info] [UtilityProcess id: 1, type: fileWatcher, pid: 13682]: successfully killed the process
2023-03-31 15:11:04.287 [info] [UtilityProcess id: 1, type: fileWatcher, pid: 13682]: received exit event with code 15
2023-03-31 15:11:04.288 [error] [UtilityProcessWorker]: terminated unexpectedly with code 15, signal: unknown
2023-03-31 15:11:04.289 [error] [UtilityProcess id: 1, type: fileWatcher, pid: 13682]: crashed with code 15 and reason 'killed'
2023-03-31 15:11:06.141 [info] [UtilityProcess id: 1, type: extensionHost, pid: 13646]: received exit event with code 0
2023-03-31 15:11:06.142 [info] Extension host with pid 13646 exited with code: 0, signal: unknown.
2023-03-31 15:11:07.855 [warning] [storage main] detected slow close() operation: Time: 3578ms, DB size: 200704b, Large Keys: iconThemeData:90044, colorThemeData:9922, ms-python.python:5673, workbench.activity.placeholderViewlets:5297, __$__targetStorageMarker:4133
2023-03-31 15:11:07.978 [warning] [storage main] detected slow close() operation: Time: 3731ms, DB size: 73728b, Large Keys: terminal.integrated.bufferState:26241, __$__targetStorageMarker:3507, ms-toolsai.jupyter:3054, memento/workbench.editor.interactive:2448, memento/workbench.editors.files.textFileEditor:2181
2023-03-31 15:11:09.876 [error] [storage state.vscdb] prepare(): Error: SQLITE_READONLY_DBMOVED: attempt to write a readonly database (INSERT INTO ItemTable VALUES (?,?)). Details: Keys: sync.lastSyncTime Length: 13
2023-03-31 15:11:13.151 [error] [storage state.vscdb] prepare(): Error: SQLITE_READONLY_DBMOVED: attempt to write a readonly database (INSERT INTO ItemTable VALUES (?,?)). Details: Keys: terminal.history.timestamp.dirs Length: 13
2023-03-31 15:11:34.286 [error] [storage state.vscdb] prepare(): Error: SQLITE_READONLY_DBMOVED: attempt to write a readonly database (INSERT INTO ItemTable VALUES (?,?)). Details: Keys: editorOverrideService.cache Length: 289
2023-03-31 15:11:34.286 [error] [storage state.vscdb] prepare(): Error: SQLITE_READONLY_DBMOVED: attempt to write a readonly database (INSERT INTO ItemTable VALUES (?,?),(?,?),(?,?)). Details: Keys: memento/workbench.parts.editor, __$__targetStorageMarker, interactive.sessions Length: 3989
2023-03-31 15:11:59.977 [error] [storage state.vscdb] prepare(): Error: SQLITE_READONLY_DBMOVED: attempt to write a readonly database (INSERT INTO ItemTable VALUES (?,?)). Details: Keys: terminal.integrated.layoutInfo Length: 248
2023-03-31 15:12:16.749 [error] [storage state.vscdb] prepare(): Error: SQLITE_READONLY_DBMOVED: attempt to write a readonly database (INSERT INTO ItemTable VALUES (?,?),(?,?)). Details: Keys: terminal.history.entries.commands, terminal.history.timestamp.commands Length: 1887
2023-03-31 15:12:21.660 [error] [storage state.vscdb] prepare(): Error: SQLITE_READONLY_DBMOVED: attempt to write a readonly database (INSERT INTO ItemTable VALUES (?,?)). Details: Keys: terminal.history.timestamp.commands Length: 13
2023-03-31 15:12:33.955 [error] [storage state.vscdb] prepare(): Error: SQLITE_READONLY_DBMOVED: attempt to write a readonly database (INSERT INTO ItemTable VALUES (?,?)). Details: Keys: workbench.panel.pinnedPanels Length: 862
2023-03-31 15:12:34.305 [error] [storage state.vscdb] prepare(): Error: SQLITE_READONLY_DBMOVED: attempt to write a readonly database (INSERT INTO ItemTable VALUES (?,?),(?,?),(?,?)). Details: Keys: memento/workbench.parts.editor, memento/workbench.editors.textResourceEditor, memento/workbench.editor.interactive Length: 4525
2023-03-31 15:12:37.439 [error] [storage state.vscdb] prepare(): Error: SQLITE_READONLY_DBMOVED: attempt to write a readonly database (INSERT INTO ItemTable VALUES (?,?)). Details: Keys: globalState.lastSyncUserData Length: 46
2023-03-31 15:12:37.693 [error] [storage state.vscdb] prepare(): Error: SQLITE_READONLY_DBMOVED: attempt to write a readonly database (INSERT INTO ItemTable VALUES (?,?)). Details: Keys: sync.lastSyncTime Length: 13
2023-03-31 15:12:47.886 [error] [storage state.vscdb] prepare(): Error: SQLITE_READONLY_DBMOVED: attempt to write a readonly database (INSERT INTO ItemTable VALUES (?,?)). Details: Keys: notebook.controller2NotebookBindings Length: 447
2023-03-31 15:12:48.570 [error] [storage state.vscdb] prepare(): Error: SQLITE_READONLY_DBMOVED: attempt to write a readonly database (INSERT INTO ItemTable VALUES (?,?)). Details: Keys: notebook.controller2NotebookBindings Length: 670
2023-03-31 15:12:54.228 [error] [storage state.vscdb] prepare(): Error: SQLITE_READONLY_DBMOVED: attempt to write a readonly database (INSERT INTO ItemTable VALUES (?,?),(?,?)). Details: Keys: __$__targetStorageMarker, workbench.sidebar.activeviewletid Length: 3502
2023-03-31 15:12:56.857 [error] [storage state.vscdb] prepare(): Error: SQLITE_READONLY_DBMOVED: attempt to write a readonly database (INSERT INTO ItemTable VALUES (?,?)). Details: Keys: sync.lastSyncTime Length: 13
2023-03-31 15:12:58.362 [error] [storage state.vscdb] prepare(): Error: SQLITE_READONLY_DBMOVED: attempt to write a readonly database (INSERT INTO ItemTable VALUES (?,?),(?,?)). Details: Keys: editorFontInfo, workbench.panel.size Length: 2078
2023-03-31 15:12:58.363 [error] [storage state.vscdb] prepare(): Error: SQLITE_READONLY_DBMOVED: attempt to write a readonly database (INSERT INTO ItemTable VALUES (?,?),(?,?),(?,?),(?,?),(?,?),(?,?)). Details: Keys: __$__targetStorageMarker, lifecyle.lastShutdownReason, memento/workbench.parts.editor, memento/workbench.editors.textResourceEditor, workbench.sideBar.hidden, memento/workbench.editor.interactive Length: 10481
2023-03-31 15:12:58.387 [info] [UtilityProcess id: 1, type: fileWatcher, pid: 13681]: attempting to kill the process...
2023-03-31 15:12:58.388 [info] [UtilityProcess id: 1, type: fileWatcher, pid: 13681]: successfully killed the process
2023-03-31 15:12:58.409 [info] [UtilityProcess id: 1, type: extensionHost, pid: 13647]: received exit event with code 0
2023-03-31 15:12:58.420 [info] Extension host with pid 13647 exited with code: 0, signal: unknown.
2023-03-31 15:12:58.483 [info] [UtilityProcess id: 1, type: fileWatcher, pid: 13681]: received exit event with code 0
2023-03-31 15:13:00.115 [info] [UtilityProcess id: 2, type: extensionHost, pid: <none>]: creating new...
2023-03-31 15:13:00.128 [info] [UtilityProcess id: 2, type: extensionHost, pid: 14546]: successfully created
2023-03-31 15:13:00.163 [error] [storage state.vscdb] prepare(): Error: SQLITE_READONLY_DBMOVED: attempt to write a readonly database (INSERT INTO ItemTable VALUES (?,?)). Details: Keys: __$__targetStorageMarker Length: 3477
2023-03-31 15:13:00.164 [error] [storage state.vscdb] prepare(): Error: SQLITE_READONLY_DBMOVED: attempt to write a readonly database (DELETE FROM ItemTable WHERE key IN (?)). Details: Keys: lifecyle.lastShutdownReason
2023-03-31 15:13:00.165 [error] [storage state.vscdb] prepare(): Error: SQLITE_READONLY_DBMOVED: attempt to write a readonly database (INSERT INTO ItemTable VALUES (?,?),(?,?),(?,?),(?,?)). Details: Keys: __$__targetStorageMarker, workbench.activity.pinnedViewlets2, workbench.activity.placeholderViewlets, memento/notebookEditors Length: 7797
2023-03-31 15:13:00.165 [error] [storage state.vscdb] prepare(): Error: SQLITE_READONLY_DBMOVED: attempt to write a readonly database (DELETE FROM ItemTable WHERE key IN (?)). Details: Keys: editorOverrideService.cache
2023-03-31 15:13:00.178 [info] [UtilityProcess id: 1, type: fileWatcher, pid: <none>]: creating new...
2023-03-31 15:13:00.187 [info] [UtilityProcess id: 1, type: fileWatcher, pid: 14547]: successfully created
2023-03-31 15:13:01.566 [error] [storage state.vscdb] prepare(): Error: SQLITE_READONLY_DBMOVED: attempt to write a readonly database (INSERT INTO ItemTable VALUES (?,?),(?,?)). Details: Keys: workbench.activity.pinnedViewlets2, workbench.activity.placeholderViewlets Length: 3404
2023-03-31 15:13:02.556 [error] [storage state.vscdb] prepare(): Error: SQLITE_READONLY_DBMOVED: attempt to write a readonly database (INSERT INTO ItemTable VALUES (?,?),(?,?),(?,?),(?,?)). Details: Keys: memento/notebookEditors, workbench.activity.pinnedViewlets2, workbench.activity.placeholderViewlets, workbench.panel.pinnedPanels Length: 8062
2023-03-31 15:13:03.436 [error] [storage state.vscdb] prepare(): Error: SQLITE_READONLY_DBMOVED: attempt to write a readonly database (INSERT INTO ItemTable VALUES (?,?)). Details: Keys: workbench.panel.pinnedPanels Length: 863
2023-03-31 15:13:04.163 [error] [storage state.vscdb] prepare(): Error: SQLITE_READONLY_DBMOVED: attempt to write a readonly database (INSERT INTO ItemTable VALUES (?,?),(?,?)). Details: Keys: terminal.history.timestamp.commands, extensionsAssistant/recommendations Length: 122
2023-03-31 15:13:04.746 [error] [storage state.vscdb] prepare(): Error: SQLITE_READONLY_DBMOVED: attempt to write a readonly database (INSERT INTO ItemTable VALUES (?,?)). Details: Keys: terminal.integrated.layoutInfo Length: 248
2023-03-31 15:13:05.276 [error] [storage state.vscdb] prepare(): Error: SQLITE_READONLY_DBMOVED: attempt to write a readonly database (INSERT INTO ItemTable VALUES (?,?)). Details: Keys: extensions.recommendedList.size Length: 1
2023-03-31 15:13:05.799 [error] [storage state.vscdb] prepare(): Error: SQLITE_READONLY_DBMOVED: attempt to write a readonly database (INSERT INTO ItemTable VALUES (?,?),(?,?)). Details: Keys: ms-python.python, ms-toolsai.jupyter Length: 9509
2023-03-31 15:13:06.109 [error] [storage state.vscdb] prepare(): Error: SQLITE_READONLY_DBMOVED: attempt to write a readonly database (INSERT INTO ItemTable VALUES (?,?),(?,?)). Details: Keys: workbench.activity.pinnedViewlets2, ms-python.python Length: 7060
2023-03-31 15:13:07.043 [error] [storage state.vscdb] prepare(): Error: SQLITE_READONLY_DBMOVED: attempt to write a readonly database (INSERT INTO ItemTable VALUES (?,?)). Details: Keys: globalState.lastSyncUserData Length: 46
2023-03-31 15:13:07.534 [error] [storage state.vscdb] prepare(): Error: SQLITE_READONLY_DBMOVED: attempt to write a readonly database (INSERT INTO ItemTable VALUES (?,?)). Details: Keys: sync.lastSyncTime Length: 13
2023-03-31 15:13:07.942 [error] [storage state.vscdb] prepare(): Error: SQLITE_READONLY_DBMOVED: attempt to write a readonly database (INSERT INTO ItemTable VALUES (?,?)). Details: Keys: ms-toolsai.jupyter Length: 4457
2023-03-31 15:13:07.942 [error] [storage state.vscdb] prepare(): Error: SQLITE_READONLY_DBMOVED: attempt to write a readonly database (INSERT INTO ItemTable VALUES (?,?)). Details: Keys: ms-toolsai.jupyter Length: 4331
2023-03-31 15:13:08.171 [error] [storage state.vscdb] prepare(): Error: SQLITE_READONLY_DBMOVED: attempt to write a readonly database (INSERT INTO ItemTable VALUES (?,?)). Details: Keys: ms-toolsai.jupyter Length: 5507
2023-03-31 15:13:08.196 [error] [storage state.vscdb] prepare(): Error: SQLITE_READONLY_DBMOVED: attempt to write a readonly database (INSERT INTO ItemTable VALUES (?,?),(?,?)). Details: Keys: __$__targetStorageMarker, ms-python.vscode-pylance Length: 5553
2023-03-31 15:13:09.233 [error] [storage state.vscdb] prepare(): Error: SQLITE_READONLY_DBMOVED: attempt to write a readonly database (INSERT INTO ItemTable VALUES (?,?)). Details: Keys: globalState.lastSyncUserData Length: 46
2023-03-31 15:13:10.916 [error] [storage state.vscdb] prepare(): Error: SQLITE_READONLY_DBMOVED: attempt to write a readonly database (INSERT INTO ItemTable VALUES (?,?)). Details: Keys: sync.lastSyncTime Length: 13
2023-03-31 15:13:11.469 [error] [storage state.vscdb] prepare(): Error: SQLITE_READONLY_DBMOVED: attempt to write a readonly database (INSERT INTO ItemTable VALUES (?,?)). Details: Keys: sync.lastSyncTime Length: 13
2023-03-31 15:13:33.497 [error] [storage state.vscdb] prepare(): Error: SQLITE_READONLY_DBMOVED: attempt to write a readonly database (INSERT INTO ItemTable VALUES (?,?)). Details: Keys: workbench.activity.pinnedViewlets2 Length: 1288
2023-03-31 15:13:33.497 [error] [storage state.vscdb] prepare(): Error: SQLITE_READONLY_DBMOVED: attempt to write a readonly database (INSERT INTO ItemTable VALUES (?,?)). Details: Keys: __$__targetStorageMarker Length: 3439
2023-03-31 15:13:36.207 [error] [storage state.vscdb] prepare(): Error: SQLITE_READONLY_DBMOVED: attempt to write a readonly database (INSERT INTO ItemTable VALUES (?,?)). Details: Keys: workbench.activity.pinnedViewlets2 Length: 1289
2023-03-31 15:13:36.211 [error] [storage state.vscdb] prepare(): Error: SQLITE_READONLY_DBMOVED: attempt to write a readonly database (INSERT INTO ItemTable VALUES (?,?),(?,?)). Details: Keys: __$__targetStorageMarker, workbench.sidebar.activeviewletid Length: 3495
2023-03-31 15:13:36.633 [error] [storage state.vscdb] prepare(): Error: SQLITE_READONLY_DBMOVED: attempt to write a readonly database (INSERT INTO ItemTable VALUES (?,?)). Details: Keys: globalState.lastSyncUserData Length: 46
2023-03-31 15:13:36.944 [error] [storage state.vscdb] prepare(): Error: SQLITE_READONLY_DBMOVED: attempt to write a readonly database (INSERT INTO ItemTable VALUES (?,?)). Details: Keys: sync.lastSyncTime Length: 13
2023-03-31 15:13:39.648 [error] [storage state.vscdb] prepare(): Error: SQLITE_READONLY_DBMOVED: attempt to write a readonly database (INSERT INTO ItemTable VALUES (?,?)). Details: Keys: globalState.lastSyncUserData Length: 46
2023-03-31 15:13:40.534 [error] [storage state.vscdb] prepare(): Error: SQLITE_READONLY_DBMOVED: attempt to write a readonly database (INSERT INTO ItemTable VALUES (?,?)). Details: Keys: sync.lastSyncTime Length: 13
2023-03-31 15:13:43.141 [error] [storage state.vscdb] prepare(): Error: SQLITE_READONLY_DBMOVED: attempt to write a readonly database (INSERT INTO ItemTable VALUES (?,?)). Details: Keys: workbench.activity.pinnedViewlets2 Length: 1288
2023-03-31 15:13:43.174 [error] [storage state.vscdb] prepare(): Error: SQLITE_READONLY_DBMOVED: attempt to write a readonly database (INSERT INTO ItemTable VALUES (?,?),(?,?)). Details: Keys: workbench.sidebar.activeviewletid, workbench.view.extensions.state Length: 2010
2023-03-31 15:13:46.508 [error] [storage state.vscdb] prepare(): Error: SQLITE_READONLY_DBMOVED: attempt to write a readonly database (INSERT INTO ItemTable VALUES (?,?)). Details: Keys: globalState.lastSyncUserData Length: 46
2023-03-31 15:13:46.746 [error] [storage state.vscdb] prepare(): Error: SQLITE_READONLY_DBMOVED: attempt to write a readonly database (INSERT INTO ItemTable VALUES (?,?)). Details: Keys: sync.lastSyncTime Length: 13
2023-03-31 15:13:47.137 [error] [storage state.vscdb] prepare(): Error: SQLITE_READONLY_DBMOVED: attempt to write a readonly database (INSERT INTO ItemTable VALUES (?,?)). Details: Keys: workbench.activity.pinnedViewlets2 Length: 1287
2023-03-31 15:13:47.139 [error] [storage state.vscdb] prepare(): Error: SQLITE_READONLY_DBMOVED: attempt to write a readonly database (INSERT INTO ItemTable VALUES (?,?)). Details: Keys: workbench.sidebar.activeviewletid Length: 20
2023-03-31 15:13:50.529 [error] [storage state.vscdb] prepare(): Error: SQLITE_READONLY_DBMOVED: attempt to write a readonly database (INSERT INTO ItemTable VALUES (?,?)). Details: Keys: globalState.lastSyncUserData Length: 46
2023-03-31 15:13:50.711 [error] [storage state.vscdb] prepare(): Error: SQLITE_READONLY_DBMOVED: attempt to write a readonly database (INSERT INTO ItemTable VALUES (?,?)). Details: Keys: sync.lastSyncTime Length: 13
2023-03-31 15:13:50.858 [error] [storage state.vscdb] prepare(): Error: SQLITE_READONLY_DBMOVED: attempt to write a readonly database (INSERT INTO ItemTable VALUES (?,?)). Details: Keys: workbench.activity.pinnedViewlets2 Length: 1286
2023-03-31 15:13:50.877 [error] [storage state.vscdb] prepare(): Error: SQLITE_READONLY_DBMOVED: attempt to write a readonly database (INSERT INTO ItemTable VALUES (?,?),(?,?)). Details: Keys: __$__targetStorageMarker, workbench.explorer.views.state Length: 3752
2023-03-31 15:13:54.278 [error] [storage state.vscdb] prepare(): Error: SQLITE_READONLY_DBMOVED: attempt to write a readonly database (INSERT INTO ItemTable VALUES (?,?)). Details: Keys: globalState.lastSyncUserData Length: 46
2023-03-31 15:13:54.432 [error] [storage state.vscdb] prepare(): Error: SQLITE_READONLY_DBMOVED: attempt to write a readonly database (INSERT INTO ItemTable VALUES (?,?)). Details: Keys: sync.lastSyncTime Length: 13
2023-03-31 15:13:55.925 [error] [storage state.vscdb] prepare(): Error: SQLITE_READONLY_DBMOVED: attempt to write a readonly database (INSERT INTO ItemTable VALUES (?,?)). Details: Keys: workbench.activity.pinnedViewlets2 Length: 1285
2023-03-31 15:13:55.927 [error] [storage state.vscdb] prepare(): Error: SQLITE_READONLY_DBMOVED: attempt to write a readonly database (INSERT INTO ItemTable VALUES (?,?),(?,?)). Details: Keys: __$__targetStorageMarker, workbench.sidebar.activeviewletid Length: 3498
2023-03-31 15:13:59.133 [error] [storage state.vscdb] prepare(): Error: SQLITE_READONLY_DBMOVED: attempt to write a readonly database (INSERT INTO ItemTable VALUES (?,?)). Details: Keys: globalState.lastSyncUserData Length: 46
2023-03-31 15:13:59.440 [error] [storage state.vscdb] prepare(): Error: SQLITE_READONLY_DBMOVED: attempt to write a readonly database (INSERT INTO ItemTable VALUES (?,?)). Details: Keys: sync.lastSyncTime Length: 13
2023-03-31 15:13:59.783 [error] [storage state.vscdb] prepare(): Error: SQLITE_READONLY_DBMOVED: attempt to write a readonly database (INSERT INTO ItemTable VALUES (?,?),(?,?)). Details: Keys: __$__targetStorageMarker, editorOverrideService.cache Length: 4451
2023-03-31 15:13:59.786 [error] [storage state.vscdb] prepare(): Error: SQLITE_READONLY_DBMOVED: attempt to write a readonly database (INSERT INTO ItemTable VALUES (?,?),(?,?),(?,?),(?,?),(?,?)). Details: Keys: memento/workbench.parts.editor, editors.mru, memento/workbench.editors.textResourceEditor, workbench.view.scm.numberOfVisibleViews, memento/workbench.view.search Length: 1383
2023-03-31 15:14:26.425 [error] [storage state.vscdb] prepare(): Error: SQLITE_READONLY_DBMOVED: attempt to write a readonly database (INSERT INTO ItemTable VALUES (?,?)). Details: Keys: workbench.view.search.state Length: 72
2023-03-31 15:14:42.166 [error] [storage state.vscdb] prepare(): Error: SQLITE_READONLY_DBMOVED: attempt to write a readonly database (INSERT INTO ItemTable VALUES (?,?)). Details: Keys: __$__targetStorageMarker Length: 3439
2023-03-31 15:14:59.792 [error] [storage state.vscdb] prepare(): Error: SQLITE_READONLY_DBMOVED: attempt to write a readonly database (INSERT INTO ItemTable VALUES (?,?),(?,?),(?,?)). Details: Keys: memento/workbench.parts.editor, editors.mru, memento/workbench.editors.textResourceEditor Length: 1329
2023-03-31 15:15:13.656 [error] [storage state.vscdb] prepare(): Error: SQLITE_READONLY_DBMOVED: attempt to write a readonly database (INSERT INTO ItemTable VALUES (?,?)). Details: Keys: sync.lastSyncTime Length: 13
2023-03-31 15:15:14.399 [error] [storage state.vscdb] prepare(): Error: SQLITE_READONLY_DBMOVED: attempt to write a readonly database (INSERT INTO ItemTable VALUES (?,?)). Details: Keys: workbench.explorer.views.state Length: 313
2023-03-31 15:15:59.802 [error] [storage state.vscdb] prepare(): Error: SQLITE_READONLY_DBMOVED: attempt to write a readonly database (INSERT INTO ItemTable VALUES (?,?),(?,?)). Details: Keys: memento/workbench.parts.editor, editors.mru Length: 597
2023-03-31 15:15:59.804 [error] [storage state.vscdb] prepare(): Error: SQLITE_READONLY_DBMOVED: attempt to write a readonly database (INSERT INTO ItemTable VALUES (?,?)). Details: Keys: memento/workbench.editor.keybindings Length: 1159
2023-03-31 15:16:04.129 [error] [storage state.vscdb] prepare(): Error: SQLITE_READONLY_DBMOVED: attempt to write a readonly database (INSERT INTO ItemTable VALUES (?,?)). Details: Keys: globalState.lastSyncUserData Length: 46
2023-03-31 15:16:05.204 [error] [storage state.vscdb] prepare(): Error: SQLITE_READONLY_DBMOVED: attempt to write a readonly database (INSERT INTO ItemTable VALUES (?,?)). Details: Keys: sync.lastSyncTime Length: 13
2023-03-31 15:16:59.807 [error] [storage state.vscdb] prepare(): Error: SQLITE_READONLY_DBMOVED: attempt to write a readonly database (INSERT INTO ItemTable VALUES (?,?),(?,?)). Details: Keys: memento/workbench.parts.editor, editors.mru Length: 599
2023-03-31 15:17:15.958 [error] [storage state.vscdb] prepare(): Error: SQLITE_READONLY_DBMOVED: attempt to write a readonly database (INSERT INTO ItemTable VALUES (?,?),(?,?)). Details: Keys: __$__targetStorageMarker, workbench.sidebar.activeviewletid Length: 3502
2023-03-31 15:17:18.574 [error] [storage state.vscdb] prepare(): Error: SQLITE_READONLY_DBMOVED: attempt to write a readonly database (INSERT INTO ItemTable VALUES (?,?)). Details: Keys: sync.lastSyncTime Length: 13
2023-03-31 15:17:59.810 [error] [storage state.vscdb] prepare(): Error: SQLITE_READONLY_DBMOVED: attempt to write a readonly database (INSERT INTO ItemTable VALUES (?,?)). Details: Keys: memento/workbench.parts.editor Length: 534
2023-03-31 15:18:30.713 [error] [storage state.vscdb] prepare(): Error: SQLITE_READONLY_DBMOVED: attempt to write a readonly database (INSERT INTO ItemTable VALUES (?,?)). Details: Keys: memento/workbench.parts.editor Length: 534
2023-03-31 15:18:37.025 [error] [storage state.vscdb] prepare(): Error: SQLITE_READONLY_DBMOVED: attempt to write a readonly database (INSERT INTO ItemTable VALUES (?,?)). Details: Keys: sync.lastSyncTime Length: 13
2023-03-31 15:18:51.114 [error] [storage state.vscdb] prepare(): Error: SQLITE_READONLY_DBMOVED: attempt to write a readonly database (INSERT INTO ItemTable VALUES (?,?)). Details: Keys: sync.lastSyncTime Length: 13
2023-03-31 15:18:59.812 [error] [storage state.vscdb] prepare(): Error: SQLITE_READONLY_DBMOVED: attempt to write a readonly database (INSERT INTO ItemTable VALUES (?,?)). Details: Keys: memento/workbench.parts.editor Length: 536
2023-03-31 15:19:05.155 [error] [storage state.vscdb] prepare(): Error: SQLITE_READONLY_DBMOVED: attempt to write a readonly database (INSERT INTO ItemTable VALUES (?,?)). Details: Keys: sync.lastSyncTime Length: 13
2023-03-31 15:19:34.709 [error] [storage state.vscdb] prepare(): Error: SQLITE_READONLY_DBMOVED: attempt to write a readonly database (INSERT INTO ItemTable VALUES (?,?),(?,?),(?,?),(?,?)). Details: Keys: memento/workbench.parts.editor, editors.mru, memento/workbench.editors.textResourceEditor, memento/workbench.editor.interactive Length: 2842
2023-03-31 15:19:38.741 [error] [storage state.vscdb] prepare(): Error: SQLITE_READONLY_DBMOVED: attempt to write a readonly database (INSERT INTO ItemTable VALUES (?,?)). Details: Keys: sync.lastSyncTime Length: 13
2023-03-31 15:20:26.721 [error] [storage state.vscdb] prepare(): Error: SQLITE_READONLY_DBMOVED: attempt to write a readonly database (INSERT INTO ItemTable VALUES (?,?)). Details: Keys: sync.lastSyncTime Length: 13
2023-03-31 15:21:00.972 [error] [storage state.vscdb] prepare(): Error: SQLITE_READONLY_DBMOVED: attempt to write a readonly database (INSERT INTO ItemTable VALUES (?,?)). Details: Keys: sync.lastSyncTime Length: 13
2023-03-31 15:21:11.715 [error] [storage state.vscdb] prepare(): Error: SQLITE_READONLY_DBMOVED: attempt to write a readonly database (INSERT INTO ItemTable VALUES (?,?),(?,?),(?,?)). Details: Keys: memento/workbench.parts.editor, memento/workbench.editors.textResourceEditor, memento/workbench.editor.interactive Length: 2978
2023-03-31 15:21:12.805 [error] [storage state.vscdb] prepare(): Error: SQLITE_READONLY_DBMOVED: attempt to write a readonly database (INSERT INTO ItemTable VALUES (?,?)). Details: Keys: sync.lastSyncTime Length: 13
2023-03-31 15:21:23.209 [error] [storage state.vscdb] prepare(): Error: SQLITE_READONLY_DBMOVED: attempt to write a readonly database (INSERT INTO ItemTable VALUES (?,?),(?,?)). Details: Keys: memento/workbench.parts.editor, memento/workbench.editors.textResourceEditor Length: 2183
2023-03-31 15:21:56.588 [error] [storage state.vscdb] prepare(): Error: SQLITE_READONLY_DBMOVED: attempt to write a readonly database (INSERT INTO ItemTable VALUES (?,?),(?,?),(?,?)). Details: Keys: memento/workbench.parts.editor, memento/workbench.editors.textResourceEditor, memento/workbench.editor.interactive Length: 4393
2023-03-31 15:22:06.589 [error] [storage state.vscdb] prepare(): Error: SQLITE_READONLY_DBMOVED: attempt to write a readonly database (INSERT INTO ItemTable VALUES (?,?)). Details: Keys: sync.lastSyncTime Length: 13
2023-03-31 15:22:15.799 [error] [storage state.vscdb] prepare(): Error: SQLITE_READONLY_DBMOVED: attempt to write a readonly database (INSERT INTO ItemTable VALUES (?,?)). Details: Keys: workbench.panel.pinnedPanels Length: 862
2023-03-31 15:22:15.799 [error] [storage state.vscdb] prepare(): Error: SQLITE_READONLY_DBMOVED: attempt to write a readonly database (INSERT INTO ItemTable VALUES (?,?),(?,?),(?,?)). Details: Keys: output.activechannel, __$__targetStorageMarker, workbench.panelpart.activepanelid Length: 3588
2023-03-31 15:22:19.704 [error] [storage state.vscdb] prepare(): Error: SQLITE_READONLY_DBMOVED: attempt to write a readonly database (INSERT INTO ItemTable VALUES (?,?)). Details: Keys: globalState.lastSyncUserData Length: 46
2023-03-31 15:22:19.937 [error] [storage state.vscdb] prepare(): Error: SQLITE_READONLY_DBMOVED: attempt to write a readonly database (INSERT INTO ItemTable VALUES (?,?)). Details: Keys: sync.lastSyncTime Length: 13
2023-03-31 15:22:23.212 [error] [storage state.vscdb] prepare(): Error: SQLITE_READONLY_DBMOVED: attempt to write a readonly database (INSERT INTO ItemTable VALUES (?,?)). Details: Keys: memento/workbench.parts.editor Length: 2263
2023-03-31 15:22:42.417 [error] [storage state.vscdb] prepare(): Error: SQLITE_READONLY_DBMOVED: attempt to write a readonly database (INSERT INTO ItemTable VALUES (?,?)). Details: Keys: workbench.panel.pinnedPanels Length: 863
2023-03-31 15:22:45.853 [error] [storage state.vscdb] prepare(): Error: SQLITE_READONLY_DBMOVED: attempt to write a readonly database (INSERT INTO ItemTable VALUES (?,?)). Details: Keys: globalState.lastSyncUserData Length: 46
2023-03-31 15:22:46.399 [error] [storage state.vscdb] prepare(): Error: SQLITE_READONLY_DBMOVED: attempt to write a readonly database (INSERT INTO ItemTable VALUES (?,?)). Details: Keys: sync.lastSyncTime Length: 13
2023-03-31 15:22:48.176 [error] [storage state.vscdb] prepare(): Error: SQLITE_READONLY_DBMOVED: attempt to write a readonly database (INSERT INTO ItemTable VALUES (?,?)). Details: Keys: memento/workbench.parts.editor Length: 486
2023-03-31 15:23:16.771 [error] [storage state.vscdb] prepare(): Error: SQLITE_READONLY_DBMOVED: attempt to write a readonly database (INSERT INTO ItemTable VALUES (?,?)). Details: Keys: sync.lastSyncTime Length: 13
2023-03-31 15:23:21.058 [error] [storage state.vscdb] prepare(): Error: SQLITE_READONLY_DBMOVED: attempt to write a readonly database (INSERT INTO ItemTable VALUES (?,?)). Details: Keys: workbench.panel.pinnedPanels Length: 862
2023-03-31 15:23:23.226 [error] [storage state.vscdb] prepare(): Error: SQLITE_READONLY_DBMOVED: attempt to write a readonly database (INSERT INTO ItemTable VALUES (?,?),(?,?)). Details: Keys: memento/workbench.parts.editor, memento/workbench.editor.interactive Length: 3179
2023-03-31 15:23:25.242 [error] [storage state.vscdb] prepare(): Error: SQLITE_READONLY_DBMOVED: attempt to write a readonly database (INSERT INTO ItemTable VALUES (?,?)). Details: Keys: globalState.lastSyncUserData Length: 46
2023-03-31 15:23:25.538 [error] [storage state.vscdb] prepare(): Error: SQLITE_READONLY_DBMOVED: attempt to write a readonly database (INSERT INTO ItemTable VALUES (?,?)). Details: Keys: sync.lastSyncTime Length: 13
2023-03-31 15:24:53.137 [error] [storage state.vscdb] prepare(): Error: SQLITE_READONLY_DBMOVED: attempt to write a readonly database (INSERT INTO ItemTable VALUES (?,?)). Details: Keys: sync.lastSyncTime Length: 13
2023-03-31 15:25:26.119 [error] [storage state.vscdb] prepare(): Error: SQLITE_READONLY_DBMOVED: attempt to write a readonly database (INSERT INTO ItemTable VALUES (?,?)). Details: Keys: workbench.view.extensions.state Length: 1985
2023-03-31 15:25:26.607 [error] [storage state.vscdb] prepare(): Error: SQLITE_READONLY_DBMOVED: attempt to write a readonly database (INSERT INTO ItemTable VALUES (?,?)). Details: Keys: workbench.view.extensions.state Length: 1985
2023-03-31 15:25:27.032 [error] [storage state.vscdb] prepare(): Error: SQLITE_READONLY_DBMOVED: attempt to write a readonly database (INSERT INTO ItemTable VALUES (?,?)). Details: Keys: workbench.view.extensions.state Length: 1985
2023-03-31 15:25:27.548 [error] [storage state.vscdb] prepare(): Error: SQLITE_READONLY_DBMOVED: attempt to write a readonly database (INSERT INTO ItemTable VALUES (?,?)). Details: Keys: workbench.view.extensions.state Length: 1985
2023-03-31 15:25:45.172 [info] [UtilityProcess id: 2, type: extensionHost, pid: 14546]: waiting to exit...
2023-03-31 15:25:45.173 [info] [UtilityProcess id: 1, type: fileWatcher, pid: 14547]: attempting to kill the process...
2023-03-31 15:25:45.174 [info] [UtilityProcess id: 1, type: fileWatcher, pid: 14547]: successfully killed the process
2023-03-31 15:25:45.186 [info] [UtilityProcess id: 2, type: extensionHost, pid: 14546]: received exit event with code 0
2023-03-31 15:25:45.186 [info] Extension host with pid 14546 exited with code: 0, signal: unknown.
2023-03-31 15:25:45.197 [info] [UtilityProcess id: 1, type: fileWatcher, pid: 14547]: received exit event with code 0
2023-03-31 15:25:45.202 [error] [storage state.vscdb] prepare(): Error: SQLITE_READONLY_DBMOVED: attempt to write a readonly database (INSERT INTO ItemTable VALUES (?,?),(?,?)). Details: Keys: editorFontInfo, workbench.sideBar.size Length: 1554
2023-03-31 15:25:45.203 [error] [storage state.vscdb] prepare(): Error: SQLITE_READONLY_DBMOVED: attempt to write a readonly database (INSERT INTO ItemTable VALUES (?,?),(?,?),(?,?),(?,?),(?,?),(?,?),(?,?)). Details: Keys: __$__targetStorageMarker, terminal.integrated.bufferState, lifecyle.lastShutdownReason, memento/workbench.parts.editor, editors.mru, workbench.sideBar.hidden, memento/workbench.editor.settings2 Length: 32941
