2023-03-31 15:10:39.394 [info] Using settings sync service https://vscode-sync.trafficmanager.net/
2023-03-31 15:10:39.394 [info] Auto Sync is enabled.
2023-03-31 15:10:39.394 [info] Auto Sync: Suspended until auth token is available.
2023-03-31 15:10:39.462 [info] Using settings sync service https://vscode-sync.trafficmanager.net/
2023-03-31 15:10:39.462 [info] Auto Sync is enabled.
2023-03-31 15:10:39.462 [info] Auto Sync: Suspended until auth token is available.
2023-03-31 15:10:45.110 [info] Deleting non existing profile from backup /home/hadi/.config/Code/User/sync/extensions
2023-03-31 15:10:45.306 [info] Deleting non existing profile from backup /home/hadi/.config/Code/User/sync/globalState
2023-03-31 15:10:45.320 [info] Deleting non existing profile from backup /home/hadi/.config/Code/User/sync/keybindings
2023-03-31 15:10:45.328 [info] Deleting non existing profile from backup /home/hadi/.config/Code/User/sync/profiles
2023-03-31 15:10:45.341 [info] Deleting non existing profile from backup /home/hadi/.config/Code/User/sync/settings
2023-03-31 15:10:45.360 [info] Deleting non existing profile from backup /home/hadi/.config/Code/User/sync/snippets
2023-03-31 15:10:45.437 [info] Deleting non existing profile from backup /home/hadi/.config/Code/User/sync/tasks
2023-03-31 15:10:45.530 [error] Error: Unable to resolve nonexistent file 'vscode-userdata:/home/hadi/.config/Code/User/sync/globalState'
    at y.resolve (/snap/code/123/usr/share/code/resources/app/out/vs/code/node/sharedProcess/sharedProcessMain.js:39:15674)
    at async m.j (/snap/code/123/usr/share/code/resources/app/out/vs/code/node/sharedProcess/sharedProcessMain.js:92:91107)
    at async m.h (/snap/code/123/usr/share/code/resources/app/out/vs/code/node/sharedProcess/sharedProcessMain.js:92:89843)
2023-03-31 15:10:55.856 [info] Auto Sync: Triggered by Interval
2023-03-31 15:10:55.857 [info] Sync started.
2023-03-31 15:10:56.808 [info] Auto Sync: Triggered by Interval
2023-03-31 15:10:56.812 [info] Sync started.
2023-03-31 15:10:56.943 [info] Settings: Last sync resource does not exist locally.
2023-03-31 15:10:58.753 [info] Settings: No changes found during synchronizing settings.
2023-03-31 15:10:59.065 [info] Settings: No changes found during synchronizing settings.
2023-03-31 15:10:59.276 [info] Keybindings: Last sync resource does not exist locally.
2023-03-31 15:10:59.608 [info] Keybindings: Last sync resource does not exist locally.
2023-03-31 15:11:00.729 [info] Keybindings: No changes found during synchronizing keybindings.
2023-03-31 15:11:01.143 [info] Snippets: Last sync resource does not exist locally.
2023-03-31 15:11:01.213 [info] Keybindings: No changes found during synchronizing keybindings.
2023-03-31 15:11:01.472 [info] Snippets: Last sync resource does not exist locally.
2023-03-31 15:11:01.630 [info] Snippets: No changes found during synchronizing snippets.
2023-03-31 15:11:01.646 [info] Tasks: Last sync resource does not exist locally.
2023-03-31 15:11:01.769 [info] Snippets: No changes found during synchronizing snippets.
2023-03-31 15:11:01.786 [info] Tasks: Last sync resource does not exist locally.
2023-03-31 15:11:02.046 [info] Tasks: No changes found during synchronizing tasks.
2023-03-31 15:11:02.056 [info] GlobalState: Last sync resource does not exist locally.
2023-03-31 15:11:02.151 [info] Tasks: No changes found during synchronizing tasks.
2023-03-31 15:11:02.218 [info] GlobalState: Last sync resource does not exist locally.
2023-03-31 15:11:03.332 [info] GlobalState: Updated remote ui state. Added: csharp.1.lastSessionDate,csharp.1.sessionCount. Updated: colorThemeData,workbench.panel.pinnedPanels,cpp.1.lastSessionDate,cpp.1.sessionCount,java.2.lastSessionDate,java.2.sessionCount,javascript.1.lastSessionDate,javascript.1.sessionCount,typescript.1.lastSessionDate,typescript.1.sessionCount.
2023-03-31 15:11:03.477 [info] GlobalState: Updated last synchronized ui state
2023-03-31 15:11:03.498 [info] Extensions: Last sync resource does not exist locally.
2023-03-31 15:11:04.315 [info] Extensions: No changes found during synchronizing extensions.
2023-03-31 15:11:04.359 [info] Profiles: Last sync resource does not exist locally.
2023-03-31 15:11:09.665 [info] Profiles: No changes found during synchronizing profiles.
2023-03-31 15:11:09.681 [info] Sync done. Took 13818ms
2023-03-31 15:12:36.013 [info] Auto Sync: Triggered by Activity
2023-03-31 15:12:36.014 [info] Sync started.
2023-03-31 15:12:36.281 [info] Settings: No changes found during synchronizing settings.
2023-03-31 15:12:36.295 [info] Keybindings: No changes found during synchronizing keybindings.
2023-03-31 15:12:36.315 [info] Snippets: No changes found during synchronizing snippets.
2023-03-31 15:12:36.323 [info] Tasks: No changes found during synchronizing tasks.
2023-03-31 15:12:37.225 [info] GlobalState: Updated remote ui state. Updated: workbench.panel.pinnedPanels.
2023-03-31 15:12:37.266 [info] GlobalState: Updated last synchronized ui state
2023-03-31 15:12:37.479 [info] Extensions: No changes found during synchronizing extensions.
2023-03-31 15:12:37.488 [info] Profiles: No changes found during synchronizing profiles.
2023-03-31 15:12:37.491 [info] Sync done. Took 1478ms
2023-03-31 15:12:56.113 [info] Auto Sync: Triggered by Activity
2023-03-31 15:12:56.113 [info] Sync started.
2023-03-31 15:12:56.475 [info] Settings: No changes found during synchronizing settings.
2023-03-31 15:12:56.483 [info] Keybindings: No changes found during synchronizing keybindings.
2023-03-31 15:12:56.492 [info] Snippets: No changes found during synchronizing snippets.
2023-03-31 15:12:56.498 [info] Tasks: No changes found during synchronizing tasks.
2023-03-31 15:12:56.508 [info] GlobalState: No changes found during synchronizing ui state.
2023-03-31 15:12:56.644 [info] Extensions: No changes found during synchronizing extensions.
2023-03-31 15:12:56.648 [info] Profiles: No changes found during synchronizing profiles.
2023-03-31 15:12:56.654 [info] Sync done. Took 542ms
2023-03-31 15:13:05.566 [info] Auto Sync: Triggered by Activity
2023-03-31 15:13:05.567 [info] Sync started.
2023-03-31 15:13:05.812 [info] Settings: No changes found during synchronizing settings.
2023-03-31 15:13:05.821 [info] Keybindings: No changes found during synchronizing keybindings.
2023-03-31 15:13:05.827 [info] Snippets: No changes found during synchronizing snippets.
2023-03-31 15:13:05.832 [info] Tasks: No changes found during synchronizing tasks.
2023-03-31 15:13:06.807 [info] GlobalState: Updated remote ui state. Updated: workbench.activity.pinnedViewlets2,workbench.panel.pinnedPanels.
2023-03-31 15:13:06.859 [info] GlobalState: Updated last synchronized ui state
2023-03-31 15:13:07.304 [info] Extensions: No changes found during synchronizing extensions.
2023-03-31 15:13:07.322 [info] Profiles: No changes found during synchronizing profiles.
2023-03-31 15:13:07.327 [info] Sync done. Took 1760ms
2023-03-31 15:13:08.171 [info] Auto Sync: Triggered by Activity
2023-03-31 15:13:08.172 [info] Sync started.
2023-03-31 15:13:08.405 [info] Settings: No changes found during synchronizing settings.
2023-03-31 15:13:08.430 [info] Keybindings: No changes found during synchronizing keybindings.
2023-03-31 15:13:08.442 [info] Snippets: No changes found during synchronizing snippets.
2023-03-31 15:13:08.461 [info] Tasks: No changes found during synchronizing tasks.
2023-03-31 15:13:09.022 [info] GlobalState: Updated remote ui state. Updated: workbench.activity.pinnedViewlets2.
2023-03-31 15:13:10.446 [info] GlobalState: Updated last synchronized ui state
2023-03-31 15:13:10.696 [info] Extensions: No changes found during synchronizing extensions.
2023-03-31 15:13:10.708 [info] Profiles: No changes found during synchronizing profiles.
2023-03-31 15:13:10.712 [info] Sync done. Took 2548ms
2023-03-31 15:13:10.712 [info] Auto Sync: Triggered by Activity
2023-03-31 15:13:10.713 [info] Sync started.
2023-03-31 15:13:10.914 [info] Settings: No changes found during synchronizing settings.
2023-03-31 15:13:10.929 [info] Keybindings: No changes found during synchronizing keybindings.
2023-03-31 15:13:10.945 [info] Snippets: No changes found during synchronizing snippets.
2023-03-31 15:13:10.961 [info] Tasks: No changes found during synchronizing tasks.
2023-03-31 15:13:10.978 [info] GlobalState: No changes found during synchronizing ui state.
2023-03-31 15:13:11.237 [info] Extensions: No changes found during synchronizing extensions.
2023-03-31 15:13:11.260 [info] Profiles: No changes found during synchronizing profiles.
2023-03-31 15:13:11.264 [info] Sync done. Took 551ms
2023-03-31 15:13:35.557 [info] Auto Sync: Triggered by Activity
2023-03-31 15:13:35.559 [info] Sync started.
2023-03-31 15:13:35.782 [info] Settings: No changes found during synchronizing settings.
2023-03-31 15:13:35.791 [info] Keybindings: No changes found during synchronizing keybindings.
2023-03-31 15:13:35.797 [info] Snippets: No changes found during synchronizing snippets.
2023-03-31 15:13:35.804 [info] Tasks: No changes found during synchronizing tasks.
2023-03-31 15:13:36.388 [info] GlobalState: Updated remote ui state. Updated: workbench.activity.pinnedViewlets2.
2023-03-31 15:13:36.434 [info] GlobalState: Updated last synchronized ui state
2023-03-31 15:13:36.732 [info] Extensions: No changes found during synchronizing extensions.
2023-03-31 15:13:36.737 [info] Profiles: No changes found during synchronizing profiles.
2023-03-31 15:13:36.740 [info] Sync done. Took 1187ms
2023-03-31 15:13:38.265 [info] Auto Sync: Triggered by Activity
2023-03-31 15:13:38.265 [info] Sync started.
2023-03-31 15:13:38.497 [info] Settings: No changes found during synchronizing settings.
2023-03-31 15:13:38.521 [info] Keybindings: No changes found during synchronizing keybindings.
2023-03-31 15:13:38.530 [info] Snippets: No changes found during synchronizing snippets.
2023-03-31 15:13:38.536 [info] Tasks: No changes found during synchronizing tasks.
2023-03-31 15:13:39.441 [info] GlobalState: Updated remote ui state. Updated: workbench.activity.pinnedViewlets2.
2023-03-31 15:13:40.072 [info] GlobalState: Updated last synchronized ui state
2023-03-31 15:13:40.323 [info] Extensions: No changes found during synchronizing extensions.
2023-03-31 15:13:40.328 [info] Profiles: No changes found during synchronizing profiles.
2023-03-31 15:13:40.331 [info] Sync done. Took 2068ms
2023-03-31 15:13:45.209 [info] Auto Sync: Triggered by Activity
2023-03-31 15:13:45.210 [info] Sync started.
2023-03-31 15:13:45.624 [info] Settings: No changes found during synchronizing settings.
2023-03-31 15:13:45.632 [info] Keybindings: No changes found during synchronizing keybindings.
2023-03-31 15:13:45.641 [info] Snippets: No changes found during synchronizing snippets.
2023-03-31 15:13:45.646 [info] Tasks: No changes found during synchronizing tasks.
2023-03-31 15:13:46.288 [info] GlobalState: Updated remote ui state. Updated: workbench.activity.pinnedViewlets2.
2023-03-31 15:13:46.330 [info] GlobalState: Updated last synchronized ui state
2023-03-31 15:13:46.534 [info] Extensions: No changes found during synchronizing extensions.
2023-03-31 15:13:46.538 [info] Profiles: No changes found during synchronizing profiles.
2023-03-31 15:13:46.540 [info] Sync done. Took 1333ms
2023-03-31 15:13:49.198 [info] Auto Sync: Triggered by Activity
2023-03-31 15:13:49.198 [info] Sync started.
2023-03-31 15:13:49.459 [info] Settings: No changes found during synchronizing settings.
2023-03-31 15:13:49.523 [info] Keybindings: No changes found during synchronizing keybindings.
2023-03-31 15:13:49.541 [info] Snippets: No changes found during synchronizing snippets.
2023-03-31 15:13:49.546 [info] Tasks: No changes found during synchronizing tasks.
2023-03-31 15:13:50.327 [info] GlobalState: Updated remote ui state. Updated: workbench.activity.pinnedViewlets2.
2023-03-31 15:13:50.361 [info] GlobalState: Updated last synchronized ui state
2023-03-31 15:13:50.500 [info] Extensions: No changes found during synchronizing extensions.
2023-03-31 15:13:50.505 [info] Profiles: No changes found during synchronizing profiles.
2023-03-31 15:13:50.508 [info] Sync done. Took 1313ms
2023-03-31 15:13:52.931 [info] Auto Sync: Triggered by Activity
2023-03-31 15:13:52.932 [info] Sync started.
2023-03-31 15:13:53.125 [info] Settings: No changes found during synchronizing settings.
2023-03-31 15:13:53.132 [info] Keybindings: No changes found during synchronizing keybindings.
2023-03-31 15:13:53.136 [info] Snippets: No changes found during synchronizing snippets.
2023-03-31 15:13:53.145 [info] Tasks: No changes found during synchronizing tasks.
2023-03-31 15:13:54.073 [info] GlobalState: Updated remote ui state. Updated: workbench.activity.pinnedViewlets2.
2023-03-31 15:13:54.107 [info] GlobalState: Updated last synchronized ui state
2023-03-31 15:13:54.220 [info] Extensions: No changes found during synchronizing extensions.
2023-03-31 15:13:54.225 [info] Profiles: No changes found during synchronizing profiles.
2023-03-31 15:13:54.227 [info] Sync done. Took 1299ms
2023-03-31 15:13:57.984 [info] Auto Sync: Triggered by Activity
2023-03-31 15:13:57.985 [info] Sync started.
2023-03-31 15:13:58.326 [info] Settings: No changes found during synchronizing settings.
2023-03-31 15:13:58.335 [info] Keybindings: No changes found during synchronizing keybindings.
2023-03-31 15:13:58.343 [info] Snippets: No changes found during synchronizing snippets.
2023-03-31 15:13:58.347 [info] Tasks: No changes found during synchronizing tasks.
2023-03-31 15:13:58.902 [info] GlobalState: Updated remote ui state. Updated: workbench.activity.pinnedViewlets2.
2023-03-31 15:13:58.955 [info] GlobalState: Updated last synchronized ui state
2023-03-31 15:13:59.220 [info] Extensions: No changes found during synchronizing extensions.
2023-03-31 15:13:59.230 [info] Profiles: No changes found during synchronizing profiles.
2023-03-31 15:13:59.235 [info] Sync done. Took 1254ms
2023-03-31 15:15:12.817 [info] Auto Sync: Triggered by Activity
2023-03-31 15:15:12.817 [info] Sync started.
2023-03-31 15:15:13.087 [info] Settings: No changes found during synchronizing settings.
2023-03-31 15:15:13.104 [info] Keybindings: No changes found during synchronizing keybindings.
2023-03-31 15:15:13.112 [info] Snippets: No changes found during synchronizing snippets.
2023-03-31 15:15:13.124 [info] Tasks: No changes found during synchronizing tasks.
2023-03-31 15:15:13.135 [info] GlobalState: No changes found during synchronizing ui state.
2023-03-31 15:15:13.433 [info] Extensions: No changes found during synchronizing extensions.
2023-03-31 15:15:13.445 [info] Profiles: No changes found during synchronizing profiles.
2023-03-31 15:15:13.454 [info] Sync done. Took 639ms
2023-03-31 15:16:01.863 [info] Auto Sync: Triggered by Activity
2023-03-31 15:16:01.863 [info] Sync started.
2023-03-31 15:16:02.233 [info] Settings: No changes found during synchronizing settings.
2023-03-31 15:16:02.242 [info] Keybindings: No changes found during synchronizing keybindings.
2023-03-31 15:16:02.252 [info] Snippets: No changes found during synchronizing snippets.
2023-03-31 15:16:02.258 [info] Tasks: No changes found during synchronizing tasks.
2023-03-31 15:16:03.929 [info] GlobalState: Updated remote ui state. Updated: memento/workbench.editor.keybindings.
2023-03-31 15:16:04.752 [info] GlobalState: Updated last synchronized ui state
2023-03-31 15:16:04.996 [info] Extensions: No changes found during synchronizing extensions.
2023-03-31 15:16:04.999 [info] Profiles: No changes found during synchronizing profiles.
2023-03-31 15:16:05.002 [info] Sync done. Took 3140ms
2023-03-31 15:17:17.829 [info] Auto Sync: Triggered by Activity
2023-03-31 15:17:17.829 [info] Sync started.
2023-03-31 15:17:18.143 [info] Settings: No changes found during synchronizing settings.
2023-03-31 15:17:18.150 [info] Keybindings: No changes found during synchronizing keybindings.
2023-03-31 15:17:18.159 [info] Snippets: No changes found during synchronizing snippets.
2023-03-31 15:17:18.165 [info] Tasks: No changes found during synchronizing tasks.
2023-03-31 15:17:18.176 [info] GlobalState: No changes found during synchronizing ui state.
2023-03-31 15:17:18.363 [info] Extensions: No changes found during synchronizing extensions.
2023-03-31 15:17:18.366 [info] Profiles: No changes found during synchronizing profiles.
2023-03-31 15:17:18.370 [info] Sync done. Took 541ms
2023-03-31 15:18:36.252 [info] Auto Sync: Triggered by Activity
2023-03-31 15:18:36.253 [info] Sync started.
2023-03-31 15:18:36.535 [info] Settings: No changes found during synchronizing settings.
2023-03-31 15:18:36.542 [info] Keybindings: No changes found during synchronizing keybindings.
2023-03-31 15:18:36.549 [info] Snippets: No changes found during synchronizing snippets.
2023-03-31 15:18:36.556 [info] Tasks: No changes found during synchronizing tasks.
2023-03-31 15:18:36.563 [info] GlobalState: No changes found during synchronizing ui state.
2023-03-31 15:18:36.810 [info] Extensions: No changes found during synchronizing extensions.
2023-03-31 15:18:36.815 [info] Profiles: No changes found during synchronizing profiles.
2023-03-31 15:18:36.818 [info] Sync done. Took 566ms
2023-03-31 15:18:50.459 [info] Auto Sync: Triggered by Activity
2023-03-31 15:18:50.459 [info] Sync started.
2023-03-31 15:18:50.702 [info] Settings: No changes found during synchronizing settings.
2023-03-31 15:18:50.715 [info] Keybindings: No changes found during synchronizing keybindings.
2023-03-31 15:18:50.727 [info] Snippets: No changes found during synchronizing snippets.
2023-03-31 15:18:50.736 [info] Tasks: No changes found during synchronizing tasks.
2023-03-31 15:18:50.745 [info] GlobalState: No changes found during synchronizing ui state.
2023-03-31 15:18:50.906 [info] Extensions: No changes found during synchronizing extensions.
2023-03-31 15:18:50.908 [info] Profiles: No changes found during synchronizing profiles.
2023-03-31 15:18:50.911 [info] Sync done. Took 451ms
2023-03-31 15:19:04.315 [info] Auto Sync: Triggered by Activity
2023-03-31 15:19:04.315 [info] Sync started.
2023-03-31 15:19:04.724 [info] Settings: No changes found during synchronizing settings.
2023-03-31 15:19:04.737 [info] Keybindings: No changes found during synchronizing keybindings.
2023-03-31 15:19:04.743 [info] Snippets: No changes found during synchronizing snippets.
2023-03-31 15:19:04.747 [info] Tasks: No changes found during synchronizing tasks.
2023-03-31 15:19:04.756 [info] GlobalState: No changes found during synchronizing ui state.
2023-03-31 15:19:04.941 [info] Extensions: No changes found during synchronizing extensions.
2023-03-31 15:19:04.946 [info] Profiles: No changes found during synchronizing profiles.
2023-03-31 15:19:04.952 [info] Sync done. Took 636ms
2023-03-31 15:19:37.896 [info] Auto Sync: Triggered by Activity
2023-03-31 15:19:37.897 [info] Sync started.
2023-03-31 15:19:38.241 [info] Settings: No changes found during synchronizing settings.
2023-03-31 15:19:38.254 [info] Keybindings: No changes found during synchronizing keybindings.
2023-03-31 15:19:38.265 [info] Snippets: No changes found during synchronizing snippets.
2023-03-31 15:19:38.277 [info] Tasks: No changes found during synchronizing tasks.
2023-03-31 15:19:38.290 [info] GlobalState: No changes found during synchronizing ui state.
2023-03-31 15:19:38.529 [info] Extensions: No changes found during synchronizing extensions.
2023-03-31 15:19:38.533 [info] Profiles: No changes found during synchronizing profiles.
2023-03-31 15:19:38.539 [info] Sync done. Took 643ms
2023-03-31 15:20:25.915 [info] Auto Sync: Triggered by Activity
2023-03-31 15:20:25.915 [info] Sync started.
2023-03-31 15:20:26.287 [info] Settings: No changes found during synchronizing settings.
2023-03-31 15:20:26.299 [info] Keybindings: No changes found during synchronizing keybindings.
2023-03-31 15:20:26.313 [info] Snippets: No changes found during synchronizing snippets.
2023-03-31 15:20:26.320 [info] Tasks: No changes found during synchronizing tasks.
2023-03-31 15:20:26.326 [info] GlobalState: No changes found during synchronizing ui state.
2023-03-31 15:20:26.512 [info] Extensions: No changes found during synchronizing extensions.
2023-03-31 15:20:26.514 [info] Profiles: No changes found during synchronizing profiles.
2023-03-31 15:20:26.518 [info] Sync done. Took 603ms
2023-03-31 15:21:00.253 [info] Auto Sync: Triggered by Activity
2023-03-31 15:21:00.253 [info] Sync started.
2023-03-31 15:21:00.569 [info] Settings: No changes found during synchronizing settings.
2023-03-31 15:21:00.578 [info] Keybindings: No changes found during synchronizing keybindings.
2023-03-31 15:21:00.589 [info] Snippets: No changes found during synchronizing snippets.
2023-03-31 15:21:00.596 [info] Tasks: No changes found during synchronizing tasks.
2023-03-31 15:21:00.608 [info] GlobalState: No changes found during synchronizing ui state.
2023-03-31 15:21:00.758 [info] Extensions: No changes found during synchronizing extensions.
2023-03-31 15:21:00.763 [info] Profiles: No changes found during synchronizing profiles.
2023-03-31 15:21:00.766 [info] Sync done. Took 514ms
2023-03-31 15:21:12.013 [info] Auto Sync: Triggered by Activity
2023-03-31 15:21:12.014 [info] Sync started.
2023-03-31 15:21:12.342 [info] Settings: No changes found during synchronizing settings.
2023-03-31 15:21:12.357 [info] Keybindings: No changes found during synchronizing keybindings.
2023-03-31 15:21:12.367 [info] Snippets: No changes found during synchronizing snippets.
2023-03-31 15:21:12.374 [info] Tasks: No changes found during synchronizing tasks.
2023-03-31 15:21:12.386 [info] GlobalState: No changes found during synchronizing ui state.
2023-03-31 15:21:12.588 [info] Extensions: No changes found during synchronizing extensions.
2023-03-31 15:21:12.591 [info] Profiles: No changes found during synchronizing profiles.
2023-03-31 15:21:12.596 [info] Sync done. Took 586ms
2023-03-31 15:22:05.836 [info] Auto Sync: Triggered by Activity
2023-03-31 15:22:05.837 [info] Sync started.
2023-03-31 15:22:06.176 [info] Settings: No changes found during synchronizing settings.
2023-03-31 15:22:06.186 [info] Keybindings: No changes found during synchronizing keybindings.
2023-03-31 15:22:06.192 [info] Snippets: No changes found during synchronizing snippets.
2023-03-31 15:22:06.197 [info] Tasks: No changes found during synchronizing tasks.
2023-03-31 15:22:06.203 [info] GlobalState: No changes found during synchronizing ui state.
2023-03-31 15:22:06.375 [info] Extensions: No changes found during synchronizing extensions.
2023-03-31 15:22:06.380 [info] Profiles: No changes found during synchronizing profiles.
2023-03-31 15:22:06.383 [info] Sync done. Took 550ms
2023-03-31 15:22:17.857 [info] Auto Sync: Triggered by Activity
2023-03-31 15:22:17.858 [info] Sync started.
2023-03-31 15:22:18.178 [info] Settings: No changes found during synchronizing settings.
2023-03-31 15:22:18.224 [info] Keybindings: No changes found during synchronizing keybindings.
2023-03-31 15:22:18.243 [info] Snippets: No changes found during synchronizing snippets.
2023-03-31 15:22:18.255 [info] Tasks: No changes found during synchronizing tasks.
2023-03-31 15:22:19.483 [info] GlobalState: Updated remote ui state. Updated: workbench.panel.pinnedPanels.
2023-03-31 15:22:19.534 [info] GlobalState: Updated last synchronized ui state
2023-03-31 15:22:19.711 [info] Extensions: No changes found during synchronizing extensions.
2023-03-31 15:22:19.721 [info] Profiles: No changes found during synchronizing profiles.
2023-03-31 15:22:19.729 [info] Sync done. Took 1873ms
2023-03-31 15:22:44.481 [info] Auto Sync: Triggered by Activity
2023-03-31 15:22:44.482 [info] Sync started.
2023-03-31 15:22:44.995 [info] Settings: No changes found during synchronizing settings.
2023-03-31 15:22:45.012 [info] Keybindings: No changes found during synchronizing keybindings.
2023-03-31 15:22:45.024 [info] Snippets: No changes found during synchronizing snippets.
2023-03-31 15:22:45.031 [info] Tasks: No changes found during synchronizing tasks.
2023-03-31 15:22:45.646 [info] GlobalState: Updated remote ui state. Updated: workbench.panel.pinnedPanels.
2023-03-31 15:22:45.901 [info] GlobalState: Updated last synchronized ui state
2023-03-31 15:22:46.188 [info] Extensions: No changes found during synchronizing extensions.
2023-03-31 15:22:46.192 [info] Profiles: No changes found during synchronizing profiles.
2023-03-31 15:22:46.195 [info] Sync done. Took 1715ms
2023-03-31 15:23:15.934 [info] Auto Sync: Triggered by Activity
2023-03-31 15:23:15.936 [info] Sync started.
2023-03-31 15:23:16.313 [info] Settings: No changes found during synchronizing settings.
2023-03-31 15:23:16.322 [info] Keybindings: No changes found during synchronizing keybindings.
2023-03-31 15:23:16.330 [info] Snippets: No changes found during synchronizing snippets.
2023-03-31 15:23:16.337 [info] Tasks: No changes found during synchronizing tasks.
2023-03-31 15:23:16.350 [info] GlobalState: No changes found during synchronizing ui state.
2023-03-31 15:23:16.559 [info] Extensions: No changes found during synchronizing extensions.
2023-03-31 15:23:16.564 [info] Profiles: No changes found during synchronizing profiles.
2023-03-31 15:23:16.568 [info] Sync done. Took 638ms
2023-03-31 15:23:23.115 [info] Auto Sync: Triggered by Activity
2023-03-31 15:23:23.116 [info] Sync started.
2023-03-31 15:23:23.415 [info] Settings: No changes found during synchronizing settings.
2023-03-31 15:23:23.424 [info] Keybindings: No changes found during synchronizing keybindings.
2023-03-31 15:23:23.436 [info] Snippets: No changes found during synchronizing snippets.
2023-03-31 15:23:23.442 [info] Tasks: No changes found during synchronizing tasks.
2023-03-31 15:23:25.030 [info] GlobalState: Updated remote ui state. Updated: workbench.panel.pinnedPanels.
2023-03-31 15:23:25.073 [info] GlobalState: Updated last synchronized ui state
2023-03-31 15:23:25.327 [info] Extensions: No changes found during synchronizing extensions.
2023-03-31 15:23:25.331 [info] Profiles: No changes found during synchronizing profiles.
2023-03-31 15:23:25.335 [info] Sync done. Took 2221ms
2023-03-31 15:24:52.533 [info] Auto Sync: Triggered by Activity
2023-03-31 15:24:52.533 [info] Sync started.
2023-03-31 15:24:52.700 [info] Settings: No changes found during synchronizing settings.
2023-03-31 15:24:52.731 [info] Keybindings: No changes found during synchronizing keybindings.
2023-03-31 15:24:52.757 [info] Snippets: No changes found during synchronizing snippets.
2023-03-31 15:24:52.770 [info] Tasks: No changes found during synchronizing tasks.
2023-03-31 15:24:52.782 [info] GlobalState: No changes found during synchronizing ui state.
2023-03-31 15:24:52.908 [info] Extensions: No changes found during synchronizing extensions.
2023-03-31 15:24:52.924 [info] Profiles: No changes found during synchronizing profiles.
2023-03-31 15:24:52.933 [info] Sync done. Took 403ms
