2023-03-30 17:53:05.092 [info] Added views:workbench.panel.markers.view in workbench.panel.markers
2023-03-30 17:53:05.092 [info] Added views:workbench.panel.output in workbench.panel.output
2023-03-30 17:53:05.092 [info] Added views:terminal in terminal
2023-03-30 17:53:05.092 [info] Added views:outline in workbench.view.explorer
2023-03-30 17:53:05.092 [info] Added views:workbench.scm in workbench.view.scm
2023-03-30 17:53:05.092 [info] Added views:workbench.view.search in workbench.view.search
2023-03-30 17:53:05.092 [info] Added views:timeline in workbench.view.explorer
2023-03-30 17:53:05.092 [info] Added views:workbench.explorer.fileView in workbench.view.explorer
2023-03-30 17:53:05.901 [info] Added views:gitlens.views.home,gitlens.views.contributors in workbench.view.extension.gitlens
2023-03-30 17:53:05.902 [info] Added views:gitlens.views.commits,gitlens.views.commitDetails,gitlens.views.fileHistory,gitlens.views.branches,gitlens.views.remotes,gitlens.views.stashes,gitlens.views.tags,gitlens.views.searchAndCompare in workbench.view.scm
2023-03-30 17:53:05.903 [info] Added views:dockerContainers,dockerImages,dockerRegistries,dockerNetworks,dockerVolumes,vscode-docker.views.dockerContexts,vscode-docker.views.help in workbench.view.extension.dockerView
2023-03-30 17:53:05.913 [info] Added views:vscode-serial-monitor.monitor0 in workbench.view.extension.vscode-serial-monitor-tools
2023-03-30 17:53:05.914 [info] Added views:platformio-ide.quickAccess in workbench.view.extension.platformio
2023-03-30 17:53:05.914 [info] Added views:platformio-debug.peripherals,platformio-debug.registers,platformio-debug.memory,platformio-debug.disassembly in workbench.view.debug
2023-03-30 17:53:06.267 [info] Added views:workbench.debug.welcome in workbench.view.debug
2023-03-30 17:53:07.553 [info] Added views:workbench.panel.repl.view in workbench.panel.repl
2023-03-30 17:53:11.392 [info] Removed views:gitlens.views.searchAndCompare,gitlens.views.tags,gitlens.views.stashes,gitlens.views.remotes,gitlens.views.branches,gitlens.views.fileHistory,gitlens.views.commitDetails,gitlens.views.commits from workbench.view.scm
2023-03-30 17:53:11.394 [info] Removed views:gitlens.views.contributors from workbench.view.extension.gitlens
2023-03-30 18:06:55.087 [info] Added views:workbench.view.testing in workbench.view.extension.test
2023-03-30 18:16:42.200 [info] Added views:workbench.views.extensions.installed,workbench.views.extensions.popular,extensions.recommendedList in workbench.view.extensions
2023-03-30 18:16:42.205 [info] Removed views:workbench.views.extensions.popular from workbench.view.extensions
2023-03-30 18:18:07.173 [info] Showing view workbench.explorer.openEditorsView in the container workbench.view.explorer
2023-03-30 18:18:07.173 [info] Added views:workbench.explorer.openEditorsView in workbench.view.explorer
2023-03-30 18:18:17.011 [info] Removed views:workbench.explorer.openEditorsView from workbench.view.explorer
2023-03-30 18:18:20.089 [info] Removed views:timeline from workbench.view.explorer
2023-03-30 18:18:22.244 [info] Showing view timeline in the container workbench.view.explorer
2023-03-30 18:18:22.245 [info] Added views:timeline in workbench.view.explorer
2023-03-30 18:29:22.366 [info] Showing view workbench.explorer.openEditorsView in the container workbench.view.explorer
2023-03-30 18:29:22.366 [info] Added views:workbench.explorer.openEditorsView in workbench.view.explorer
2023-03-30 18:44:47.090 [info] Added views:jupyterViewVariables in workbench.view.extension.jupyter-variables
2023-03-30 18:47:34.562 [info] Removed views:jupyterViewVariables from workbench.view.extension.jupyter-variables
2023-03-30 18:53:18.973 [info] Added views:jupyterViewVariables in workbench.view.extension.jupyter-variables
2023-03-31 01:02:03.966 [info] Removed views:workbench.view.testing from workbench.view.extension.test
