2023-03-31 22:10:10.659 [info] Added views:workbench.panel.markers.view in workbench.panel.markers
2023-03-31 22:10:10.659 [info] Added views:workbench.panel.output in workbench.panel.output
2023-03-31 22:10:10.659 [info] Added views:terminal in terminal
2023-03-31 22:10:10.659 [info] Added views:outline in workbench.view.explorer
2023-03-31 22:10:10.659 [info] Added views:workbench.scm in workbench.view.scm
2023-03-31 22:10:10.659 [info] Added views:workbench.view.search in workbench.view.search
2023-03-31 22:10:10.659 [info] Added views:timeline in workbench.view.explorer
2023-03-31 22:10:10.659 [info] Added views:workbench.explorer.fileView in workbench.view.explorer
2023-03-31 22:10:10.659 [info] Added views:workbench.explorer.openEditorsView in workbench.view.explorer
2023-03-31 22:10:10.952 [info] Added views:workbench.debug.welcome in workbench.view.debug
2023-03-31 22:10:11.718 [info] Added views:gitlens.views.home,gitlens.views.contributors in workbench.view.extension.gitlens
2023-03-31 22:10:11.720 [info] Added views:gitlens.views.commits,gitlens.views.commitDetails,gitlens.views.fileHistory,gitlens.views.branches,gitlens.views.remotes,gitlens.views.stashes,gitlens.views.tags,gitlens.views.searchAndCompare in workbench.view.scm
2023-03-31 22:10:11.721 [info] Added views:dockerContainers,dockerImages,dockerRegistries,dockerNetworks,dockerVolumes,vscode-docker.views.dockerContexts,vscode-docker.views.help in workbench.view.extension.dockerView
2023-03-31 22:10:11.723 [info] Added views:vscode-serial-monitor.monitor0 in workbench.view.extension.vscode-serial-monitor-tools
2023-03-31 22:10:11.724 [info] Added views:platformio-ide.quickAccess in workbench.view.extension.platformio
2023-03-31 22:10:11.725 [info] Added views:platformio-debug.peripherals,platformio-debug.registers,platformio-debug.memory,platformio-debug.disassembly in workbench.view.debug
2023-03-31 22:10:14.061 [info] Added views:workbench.panel.repl.view in workbench.panel.repl
2023-03-31 22:10:16.713 [info] Added views:workbench.view.testing in workbench.view.extension.test
2023-03-31 22:10:18.764 [info] Removed views:gitlens.views.contributors from workbench.view.extension.gitlens
2023-03-31 22:10:18.769 [info] Removed views:gitlens.views.searchAndCompare,gitlens.views.tags,gitlens.views.stashes,gitlens.views.remotes,gitlens.views.branches,gitlens.views.fileHistory,gitlens.views.commitDetails,gitlens.views.commits from workbench.view.scm
2023-03-31 22:11:27.446 [info] Added views:jupyterViewVariables in workbench.view.extension.jupyter-variables
2023-04-01 08:39:41.861 [info] Removed views:workbench.view.testing from workbench.view.extension.test
