Visual Studio Code (1.77.0, undefined, desktop)
Jupyter Extension Version: 2023.3.1000892223.
Python Extension Version: 2023.6.0.
Workspace folder /home/hadi/Desktop
info 15:25:54.322: ZMQ loaded via fallback mechanism.
User belongs to experiment group 'jupyterEnhancedDataViewer'
User belongs to experiment group 'jupyterTestcf'
info 15:25:55.049: LSP Notebooks experiment is enabled
warn 15:25:59.517: Failed to get activated env vars for /bin/python3 in 4085ms
info 15:25:59.552: Process Execution: > /bin/python3 -c "import site;print("USER_BASE_VALUE");print(site.USER_BASE);print("USER_BASE_VALUE");"
> /bin/python3 -c "import site;print("USER_BASE_VALUE");print(site.USER_BASE);print("USER_BASE_VALUE");"
info 15:25:59.691: Process Execution: > /bin/python3 -m pip list
> /bin/python3 -m pip list
info 15:26:05.035: Starting interactive window for resource 'Untitled-2' with controller '.jvsc74a57bd0916dbcbb3f70747c44a77c7bcd40155683ae19c65e1c03b4aa3499c5328201f1./bin/python3./bin/python3.-m#ipykernel_launcher (Interactive)'
info 15:26:06.805: Starting Jupyter Session startUsingPythonInterpreter, .jvsc74a57bd0916dbcbb3f70747c44a77c7bcd40155683ae19c65e1c03b4aa3499c5328201f1./bin/python3./bin/python3.-m#ipykernel_launcher (Python Path: , EnvType: Unknown, EnvName: '', Version: 3.10.6 (main, Mar 10 2023, 10:55:28) [GCC 11.3.0]) for '/Interactive-1.interactive' (disableUI=false)
warn 15:26:07.276: Failed to get activated env vars for /bin/python3 in 460ms
info 15:26:07.360: Process Execution: > /bin/python3 -c "import ipykernel; print(ipykernel.__version__); print("5dc3a68c-e34e-4080-9c3e-2a532b2ccb4d"); print(ipykernel.__file__)"
> /bin/python3 -c "import ipykernel; print(ipykernel.__version__); print("5dc3a68c-e34e-4080-9c3e-2a532b2ccb4d"); print(ipykernel.__file__)"
warn 15:26:07.362: Failed to get activated env vars for /bin/python3 in 526ms
warn 15:26:07.367: Failed to get activated env vars for /bin/python3 in 530ms
info 15:26:07.449: Process Execution: > /bin/python3 -m ipykernel_launcher --ip=127.0.0.1 --stdin=9003 --control=9001 --hb=9000 --Session.signature_scheme="hmac-sha256" --Session.key=b"cc6f703f-aaea-4ae4-beea-ac691e1a99e5" --shell=9002 --transport="tcp" --iopub=9004 --f=/home/hadi/.local/share/jupyter/runtime/kernel-v2-15246To5DXc11l73T.json
> /bin/python3 -m ipykernel_launcher --ip=127.0.0.1 --stdin=9003 --control=9001 --hb=9000 --Session.signature_scheme="hmac-sha256" --Session.key=b"cc6f703f-aaea-4ae4-beea-ac691e1a99e5" --shell=9002 --transport="tcp" --iopub=9004 --f=/home/hadi/.local/share/jupyter/runtime/kernel-v2-15246To5DXc11l73T.json
info 15:26:07.449: Process Execution: cwd: ~/Desktop
cwd: ~/Desktop
info 15:26:08.823: ipykernel version & path 6.21.3, ~/.local/lib/python3.10/site-packages/ipykernel/__init__.py for /bin/python3
warn 15:26:11.086: StdErr from Kernel Process /home/hadi/.local/lib/python3.10/site-packages/traitlets/traitlets.py:2548: FutureWarning: Supporting extra quotes around strings is deprecated in traitlets 5.0. You can use 'hmac-sha256' instead of '"hmac-sha256"' if you require traitlets >=5.
  warn(

warn 15:26:11.086: StdErr from Kernel Process /home/hadi/.local/lib/python3.10/site-packages/traitlets/traitlets.py:2499: FutureWarning: Supporting extra quotes around Bytes is deprecated in traitlets 5.0. Use 'cc6f703f-aaea-4ae4-beea-ac691e1a99e5' instead of 'b"cc6f703f-aaea-4ae4-beea-ac691e1a99e5"'.
  warn(

info 15:26:11.365: ZMQ loaded via fallback mechanism.
info 15:26:11.390: Started Kernel Python 3.10.6 (pid: 15481)
info 15:26:11.662: Generated code for 1 = <ipython-input-1-ac6cec41b733> with 5 lines
warn 15:26:11.891: Failed to get activated env vars for /bin/python3 in 266ms
info 15:26:11.920: Process Execution: > /bin/python3 ~/.vscode/extensions/ms-toolsai.jupyter-2023.3.1000892223/pythonFiles/printJupyterDataDir.py
> /bin/python3 ~/.vscode/extensions/ms-toolsai.jupyter-2023.3.1000892223/pythonFiles/printJupyterDataDir.py
info 15:26:15.401: Cancel all remaining cells true || Error || undefined
info 15:30:33.461: Generated code for 5 = <ipython-input-5-e4ff33662d75> with 8 lines
info 15:31:34.079: Generated code for 6 = <ipython-input-6-d9de6f4f247c> with 2 lines
info 15:33:01.391: Generated code for 7 = <ipython-input-7-4b4c683870da> with 2 lines
info 15:35:44.722: Cancel all remaining cells true || Error || undefined
info 15:43:43.449: Dispose Kernel '/Interactive-1.interactive' associated with 'Untitled-2'
info 15:43:43.452: Dispose Kernel process 15481.
info 15:43:43.478: Dispose Kernel '/Interactive-1.interactive' associated with 'Untitled-2'
info 15:50:00.907: Starting interactive window for resource 'Untitled-2' with controller '.jvsc74a57bd0916dbcbb3f70747c44a77c7bcd40155683ae19c65e1c03b4aa3499c5328201f1./bin/python3./bin/python3.-m#ipykernel_launcher (Interactive)'
warn 15:50:01.126: Failed to get activated env vars for /bin/python3 in 51ms
info 15:50:01.146: Process Execution: > /bin/python3 -m pip list
> /bin/python3 -m pip list
info 15:50:01.699: Starting Jupyter Session startUsingPythonInterpreter, .jvsc74a57bd0916dbcbb3f70747c44a77c7bcd40155683ae19c65e1c03b4aa3499c5328201f1./bin/python3./bin/python3.-m#ipykernel_launcher (Python Path: , EnvType: Unknown, EnvName: '', Version: 3.10.6 (main, Mar 10 2023, 10:55:28) [GCC 11.3.0]) for '/Interactive-1.interactive' (disableUI=false)
warn 15:50:01.917: Failed to get activated env vars for /bin/python3 in 214ms
info 15:50:01.996: Process Execution: > /bin/python3 -c "import ipykernel; print(ipykernel.__version__); print("5dc3a68c-e34e-4080-9c3e-2a532b2ccb4d"); print(ipykernel.__file__)"
> /bin/python3 -c "import ipykernel; print(ipykernel.__version__); print("5dc3a68c-e34e-4080-9c3e-2a532b2ccb4d"); print(ipykernel.__file__)"
warn 15:50:02.000: Failed to get activated env vars for /bin/python3 in 283ms
warn 15:50:02.005: Failed to get activated env vars for /bin/python3 in 288ms
info 15:50:02.152: Process Execution: > /bin/python3 -m ipykernel_launcher --ip=127.0.0.1 --stdin=9003 --control=9001 --hb=9000 --Session.signature_scheme="hmac-sha256" --Session.key=b"cbaf9e90-1d4b-477d-80aa-f1afb20bbbd2" --shell=9002 --transport="tcp" --iopub=9004 --f=/home/hadi/.local/share/jupyter/runtime/kernel-v2-15246NtOJMkNIkrDl.json
> /bin/python3 -m ipykernel_launcher --ip=127.0.0.1 --stdin=9003 --control=9001 --hb=9000 --Session.signature_scheme="hmac-sha256" --Session.key=b"cbaf9e90-1d4b-477d-80aa-f1afb20bbbd2" --shell=9002 --transport="tcp" --iopub=9004 --f=/home/hadi/.local/share/jupyter/runtime/kernel-v2-15246NtOJMkNIkrDl.json
info 15:50:02.152: Process Execution: cwd: ~/Desktop
cwd: ~/Desktop
info 15:50:02.649: ipykernel version & path 6.21.3, ~/.local/lib/python3.10/site-packages/ipykernel/__init__.py for /bin/python3
warn 15:50:03.188: StdErr from Kernel Process /home/hadi/.local/lib/python3.10/site-packages/traitlets/traitlets.py:2548: FutureWarning: Supporting extra quotes around strings is deprecated in traitlets 5.0. You can use 'hmac-sha256' instead of '"hmac-sha256"' if you require traitlets >=5.
  warn(

warn 15:50:03.189: StdErr from Kernel Process /home/hadi/.local/lib/python3.10/site-packages/traitlets/traitlets.py:2499: FutureWarning: Supporting extra quotes around Bytes is deprecated in traitlets 5.0. Use 'cbaf9e90-1d4b-477d-80aa-f1afb20bbbd2' instead of 'b"cbaf9e90-1d4b-477d-80aa-f1afb20bbbd2"'.
  warn(

info 15:50:03.410: ZMQ loaded via fallback mechanism.
info 15:50:04.536: Started Kernel Python 3.10.6 (pid: 16084)
info 15:50:04.677: Generated code for 1 = <ipython-input-1-34e919c4f785> with 2 lines
info 15:50:05.049: Cancel all remaining cells true || Error || undefined
info 15:50:16.517: Generated code for 2 = <ipython-input-2-957a1fd07a5c> with 7 lines
info 15:50:31.284: Generated code for 3 = <ipython-input-3-4b4c683870da> with 2 lines
info 15:50:34.576: Generated code for 4 = <ipython-input-4-34e919c4f785> with 2 lines
info 15:50:49.288: Generated code for 5 = <ipython-input-5-66f7f7f8b7b6> with 2 lines
info 15:52:44.498: Cancel all remaining cells true || Error || undefined
info 15:53:30.089: Generated code for 9 = <ipython-input-9-d4261e6c0ef2> with 2 lines
info 15:53:30.980: Cancel all remaining cells true || Error || undefined
info 15:54:00.556: Generated code for 10 = <ipython-input-10-829f0442408f> with 2 lines
info 15:54:00.755: Cancel all remaining cells true || Error || undefined
info 15:54:13.991: Generated code for 11 = <ipython-input-11-c32bb51b00c4> with 2 lines
info 15:54:28.024: Generated code for 12 = <ipython-input-12-e714c0bf4f68> with 2 lines
info 15:58:43.523: Generated code for 13 = <ipython-input-13-4b4c683870da> with 2 lines
info 15:58:48.119: Generated code for 14 = <ipython-input-14-34e919c4f785> with 2 lines
info 15:58:50.144: Generated code for 15 = <ipython-input-15-ad37a4c0f5b3> with 2 lines
info 15:58:58.835: Dispose Kernel '/Interactive-1.interactive' associated with 'Untitled-2'
info 15:58:58.837: Dispose Kernel process 16084.
info 15:58:58.869: Dispose Kernel '/Interactive-1.interactive' associated with 'Untitled-2'
info 15:59:07.239: Starting interactive window for resource '/home/hadi/Desktop/my_python_codes/pandas.py' with controller '.jvsc74a57bd0916dbcbb3f70747c44a77c7bcd40155683ae19c65e1c03b4aa3499c5328201f1./bin/python3./bin/python3.-m#ipykernel_launcher (Interactive)'
warn 15:59:07.419: Failed to get activated env vars for /bin/python3 in 45ms
info 15:59:07.446: Process Execution: > /bin/python3 -m pip list
> /bin/python3 -m pip list
info 15:59:07.949: Starting Jupyter Session startUsingPythonInterpreter, .jvsc74a57bd0916dbcbb3f70747c44a77c7bcd40155683ae19c65e1c03b4aa3499c5328201f1./bin/python3./bin/python3.-m#ipykernel_launcher (Python Path: , EnvType: Unknown, EnvName: '', Version: 3.10.6 (main, Mar 10 2023, 10:55:28) [GCC 11.3.0]) for '/Interactive-1.interactive' (disableUI=false)
warn 15:59:08.072: Failed to get activated env vars for /bin/python3 in 118ms
info 15:59:08.104: Process Execution: > /bin/python3 -c "import ipykernel; print(ipykernel.__version__); print("5dc3a68c-e34e-4080-9c3e-2a532b2ccb4d"); print(ipykernel.__file__)"
> /bin/python3 -c "import ipykernel; print(ipykernel.__version__); print("5dc3a68c-e34e-4080-9c3e-2a532b2ccb4d"); print(ipykernel.__file__)"
warn 15:59:08.118: Failed to get activated env vars for /bin/python3 in 157ms
warn 15:59:08.128: Failed to get activated env vars for /bin/python3 in 162ms
info 15:59:08.158: Process Execution: > /bin/python3 -m ipykernel_launcher --ip=127.0.0.1 --stdin=9003 --control=9001 --hb=9000 --Session.signature_scheme="hmac-sha256" --Session.key=b"72ace9a4-fc38-4349-8787-66e07e1e3556" --shell=9002 --transport="tcp" --iopub=9004 --f=/home/hadi/.local/share/jupyter/runtime/kernel-v2-15246N0pnkQvRtLnN.json
> /bin/python3 -m ipykernel_launcher --ip=127.0.0.1 --stdin=9003 --control=9001 --hb=9000 --Session.signature_scheme="hmac-sha256" --Session.key=b"72ace9a4-fc38-4349-8787-66e07e1e3556" --shell=9002 --transport="tcp" --iopub=9004 --f=/home/hadi/.local/share/jupyter/runtime/kernel-v2-15246N0pnkQvRtLnN.json
info 15:59:08.158: Process Execution: cwd: ~/Desktop/my_python_codes
cwd: ~/Desktop/my_python_codes
info 15:59:08.456: ipykernel version & path 6.21.3, ~/.local/lib/python3.10/site-packages/ipykernel/__init__.py for /bin/python3
info 15:59:09.175: ZMQ loaded via fallback mechanism.
info 15:59:09.829: Started Kernel Python 3.10.6 (pid: 16707)
info 15:59:09.983: Generated code for 1 = <ipython-input-1-957a1fd07a5c> with 7 lines
info 15:59:10.291: Cancel all remaining cells true || Error || undefined
info 15:59:14.664: Generated code for 2 = <ipython-input-2-957a1fd07a5c> with 7 lines
info 15:59:14.798: Cancel all remaining cells true || Error || undefined
info 15:59:47.942: Cancel all remaining cells true || Error || undefined
info 15:59:55.853: Restart kernel execution
info 15:59:55.854: Restart requested vscode-interactive:/Interactive-1.interactive
info 15:59:55.856: Restarting ab6f6d43-3149-4ebe-a0aa-f754d6cde778
warn 15:59:55.996: Failed to get activated env vars for /bin/python3 in 137ms
info 15:59:56.009: Process Execution: > /bin/python3 -c "import ipykernel; print(ipykernel.__version__); print("5dc3a68c-e34e-4080-9c3e-2a532b2ccb4d"); print(ipykernel.__file__)"
> /bin/python3 -c "import ipykernel; print(ipykernel.__version__); print("5dc3a68c-e34e-4080-9c3e-2a532b2ccb4d"); print(ipykernel.__file__)"
warn 15:59:56.012: Failed to get activated env vars for /bin/python3 in 91ms
warn 15:59:56.014: Failed to get activated env vars for /bin/python3 in 92ms
info 15:59:56.030: Process Execution: > /bin/python3 -m ipykernel_launcher --ip=127.0.0.1 --stdin=9008 --control=9006 --hb=9005 --Session.signature_scheme="hmac-sha256" --Session.key=b"426d9f55-fb2b-4d2e-9c9c-ad0e7287a204" --shell=9007 --transport="tcp" --iopub=9009 --f=/home/hadi/.local/share/jupyter/runtime/kernel-v2-15246ZWLKwDv3Pfsk.json
> /bin/python3 -m ipykernel_launcher --ip=127.0.0.1 --stdin=9008 --control=9006 --hb=9005 --Session.signature_scheme="hmac-sha256" --Session.key=b"426d9f55-fb2b-4d2e-9c9c-ad0e7287a204" --shell=9007 --transport="tcp" --iopub=9009 --f=/home/hadi/.local/share/jupyter/runtime/kernel-v2-15246ZWLKwDv3Pfsk.json
info 15:59:56.030: Process Execution: cwd: ~/Desktop/my_python_codes
cwd: ~/Desktop/my_python_codes
info 15:59:56.294: ipykernel version & path 6.21.3, ~/.local/lib/python3.10/site-packages/ipykernel/__init__.py for /bin/python3
warn 15:59:56.814: StdErr from Kernel Process /home/hadi/.local/lib/python3.10/site-packages/traitlets/traitlets.py:2548: FutureWarning: Supporting extra quotes around strings is deprecated in traitlets 5.0. You can use 'hmac-sha256' instead of '"hmac-sha256"' if you require traitlets >=5.
  warn(

warn 15:59:56.815: StdErr from Kernel Process /home/hadi/.local/lib/python3.10/site-packages/traitlets/traitlets.py:2499: FutureWarning: Supporting extra quotes around Bytes is deprecated in traitlets 5.0. Use '426d9f55-fb2b-4d2e-9c9c-ad0e7287a204' instead of 'b"426d9f55-fb2b-4d2e-9c9c-ad0e7287a204"'.
  warn(

info 15:59:56.846: ZMQ loaded via fallback mechanism.
info 15:59:56.979: Got new session ed309015-5e5a-4913-863e-035f0ddf49eb
info 15:59:56.979: Started new restart session
info 15:59:56.979: Dispose Kernel process 16707.
info 16:00:02.826: Cancel all remaining cells true || Error || undefined
info 16:00:07.866: Dispose Kernel '/Interactive-1.interactive' associated with '/home/hadi/Desktop/my_python_codes/pandas.py'
info 16:00:07.867: Dispose Kernel process 16752.
info 16:00:07.890: Dispose Kernel '/Interactive-1.interactive' associated with '/home/hadi/Desktop/my_python_codes/pandas.py'
info 16:00:09.354: Starting interactive window for resource '/home/hadi/Desktop/my_python_codes/pandas.py' with controller '.jvsc74a57bd0916dbcbb3f70747c44a77c7bcd40155683ae19c65e1c03b4aa3499c5328201f1./bin/python3./bin/python3.-m#ipykernel_launcher (Interactive)'
info 16:00:10.039: Starting Jupyter Session startUsingPythonInterpreter, .jvsc74a57bd0916dbcbb3f70747c44a77c7bcd40155683ae19c65e1c03b4aa3499c5328201f1./bin/python3./bin/python3.-m#ipykernel_launcher (Python Path: , EnvType: Unknown, EnvName: '', Version: 3.10.6 (main, Mar 10 2023, 10:55:28) [GCC 11.3.0]) for '/Interactive-1.interactive' (disableUI=false)
warn 16:00:10.185: Failed to get activated env vars for /bin/python3 in 141ms
info 16:00:10.277: Process Execution: > /bin/python3 -c "import ipykernel; print(ipykernel.__version__); print("5dc3a68c-e34e-4080-9c3e-2a532b2ccb4d"); print(ipykernel.__file__)"
> /bin/python3 -c "import ipykernel; print(ipykernel.__version__); print("5dc3a68c-e34e-4080-9c3e-2a532b2ccb4d"); print(ipykernel.__file__)"
warn 16:00:10.278: Failed to get activated env vars for /bin/python3 in 228ms
warn 16:00:10.281: Failed to get activated env vars for /bin/python3 in 230ms
info 16:00:10.332: Process Execution: > /bin/python3 -m ipykernel_launcher --ip=127.0.0.1 --stdin=9003 --control=9001 --hb=9000 --Session.signature_scheme="hmac-sha256" --Session.key=b"103ed89a-9ed9-458e-8af6-329772a959dd" --shell=9002 --transport="tcp" --iopub=9004 --f=/home/hadi/.local/share/jupyter/runtime/kernel-v2-15246EMV8l8eU3o64.json
> /bin/python3 -m ipykernel_launcher --ip=127.0.0.1 --stdin=9003 --control=9001 --hb=9000 --Session.signature_scheme="hmac-sha256" --Session.key=b"103ed89a-9ed9-458e-8af6-329772a959dd" --shell=9002 --transport="tcp" --iopub=9004 --f=/home/hadi/.local/share/jupyter/runtime/kernel-v2-15246EMV8l8eU3o64.json
info 16:00:10.332: Process Execution: cwd: ~/Desktop/my_python_codes
cwd: ~/Desktop/my_python_codes
info 16:00:10.923: ipykernel version & path 6.21.3, ~/.local/lib/python3.10/site-packages/ipykernel/__init__.py for /bin/python3
info 16:00:11.767: ZMQ loaded via fallback mechanism.
info 16:00:11.975: Started Kernel Python 3.10.6 (pid: 16796)
info 16:00:12.094: Generated code for 1 = <ipython-input-1-957a1fd07a5c> with 7 lines
info 16:00:12.408: Cancel all remaining cells true || Error || undefined
info 16:00:44.681: Generated code for 2 = <ipython-input-2-957a1fd07a5c> with 7 lines
info 16:00:44.890: Cancel all remaining cells true || Error || undefined
info 16:00:46.383: Generated code for 3 = <ipython-input-3-4b4c683870da> with 2 lines
info 16:00:46.486: Cancel all remaining cells true || Error || undefined
info 16:01:06.441: Dispose Kernel '/Interactive-1.interactive' associated with '/home/hadi/Desktop/my_python_codes/pandas.py'
info 16:01:06.448: Dispose Kernel process 16796.
info 16:01:06.525: Dispose Kernel '/Interactive-1.interactive' associated with '/home/hadi/Desktop/my_python_codes/pandas.py'
info 16:01:22.005: Starting interactive window for resource '/home/hadi/Desktop/my_python_codes/pandas_practice.py' with controller '.jvsc74a57bd0916dbcbb3f70747c44a77c7bcd40155683ae19c65e1c03b4aa3499c5328201f1./bin/python3./bin/python3.-m#ipykernel_launcher (Interactive)'
info 16:01:22.672: Starting Jupyter Session startUsingPythonInterpreter, .jvsc74a57bd0916dbcbb3f70747c44a77c7bcd40155683ae19c65e1c03b4aa3499c5328201f1./bin/python3./bin/python3.-m#ipykernel_launcher (Python Path: , EnvType: Unknown, EnvName: '', Version: 3.10.6 (main, Mar 10 2023, 10:55:28) [GCC 11.3.0]) for '/Interactive-1.interactive' (disableUI=false)
warn 16:01:22.794: Failed to get activated env vars for /bin/python3 in 119ms
info 16:01:22.820: Process Execution: > /bin/python3 -c "import ipykernel; print(ipykernel.__version__); print("5dc3a68c-e34e-4080-9c3e-2a532b2ccb4d"); print(ipykernel.__file__)"
> /bin/python3 -c "import ipykernel; print(ipykernel.__version__); print("5dc3a68c-e34e-4080-9c3e-2a532b2ccb4d"); print(ipykernel.__file__)"
warn 16:01:22.822: Failed to get activated env vars for /bin/python3 in 131ms
warn 16:01:22.829: Failed to get activated env vars for /bin/python3 in 138ms
info 16:01:22.854: Process Execution: > /bin/python3 -m ipykernel_launcher --ip=127.0.0.1 --stdin=9003 --control=9001 --hb=9000 --Session.signature_scheme="hmac-sha256" --Session.key=b"8a7a619f-6022-4b2f-8621-b3b52aeae17c" --shell=9002 --transport="tcp" --iopub=9004 --f=/home/hadi/.local/share/jupyter/runtime/kernel-v2-15246aAzWTj3uNAkr.json
> /bin/python3 -m ipykernel_launcher --ip=127.0.0.1 --stdin=9003 --control=9001 --hb=9000 --Session.signature_scheme="hmac-sha256" --Session.key=b"8a7a619f-6022-4b2f-8621-b3b52aeae17c" --shell=9002 --transport="tcp" --iopub=9004 --f=/home/hadi/.local/share/jupyter/runtime/kernel-v2-15246aAzWTj3uNAkr.json
info 16:01:22.854: Process Execution: cwd: ~/Desktop/my_python_codes
cwd: ~/Desktop/my_python_codes
info 16:01:23.150: ipykernel version & path 6.21.3, ~/.local/lib/python3.10/site-packages/ipykernel/__init__.py for /bin/python3
info 16:01:23.671: ZMQ loaded via fallback mechanism.
info 16:01:23.716: Started Kernel Python 3.10.6 (pid: 16912)
info 16:01:23.918: Generated code for 1 = <ipython-input-1-957a1fd07a5c> with 7 lines
info 16:01:24.255: Cancel all remaining cells true || Error || undefined
info 22:09:02.201: Restart kernel execution
info 22:09:02.218: Restart requested vscode-interactive:/Interactive-1.interactive
info 22:09:02.218: Restarting e80e0af8-23a3-49e8-8eff-a0c6b6eedd6f
warn 22:09:02.503: Failed to get activated env vars for /bin/python3 in 285ms
info 22:09:02.626: Process Execution: > /bin/python3 -c "import ipykernel; print(ipykernel.__version__); print("5dc3a68c-e34e-4080-9c3e-2a532b2ccb4d"); print(ipykernel.__file__)"
> /bin/python3 -c "import ipykernel; print(ipykernel.__version__); print("5dc3a68c-e34e-4080-9c3e-2a532b2ccb4d"); print(ipykernel.__file__)"
warn 22:09:02.630: Failed to get activated env vars for /bin/python3 in 404ms
warn 22:09:02.660: Failed to get activated env vars for /bin/python3 in 314ms
info 22:09:02.697: Process Execution: > /bin/python3 -m ipykernel_launcher --ip=127.0.0.1 --stdin=9008 --control=9006 --hb=9005 --Session.signature_scheme="hmac-sha256" --Session.key=b"2e571367-9398-424a-92ef-06bd59ba9733" --shell=9007 --transport="tcp" --iopub=9009 --f=/home/hadi/.local/share/jupyter/runtime/kernel-v2-152460XmqILufAbD6.json
> /bin/python3 -m ipykernel_launcher --ip=127.0.0.1 --stdin=9008 --control=9006 --hb=9005 --Session.signature_scheme="hmac-sha256" --Session.key=b"2e571367-9398-424a-92ef-06bd59ba9733" --shell=9007 --transport="tcp" --iopub=9009 --f=/home/hadi/.local/share/jupyter/runtime/kernel-v2-152460XmqILufAbD6.json
info 22:09:02.697: Process Execution: cwd: ~/Desktop/my_python_codes
cwd: ~/Desktop/my_python_codes
info 22:09:05.622: ipykernel version & path 6.21.3, ~/.local/lib/python3.10/site-packages/ipykernel/__init__.py for /bin/python3
warn 22:09:09.445: StdErr from Kernel Process /home/hadi/.local/lib/python3.10/site-packages/traitlets/traitlets.py:2548: FutureWarning: Supporting extra quotes around strings is deprecated in traitlets 5.0. You can use 'hmac-sha256' instead of '"hmac-sha256"' if you require traitlets >=5.
  warn(

warn 22:09:09.445: StdErr from Kernel Process /home/hadi/.local/lib/python3.10/site-packages/traitlets/traitlets.py:2499: FutureWarning: Supporting extra quotes around Bytes is deprecated in traitlets 5.0. Use '2e571367-9398-424a-92ef-06bd59ba9733' instead of 'b"2e571367-9398-424a-92ef-06bd59ba9733"'.
  warn(

info 22:09:10.037: ZMQ loaded via fallback mechanism.
info 22:09:10.098: Got new session 7d739912-c608-4f67-b50f-7c2ccc7b05d3
info 22:09:10.099: Started new restart session
info 22:09:10.099: Dispose Kernel process 16912.
info 22:09:41.068: Generated code for 1 = <ipython-input-1-957a1fd07a5c> with 7 lines
info 22:09:41.778: Cancel all remaining cells true || Error || undefined
info 22:09:54.730: Shutting down notebooks for 02a03219-5144-45ec-a4e7-d3289c28e0e7
info 22:09:54.730: Disposing HostJupyterExecution ee2db59d-2cf1-4369-bb60-9ccc23482a91
info 22:09:54.731: Dispose Kernel '/Interactive-1.interactive' associated with 'Untitled-2'
info 22:09:54.736: Dispose Kernel '/Interactive-1.interactive' associated with 'Untitled-2'
info 22:09:54.737: Dispose Kernel '/Interactive-1.interactive' associated with '/home/hadi/Desktop/my_python_codes/pandas.py'
info 22:09:54.737: Dispose Kernel '/Interactive-1.interactive' associated with '/home/hadi/Desktop/my_python_codes/pandas.py'
info 22:09:54.737: Dispose Kernel '/Interactive-1.interactive' associated with '/home/hadi/Desktop/my_python_codes/pandas_practice.py'
info 22:09:54.738: Dispose Kernel process 24682.
info 22:09:54.761: Disposing HostJupyterExecution ee2db59d-2cf1-4369-bb60-9ccc23482a91
info 22:09:54.775: Dispose Kernel '/Interactive-1.interactive' associated with '/home/hadi/Desktop/my_python_codes/pandas_practice.py'
