[Info  - 3:26:00 PM] (15323) Pylance language server 2023.3.40 (pyright 04471971) starting
[Info  - 3:26:00 PM] (15323) Server root directory: /home/hadi/.vscode/extensions/ms-python.vscode-pylance-2023.3.40/dist
[Info  - 3:26:00 PM] (15323) Starting service instance "Desktop"
[Info  - 3:26:00 PM] (15323) Auto-indent enabled
[Info  - 3:26:00 PM] (15323) No configuration file found.
[Info  - 3:26:00 PM] (15323) No pyproject.toml file found.
[Info  - 3:26:00 PM] (15323) Setting pythonPath for service "Desktop": "/bin/python3"
[Warn  - 3:26:00 PM] (15323) stubPath /home/hadi/Desktop/typings is not a valid directory.
[Info  - 3:26:00 PM] (15323) Assuming Python version 3.10
[Info  - 3:26:00 PM] (15323) Assuming Python platform Linux
[Info  - 3:26:00 PM] (15323) Searching for source files
[Info  - 3:26:00 PM] (15323) No source files found.
[Info  - 3:26:01 PM] (15323) Background analysis(1) root directory: /home/hadi/.vscode/extensions/ms-python.vscode-pylance-2023.3.40/dist
[Info  - 3:26:01 PM] (15323) Background analysis(1) started
[Info  - 3:26:02 PM] (15323) Indexer background runner(2) root directory: /home/hadi/.vscode/extensions/ms-python.vscode-pylance-2023.3.40/dist (index)
[Info  - 3:26:02 PM] (15323) Indexing(2) started
[Info  - 3:26:05 PM] (15323) [IDX(2)] Long operation: scan packages /home/hadi/Desktop (3553ms)
[Info  - 3:26:05 PM] (15323) scanned(2) 162 files over 1 exec env
[Info  - 3:26:06 PM] (15323) [BG(1)] Long operation: checking: Untitled-2 (3893ms)
[Info  - 3:26:06 PM] (15323) [BG(1)] Long operation: analyzing: Untitled-2 (4660ms)
[Info  - 3:26:11 PM] (15323) [IDX(2)] Long operation: index execution environment /home/hadi/Desktop (5407ms)
[Info  - 3:26:11 PM] (15323) [IDX(2)] Long operation: index packages /home/hadi/Desktop (5469ms)
[Info  - 3:26:11 PM] (15323) indexed(2) 96 files over 1 exec env
[Info  - 3:26:11 PM] (15323) Indexing finished(2).
[Info  - 3:56:18 PM] (15323) Searching for source files
[Info  - 3:56:18 PM] (15323) Found 1 source file
[Info  - 3:58:11 PM] (15323) Searching for source files
[Info  - 3:58:11 PM] (15323) Found 2 source files
[Info  - 3:58:17 PM] (15323) Searching for source files
[Info  - 3:58:17 PM] (15323) Found 2 source files
