2023-03-25 11:01:33.295 [info] Reading sessions from secret storage...
2023-03-25 11:01:33.343 [info] Got 1 stored sessions
2023-03-25 11:01:33.343 [info] Refreshing token for scopes: email offline_access openid profile
2023-03-25 11:01:34.825 [info] Setting token for scopes: email offline_access openid profile
2023-03-25 11:01:34.825 [info] Token refresh success for scopes: email offline_access openid profile
2023-03-25 11:01:34.826 [info] Stored token for scopes: email offline_access openid profile
2023-03-25 11:01:34.840 [info] Getting sessions for the following scopes: email offline_access openid profile
2023-03-25 11:01:34.840 [info] Got 1 sessions for scopes: email offline_access openid profile
2023-03-25 11:01:34.840 [info] Token available from cache (for scopes email offline_access openid profile), expires in 4023985 milliseconds
2023-03-25 11:46:17.494 [info] Refreshing token for scopes: email offline_access openid profile
2023-03-25 11:46:19.464 [info] Setting token for scopes: email offline_access openid profile
2023-03-25 11:46:19.464 [info] Token refresh success for scopes: email offline_access openid profile
2023-03-25 11:46:19.466 [info] Triggering change session event...
2023-03-25 11:46:19.466 [info] Stored token for scopes: email offline_access openid profile
2023-03-25 11:46:19.471 [info] Getting sessions for the following scopes: email offline_access openid profile
2023-03-25 11:46:19.471 [info] Got 1 sessions for scopes: email offline_access openid profile
2023-03-25 11:46:19.471 [info] Token available from cache (for scopes email offline_access openid profile), expires in 4675992 milliseconds
2023-03-25 12:38:16.801 [info] Refreshing token for scopes: email offline_access openid profile
2023-03-25 12:38:18.584 [info] Setting token for scopes: email offline_access openid profile
2023-03-25 12:38:18.584 [info] Token refresh success for scopes: email offline_access openid profile
2023-03-25 12:38:18.584 [info] Triggering change session event...
2023-03-25 12:38:18.584 [info] Stored token for scopes: email offline_access openid profile
2023-03-25 12:38:18.591 [info] Getting sessions for the following scopes: email offline_access openid profile
2023-03-25 12:38:18.591 [info] Got 1 sessions for scopes: email offline_access openid profile
2023-03-25 12:38:18.591 [info] Token available from cache (for scopes email offline_access openid profile), expires in 4327993 milliseconds
