2023-03-31 22:10:13.809 [info] Extension host with pid 24903 started
2023-03-31 22:10:13.810 [info] Skipping acquiring lock for /home/hadi/.config/Code/User/workspaceStorage/e0f039a488c2d35aaf821c258b7132de.
2023-03-31 22:10:14.030 [info] ExtensionService#_doActivateExtension vscode.emmet, startup: false, activationEvent: 'onLanguage'
2023-03-31 22:10:14.090 [info] ExtensionService#_doActivateExtension ms-python.python, startup: false, activationEvent: 'onLanguage:python', root cause: ms-python.isort
2023-03-31 22:10:14.325 [info] ExtensionService#_doActivateExtension ms-toolsai.jupyter, startup: false, activationEvent: 'onLanguage:python'
2023-03-31 22:10:14.732 [info] ExtensionService#_doActivateExtension vscode.github-authentication, startup: false, activationEvent: 'onAuthenticationRequest:github'
2023-03-31 22:10:16.433 [info] ExtensionService#_doActivateExtension vscode.git-base, startup: true, activationEvent: '*', root cause: vscode.git
2023-03-31 22:10:16.494 [info] ExtensionService#_doActivateExtension ms-toolsai.jupyter-renderers, startup: false, activationEvent: 'api', root cause: ms-toolsai.jupyter
2023-03-31 22:10:16.881 [info] ExtensionService#_doActivateExtension ms-python.isort, startup: false, activationEvent: 'onLanguage:python'
2023-03-31 22:10:17.034 [info] ExtensionService#_doActivateExtension ms-python.vscode-pylance, startup: false, activationEvent: 'onLanguage:python'
2023-03-31 22:10:17.709 [info] ExtensionService#_doActivateExtension vscode.git, startup: true, activationEvent: '*'
2023-03-31 22:10:17.831 [info] ExtensionService#_doActivateExtension vscode.github, startup: true, activationEvent: '*'
2023-03-31 22:10:17.901 [info] ExtensionService#_doActivateExtension vscode.microsoft-authentication, startup: false, activationEvent: 'onAuthenticationRequest:microsoft'
2023-03-31 22:10:18.162 [info] Eager extensions activated
2023-03-31 22:10:18.309 [info] ExtensionService#_doActivateExtension vscode.debug-auto-launch, startup: false, activationEvent: 'onStartupFinished'
2023-03-31 22:10:18.325 [info] ExtensionService#_doActivateExtension vscode.merge-conflict, startup: false, activationEvent: 'onStartupFinished'
2023-03-31 22:10:18.348 [info] ExtensionService#_doActivateExtension eamodio.gitlens, startup: false, activationEvent: 'onStartupFinished'
2023-03-31 22:10:18.560 [info] ExtensionService#_doActivateExtension vscode.npm, startup: false, activationEvent: 'onStartupFinished', root cause: esbenp.prettier-vscode
2023-03-31 22:10:19.423 [info] ExtensionService#_doActivateExtension esbenp.prettier-vscode, startup: false, activationEvent: 'onStartupFinished'
2023-03-31 22:10:22.647 [info] ExtensionService#_doActivateExtension vscode.configuration-editing, startup: false, activationEvent: 'onLanguage:jsonc'
2023-03-31 22:10:22.712 [info] ExtensionService#_doActivateExtension vscode.json-language-features, startup: false, activationEvent: 'onLanguage:jsonc'
2023-03-31 22:10:22.801 [info] ExtensionService#_doActivateExtension vscode.typescript-language-features, startup: false, activationEvent: 'onLanguage:jsonc'
2023-03-31 22:11:31.362 [info] ExtensionService#_doActivateExtension vscode.extension-editing, startup: false, activationEvent: 'onLanguage:markdown'
2023-03-31 22:11:31.389 [info] ExtensionService#_doActivateExtension vscode.markdown-language-features, startup: false, activationEvent: 'onLanguage:markdown'
2023-04-01 08:39:41.750 [info] Extension host terminating: renderer closed the MessagePort
2023-04-01 08:39:45.946 [error] Canceled: Canceled
	at new l (/snap/code/123/usr/share/code/resources/app/out/vs/workbench/api/node/extensionHostProcess.js:98:105190)
	at c.O (/snap/code/123/usr/share/code/resources/app/out/vs/workbench/api/node/extensionHostProcess.js:108:11692)
	at G.<computed>.Q.charCodeAt.G.<computed> (/snap/code/123/usr/share/code/resources/app/out/vs/workbench/api/node/extensionHostProcess.js:108:8967)
	at m.g (/snap/code/123/usr/share/code/resources/app/out/vs/workbench/api/node/extensionHostProcess.js:98:125211)
	at m.executeCommand (/snap/code/123/usr/share/code/resources/app/out/vs/workbench/api/node/extensionHostProcess.js:98:124587)
	at L.registerCommand.description (/snap/code/123/usr/share/code/resources/app/out/vs/workbench/api/node/extensionHostProcess.js:98:123880)
	at m.h (/snap/code/123/usr/share/code/resources/app/out/vs/workbench/api/node/extensionHostProcess.js:98:125797)
	at m.g (/snap/code/123/usr/share/code/resources/app/out/vs/workbench/api/node/extensionHostProcess.js:98:124687)
	at m.executeCommand (/snap/code/123/usr/share/code/resources/app/out/vs/workbench/api/node/extensionHostProcess.js:98:124587)
	at Object.executeCommand (/snap/code/123/usr/share/code/resources/app/out/vs/workbench/api/node/extensionHostProcess.js:114:23801)
	at c (/home/hadi/.vscode/extensions/eamodio.gitlens-13.4.0/dist/gitlens.js:1:988555)
	at ActionRunners._updateContextKeys (/home/hadi/.vscode/extensions/eamodio.gitlens-13.4.0/dist/gitlens.js:1:7346)
	at r (/home/hadi/.vscode/extensions/eamodio.gitlens-13.4.0/dist/gitlens.js:1:5765)
	at RegisteredActionRunner.unregister (/home/hadi/.vscode/extensions/eamodio.gitlens-13.4.0/dist/gitlens.js:1:5909)
	at RegisteredActionRunner.dispose (/home/hadi/.vscode/extensions/eamodio.gitlens-13.4.0/dist/gitlens.js:1:4574)
	at ActionRunners.dispose (/home/hadi/.vscode/extensions/eamodio.gitlens-13.4.0/dist/gitlens.js:1:5351)
	at C (/snap/code/123/usr/share/code/resources/app/out/vs/workbench/api/node/extensionHostProcess.js:10:12084)
	at E.Y (/snap/code/123/usr/share/code/resources/app/out/vs/workbench/api/node/extensionHostProcess.js:110:11147)
	at /snap/code/123/usr/share/code/resources/app/out/vs/workbench/api/node/extensionHostProcess.js:110:9131
	at Array.map (<anonymous>)
	at E.R (/snap/code/123/usr/share/code/resources/app/out/vs/workbench/api/node/extensionHostProcess.js:110:9118)
	at E.terminate (/snap/code/123/usr/share/code/resources/app/out/vs/workbench/api/node/extensionHostProcess.js:110:9389)
	at d.terminate (/snap/code/123/usr/share/code/resources/app/out/vs/workbench/api/node/extensionHostProcess.js:114:1544)
	at p (/snap/code/123/usr/share/code/resources/app/out/vs/workbench/api/node/extensionHostProcess.js:124:18690)
	at MessagePortMain.<anonymous> (/snap/code/123/usr/share/code/resources/app/out/vs/workbench/api/node/extensionHostProcess.js:124:14829)
	at MessagePortMain.emit (node:events:526:28)
	at MessagePortMain._internalPort.emit (node:electron/js2c/utility_init:5:364) setContext undefined
2023-04-01 08:39:45.947 [error] Canceled: Canceled
	at new l (/snap/code/123/usr/share/code/resources/app/out/vs/workbench/api/node/extensionHostProcess.js:98:105190)
	at c.O (/snap/code/123/usr/share/code/resources/app/out/vs/workbench/api/node/extensionHostProcess.js:108:11692)
	at G.<computed>.Q.charCodeAt.G.<computed> (/snap/code/123/usr/share/code/resources/app/out/vs/workbench/api/node/extensionHostProcess.js:108:8967)
	at m.g (/snap/code/123/usr/share/code/resources/app/out/vs/workbench/api/node/extensionHostProcess.js:98:125211)
	at m.executeCommand (/snap/code/123/usr/share/code/resources/app/out/vs/workbench/api/node/extensionHostProcess.js:98:124587)
	at L.registerCommand.description (/snap/code/123/usr/share/code/resources/app/out/vs/workbench/api/node/extensionHostProcess.js:98:123880)
	at m.h (/snap/code/123/usr/share/code/resources/app/out/vs/workbench/api/node/extensionHostProcess.js:98:125797)
	at m.g (/snap/code/123/usr/share/code/resources/app/out/vs/workbench/api/node/extensionHostProcess.js:98:124687)
	at m.executeCommand (/snap/code/123/usr/share/code/resources/app/out/vs/workbench/api/node/extensionHostProcess.js:98:124587)
	at Object.executeCommand (/snap/code/123/usr/share/code/resources/app/out/vs/workbench/api/node/extensionHostProcess.js:114:23801)
	at c (/home/hadi/.vscode/extensions/eamodio.gitlens-13.4.0/dist/gitlens.js:1:988555)
	at ActionRunners._updateContextKeys (/home/hadi/.vscode/extensions/eamodio.gitlens-13.4.0/dist/gitlens.js:1:7346)
	at r (/home/hadi/.vscode/extensions/eamodio.gitlens-13.4.0/dist/gitlens.js:1:5765)
	at RegisteredActionRunner.unregister (/home/hadi/.vscode/extensions/eamodio.gitlens-13.4.0/dist/gitlens.js:1:5909)
	at RegisteredActionRunner.dispose (/home/hadi/.vscode/extensions/eamodio.gitlens-13.4.0/dist/gitlens.js:1:4574)
	at ActionRunners.dispose (/home/hadi/.vscode/extensions/eamodio.gitlens-13.4.0/dist/gitlens.js:1:5351)
	at C (/snap/code/123/usr/share/code/resources/app/out/vs/workbench/api/node/extensionHostProcess.js:10:12084)
	at E.Y (/snap/code/123/usr/share/code/resources/app/out/vs/workbench/api/node/extensionHostProcess.js:110:11147)
	at /snap/code/123/usr/share/code/resources/app/out/vs/workbench/api/node/extensionHostProcess.js:110:9131
	at Array.map (<anonymous>)
	at E.R (/snap/code/123/usr/share/code/resources/app/out/vs/workbench/api/node/extensionHostProcess.js:110:9118)
	at E.terminate (/snap/code/123/usr/share/code/resources/app/out/vs/workbench/api/node/extensionHostProcess.js:110:9389)
	at d.terminate (/snap/code/123/usr/share/code/resources/app/out/vs/workbench/api/node/extensionHostProcess.js:114:1544)
	at p (/snap/code/123/usr/share/code/resources/app/out/vs/workbench/api/node/extensionHostProcess.js:124:18690)
	at MessagePortMain.<anonymous> (/snap/code/123/usr/share/code/resources/app/out/vs/workbench/api/node/extensionHostProcess.js:124:14829)
	at MessagePortMain.emit (node:events:526:28)
	at MessagePortMain._internalPort.emit (node:electron/js2c/utility_init:5:364) setContext undefined
2023-04-01 08:39:45.947 [error] Canceled: Canceled
	at new l (/snap/code/123/usr/share/code/resources/app/out/vs/workbench/api/node/extensionHostProcess.js:98:105190)
	at c.O (/snap/code/123/usr/share/code/resources/app/out/vs/workbench/api/node/extensionHostProcess.js:108:11692)
	at G.<computed>.Q.charCodeAt.G.<computed> (/snap/code/123/usr/share/code/resources/app/out/vs/workbench/api/node/extensionHostProcess.js:108:8967)
	at m.g (/snap/code/123/usr/share/code/resources/app/out/vs/workbench/api/node/extensionHostProcess.js:98:125211)
	at m.executeCommand (/snap/code/123/usr/share/code/resources/app/out/vs/workbench/api/node/extensionHostProcess.js:98:124587)
	at L.registerCommand.description (/snap/code/123/usr/share/code/resources/app/out/vs/workbench/api/node/extensionHostProcess.js:98:123880)
	at m.h (/snap/code/123/usr/share/code/resources/app/out/vs/workbench/api/node/extensionHostProcess.js:98:125797)
	at m.g (/snap/code/123/usr/share/code/resources/app/out/vs/workbench/api/node/extensionHostProcess.js:98:124687)
	at m.executeCommand (/snap/code/123/usr/share/code/resources/app/out/vs/workbench/api/node/extensionHostProcess.js:98:124587)
	at Object.executeCommand (/snap/code/123/usr/share/code/resources/app/out/vs/workbench/api/node/extensionHostProcess.js:114:23801)
	at c (/home/hadi/.vscode/extensions/eamodio.gitlens-13.4.0/dist/gitlens.js:1:988555)
	at ActionRunners._updateContextKeys (/home/hadi/.vscode/extensions/eamodio.gitlens-13.4.0/dist/gitlens.js:1:7346)
	at r (/home/hadi/.vscode/extensions/eamodio.gitlens-13.4.0/dist/gitlens.js:1:5765)
	at RegisteredActionRunner.unregister (/home/hadi/.vscode/extensions/eamodio.gitlens-13.4.0/dist/gitlens.js:1:5909)
	at RegisteredActionRunner.dispose (/home/hadi/.vscode/extensions/eamodio.gitlens-13.4.0/dist/gitlens.js:1:4574)
	at ActionRunners.dispose (/home/hadi/.vscode/extensions/eamodio.gitlens-13.4.0/dist/gitlens.js:1:5351)
	at C (/snap/code/123/usr/share/code/resources/app/out/vs/workbench/api/node/extensionHostProcess.js:10:12084)
	at E.Y (/snap/code/123/usr/share/code/resources/app/out/vs/workbench/api/node/extensionHostProcess.js:110:11147)
	at /snap/code/123/usr/share/code/resources/app/out/vs/workbench/api/node/extensionHostProcess.js:110:9131
	at Array.map (<anonymous>)
	at E.R (/snap/code/123/usr/share/code/resources/app/out/vs/workbench/api/node/extensionHostProcess.js:110:9118)
	at E.terminate (/snap/code/123/usr/share/code/resources/app/out/vs/workbench/api/node/extensionHostProcess.js:110:9389)
	at d.terminate (/snap/code/123/usr/share/code/resources/app/out/vs/workbench/api/node/extensionHostProcess.js:114:1544)
	at p (/snap/code/123/usr/share/code/resources/app/out/vs/workbench/api/node/extensionHostProcess.js:124:18690)
	at MessagePortMain.<anonymous> (/snap/code/123/usr/share/code/resources/app/out/vs/workbench/api/node/extensionHostProcess.js:124:14829)
	at MessagePortMain.emit (node:events:526:28)
	at MessagePortMain._internalPort.emit (node:electron/js2c/utility_init:5:364) setContext undefined
2023-04-01 08:39:45.947 [error] Canceled: Canceled
	at new l (/snap/code/123/usr/share/code/resources/app/out/vs/workbench/api/node/extensionHostProcess.js:98:105190)
	at c.O (/snap/code/123/usr/share/code/resources/app/out/vs/workbench/api/node/extensionHostProcess.js:108:11692)
	at G.<computed>.Q.charCodeAt.G.<computed> (/snap/code/123/usr/share/code/resources/app/out/vs/workbench/api/node/extensionHostProcess.js:108:8967)
	at m.g (/snap/code/123/usr/share/code/resources/app/out/vs/workbench/api/node/extensionHostProcess.js:98:125211)
	at m.executeCommand (/snap/code/123/usr/share/code/resources/app/out/vs/workbench/api/node/extensionHostProcess.js:98:124587)
	at L.registerCommand.description (/snap/code/123/usr/share/code/resources/app/out/vs/workbench/api/node/extensionHostProcess.js:98:123880)
	at m.h (/snap/code/123/usr/share/code/resources/app/out/vs/workbench/api/node/extensionHostProcess.js:98:125797)
	at m.g (/snap/code/123/usr/share/code/resources/app/out/vs/workbench/api/node/extensionHostProcess.js:98:124687)
	at m.executeCommand (/snap/code/123/usr/share/code/resources/app/out/vs/workbench/api/node/extensionHostProcess.js:98:124587)
	at Object.executeCommand (/snap/code/123/usr/share/code/resources/app/out/vs/workbench/api/node/extensionHostProcess.js:114:23801)
	at c (/home/hadi/.vscode/extensions/eamodio.gitlens-13.4.0/dist/gitlens.js:1:988555)
	at ActionRunners._updateContextKeys (/home/hadi/.vscode/extensions/eamodio.gitlens-13.4.0/dist/gitlens.js:1:7346)
	at r (/home/hadi/.vscode/extensions/eamodio.gitlens-13.4.0/dist/gitlens.js:1:5765)
	at RegisteredActionRunner.unregister (/home/hadi/.vscode/extensions/eamodio.gitlens-13.4.0/dist/gitlens.js:1:5909)
	at RegisteredActionRunner.dispose (/home/hadi/.vscode/extensions/eamodio.gitlens-13.4.0/dist/gitlens.js:1:4574)
	at Object.dispose (/home/hadi/.vscode/extensions/eamodio.gitlens-13.4.0/dist/gitlens.js:1:6006)
	at C (/snap/code/123/usr/share/code/resources/app/out/vs/workbench/api/node/extensionHostProcess.js:10:12084)
	at E.Y (/snap/code/123/usr/share/code/resources/app/out/vs/workbench/api/node/extensionHostProcess.js:110:11147)
	at /snap/code/123/usr/share/code/resources/app/out/vs/workbench/api/node/extensionHostProcess.js:110:9131
	at Array.map (<anonymous>)
	at E.R (/snap/code/123/usr/share/code/resources/app/out/vs/workbench/api/node/extensionHostProcess.js:110:9118)
	at E.terminate (/snap/code/123/usr/share/code/resources/app/out/vs/workbench/api/node/extensionHostProcess.js:110:9389)
	at d.terminate (/snap/code/123/usr/share/code/resources/app/out/vs/workbench/api/node/extensionHostProcess.js:114:1544)
	at p (/snap/code/123/usr/share/code/resources/app/out/vs/workbench/api/node/extensionHostProcess.js:124:18690)
	at MessagePortMain.<anonymous> (/snap/code/123/usr/share/code/resources/app/out/vs/workbench/api/node/extensionHostProcess.js:124:14829)
	at MessagePortMain.emit (node:events:526:28)
	at MessagePortMain._internalPort.emit (node:electron/js2c/utility_init:5:364) setContext undefined
2023-04-01 08:39:45.947 [error] Canceled: Canceled
	at new l (/snap/code/123/usr/share/code/resources/app/out/vs/workbench/api/node/extensionHostProcess.js:98:105190)
	at c.O (/snap/code/123/usr/share/code/resources/app/out/vs/workbench/api/node/extensionHostProcess.js:108:11692)
	at G.<computed>.Q.charCodeAt.G.<computed> (/snap/code/123/usr/share/code/resources/app/out/vs/workbench/api/node/extensionHostProcess.js:108:8967)
	at m.g (/snap/code/123/usr/share/code/resources/app/out/vs/workbench/api/node/extensionHostProcess.js:98:125211)
	at m.executeCommand (/snap/code/123/usr/share/code/resources/app/out/vs/workbench/api/node/extensionHostProcess.js:98:124587)
	at L.registerCommand.description (/snap/code/123/usr/share/code/resources/app/out/vs/workbench/api/node/extensionHostProcess.js:98:123880)
	at m.h (/snap/code/123/usr/share/code/resources/app/out/vs/workbench/api/node/extensionHostProcess.js:98:125797)
	at m.g (/snap/code/123/usr/share/code/resources/app/out/vs/workbench/api/node/extensionHostProcess.js:98:124687)
	at m.executeCommand (/snap/code/123/usr/share/code/resources/app/out/vs/workbench/api/node/extensionHostProcess.js:98:124587)
	at Object.executeCommand (/snap/code/123/usr/share/code/resources/app/out/vs/workbench/api/node/extensionHostProcess.js:114:23801)
	at c (/home/hadi/.vscode/extensions/eamodio.gitlens-13.4.0/dist/gitlens.js:1:988555)
	at ActionRunners._updateContextKeys (/home/hadi/.vscode/extensions/eamodio.gitlens-13.4.0/dist/gitlens.js:1:7346)
	at r (/home/hadi/.vscode/extensions/eamodio.gitlens-13.4.0/dist/gitlens.js:1:5765)
	at RegisteredActionRunner.unregister (/home/hadi/.vscode/extensions/eamodio.gitlens-13.4.0/dist/gitlens.js:1:5909)
	at RegisteredActionRunner.dispose (/home/hadi/.vscode/extensions/eamodio.gitlens-13.4.0/dist/gitlens.js:1:4574)
	at Object.dispose (/home/hadi/.vscode/extensions/eamodio.gitlens-13.4.0/dist/gitlens.js:1:6006)
	at C (/snap/code/123/usr/share/code/resources/app/out/vs/workbench/api/node/extensionHostProcess.js:10:12084)
	at E.Y (/snap/code/123/usr/share/code/resources/app/out/vs/workbench/api/node/extensionHostProcess.js:110:11147)
	at /snap/code/123/usr/share/code/resources/app/out/vs/workbench/api/node/extensionHostProcess.js:110:9131
	at Array.map (<anonymous>)
	at E.R (/snap/code/123/usr/share/code/resources/app/out/vs/workbench/api/node/extensionHostProcess.js:110:9118)
	at E.terminate (/snap/code/123/usr/share/code/resources/app/out/vs/workbench/api/node/extensionHostProcess.js:110:9389)
	at d.terminate (/snap/code/123/usr/share/code/resources/app/out/vs/workbench/api/node/extensionHostProcess.js:114:1544)
	at p (/snap/code/123/usr/share/code/resources/app/out/vs/workbench/api/node/extensionHostProcess.js:124:18690)
	at MessagePortMain.<anonymous> (/snap/code/123/usr/share/code/resources/app/out/vs/workbench/api/node/extensionHostProcess.js:124:14829)
	at MessagePortMain.emit (node:events:526:28)
	at MessagePortMain._internalPort.emit (node:electron/js2c/utility_init:5:364) setContext undefined
2023-04-01 08:39:45.947 [error] Canceled: Canceled
	at new l (/snap/code/123/usr/share/code/resources/app/out/vs/workbench/api/node/extensionHostProcess.js:98:105190)
	at c.O (/snap/code/123/usr/share/code/resources/app/out/vs/workbench/api/node/extensionHostProcess.js:108:11692)
	at G.<computed>.Q.charCodeAt.G.<computed> (/snap/code/123/usr/share/code/resources/app/out/vs/workbench/api/node/extensionHostProcess.js:108:8967)
	at m.g (/snap/code/123/usr/share/code/resources/app/out/vs/workbench/api/node/extensionHostProcess.js:98:125211)
	at m.executeCommand (/snap/code/123/usr/share/code/resources/app/out/vs/workbench/api/node/extensionHostProcess.js:98:124587)
	at L.registerCommand.description (/snap/code/123/usr/share/code/resources/app/out/vs/workbench/api/node/extensionHostProcess.js:98:123880)
	at m.h (/snap/code/123/usr/share/code/resources/app/out/vs/workbench/api/node/extensionHostProcess.js:98:125797)
	at m.g (/snap/code/123/usr/share/code/resources/app/out/vs/workbench/api/node/extensionHostProcess.js:98:124687)
	at m.executeCommand (/snap/code/123/usr/share/code/resources/app/out/vs/workbench/api/node/extensionHostProcess.js:98:124587)
	at Object.executeCommand (/snap/code/123/usr/share/code/resources/app/out/vs/workbench/api/node/extensionHostProcess.js:114:23801)
	at c (/home/hadi/.vscode/extensions/eamodio.gitlens-13.4.0/dist/gitlens.js:1:988555)
	at ActionRunners._updateContextKeys (/home/hadi/.vscode/extensions/eamodio.gitlens-13.4.0/dist/gitlens.js:1:7346)
	at r (/home/hadi/.vscode/extensions/eamodio.gitlens-13.4.0/dist/gitlens.js:1:5765)
	at RegisteredActionRunner.unregister (/home/hadi/.vscode/extensions/eamodio.gitlens-13.4.0/dist/gitlens.js:1:5909)
	at RegisteredActionRunner.dispose (/home/hadi/.vscode/extensions/eamodio.gitlens-13.4.0/dist/gitlens.js:1:4574)
	at Object.dispose (/home/hadi/.vscode/extensions/eamodio.gitlens-13.4.0/dist/gitlens.js:1:6006)
	at C (/snap/code/123/usr/share/code/resources/app/out/vs/workbench/api/node/extensionHostProcess.js:10:12084)
	at E.Y (/snap/code/123/usr/share/code/resources/app/out/vs/workbench/api/node/extensionHostProcess.js:110:11147)
	at /snap/code/123/usr/share/code/resources/app/out/vs/workbench/api/node/extensionHostProcess.js:110:9131
	at Array.map (<anonymous>)
	at E.R (/snap/code/123/usr/share/code/resources/app/out/vs/workbench/api/node/extensionHostProcess.js:110:9118)
	at E.terminate (/snap/code/123/usr/share/code/resources/app/out/vs/workbench/api/node/extensionHostProcess.js:110:9389)
	at d.terminate (/snap/code/123/usr/share/code/resources/app/out/vs/workbench/api/node/extensionHostProcess.js:114:1544)
	at p (/snap/code/123/usr/share/code/resources/app/out/vs/workbench/api/node/extensionHostProcess.js:124:18690)
	at MessagePortMain.<anonymous> (/snap/code/123/usr/share/code/resources/app/out/vs/workbench/api/node/extensionHostProcess.js:124:14829)
	at MessagePortMain.emit (node:events:526:28)
	at MessagePortMain._internalPort.emit (node:electron/js2c/utility_init:5:364) setContext undefined
2023-04-01 08:39:45.948 [error] Canceled: Canceled
	at new l (/snap/code/123/usr/share/code/resources/app/out/vs/workbench/api/node/extensionHostProcess.js:98:105190)
	at c.O (/snap/code/123/usr/share/code/resources/app/out/vs/workbench/api/node/extensionHostProcess.js:108:11692)
	at G.<computed>.Q.charCodeAt.G.<computed> (/snap/code/123/usr/share/code/resources/app/out/vs/workbench/api/node/extensionHostProcess.js:108:8967)
	at m.g (/snap/code/123/usr/share/code/resources/app/out/vs/workbench/api/node/extensionHostProcess.js:98:125211)
	at m.executeCommand (/snap/code/123/usr/share/code/resources/app/out/vs/workbench/api/node/extensionHostProcess.js:98:124587)
	at L.registerCommand.description (/snap/code/123/usr/share/code/resources/app/out/vs/workbench/api/node/extensionHostProcess.js:98:123880)
	at m.h (/snap/code/123/usr/share/code/resources/app/out/vs/workbench/api/node/extensionHostProcess.js:98:125797)
	at m.g (/snap/code/123/usr/share/code/resources/app/out/vs/workbench/api/node/extensionHostProcess.js:98:124687)
	at m.executeCommand (/snap/code/123/usr/share/code/resources/app/out/vs/workbench/api/node/extensionHostProcess.js:98:124587)
	at Object.executeCommand (/snap/code/123/usr/share/code/resources/app/out/vs/workbench/api/node/extensionHostProcess.js:114:23801)
	at Tu.executeCommand (/home/hadi/.vscode/extensions/ms-toolsai.jupyter-2023.3.1000892223/out/extension.node.js:17:4898)
	at av.set (/home/hadi/.vscode/extensions/ms-toolsai.jupyter-2023.3.1000892223/out/extension.node.js:24:90820)
	at R_.updateContextOfActiveInteractiveWindowKernel (/home/hadi/.vscode/extensions/ms-toolsai.jupyter-2023.3.1000892223/out/extension.node.js:24:433882)
	at R_.onDidKernelStatusChange (/home/hadi/.vscode/extensions/ms-toolsai.jupyter-2023.3.1000892223/out/extension.node.js:24:434078)
	at E.invoke (/snap/code/123/usr/share/code/resources/app/out/vs/workbench/api/node/extensionHostProcess.js:63:145)
	at h.deliver (/snap/code/123/usr/share/code/resources/app/out/vs/workbench/api/node/extensionHostProcess.js:63:2121)
	at n.fire (/snap/code/123/usr/share/code/resources/app/out/vs/workbench/api/node/extensionHostProcess.js:63:1729)
	at fy.<anonymous> (/home/hadi/.vscode/extensions/ms-toolsai.jupyter-2023.3.1000892223/out/extension.node.js:24:35301)
	at E.invoke (/snap/code/123/usr/share/code/resources/app/out/vs/workbench/api/node/extensionHostProcess.js:63:145)
	at h.deliver (/snap/code/123/usr/share/code/resources/app/out/vs/workbench/api/node/extensionHostProcess.js:63:2121)
	at n.fire (/snap/code/123/usr/share/code/resources/app/out/vs/workbench/api/node/extensionHostProcess.js:63:1729)
	at /home/hadi/.vscode/extensions/ms-toolsai.jupyter-2023.3.1000892223/out/extension.node.js:17:259465
	at Qg.dispose (/home/hadi/.vscode/extensions/ms-toolsai.jupyter-2023.3.1000892223/out/extension.node.js:17:259567)
	at /home/hadi/.vscode/extensions/ms-toolsai.jupyter-2023.3.1000892223/out/extension.node.js:2:1803514
	at Array.map (<anonymous>)
	at Fc.dispose (/home/hadi/.vscode/extensions/ms-toolsai.jupyter-2023.3.1000892223/out/extension.node.js:2:1803504)
	at Module.fP (/home/hadi/.vscode/extensions/ms-toolsai.jupyter-2023.3.1000892223/out/extension.node.js:24:558767)
	at E.Y (/snap/code/123/usr/share/code/resources/app/out/vs/workbench/api/node/extensionHostProcess.js:110:10948)
	at /snap/code/123/usr/share/code/resources/app/out/vs/workbench/api/node/extensionHostProcess.js:110:9131
	at Array.map (<anonymous>)
	at E.R (/snap/code/123/usr/share/code/resources/app/out/vs/workbench/api/node/extensionHostProcess.js:110:9118)
	at E.terminate (/snap/code/123/usr/share/code/resources/app/out/vs/workbench/api/node/extensionHostProcess.js:110:9389)
	at d.terminate (/snap/code/123/usr/share/code/resources/app/out/vs/workbench/api/node/extensionHostProcess.js:114:1544)
	at p (/snap/code/123/usr/share/code/resources/app/out/vs/workbench/api/node/extensionHostProcess.js:124:18690)
	at MessagePortMain.<anonymous> (/snap/code/123/usr/share/code/resources/app/out/vs/workbench/api/node/extensionHostProcess.js:124:14829)
	at MessagePortMain.emit (node:events:526:28)
	at MessagePortMain._internalPort.emit (node:electron/js2c/utility_init:5:364) setContext undefined
2023-04-01 08:39:46.031 [error] Error: Stopping the server timed out
	at /snap/code/123/usr/share/code/resources/app/extensions/json-language-features/client/dist/node/jsonClientMain.js:2:773530
	at runNextTicks (node:internal/process/task_queues:61:5)
	at listOnTimeout (node:internal/timers:528:9)
	at process.processTimers (node:internal/timers:502:7)
	at async e.deactivate (/snap/code/123/usr/share/code/resources/app/extensions/json-language-features/client/dist/node/jsonClientMain.js:2:1055282)
	at async Promise.all (index 8)
	at async E.R (/snap/code/123/usr/share/code/resources/app/out/vs/workbench/api/node/extensionHostProcess.js:110:9145)
2023-04-01 08:39:46.033 [info] Extension host with pid 24903 exiting with code 0
