[Info  - 3:13:09 PM] (14640) Pylance language server 2023.3.40 (pyright 04471971) starting
[Info  - 3:13:09 PM] (14640) Server root directory: /home/hadi/.vscode/extensions/ms-python.vscode-pylance-2023.3.40/dist
[Info  - 3:13:09 PM] (14640) Starting service instance "Desktop"
[Info  - 3:13:09 PM] (14640) Auto-indent enabled
[Info  - 3:13:09 PM] (14640) No configuration file found.
[Info  - 3:13:09 PM] (14640) No pyproject.toml file found.
[Info  - 3:13:09 PM] (14640) Setting pythonPath for service "Desktop": "/bin/python3"
[Warn  - 3:13:09 PM] (14640) stubPath /home/hadi/Desktop/typings is not a valid directory.
[Info  - 3:13:09 PM] (14640) Assuming Python version 3.10
[Info  - 3:13:09 PM] (14640) Assuming Python platform Linux
[Info  - 3:13:09 PM] (14640) Searching for source files
[Info  - 3:13:09 PM] (14640) No source files found.
[Info  - 3:13:10 PM] (14640) Background analysis(1) root directory: /home/hadi/.vscode/extensions/ms-python.vscode-pylance-2023.3.40/dist
[Info  - 3:13:10 PM] (14640) Background analysis(1) started
[Info  - 3:13:11 PM] (14640) Indexer background runner(2) root directory: /home/hadi/.vscode/extensions/ms-python.vscode-pylance-2023.3.40/dist (index)
[Info  - 3:13:11 PM] (14640) Indexing(2) started
[Info  - 3:13:13 PM] (14640) scanned(2) 162 files over 1 exec env
[Info  - 3:13:13 PM] (14640) [BG(1)] Long operation: getSemanticTokens full at Untitled-2 (2639ms)
[Info  - 3:13:16 PM] (14640) [IDX(2)] Long operation: index execution environment /home/hadi/Desktop (2700ms)
[Info  - 3:13:16 PM] (14640) [IDX(2)] Long operation: index packages /home/hadi/Desktop (2716ms)
[Info  - 3:13:16 PM] (14640) indexed(2) 96 files over 1 exec env
[Info  - 3:13:16 PM] (14640) Indexing finished(2).
