2023-03-31 22:10:17.689 [info] Reading sessions from keychain...
2023-03-31 22:10:17.689 [info] Getting sessions for all scopes...
2023-03-31 22:10:17.689 [info] Getting sessions for user:email...
2023-03-31 22:10:17.689 [info] Getting sessions for all scopes...
2023-03-31 22:10:17.689 [info] Got stored sessions!
2023-03-31 22:10:17.689 [info] Got 2 verified sessions.
2023-03-31 22:10:17.689 [info] Got 2 sessions for ...
2023-03-31 22:10:17.689 [info] Got 1 sessions for user:email...
2023-03-31 22:10:17.689 [info] Got 2 sessions for ...
2023-03-31 22:10:19.177 [info] Getting sessions for all scopes...
2023-03-31 22:10:19.177 [info] Got 2 sessions for ...
2023-03-31 22:10:19.400 [info] Getting user info...
2023-03-31 22:10:19.410 [info] Getting user info...
2023-03-31 22:10:20.828 [info] Got account info!
2023-03-31 22:10:20.952 [info] Getting sessions for all scopes...
2023-03-31 22:10:20.952 [info] Got 2 sessions for ...
2023-03-31 22:10:21.050 [info] Got account info!
2023-03-31 22:56:38.712 [info] Getting sessions for user:email...
2023-03-31 22:56:38.714 [info] Got 1 sessions for user:email...
2023-03-31 23:45:40.414 [info] Getting sessions for user:email...
2023-03-31 23:45:40.775 [info] Got 1 sessions for user:email...
2023-04-01 00:40:56.865 [info] Getting sessions for user:email...
2023-04-01 00:40:56.865 [info] Got 1 sessions for user:email...
2023-04-01 01:27:29.867 [info] Getting sessions for user:email...
2023-04-01 01:27:29.867 [info] Got 1 sessions for user:email...
2023-04-01 02:16:26.775 [info] Getting sessions for user:email...
2023-04-01 02:16:26.775 [info] Got 1 sessions for user:email...
2023-04-01 03:02:33.040 [info] Getting sessions for user:email...
2023-04-01 03:02:33.040 [info] Got 1 sessions for user:email...
2023-04-01 03:52:52.117 [info] Getting sessions for user:email...
2023-04-01 03:52:52.117 [info] Got 1 sessions for user:email...
2023-04-01 04:46:36.081 [info] Getting sessions for user:email...
2023-04-01 04:46:36.081 [info] Got 1 sessions for user:email...
2023-04-01 08:25:33.396 [info] Getting sessions for user:email...
2023-04-01 08:25:33.411 [info] Got 1 sessions for user:email...
