[Info  - 10:10:20 PM] (24994) Pylance language server 2023.3.40 (pyright 04471971) starting
[Info  - 10:10:20 PM] (24994) Server root directory: /home/hadi/.vscode/extensions/ms-python.vscode-pylance-2023.3.40/dist
[Info  - 10:10:20 PM] (24994) Starting service instance "Desktop"
[Info  - 10:10:21 PM] (24994) Auto-indent enabled
[Info  - 10:10:21 PM] (24994) No configuration file found.
[Info  - 10:10:21 PM] (24994) No pyproject.toml file found.
[Info  - 10:10:21 PM] (24994) Setting pythonPath for service "Desktop": "/bin/python3"
[Warn  - 10:10:21 PM] (24994) stubPath /home/hadi/Desktop/typings is not a valid directory.
[Info  - 10:10:21 PM] (24994) Assuming Python version 3.10
[Info  - 10:10:21 PM] (24994) Assuming Python platform Linux
[Info  - 10:10:22 PM] (24994) Searching for source files
[Info  - 10:10:22 PM] (24994) Found 2 source files
[Info  - 10:10:24 PM] (24994) Background analysis(1) root directory: /home/hadi/.vscode/extensions/ms-python.vscode-pylance-2023.3.40/dist
[Info  - 10:10:24 PM] (24994) Background analysis(1) started
[Info  - 10:10:24 PM] (24994) Indexer background runner(2) root directory: /home/hadi/.vscode/extensions/ms-python.vscode-pylance-2023.3.40/dist (index)
[Info  - 10:10:24 PM] (24994) Indexing(2) started
[Info  - 10:10:31 PM] (24994) [BG(1)] Long operation: getSemanticTokens full at /home/hadi/Desktop/my_python_codes/pandas_practice.py (7480ms)
[Info  - 10:10:32 PM] (24994) [IDX(2)] Long operation: scan packages /home/hadi/Desktop (9786ms)
[Info  - 10:10:32 PM] (24994) scanned(2) 162 files over 1 exec env
[Info  - 10:10:38 PM] (24994) [IDX(2)] Long operation: index execution environment /home/hadi/Desktop (5655ms)
[Info  - 10:10:38 PM] (24994) [IDX(2)] Long operation: index packages /home/hadi/Desktop (5697ms)
[Info  - 10:10:38 PM] (24994) indexed(2) 96 files over 1 exec env
[Info  - 10:10:38 PM] (24994) Indexing finished(2).
[Info  - 10:15:48 PM] (24994) Searching for source files
[Info  - 10:15:49 PM] (24994) Found 1 source file
