2023-03-31 15:10:51.714 [info] Reading sessions from secret storage...
2023-03-31 15:10:52.388 [info] Reading sessions from secret storage...
2023-03-31 15:10:52.402 [info] Got 1 stored sessions
2023-03-31 15:10:52.403 [info] Refreshing token for scopes: email offline_access openid profile
2023-03-31 15:10:52.815 [info] Got 1 stored sessions
2023-03-31 15:10:52.816 [info] Refreshing token for scopes: email offline_access openid profile
2023-03-31 15:10:55.552 [info] Setting token for scopes: email offline_access openid profile
2023-03-31 15:10:55.552 [info] Token refresh success for scopes: email offline_access openid profile
2023-03-31 15:10:55.607 [info] Getting sessions for all scopes...
2023-03-31 15:10:55.607 [info] Got 1 sessions for all scopes...
2023-03-31 15:10:55.632 [info] Getting sessions for the following scopes: email offline_access openid profile
2023-03-31 15:10:55.633 [info] Got 1 sessions for scopes: email offline_access openid profile
2023-03-31 15:10:55.633 [info] Token available from cache (for scopes email offline_access openid profile), expires in 3831921 milliseconds
2023-03-31 15:10:55.891 [info] Setting token for scopes: email offline_access openid profile
2023-03-31 15:10:55.892 [info] Token refresh success for scopes: email offline_access openid profile
2023-03-31 15:10:55.892 [info] Stored token for scopes: email offline_access openid profile
2023-03-31 15:10:56.584 [info] Getting sessions for all scopes...
2023-03-31 15:10:56.584 [info] Got 1 sessions for all scopes...
2023-03-31 15:10:56.585 [info] Getting sessions for the following scopes: email offline_access openid profile
2023-03-31 15:10:56.585 [info] Got 1 sessions for scopes: email offline_access openid profile
2023-03-31 15:10:56.585 [info] Token available from cache (for scopes email offline_access openid profile), expires in 4404306 milliseconds
2023-03-31 15:11:04.274 [info] Stored token for scopes: email offline_access openid profile
2023-03-31 15:13:06.837 [info] Reading sessions from secret storage...
2023-03-31 15:13:06.902 [info] Got 1 stored sessions
2023-03-31 15:13:06.902 [info] Refreshing token for scopes: email offline_access openid profile
2023-03-31 15:13:09.696 [info] Setting token for scopes: email offline_access openid profile
2023-03-31 15:13:09.696 [info] Token refresh success for scopes: email offline_access openid profile
2023-03-31 15:13:09.697 [info] Stored token for scopes: email offline_access openid profile
2023-03-31 15:13:09.700 [info] Getting sessions for all scopes...
2023-03-31 15:13:09.700 [info] Got 1 sessions for all scopes...
2023-03-31 15:13:09.706 [info] Getting sessions for the following scopes: email offline_access openid profile
2023-03-31 15:13:09.706 [info] Got 1 sessions for scopes: email offline_access openid profile
2023-03-31 15:13:09.706 [info] Token available from cache (for scopes email offline_access openid profile), expires in 4371990 milliseconds
