2023-03-24 10:16:18.881 [info] Log level: Info
2023-03-24 10:16:18.881 [info] Validating found git in: "git"
2023-03-24 10:16:18.881 [info] Using git "2.34.1" from "git"
2023-03-24 10:16:18.881 [info] > git rev-parse --show-toplevel [63ms]
2023-03-24 10:16:18.881 [info] fatal: not a git repository (or any parent up to mount point /)
Stopping at filesystem boundary (GIT_DISCOVERY_ACROSS_FILESYSTEM not set).
2023-03-24 10:16:18.881 [info] > git rev-parse --show-toplevel [213ms]
2023-03-24 10:16:18.881 [info] fatal: not a git repository (or any parent up to mount point /)
Stopping at filesystem boundary (GIT_DISCOVERY_ACROSS_FILESYSTEM not set).
2023-03-24 10:16:18.881 [info] > git rev-parse --show-toplevel [1018ms]
2023-03-24 10:16:18.881 [info] fatal: not a git repository (or any parent up to mount point /)
Stopping at filesystem boundary (GIT_DISCOVERY_ACROSS_FILESYSTEM not set).
2023-03-24 10:16:18.881 [info] > git rev-parse --show-toplevel [302ms]
2023-03-24 10:16:18.881 [info] fatal: not a git repository (or any parent up to mount point /)
Stopping at filesystem boundary (GIT_DISCOVERY_ACROSS_FILESYSTEM not set).
2023-03-24 10:16:18.889 [info] > git rev-parse --show-toplevel [10ms]
2023-03-24 10:16:18.889 [info] fatal: not a git repository (or any parent up to mount point /)
Stopping at filesystem boundary (GIT_DISCOVERY_ACROSS_FILESYSTEM not set).
2023-03-24 10:16:18.936 [info] > git rev-parse --show-toplevel [18ms]
2023-03-24 10:16:18.936 [info] fatal: not a git repository (or any parent up to mount point /)
Stopping at filesystem boundary (GIT_DISCOVERY_ACROSS_FILESYSTEM not set).
2023-03-24 10:16:19.014 [info] > git rev-parse --show-toplevel [60ms]
2023-03-24 10:16:19.054 [info] > git rev-parse --git-dir --git-common-dir [23ms]
2023-03-24 10:16:19.064 [info] Open repository: /home/hadi/Desktop/git_test
2023-03-24 10:16:19.151 [info] > git rev-parse --show-toplevel [68ms]
2023-03-24 10:16:19.151 [info] fatal: not a git repository (or any parent up to mount point /)
Stopping at filesystem boundary (GIT_DISCOVERY_ACROSS_FILESYSTEM not set).
2023-03-24 10:16:19.193 [info] > git rev-parse --show-toplevel [28ms]
2023-03-24 10:16:19.193 [info] fatal: not a git repository (or any parent up to mount point /)
Stopping at filesystem boundary (GIT_DISCOVERY_ACROSS_FILESYSTEM not set).
2023-03-24 10:16:19.215 [info] > git config --get commit.template [107ms]
2023-03-24 10:16:19.295 [info] No remotes found in the git config file.
2023-03-24 10:16:19.335 [info] > git rev-parse --show-toplevel [123ms]
2023-03-24 10:16:19.336 [info] fatal: not a git repository (or any parent up to mount point /)
Stopping at filesystem boundary (GIT_DISCOVERY_ACROSS_FILESYSTEM not set).
2023-03-24 10:16:19.355 [info] > git for-each-ref --format=%(refname)%00%(upstream:short)%00%(objectname)%00%(upstream:track)%00%(upstream:remotename)%00%(upstream:remoteref) refs/heads/master refs/remotes/master [60ms]
2023-03-24 10:16:20.258 [info] > git status -z -uall [887ms]
2023-03-24 10:16:20.583 [info] > git config --get commit.template [21ms]
2023-03-24 10:16:20.627 [info] No remotes found in the git config file.
2023-03-24 10:16:20.724 [info] > git for-each-ref --format=%(refname)%00%(upstream:short)%00%(objectname)%00%(upstream:track)%00%(upstream:remotename)%00%(upstream:remoteref) refs/heads/master refs/remotes/master [96ms]
2023-03-24 10:16:20.804 [info] > git status -z -uall [60ms]
2023-03-24 10:17:19.219 [info] > git rev-parse --show-toplevel [8ms]
2023-03-24 10:17:19.220 [info] fatal: not a git repository (or any parent up to mount point /)
Stopping at filesystem boundary (GIT_DISCOVERY_ACROSS_FILESYSTEM not set).
2023-03-24 10:18:09.255 [info] > git rev-parse --show-toplevel [13ms]
2023-03-24 10:18:09.255 [info] fatal: not a git repository (or any parent up to mount point /)
Stopping at filesystem boundary (GIT_DISCOVERY_ACROSS_FILESYSTEM not set).
2023-03-24 10:23:34.023 [info] > git rev-parse --show-toplevel [1317ms]
2023-03-24 10:23:34.194 [info] fatal: not a git repository (or any parent up to mount point /)
Stopping at filesystem boundary (GIT_DISCOVERY_ACROSS_FILESYSTEM not set).
2023-03-24 10:26:59.211 [info] > git rev-parse --show-toplevel [72ms]
2023-03-24 10:26:59.211 [info] fatal: not a git repository (or any parent up to mount point /)
Stopping at filesystem boundary (GIT_DISCOVERY_ACROSS_FILESYSTEM not set).
2023-03-24 10:27:00.033 [info] > git rev-parse --show-toplevel [5ms]
2023-03-24 10:27:00.034 [info] fatal: not a git repository (or any parent up to mount point /)
Stopping at filesystem boundary (GIT_DISCOVERY_ACROSS_FILESYSTEM not set).
2023-03-24 10:28:38.821 [info] > git rev-parse --show-toplevel [4ms]
2023-03-24 10:28:38.821 [info] fatal: not a git repository (or any parent up to mount point /)
Stopping at filesystem boundary (GIT_DISCOVERY_ACROSS_FILESYSTEM not set).
2023-03-24 10:45:39.623 [info] > git rev-parse --show-toplevel [7ms]
2023-03-24 10:45:39.623 [info] fatal: not a git repository (or any parent up to mount point /)
Stopping at filesystem boundary (GIT_DISCOVERY_ACROSS_FILESYSTEM not set).
2023-03-24 10:45:39.651 [info] > git rev-parse --show-toplevel [11ms]
2023-03-24 10:45:39.651 [info] fatal: not a git repository (or any parent up to mount point /)
Stopping at filesystem boundary (GIT_DISCOVERY_ACROSS_FILESYSTEM not set).
2023-03-24 10:46:21.901 [info] > git rev-parse --show-toplevel [2ms]
2023-03-24 10:46:21.901 [info] fatal: not a git repository (or any parent up to mount point /)
Stopping at filesystem boundary (GIT_DISCOVERY_ACROSS_FILESYSTEM not set).
2023-03-24 10:46:39.097 [info] > git rev-parse --show-toplevel [2ms]
2023-03-24 10:46:39.097 [info] fatal: not a git repository (or any parent up to mount point /)
Stopping at filesystem boundary (GIT_DISCOVERY_ACROSS_FILESYSTEM not set).
2023-03-24 10:46:48.443 [info] > git rev-parse --show-toplevel [9ms]
2023-03-24 10:46:48.443 [info] fatal: not a git repository (or any parent up to mount point /)
Stopping at filesystem boundary (GIT_DISCOVERY_ACROSS_FILESYSTEM not set).
2023-03-24 10:46:48.466 [info] > git rev-parse --show-toplevel [2ms]
2023-03-24 10:46:48.466 [info] fatal: not a git repository (or any parent up to mount point /)
Stopping at filesystem boundary (GIT_DISCOVERY_ACROSS_FILESYSTEM not set).
2023-03-24 10:46:48.485 [info] > git rev-parse --show-toplevel [3ms]
2023-03-24 10:46:48.485 [info] fatal: not a git repository (or any parent up to mount point /)
Stopping at filesystem boundary (GIT_DISCOVERY_ACROSS_FILESYSTEM not set).
2023-03-24 10:46:49.006 [info] > git rev-parse --show-toplevel [10ms]
2023-03-24 10:46:49.006 [info] fatal: not a git repository (or any parent up to mount point /)
Stopping at filesystem boundary (GIT_DISCOVERY_ACROSS_FILESYSTEM not set).
2023-03-24 10:46:51.184 [info] > git rev-parse --show-toplevel [11ms]
2023-03-24 10:46:51.184 [info] fatal: not a git repository (or any parent up to mount point /)
Stopping at filesystem boundary (GIT_DISCOVERY_ACROSS_FILESYSTEM not set).
2023-03-24 10:46:52.823 [info] > git rev-parse --show-toplevel [3ms]
2023-03-24 10:46:52.823 [info] fatal: not a git repository (or any parent up to mount point /)
Stopping at filesystem boundary (GIT_DISCOVERY_ACROSS_FILESYSTEM not set).
2023-03-24 10:47:04.037 [info] > git rev-parse --show-toplevel [5ms]
2023-03-24 10:47:04.037 [info] fatal: not a git repository (or any parent up to mount point /)
Stopping at filesystem boundary (GIT_DISCOVERY_ACROSS_FILESYSTEM not set).
2023-03-24 10:47:04.081 [info] > git rev-parse --show-toplevel [8ms]
2023-03-24 10:47:04.081 [info] fatal: not a git repository (or any parent up to mount point /)
Stopping at filesystem boundary (GIT_DISCOVERY_ACROSS_FILESYSTEM not set).
2023-03-24 10:47:52.125 [info] > git rev-parse --show-toplevel [10ms]
2023-03-24 10:47:52.125 [info] fatal: not a git repository (or any parent up to mount point /)
Stopping at filesystem boundary (GIT_DISCOVERY_ACROSS_FILESYSTEM not set).
2023-03-24 10:47:52.191 [info] > git rev-parse --show-toplevel [40ms]
2023-03-24 10:47:52.191 [info] fatal: not a git repository (or any parent up to mount point /)
Stopping at filesystem boundary (GIT_DISCOVERY_ACROSS_FILESYSTEM not set).
2023-03-24 10:47:54.246 [info] > git rev-parse --show-toplevel [2ms]
2023-03-24 10:47:54.246 [info] fatal: not a git repository (or any parent up to mount point /)
Stopping at filesystem boundary (GIT_DISCOVERY_ACROSS_FILESYSTEM not set).
2023-03-24 10:47:56.112 [info] > git rev-parse --show-toplevel [4ms]
2023-03-24 10:47:56.112 [info] fatal: not a git repository (or any parent up to mount point /)
Stopping at filesystem boundary (GIT_DISCOVERY_ACROSS_FILESYSTEM not set).
2023-03-24 10:47:57.692 [info] > git rev-parse --show-toplevel [2ms]
2023-03-24 10:47:57.692 [info] fatal: not a git repository (or any parent up to mount point /)
Stopping at filesystem boundary (GIT_DISCOVERY_ACROSS_FILESYSTEM not set).
2023-03-24 10:47:59.225 [info] > git rev-parse --show-toplevel [4ms]
2023-03-24 10:47:59.226 [info] fatal: not a git repository (or any parent up to mount point /)
Stopping at filesystem boundary (GIT_DISCOVERY_ACROSS_FILESYSTEM not set).
2023-03-24 10:48:00.169 [info] > git rev-parse --show-toplevel [2ms]
2023-03-24 10:48:00.169 [info] fatal: not a git repository (or any parent up to mount point /)
Stopping at filesystem boundary (GIT_DISCOVERY_ACROSS_FILESYSTEM not set).
2023-03-24 10:48:00.977 [info] > git rev-parse --show-toplevel [5ms]
2023-03-24 10:48:00.977 [info] fatal: not a git repository (or any parent up to mount point /)
Stopping at filesystem boundary (GIT_DISCOVERY_ACROSS_FILESYSTEM not set).
2023-03-24 10:48:13.629 [info] > git rev-parse --show-toplevel [2ms]
2023-03-24 10:48:13.629 [info] fatal: not a git repository (or any parent up to mount point /)
Stopping at filesystem boundary (GIT_DISCOVERY_ACROSS_FILESYSTEM not set).
2023-03-24 10:48:14.061 [info] > git rev-parse --show-toplevel [3ms]
2023-03-24 10:48:14.061 [info] fatal: not a git repository (or any parent up to mount point /)
Stopping at filesystem boundary (GIT_DISCOVERY_ACROSS_FILESYSTEM not set).
2023-03-24 10:48:14.655 [info] > git rev-parse --show-toplevel [2ms]
2023-03-24 10:48:14.655 [info] fatal: not a git repository (or any parent up to mount point /)
Stopping at filesystem boundary (GIT_DISCOVERY_ACROSS_FILESYSTEM not set).
2023-03-24 10:48:14.693 [info] > git rev-parse --show-toplevel [6ms]
2023-03-24 10:48:14.693 [info] fatal: not a git repository (or any parent up to mount point /)
Stopping at filesystem boundary (GIT_DISCOVERY_ACROSS_FILESYSTEM not set).
2023-03-24 10:48:14.931 [info] > git rev-parse --show-toplevel [2ms]
2023-03-24 10:48:14.931 [info] fatal: not a git repository (or any parent up to mount point /)
Stopping at filesystem boundary (GIT_DISCOVERY_ACROSS_FILESYSTEM not set).
2023-03-24 10:48:15.343 [info] > git rev-parse --show-toplevel [3ms]
2023-03-24 10:48:15.343 [info] fatal: not a git repository (or any parent up to mount point /)
Stopping at filesystem boundary (GIT_DISCOVERY_ACROSS_FILESYSTEM not set).
2023-03-24 10:48:15.367 [info] > git rev-parse --show-toplevel [2ms]
2023-03-24 10:48:15.367 [info] fatal: not a git repository (or any parent up to mount point /)
Stopping at filesystem boundary (GIT_DISCOVERY_ACROSS_FILESYSTEM not set).
2023-03-24 10:48:15.627 [info] > git rev-parse --show-toplevel [2ms]
2023-03-24 10:48:15.627 [info] fatal: not a git repository (or any parent up to mount point /)
Stopping at filesystem boundary (GIT_DISCOVERY_ACROSS_FILESYSTEM not set).
2023-03-24 10:48:16.062 [info] > git rev-parse --show-toplevel [5ms]
2023-03-24 10:48:16.062 [info] fatal: not a git repository (or any parent up to mount point /)
Stopping at filesystem boundary (GIT_DISCOVERY_ACROSS_FILESYSTEM not set).
2023-03-24 10:48:16.096 [info] > git rev-parse --show-toplevel [6ms]
2023-03-24 10:48:16.097 [info] fatal: not a git repository (or any parent up to mount point /)
Stopping at filesystem boundary (GIT_DISCOVERY_ACROSS_FILESYSTEM not set).
2023-03-24 10:48:16.126 [info] > git rev-parse --show-toplevel [6ms]
2023-03-24 10:48:16.126 [info] fatal: not a git repository (or any parent up to mount point /)
Stopping at filesystem boundary (GIT_DISCOVERY_ACROSS_FILESYSTEM not set).
2023-03-24 10:48:16.422 [info] > git rev-parse --show-toplevel [1ms]
2023-03-24 10:48:16.422 [info] fatal: not a git repository (or any parent up to mount point /)
Stopping at filesystem boundary (GIT_DISCOVERY_ACROSS_FILESYSTEM not set).
2023-03-24 10:48:19.303 [info] > git rev-parse --show-toplevel [2ms]
2023-03-24 10:48:19.303 [info] fatal: not a git repository (or any parent up to mount point /)
Stopping at filesystem boundary (GIT_DISCOVERY_ACROSS_FILESYSTEM not set).
2023-03-24 10:48:19.342 [info] > git rev-parse --show-toplevel [2ms]
2023-03-24 10:48:19.342 [info] fatal: not a git repository (or any parent up to mount point /)
Stopping at filesystem boundary (GIT_DISCOVERY_ACROSS_FILESYSTEM not set).
2023-03-24 10:48:24.291 [info] > git rev-parse --show-toplevel [5ms]
2023-03-24 10:48:24.291 [info] fatal: not a git repository (or any parent up to mount point /)
Stopping at filesystem boundary (GIT_DISCOVERY_ACROSS_FILESYSTEM not set).
2023-03-24 10:48:24.315 [info] > git rev-parse --show-toplevel [3ms]
2023-03-24 10:48:24.315 [info] fatal: not a git repository (or any parent up to mount point /)
Stopping at filesystem boundary (GIT_DISCOVERY_ACROSS_FILESYSTEM not set).
2023-03-24 10:48:24.337 [info] > git rev-parse --show-toplevel [2ms]
2023-03-24 10:48:24.337 [info] fatal: not a git repository (or any parent up to mount point /)
Stopping at filesystem boundary (GIT_DISCOVERY_ACROSS_FILESYSTEM not set).
2023-03-24 10:48:25.163 [info] > git rev-parse --show-toplevel [4ms]
2023-03-24 10:48:25.163 [info] fatal: not a git repository (or any parent up to mount point /)
Stopping at filesystem boundary (GIT_DISCOVERY_ACROSS_FILESYSTEM not set).
2023-03-24 10:48:25.680 [info] > git rev-parse --show-toplevel [4ms]
2023-03-24 10:48:25.680 [info] fatal: not a git repository (or any parent up to mount point /)
Stopping at filesystem boundary (GIT_DISCOVERY_ACROSS_FILESYSTEM not set).
2023-03-24 10:48:25.705 [info] > git rev-parse --show-toplevel [2ms]
2023-03-24 10:48:25.705 [info] fatal: not a git repository (or any parent up to mount point /)
Stopping at filesystem boundary (GIT_DISCOVERY_ACROSS_FILESYSTEM not set).
2023-03-24 10:48:28.970 [info] > git rev-parse --show-toplevel [5ms]
2023-03-24 10:48:28.970 [info] fatal: not a git repository (or any parent up to mount point /)
Stopping at filesystem boundary (GIT_DISCOVERY_ACROSS_FILESYSTEM not set).
2023-03-24 10:48:28.993 [info] > git rev-parse --show-toplevel [4ms]
2023-03-24 10:48:28.993 [info] fatal: not a git repository (or any parent up to mount point /)
Stopping at filesystem boundary (GIT_DISCOVERY_ACROSS_FILESYSTEM not set).
2023-03-24 10:48:29.015 [info] > git rev-parse --show-toplevel [3ms]
2023-03-24 10:48:29.015 [info] fatal: not a git repository (or any parent up to mount point /)
Stopping at filesystem boundary (GIT_DISCOVERY_ACROSS_FILESYSTEM not set).
2023-03-24 10:48:29.365 [info] > git rev-parse --show-toplevel [2ms]
2023-03-24 10:48:29.365 [info] fatal: not a git repository (or any parent up to mount point /)
Stopping at filesystem boundary (GIT_DISCOVERY_ACROSS_FILESYSTEM not set).
2023-03-24 10:48:29.681 [info] > git rev-parse --show-toplevel [5ms]
2023-03-24 10:48:29.681 [info] fatal: not a git repository (or any parent up to mount point /)
Stopping at filesystem boundary (GIT_DISCOVERY_ACROSS_FILESYSTEM not set).
2023-03-24 10:48:29.717 [info] > git rev-parse --show-toplevel [4ms]
2023-03-24 10:48:29.717 [info] fatal: not a git repository (or any parent up to mount point /)
Stopping at filesystem boundary (GIT_DISCOVERY_ACROSS_FILESYSTEM not set).
2023-03-24 10:48:29.736 [info] > git rev-parse --show-toplevel [1ms]
2023-03-24 10:48:29.736 [info] fatal: not a git repository (or any parent up to mount point /)
Stopping at filesystem boundary (GIT_DISCOVERY_ACROSS_FILESYSTEM not set).
2023-03-24 10:48:30.065 [info] > git rev-parse --show-toplevel [2ms]
2023-03-24 10:48:30.065 [info] fatal: not a git repository (or any parent up to mount point /)
Stopping at filesystem boundary (GIT_DISCOVERY_ACROSS_FILESYSTEM not set).
2023-03-24 10:48:30.085 [info] > git rev-parse --show-toplevel [1ms]
2023-03-24 10:48:30.086 [info] fatal: not a git repository (or any parent up to mount point /)
Stopping at filesystem boundary (GIT_DISCOVERY_ACROSS_FILESYSTEM not set).
2023-03-24 10:48:31.609 [info] > git rev-parse --show-toplevel [1ms]
2023-03-24 10:48:31.609 [info] fatal: not a git repository (or any parent up to mount point /)
Stopping at filesystem boundary (GIT_DISCOVERY_ACROSS_FILESYSTEM not set).
2023-03-24 10:48:32.019 [info] > git rev-parse --show-toplevel [10ms]
2023-03-24 10:48:32.019 [info] fatal: not a git repository (or any parent up to mount point /)
Stopping at filesystem boundary (GIT_DISCOVERY_ACROSS_FILESYSTEM not set).
2023-03-24 10:48:32.049 [info] > git rev-parse --show-toplevel [2ms]
2023-03-24 10:48:32.049 [info] fatal: not a git repository (or any parent up to mount point /)
Stopping at filesystem boundary (GIT_DISCOVERY_ACROSS_FILESYSTEM not set).
2023-03-24 10:48:32.604 [info] > git rev-parse --show-toplevel [2ms]
2023-03-24 10:48:32.604 [info] fatal: not a git repository (or any parent up to mount point /)
Stopping at filesystem boundary (GIT_DISCOVERY_ACROSS_FILESYSTEM not set).
2023-03-24 10:48:53.964 [info] > git rev-parse --show-toplevel [4ms]
2023-03-24 10:48:53.964 [info] fatal: not a git repository (or any parent up to mount point /)
Stopping at filesystem boundary (GIT_DISCOVERY_ACROSS_FILESYSTEM not set).
2023-03-24 10:48:54.613 [info] > git rev-parse --show-toplevel [7ms]
2023-03-24 10:48:54.613 [info] fatal: not a git repository (or any parent up to mount point /)
Stopping at filesystem boundary (GIT_DISCOVERY_ACROSS_FILESYSTEM not set).
2023-03-24 10:48:55.809 [info] > git rev-parse --show-toplevel [2ms]
2023-03-24 10:48:55.809 [info] fatal: not a git repository (or any parent up to mount point /)
Stopping at filesystem boundary (GIT_DISCOVERY_ACROSS_FILESYSTEM not set).
2023-03-24 10:49:11.482 [info] > git rev-parse --show-toplevel [5ms]
2023-03-24 10:49:11.482 [info] fatal: not a git repository (or any parent up to mount point /)
Stopping at filesystem boundary (GIT_DISCOVERY_ACROSS_FILESYSTEM not set).
2023-03-24 10:49:18.949 [info] > git rev-parse --show-toplevel [2ms]
2023-03-24 10:49:18.949 [info] fatal: not a git repository (or any parent up to mount point /)
Stopping at filesystem boundary (GIT_DISCOVERY_ACROSS_FILESYSTEM not set).
2023-03-24 10:49:20.804 [info] > git rev-parse --show-toplevel [2ms]
2023-03-24 10:49:20.804 [info] fatal: not a git repository (or any parent up to mount point /)
Stopping at filesystem boundary (GIT_DISCOVERY_ACROSS_FILESYSTEM not set).
2023-03-24 10:49:23.348 [info] > git rev-parse --show-toplevel [1ms]
2023-03-24 10:49:23.348 [info] fatal: not a git repository (or any parent up to mount point /)
Stopping at filesystem boundary (GIT_DISCOVERY_ACROSS_FILESYSTEM not set).
2023-03-24 10:49:49.909 [info] > git rev-parse --show-toplevel [9ms]
2023-03-24 10:49:49.909 [info] fatal: not a git repository (or any parent up to mount point /)
Stopping at filesystem boundary (GIT_DISCOVERY_ACROSS_FILESYSTEM not set).
2023-03-24 10:49:49.936 [info] > git rev-parse --show-toplevel [4ms]
2023-03-24 10:49:49.937 [info] fatal: not a git repository (or any parent up to mount point /)
Stopping at filesystem boundary (GIT_DISCOVERY_ACROSS_FILESYSTEM not set).
2023-03-24 10:49:50.440 [info] > git rev-parse --show-toplevel [4ms]
2023-03-24 10:49:50.440 [info] fatal: not a git repository (or any parent up to mount point /)
Stopping at filesystem boundary (GIT_DISCOVERY_ACROSS_FILESYSTEM not set).
2023-03-24 10:49:51.244 [info] > git rev-parse --show-toplevel [6ms]
2023-03-24 10:49:51.244 [info] fatal: not a git repository (or any parent up to mount point /)
Stopping at filesystem boundary (GIT_DISCOVERY_ACROSS_FILESYSTEM not set).
2023-03-24 10:49:52.436 [info] > git rev-parse --show-toplevel [2ms]
2023-03-24 10:49:52.436 [info] fatal: not a git repository (or any parent up to mount point /)
Stopping at filesystem boundary (GIT_DISCOVERY_ACROSS_FILESYSTEM not set).
2023-03-24 10:49:57.583 [info] > git rev-parse --show-toplevel [2ms]
2023-03-24 10:49:57.583 [info] fatal: not a git repository (or any parent up to mount point /)
Stopping at filesystem boundary (GIT_DISCOVERY_ACROSS_FILESYSTEM not set).
2023-03-24 10:50:10.880 [info] > git rev-parse --show-toplevel [6ms]
2023-03-24 10:50:10.880 [info] fatal: not a git repository (or any parent up to mount point /)
Stopping at filesystem boundary (GIT_DISCOVERY_ACROSS_FILESYSTEM not set).
2023-03-24 10:50:11.320 [info] > git rev-parse --show-toplevel [3ms]
2023-03-24 10:50:11.320 [info] fatal: not a git repository (or any parent up to mount point /)
Stopping at filesystem boundary (GIT_DISCOVERY_ACROSS_FILESYSTEM not set).
2023-03-24 10:50:11.338 [info] > git rev-parse --show-toplevel [2ms]
2023-03-24 10:50:11.338 [info] fatal: not a git repository (or any parent up to mount point /)
Stopping at filesystem boundary (GIT_DISCOVERY_ACROSS_FILESYSTEM not set).
2023-03-24 10:50:14.967 [info] > git rev-parse --show-toplevel [5ms]
2023-03-24 10:50:14.967 [info] fatal: not a git repository (or any parent up to mount point /)
Stopping at filesystem boundary (GIT_DISCOVERY_ACROSS_FILESYSTEM not set).
2023-03-24 10:50:31.404 [info] > git rev-parse --show-toplevel [1ms]
2023-03-24 10:50:31.405 [info] fatal: not a git repository (or any parent up to mount point /)
Stopping at filesystem boundary (GIT_DISCOVERY_ACROSS_FILESYSTEM not set).
2023-03-24 10:50:31.445 [info] > git rev-parse --show-toplevel [7ms]
2023-03-24 10:50:31.445 [info] fatal: not a git repository (or any parent up to mount point /)
Stopping at filesystem boundary (GIT_DISCOVERY_ACROSS_FILESYSTEM not set).
2023-03-24 10:50:31.963 [info] > git rev-parse --show-toplevel [3ms]
2023-03-24 10:50:31.963 [info] fatal: not a git repository (or any parent up to mount point /)
Stopping at filesystem boundary (GIT_DISCOVERY_ACROSS_FILESYSTEM not set).
2023-03-24 10:50:34.470 [info] > git rev-parse --show-toplevel [9ms]
2023-03-24 10:50:34.470 [info] fatal: not a git repository (or any parent up to mount point /)
Stopping at filesystem boundary (GIT_DISCOVERY_ACROSS_FILESYSTEM not set).
2023-03-24 10:50:36.119 [info] > git rev-parse --show-toplevel [3ms]
2023-03-24 10:50:36.119 [info] fatal: not a git repository (or any parent up to mount point /)
Stopping at filesystem boundary (GIT_DISCOVERY_ACROSS_FILESYSTEM not set).
2023-03-24 10:50:36.141 [info] > git rev-parse --show-toplevel [3ms]
2023-03-24 10:50:36.141 [info] fatal: not a git repository (or any parent up to mount point /)
Stopping at filesystem boundary (GIT_DISCOVERY_ACROSS_FILESYSTEM not set).
2023-03-24 10:50:36.406 [info] > git rev-parse --show-toplevel [6ms]
2023-03-24 10:50:36.406 [info] fatal: not a git repository (or any parent up to mount point /)
Stopping at filesystem boundary (GIT_DISCOVERY_ACROSS_FILESYSTEM not set).
2023-03-24 10:50:42.173 [info] > git rev-parse --show-toplevel [5ms]
2023-03-24 10:50:42.173 [info] fatal: not a git repository (or any parent up to mount point /)
Stopping at filesystem boundary (GIT_DISCOVERY_ACROSS_FILESYSTEM not set).
2023-03-24 10:50:42.227 [info] > git rev-parse --show-toplevel [2ms]
2023-03-24 10:50:42.227 [info] fatal: not a git repository (or any parent up to mount point /)
Stopping at filesystem boundary (GIT_DISCOVERY_ACROSS_FILESYSTEM not set).
2023-03-24 10:50:42.253 [info] > git rev-parse --show-toplevel [3ms]
2023-03-24 10:50:42.253 [info] fatal: not a git repository (or any parent up to mount point /)
Stopping at filesystem boundary (GIT_DISCOVERY_ACROSS_FILESYSTEM not set).
2023-03-24 10:50:43.140 [info] > git rev-parse --show-toplevel [2ms]
2023-03-24 10:50:43.140 [info] fatal: not a git repository (or any parent up to mount point /)
Stopping at filesystem boundary (GIT_DISCOVERY_ACROSS_FILESYSTEM not set).
2023-03-24 10:50:44.134 [info] > git rev-parse --show-toplevel [2ms]
2023-03-24 10:50:44.134 [info] fatal: not a git repository (or any parent up to mount point /)
Stopping at filesystem boundary (GIT_DISCOVERY_ACROSS_FILESYSTEM not set).
2023-03-24 10:50:46.012 [info] > git rev-parse --show-toplevel [2ms]
2023-03-24 10:50:46.012 [info] fatal: not a git repository (or any parent up to mount point /)
Stopping at filesystem boundary (GIT_DISCOVERY_ACROSS_FILESYSTEM not set).
2023-03-24 10:51:03.773 [info] > git rev-parse --show-toplevel [2ms]
2023-03-24 10:51:03.773 [info] fatal: not a git repository (or any parent up to mount point /)
Stopping at filesystem boundary (GIT_DISCOVERY_ACROSS_FILESYSTEM not set).
2023-03-24 10:51:23.437 [info] > git rev-parse --show-toplevel [2ms]
2023-03-24 10:51:23.437 [info] fatal: not a git repository (or any parent up to mount point /)
Stopping at filesystem boundary (GIT_DISCOVERY_ACROSS_FILESYSTEM not set).
2023-03-24 10:51:47.758 [info] > git rev-parse --show-toplevel [11ms]
2023-03-24 10:51:47.758 [info] fatal: not a git repository (or any parent up to mount point /)
Stopping at filesystem boundary (GIT_DISCOVERY_ACROSS_FILESYSTEM not set).
2023-03-24 10:51:47.788 [info] > git rev-parse --show-toplevel [3ms]
2023-03-24 10:51:47.788 [info] fatal: not a git repository (or any parent up to mount point /)
Stopping at filesystem boundary (GIT_DISCOVERY_ACROSS_FILESYSTEM not set).
2023-03-24 10:51:48.958 [info] > git rev-parse --show-toplevel [5ms]
2023-03-24 10:51:48.958 [info] fatal: not a git repository (or any parent up to mount point /)
Stopping at filesystem boundary (GIT_DISCOVERY_ACROSS_FILESYSTEM not set).
2023-03-24 10:51:48.976 [info] > git rev-parse --show-toplevel [2ms]
2023-03-24 10:51:48.976 [info] fatal: not a git repository (or any parent up to mount point /)
Stopping at filesystem boundary (GIT_DISCOVERY_ACROSS_FILESYSTEM not set).
2023-03-24 10:52:58.814 [info] > git rev-parse --show-toplevel [2ms]
2023-03-24 10:52:58.814 [info] fatal: not a git repository (or any parent up to mount point /)
Stopping at filesystem boundary (GIT_DISCOVERY_ACROSS_FILESYSTEM not set).
2023-03-24 10:52:59.317 [info] > git rev-parse --show-toplevel [2ms]
2023-03-24 10:52:59.317 [info] fatal: not a git repository (or any parent up to mount point /)
Stopping at filesystem boundary (GIT_DISCOVERY_ACROSS_FILESYSTEM not set).
2023-03-24 10:53:04.660 [info] > git rev-parse --show-toplevel [2ms]
2023-03-24 10:53:04.660 [info] fatal: not a git repository (or any parent up to mount point /)
Stopping at filesystem boundary (GIT_DISCOVERY_ACROSS_FILESYSTEM not set).
2023-03-24 10:53:05.393 [info] > git rev-parse --show-toplevel [2ms]
2023-03-24 10:53:05.964 [info] fatal: not a git repository (or any parent up to mount point /)
Stopping at filesystem boundary (GIT_DISCOVERY_ACROSS_FILESYSTEM not set).
2023-03-24 10:53:06.305 [info] > git rev-parse --show-toplevel [2ms]
2023-03-24 10:53:06.305 [info] fatal: not a git repository (or any parent up to mount point /)
Stopping at filesystem boundary (GIT_DISCOVERY_ACROSS_FILESYSTEM not set).
2023-03-24 10:53:06.724 [info] > git rev-parse --show-toplevel [2ms]
2023-03-24 10:53:06.724 [info] fatal: not a git repository (or any parent up to mount point /)
Stopping at filesystem boundary (GIT_DISCOVERY_ACROSS_FILESYSTEM not set).
2023-03-24 10:53:07.053 [info] > git rev-parse --show-toplevel [7ms]
2023-03-24 10:53:07.054 [info] fatal: not a git repository (or any parent up to mount point /)
Stopping at filesystem boundary (GIT_DISCOVERY_ACROSS_FILESYSTEM not set).
2023-03-24 10:53:07.094 [info] > git rev-parse --show-toplevel [2ms]
2023-03-24 10:53:07.094 [info] fatal: not a git repository (or any parent up to mount point /)
Stopping at filesystem boundary (GIT_DISCOVERY_ACROSS_FILESYSTEM not set).
2023-03-24 10:53:07.306 [info] > git rev-parse --show-toplevel [1ms]
2023-03-24 10:53:07.306 [info] fatal: not a git repository (or any parent up to mount point /)
Stopping at filesystem boundary (GIT_DISCOVERY_ACROSS_FILESYSTEM not set).
2023-03-24 10:53:07.829 [info] > git rev-parse --show-toplevel [3ms]
2023-03-24 10:53:07.829 [info] fatal: not a git repository (or any parent up to mount point /)
Stopping at filesystem boundary (GIT_DISCOVERY_ACROSS_FILESYSTEM not set).
2023-03-24 10:53:09.277 [info] > git rev-parse --show-toplevel [5ms]
2023-03-24 10:53:09.277 [info] fatal: not a git repository (or any parent up to mount point /)
Stopping at filesystem boundary (GIT_DISCOVERY_ACROSS_FILESYSTEM not set).
2023-03-24 10:53:11.559 [info] > git rev-parse --show-toplevel [3ms]
2023-03-24 10:53:11.559 [info] fatal: not a git repository (or any parent up to mount point /)
Stopping at filesystem boundary (GIT_DISCOVERY_ACROSS_FILESYSTEM not set).
2023-03-24 10:53:11.586 [info] > git rev-parse --show-toplevel [3ms]
2023-03-24 10:53:11.586 [info] fatal: not a git repository (or any parent up to mount point /)
Stopping at filesystem boundary (GIT_DISCOVERY_ACROSS_FILESYSTEM not set).
2023-03-24 10:53:11.668 [info] > git rev-parse --show-toplevel [7ms]
2023-03-24 10:53:11.668 [info] fatal: not a git repository (or any parent up to mount point /)
Stopping at filesystem boundary (GIT_DISCOVERY_ACROSS_FILESYSTEM not set).
2023-03-24 10:53:12.272 [info] > git rev-parse --show-toplevel [8ms]
2023-03-24 10:53:12.272 [info] fatal: not a git repository (or any parent up to mount point /)
Stopping at filesystem boundary (GIT_DISCOVERY_ACROSS_FILESYSTEM not set).
2023-03-24 10:53:12.311 [info] > git rev-parse --show-toplevel [2ms]
2023-03-24 10:53:12.311 [info] fatal: not a git repository (or any parent up to mount point /)
Stopping at filesystem boundary (GIT_DISCOVERY_ACROSS_FILESYSTEM not set).
2023-03-24 10:53:12.342 [info] > git rev-parse --show-toplevel [6ms]
2023-03-24 10:53:12.342 [info] fatal: not a git repository (or any parent up to mount point /)
Stopping at filesystem boundary (GIT_DISCOVERY_ACROSS_FILESYSTEM not set).
2023-03-24 10:53:14.704 [info] > git rev-parse --show-toplevel [5ms]
2023-03-24 10:53:14.704 [info] fatal: not a git repository (or any parent up to mount point /)
Stopping at filesystem boundary (GIT_DISCOVERY_ACROSS_FILESYSTEM not set).
2023-03-24 10:53:14.727 [info] > git rev-parse --show-toplevel [2ms]
2023-03-24 10:53:14.727 [info] fatal: not a git repository (or any parent up to mount point /)
Stopping at filesystem boundary (GIT_DISCOVERY_ACROSS_FILESYSTEM not set).
2023-03-24 10:53:14.769 [info] > git rev-parse --show-toplevel [2ms]
2023-03-24 10:53:14.769 [info] fatal: not a git repository (or any parent up to mount point /)
Stopping at filesystem boundary (GIT_DISCOVERY_ACROSS_FILESYSTEM not set).
2023-03-24 10:53:15.158 [info] > git rev-parse --show-toplevel [2ms]
2023-03-24 10:53:15.158 [info] fatal: not a git repository (or any parent up to mount point /)
Stopping at filesystem boundary (GIT_DISCOVERY_ACROSS_FILESYSTEM not set).
2023-03-24 10:53:15.488 [info] > git rev-parse --show-toplevel [4ms]
2023-03-24 10:53:15.488 [info] fatal: not a git repository (or any parent up to mount point /)
Stopping at filesystem boundary (GIT_DISCOVERY_ACROSS_FILESYSTEM not set).
2023-03-24 10:53:15.516 [info] > git rev-parse --show-toplevel [3ms]
2023-03-24 10:53:15.516 [info] fatal: not a git repository (or any parent up to mount point /)
Stopping at filesystem boundary (GIT_DISCOVERY_ACROSS_FILESYSTEM not set).
2023-03-24 10:53:16.062 [info] > git rev-parse --show-toplevel [6ms]
2023-03-24 10:53:16.062 [info] fatal: not a git repository (or any parent up to mount point /)
Stopping at filesystem boundary (GIT_DISCOVERY_ACROSS_FILESYSTEM not set).
2023-03-24 10:53:16.093 [info] > git rev-parse --show-toplevel [5ms]
2023-03-24 10:53:16.093 [info] fatal: not a git repository (or any parent up to mount point /)
Stopping at filesystem boundary (GIT_DISCOVERY_ACROSS_FILESYSTEM not set).
2023-03-24 10:53:16.159 [info] > git rev-parse --show-toplevel [1ms]
2023-03-24 10:53:16.159 [info] fatal: not a git repository (or any parent up to mount point /)
Stopping at filesystem boundary (GIT_DISCOVERY_ACROSS_FILESYSTEM not set).
2023-03-24 10:53:16.494 [info] > git rev-parse --show-toplevel [3ms]
2023-03-24 10:53:16.494 [info] fatal: not a git repository (or any parent up to mount point /)
Stopping at filesystem boundary (GIT_DISCOVERY_ACROSS_FILESYSTEM not set).
2023-03-24 10:53:16.529 [info] > git rev-parse --show-toplevel [1ms]
2023-03-24 10:53:16.529 [info] fatal: not a git repository (or any parent up to mount point /)
Stopping at filesystem boundary (GIT_DISCOVERY_ACROSS_FILESYSTEM not set).
2023-03-24 10:53:16.688 [info] > git rev-parse --show-toplevel [3ms]
2023-03-24 10:53:16.688 [info] fatal: not a git repository (or any parent up to mount point /)
Stopping at filesystem boundary (GIT_DISCOVERY_ACROSS_FILESYSTEM not set).
2023-03-24 10:53:17.118 [info] > git rev-parse --show-toplevel [7ms]
2023-03-24 10:53:17.118 [info] fatal: not a git repository (or any parent up to mount point /)
Stopping at filesystem boundary (GIT_DISCOVERY_ACROSS_FILESYSTEM not set).
2023-03-24 10:53:17.831 [info] > git rev-parse --show-toplevel [5ms]
2023-03-24 10:53:17.831 [info] fatal: not a git repository (or any parent up to mount point /)
Stopping at filesystem boundary (GIT_DISCOVERY_ACROSS_FILESYSTEM not set).
2023-03-24 10:53:18.198 [info] > git rev-parse --show-toplevel [3ms]
2023-03-24 10:53:18.198 [info] fatal: not a git repository (or any parent up to mount point /)
Stopping at filesystem boundary (GIT_DISCOVERY_ACROSS_FILESYSTEM not set).
2023-03-24 10:53:18.789 [info] > git rev-parse --show-toplevel [4ms]
2023-03-24 10:53:18.789 [info] fatal: not a git repository (or any parent up to mount point /)
Stopping at filesystem boundary (GIT_DISCOVERY_ACROSS_FILESYSTEM not set).
2023-03-24 10:53:20.167 [info] > git rev-parse --show-toplevel [1ms]
2023-03-24 10:53:20.167 [info] fatal: not a git repository (or any parent up to mount point /)
Stopping at filesystem boundary (GIT_DISCOVERY_ACROSS_FILESYSTEM not set).
2023-03-24 10:54:07.165 [info] > git rev-parse --show-toplevel [2ms]
2023-03-24 10:54:07.165 [info] fatal: not a git repository (or any parent up to mount point /)
Stopping at filesystem boundary (GIT_DISCOVERY_ACROSS_FILESYSTEM not set).
2023-03-24 10:54:08.086 [info] > git rev-parse --show-toplevel [2ms]
2023-03-24 10:54:08.086 [info] fatal: not a git repository (or any parent up to mount point /)
Stopping at filesystem boundary (GIT_DISCOVERY_ACROSS_FILESYSTEM not set).
2023-03-24 11:04:07.288 [info] > git rev-parse --show-toplevel [4ms]
2023-03-24 11:04:07.288 [info] fatal: not a git repository (or any parent up to mount point /)
Stopping at filesystem boundary (GIT_DISCOVERY_ACROSS_FILESYSTEM not set).
2023-03-24 11:04:07.454 [info] > git rev-parse --show-toplevel [7ms]
2023-03-24 11:04:07.454 [info] fatal: not a git repository (or any parent up to mount point /)
Stopping at filesystem boundary (GIT_DISCOVERY_ACROSS_FILESYSTEM not set).
2023-03-24 11:04:29.412 [info] > git rev-parse --show-toplevel [5ms]
2023-03-24 11:04:29.412 [info] fatal: not a git repository (or any parent up to mount point /)
Stopping at filesystem boundary (GIT_DISCOVERY_ACROSS_FILESYSTEM not set).
2023-03-24 11:04:30.967 [info] > git rev-parse --show-toplevel [2ms]
2023-03-24 11:04:30.967 [info] fatal: not a git repository (or any parent up to mount point /)
Stopping at filesystem boundary (GIT_DISCOVERY_ACROSS_FILESYSTEM not set).
2023-03-24 11:04:36.274 [info] > git rev-parse --show-toplevel [4ms]
2023-03-24 11:04:36.274 [info] fatal: not a git repository (or any parent up to mount point /)
Stopping at filesystem boundary (GIT_DISCOVERY_ACROSS_FILESYSTEM not set).
2023-03-24 11:04:43.839 [info] > git rev-parse --show-toplevel [2ms]
2023-03-24 11:04:43.839 [info] fatal: not a git repository (or any parent up to mount point /)
Stopping at filesystem boundary (GIT_DISCOVERY_ACROSS_FILESYSTEM not set).
2023-03-24 11:04:47.228 [info] > git rev-parse --show-toplevel [5ms]
2023-03-24 11:04:47.228 [info] fatal: not a git repository (or any parent up to mount point /)
Stopping at filesystem boundary (GIT_DISCOVERY_ACROSS_FILESYSTEM not set).
2023-03-24 11:04:47.973 [info] > git rev-parse --show-toplevel [3ms]
2023-03-24 11:04:47.973 [info] fatal: not a git repository (or any parent up to mount point /)
Stopping at filesystem boundary (GIT_DISCOVERY_ACROSS_FILESYSTEM not set).
2023-03-24 11:04:54.654 [info] > git rev-parse --show-toplevel [11ms]
2023-03-24 11:04:54.654 [info] fatal: not a git repository (or any parent up to mount point /)
Stopping at filesystem boundary (GIT_DISCOVERY_ACROSS_FILESYSTEM not set).
2023-03-24 11:04:55.079 [info] > git rev-parse --show-toplevel [16ms]
2023-03-24 11:04:55.080 [info] fatal: not a git repository (or any parent up to mount point /)
Stopping at filesystem boundary (GIT_DISCOVERY_ACROSS_FILESYSTEM not set).
2023-03-24 11:04:56.203 [info] > git rev-parse --show-toplevel [1ms]
2023-03-24 11:04:56.203 [info] fatal: not a git repository (or any parent up to mount point /)
Stopping at filesystem boundary (GIT_DISCOVERY_ACROSS_FILESYSTEM not set).
2023-03-24 11:04:56.830 [info] > git rev-parse --show-toplevel [2ms]
2023-03-24 11:04:56.830 [info] fatal: not a git repository (or any parent up to mount point /)
Stopping at filesystem boundary (GIT_DISCOVERY_ACROSS_FILESYSTEM not set).
2023-03-24 11:05:12.542 [info] > git rev-parse --show-toplevel [8ms]
2023-03-24 11:05:12.542 [info] fatal: not a git repository (or any parent up to mount point /)
Stopping at filesystem boundary (GIT_DISCOVERY_ACROSS_FILESYSTEM not set).
2023-03-24 11:05:14.009 [info] > git rev-parse --show-toplevel [2ms]
2023-03-24 11:05:14.010 [info] fatal: not a git repository (or any parent up to mount point /)
Stopping at filesystem boundary (GIT_DISCOVERY_ACROSS_FILESYSTEM not set).
2023-03-24 11:05:53.896 [info] > git rev-parse --show-toplevel [12ms]
2023-03-24 11:05:53.896 [info] fatal: not a git repository (or any parent up to mount point /)
Stopping at filesystem boundary (GIT_DISCOVERY_ACROSS_FILESYSTEM not set).
2023-03-24 11:05:54.545 [info] > git rev-parse --show-toplevel [8ms]
2023-03-24 11:05:54.545 [info] fatal: not a git repository (or any parent up to mount point /)
Stopping at filesystem boundary (GIT_DISCOVERY_ACROSS_FILESYSTEM not set).
2023-03-24 11:05:56.177 [info] > git rev-parse --show-toplevel [5ms]
2023-03-24 11:05:56.177 [info] fatal: not a git repository (or any parent up to mount point /)
Stopping at filesystem boundary (GIT_DISCOVERY_ACROSS_FILESYSTEM not set).
2023-03-24 11:06:40.817 [info] > git rev-parse --show-toplevel [4ms]
2023-03-24 11:06:40.817 [info] fatal: not a git repository (or any parent up to mount point /)
Stopping at filesystem boundary (GIT_DISCOVERY_ACROSS_FILESYSTEM not set).
2023-03-24 11:06:40.848 [info] > git rev-parse --show-toplevel [14ms]
2023-03-24 11:06:40.848 [info] fatal: not a git repository (or any parent up to mount point /)
Stopping at filesystem boundary (GIT_DISCOVERY_ACROSS_FILESYSTEM not set).
2023-03-24 11:06:40.896 [info] > git rev-parse --show-toplevel [10ms]
2023-03-24 11:06:40.896 [info] fatal: not a git repository (or any parent up to mount point /)
Stopping at filesystem boundary (GIT_DISCOVERY_ACROSS_FILESYSTEM not set).
2023-03-24 11:06:40.928 [info] > git rev-parse --show-toplevel [8ms]
2023-03-24 11:06:40.928 [info] fatal: not a git repository (or any parent up to mount point /)
Stopping at filesystem boundary (GIT_DISCOVERY_ACROSS_FILESYSTEM not set).
2023-03-24 11:06:40.965 [info] > git rev-parse --show-toplevel [7ms]
2023-03-24 11:06:40.965 [info] fatal: not a git repository (or any parent up to mount point /)
Stopping at filesystem boundary (GIT_DISCOVERY_ACROSS_FILESYSTEM not set).
2023-03-24 11:06:41.002 [info] > git rev-parse --show-toplevel [3ms]
2023-03-24 11:06:41.002 [info] fatal: not a git repository (or any parent up to mount point /)
Stopping at filesystem boundary (GIT_DISCOVERY_ACROSS_FILESYSTEM not set).
2023-03-24 11:06:41.464 [info] > git rev-parse --show-toplevel [4ms]
2023-03-24 11:06:41.464 [info] fatal: not a git repository (or any parent up to mount point /)
Stopping at filesystem boundary (GIT_DISCOVERY_ACROSS_FILESYSTEM not set).
2023-03-24 11:07:03.369 [info] > git rev-parse --show-toplevel [1ms]
2023-03-24 11:07:03.369 [info] fatal: not a git repository (or any parent up to mount point /)
Stopping at filesystem boundary (GIT_DISCOVERY_ACROSS_FILESYSTEM not set).
2023-03-24 11:07:03.978 [info] > git rev-parse --show-toplevel [2ms]
2023-03-24 11:07:03.978 [info] fatal: not a git repository (or any parent up to mount point /)
Stopping at filesystem boundary (GIT_DISCOVERY_ACROSS_FILESYSTEM not set).
2023-03-24 11:07:04.785 [info] > git rev-parse --show-toplevel [3ms]
2023-03-24 11:07:04.785 [info] fatal: not a git repository (or any parent up to mount point /)
Stopping at filesystem boundary (GIT_DISCOVERY_ACROSS_FILESYSTEM not set).
2023-03-24 11:07:10.766 [info] > git rev-parse --show-toplevel [6ms]
2023-03-24 11:07:10.766 [info] fatal: not a git repository (or any parent up to mount point /)
Stopping at filesystem boundary (GIT_DISCOVERY_ACROSS_FILESYSTEM not set).
2023-03-24 11:07:19.812 [info] > git rev-parse --show-toplevel [3ms]
2023-03-24 11:07:19.812 [info] fatal: not a git repository (or any parent up to mount point /)
Stopping at filesystem boundary (GIT_DISCOVERY_ACROSS_FILESYSTEM not set).
2023-03-24 11:07:31.267 [info] > git rev-parse --show-toplevel [2ms]
2023-03-24 11:07:31.267 [info] fatal: not a git repository (or any parent up to mount point /)
Stopping at filesystem boundary (GIT_DISCOVERY_ACROSS_FILESYSTEM not set).
2023-03-24 11:08:28.517 [info] > git rev-parse --show-toplevel [4ms]
2023-03-24 11:08:28.517 [info] fatal: not a git repository (or any parent up to mount point /)
Stopping at filesystem boundary (GIT_DISCOVERY_ACROSS_FILESYSTEM not set).
2023-03-24 11:08:58.142 [info] > git rev-parse --show-toplevel [2ms]
2023-03-24 11:08:58.142 [info] fatal: not a git repository (or any parent up to mount point /)
Stopping at filesystem boundary (GIT_DISCOVERY_ACROSS_FILESYSTEM not set).
2023-03-24 11:09:31.281 [info] > git rev-parse --show-toplevel [3ms]
2023-03-24 11:09:31.281 [info] fatal: not a git repository (or any parent up to mount point /)
Stopping at filesystem boundary (GIT_DISCOVERY_ACROSS_FILESYSTEM not set).
2023-03-24 11:09:31.300 [info] > git rev-parse --show-toplevel [1ms]
2023-03-24 11:09:31.300 [info] fatal: not a git repository (or any parent up to mount point /)
Stopping at filesystem boundary (GIT_DISCOVERY_ACROSS_FILESYSTEM not set).
2023-03-24 11:09:31.330 [info] > git rev-parse --show-toplevel [2ms]
2023-03-24 11:09:31.330 [info] fatal: not a git repository (or any parent up to mount point /)
Stopping at filesystem boundary (GIT_DISCOVERY_ACROSS_FILESYSTEM not set).
2023-03-24 11:09:32.132 [info] > git rev-parse --show-toplevel [2ms]
2023-03-24 11:09:32.132 [info] fatal: not a git repository (or any parent up to mount point /)
Stopping at filesystem boundary (GIT_DISCOVERY_ACROSS_FILESYSTEM not set).
2023-03-24 11:09:32.441 [info] > git rev-parse --show-toplevel [2ms]
2023-03-24 11:09:32.441 [info] fatal: not a git repository (or any parent up to mount point /)
Stopping at filesystem boundary (GIT_DISCOVERY_ACROSS_FILESYSTEM not set).
2023-03-24 11:09:32.474 [info] > git rev-parse --show-toplevel [6ms]
2023-03-24 11:09:32.474 [info] fatal: not a git repository (or any parent up to mount point /)
Stopping at filesystem boundary (GIT_DISCOVERY_ACROSS_FILESYSTEM not set).
2023-03-24 11:09:59.282 [info] > git rev-parse --show-toplevel [2ms]
2023-03-24 11:09:59.282 [info] fatal: not a git repository (or any parent up to mount point /)
Stopping at filesystem boundary (GIT_DISCOVERY_ACROSS_FILESYSTEM not set).
2023-03-24 11:09:59.642 [info] > git rev-parse --show-toplevel [6ms]
2023-03-24 11:09:59.642 [info] fatal: not a git repository (or any parent up to mount point /)
Stopping at filesystem boundary (GIT_DISCOVERY_ACROSS_FILESYSTEM not set).
2023-03-24 11:09:59.663 [info] > git rev-parse --show-toplevel [1ms]
2023-03-24 11:09:59.663 [info] fatal: not a git repository (or any parent up to mount point /)
Stopping at filesystem boundary (GIT_DISCOVERY_ACROSS_FILESYSTEM not set).
2023-03-24 11:10:01.417 [info] > git rev-parse --show-toplevel [2ms]
2023-03-24 11:10:01.417 [info] fatal: not a git repository (or any parent up to mount point /)
Stopping at filesystem boundary (GIT_DISCOVERY_ACROSS_FILESYSTEM not set).
2023-03-24 11:10:02.167 [info] > git rev-parse --show-toplevel [3ms]
2023-03-24 11:10:02.167 [info] fatal: not a git repository (or any parent up to mount point /)
Stopping at filesystem boundary (GIT_DISCOVERY_ACROSS_FILESYSTEM not set).
2023-03-24 11:10:02.973 [info] > git rev-parse --show-toplevel [2ms]
2023-03-24 11:10:02.973 [info] fatal: not a git repository (or any parent up to mount point /)
Stopping at filesystem boundary (GIT_DISCOVERY_ACROSS_FILESYSTEM not set).
2023-03-24 11:10:03.365 [info] > git rev-parse --show-toplevel [2ms]
2023-03-24 11:10:03.365 [info] fatal: not a git repository (or any parent up to mount point /)
Stopping at filesystem boundary (GIT_DISCOVERY_ACROSS_FILESYSTEM not set).
2023-03-24 11:10:06.109 [info] > git rev-parse --show-toplevel [4ms]
2023-03-24 11:10:06.109 [info] fatal: not a git repository (or any parent up to mount point /)
Stopping at filesystem boundary (GIT_DISCOVERY_ACROSS_FILESYSTEM not set).
2023-03-24 11:10:07.079 [info] > git rev-parse --show-toplevel [1ms]
2023-03-24 11:10:07.079 [info] fatal: not a git repository (or any parent up to mount point /)
Stopping at filesystem boundary (GIT_DISCOVERY_ACROSS_FILESYSTEM not set).
2023-03-24 11:10:07.360 [info] > git rev-parse --show-toplevel [2ms]
2023-03-24 11:10:07.361 [info] fatal: not a git repository (or any parent up to mount point /)
Stopping at filesystem boundary (GIT_DISCOVERY_ACROSS_FILESYSTEM not set).
2023-03-24 11:10:07.404 [info] > git rev-parse --show-toplevel [3ms]
2023-03-24 11:10:07.404 [info] fatal: not a git repository (or any parent up to mount point /)
Stopping at filesystem boundary (GIT_DISCOVERY_ACROSS_FILESYSTEM not set).
2023-03-24 11:10:07.728 [info] > git rev-parse --show-toplevel [2ms]
2023-03-24 11:10:07.728 [info] fatal: not a git repository (or any parent up to mount point /)
Stopping at filesystem boundary (GIT_DISCOVERY_ACROSS_FILESYSTEM not set).
2023-03-24 11:10:08.048 [info] > git rev-parse --show-toplevel [2ms]
2023-03-24 11:10:08.049 [info] fatal: not a git repository (or any parent up to mount point /)
Stopping at filesystem boundary (GIT_DISCOVERY_ACROSS_FILESYSTEM not set).
2023-03-24 11:10:08.075 [info] > git rev-parse --show-toplevel [2ms]
2023-03-24 11:10:08.075 [info] fatal: not a git repository (or any parent up to mount point /)
Stopping at filesystem boundary (GIT_DISCOVERY_ACROSS_FILESYSTEM not set).
2023-03-24 11:10:08.410 [info] > git rev-parse --show-toplevel [3ms]
2023-03-24 11:10:08.410 [info] fatal: not a git repository (or any parent up to mount point /)
Stopping at filesystem boundary (GIT_DISCOVERY_ACROSS_FILESYSTEM not set).
2023-03-24 11:10:09.116 [info] > git rev-parse --show-toplevel [3ms]
2023-03-24 11:10:09.116 [info] fatal: not a git repository (or any parent up to mount point /)
Stopping at filesystem boundary (GIT_DISCOVERY_ACROSS_FILESYSTEM not set).
2023-03-24 11:10:09.147 [info] > git rev-parse --show-toplevel [5ms]
2023-03-24 11:10:09.147 [info] fatal: not a git repository (or any parent up to mount point /)
Stopping at filesystem boundary (GIT_DISCOVERY_ACROSS_FILESYSTEM not set).
2023-03-24 11:10:09.378 [info] > git rev-parse --show-toplevel [5ms]
2023-03-24 11:10:09.378 [info] fatal: not a git repository (or any parent up to mount point /)
Stopping at filesystem boundary (GIT_DISCOVERY_ACROSS_FILESYSTEM not set).
2023-03-24 11:10:09.417 [info] > git rev-parse --show-toplevel [8ms]
2023-03-24 11:10:09.417 [info] fatal: not a git repository (or any parent up to mount point /)
Stopping at filesystem boundary (GIT_DISCOVERY_ACROSS_FILESYSTEM not set).
2023-03-24 11:10:09.760 [info] > git rev-parse --show-toplevel [2ms]
2023-03-24 11:10:09.760 [info] fatal: not a git repository (or any parent up to mount point /)
Stopping at filesystem boundary (GIT_DISCOVERY_ACROSS_FILESYSTEM not set).
2023-03-24 11:10:09.784 [info] > git rev-parse --show-toplevel [2ms]
2023-03-24 11:10:09.784 [info] fatal: not a git repository (or any parent up to mount point /)
Stopping at filesystem boundary (GIT_DISCOVERY_ACROSS_FILESYSTEM not set).
2023-03-24 11:10:13.644 [info] > git rev-parse --show-toplevel [9ms]
2023-03-24 11:10:13.644 [info] fatal: not a git repository (or any parent up to mount point /)
Stopping at filesystem boundary (GIT_DISCOVERY_ACROSS_FILESYSTEM not set).
2023-03-24 11:10:13.666 [info] > git rev-parse --show-toplevel [2ms]
2023-03-24 11:10:13.666 [info] fatal: not a git repository (or any parent up to mount point /)
Stopping at filesystem boundary (GIT_DISCOVERY_ACROSS_FILESYSTEM not set).
2023-03-24 11:10:14.018 [info] > git rev-parse --show-toplevel [3ms]
2023-03-24 11:10:14.018 [info] fatal: not a git repository (or any parent up to mount point /)
Stopping at filesystem boundary (GIT_DISCOVERY_ACROSS_FILESYSTEM not set).
2023-03-24 11:10:14.803 [info] > git rev-parse --show-toplevel [2ms]
2023-03-24 11:10:14.803 [info] fatal: not a git repository (or any parent up to mount point /)
Stopping at filesystem boundary (GIT_DISCOVERY_ACROSS_FILESYSTEM not set).
2023-03-24 11:10:15.355 [info] > git rev-parse --show-toplevel [3ms]
2023-03-24 11:10:15.355 [info] fatal: not a git repository (or any parent up to mount point /)
Stopping at filesystem boundary (GIT_DISCOVERY_ACROSS_FILESYSTEM not set).
2023-03-24 11:10:24.925 [info] > git rev-parse --show-toplevel [1ms]
2023-03-24 11:10:24.926 [info] fatal: not a git repository (or any parent up to mount point /)
Stopping at filesystem boundary (GIT_DISCOVERY_ACROSS_FILESYSTEM not set).
2023-03-24 11:10:25.348 [info] > git rev-parse --show-toplevel [3ms]
2023-03-24 11:10:25.348 [info] fatal: not a git repository (or any parent up to mount point /)
Stopping at filesystem boundary (GIT_DISCOVERY_ACROSS_FILESYSTEM not set).
2023-03-24 11:10:41.357 [info] > git rev-parse --show-toplevel [2ms]
2023-03-24 11:10:41.357 [info] fatal: not a git repository (or any parent up to mount point /)
Stopping at filesystem boundary (GIT_DISCOVERY_ACROSS_FILESYSTEM not set).
2023-03-24 11:10:54.743 [info] > git rev-parse --show-toplevel [1ms]
2023-03-24 11:10:54.744 [info] fatal: not a git repository (or any parent up to mount point /)
Stopping at filesystem boundary (GIT_DISCOVERY_ACROSS_FILESYSTEM not set).
2023-03-24 11:10:55.881 [info] > git rev-parse --show-toplevel [5ms]
2023-03-24 11:10:55.881 [info] fatal: not a git repository (or any parent up to mount point /)
Stopping at filesystem boundary (GIT_DISCOVERY_ACROSS_FILESYSTEM not set).
2023-03-24 11:10:56.851 [info] > git rev-parse --show-toplevel [1ms]
2023-03-24 11:10:56.851 [info] fatal: not a git repository (or any parent up to mount point /)
Stopping at filesystem boundary (GIT_DISCOVERY_ACROSS_FILESYSTEM not set).
2023-03-24 11:10:57.795 [info] > git rev-parse --show-toplevel [2ms]
2023-03-24 11:10:57.795 [info] fatal: not a git repository (or any parent up to mount point /)
Stopping at filesystem boundary (GIT_DISCOVERY_ACROSS_FILESYSTEM not set).
2023-03-24 11:11:23.542 [info] > git rev-parse --show-toplevel [3ms]
2023-03-24 11:11:23.542 [info] fatal: not a git repository (or any parent up to mount point /)
Stopping at filesystem boundary (GIT_DISCOVERY_ACROSS_FILESYSTEM not set).
2023-03-24 11:11:24.253 [info] > git rev-parse --show-toplevel [6ms]
2023-03-24 11:11:24.253 [info] fatal: not a git repository (or any parent up to mount point /)
Stopping at filesystem boundary (GIT_DISCOVERY_ACROSS_FILESYSTEM not set).
2023-03-24 11:11:24.281 [info] > git rev-parse --show-toplevel [5ms]
2023-03-24 11:11:24.281 [info] fatal: not a git repository (or any parent up to mount point /)
Stopping at filesystem boundary (GIT_DISCOVERY_ACROSS_FILESYSTEM not set).
2023-03-24 11:11:41.594 [info] > git rev-parse --show-toplevel [335ms]
2023-03-24 11:11:41.595 [info] fatal: not a git repository (or any parent up to mount point /)
Stopping at filesystem boundary (GIT_DISCOVERY_ACROSS_FILESYSTEM not set).
2023-03-24 11:11:41.813 [info] > git rev-parse --show-toplevel [5ms]
2023-03-24 11:11:41.813 [info] fatal: not a git repository (or any parent up to mount point /)
Stopping at filesystem boundary (GIT_DISCOVERY_ACROSS_FILESYSTEM not set).
2023-03-24 11:11:42.436 [info] > git rev-parse --show-toplevel [6ms]
2023-03-24 11:11:42.436 [info] fatal: not a git repository (or any parent up to mount point /)
Stopping at filesystem boundary (GIT_DISCOVERY_ACROSS_FILESYSTEM not set).
2023-03-24 11:11:49.155 [info] > git rev-parse --show-toplevel [5ms]
2023-03-24 11:11:49.155 [info] fatal: not a git repository (or any parent up to mount point /)
Stopping at filesystem boundary (GIT_DISCOVERY_ACROSS_FILESYSTEM not set).
2023-03-24 11:12:07.740 [info] > git rev-parse --show-toplevel [14ms]
2023-03-24 11:12:07.742 [info] fatal: not a git repository (or any parent up to mount point /)
Stopping at filesystem boundary (GIT_DISCOVERY_ACROSS_FILESYSTEM not set).
2023-03-24 11:12:08.425 [info] > git rev-parse --show-toplevel [3ms]
2023-03-24 11:12:08.425 [info] fatal: not a git repository (or any parent up to mount point /)
Stopping at filesystem boundary (GIT_DISCOVERY_ACROSS_FILESYSTEM not set).
2023-03-24 11:12:23.862 [info] > git rev-parse --show-toplevel [37ms]
2023-03-24 11:12:23.862 [info] fatal: not a git repository (or any parent up to mount point /)
Stopping at filesystem boundary (GIT_DISCOVERY_ACROSS_FILESYSTEM not set).
2023-03-24 11:12:24.343 [info] > git rev-parse --show-toplevel [3ms]
2023-03-24 11:12:24.343 [info] fatal: not a git repository (or any parent up to mount point /)
Stopping at filesystem boundary (GIT_DISCOVERY_ACROSS_FILESYSTEM not set).
2023-03-24 11:12:49.112 [info] > git rev-parse --show-toplevel [2ms]
2023-03-24 11:12:49.112 [info] fatal: not a git repository (or any parent up to mount point /)
Stopping at filesystem boundary (GIT_DISCOVERY_ACROSS_FILESYSTEM not set).
2023-03-24 11:12:55.401 [info] > git rev-parse --show-toplevel [7ms]
2023-03-24 11:12:55.401 [info] fatal: not a git repository (or any parent up to mount point /)
Stopping at filesystem boundary (GIT_DISCOVERY_ACROSS_FILESYSTEM not set).
2023-03-24 11:12:56.152 [info] > git rev-parse --show-toplevel [3ms]
2023-03-24 11:12:56.152 [info] fatal: not a git repository (or any parent up to mount point /)
Stopping at filesystem boundary (GIT_DISCOVERY_ACROSS_FILESYSTEM not set).
2023-03-24 11:13:06.041 [info] > git rev-parse --show-toplevel [2ms]
2023-03-24 11:13:06.041 [info] fatal: not a git repository (or any parent up to mount point /)
Stopping at filesystem boundary (GIT_DISCOVERY_ACROSS_FILESYSTEM not set).
2023-03-24 11:13:06.459 [info] > git rev-parse --show-toplevel [3ms]
2023-03-24 11:13:06.459 [info] fatal: not a git repository (or any parent up to mount point /)
Stopping at filesystem boundary (GIT_DISCOVERY_ACROSS_FILESYSTEM not set).
2023-03-24 11:13:08.585 [info] > git rev-parse --show-toplevel [1ms]
2023-03-24 11:13:08.585 [info] fatal: not a git repository (or any parent up to mount point /)
Stopping at filesystem boundary (GIT_DISCOVERY_ACROSS_FILESYSTEM not set).
2023-03-24 11:13:18.885 [info] > git rev-parse --show-toplevel [10ms]
2023-03-24 11:13:18.885 [info] fatal: not a git repository (or any parent up to mount point /)
Stopping at filesystem boundary (GIT_DISCOVERY_ACROSS_FILESYSTEM not set).
2023-03-24 11:15:49.672 [info] > git rev-parse --show-toplevel [15ms]
2023-03-24 11:15:49.672 [info] fatal: not a git repository (or any parent up to mount point /)
Stopping at filesystem boundary (GIT_DISCOVERY_ACROSS_FILESYSTEM not set).
2023-03-24 11:16:41.522 [info] > git rev-parse --show-toplevel [8ms]
2023-03-24 11:16:41.522 [info] fatal: not a git repository (or any parent up to mount point /)
Stopping at filesystem boundary (GIT_DISCOVERY_ACROSS_FILESYSTEM not set).
2023-03-24 11:16:42.153 [info] > git rev-parse --show-toplevel [6ms]
2023-03-24 11:16:42.153 [info] fatal: not a git repository (or any parent up to mount point /)
Stopping at filesystem boundary (GIT_DISCOVERY_ACROSS_FILESYSTEM not set).
2023-03-24 11:21:08.700 [info] > git check-ignore -v -z --stdin [601ms]
2023-03-24 11:23:24.858 [info] > git rev-parse --show-toplevel [12402ms]
2023-03-24 11:23:26.657 [info] fatal: not a git repository (or any parent up to mount point /)
Stopping at filesystem boundary (GIT_DISCOVERY_ACROSS_FILESYSTEM not set).
