2023-03-31 15:10:35.283 [info] Added views:workbench.panel.markers.view in workbench.panel.markers
2023-03-31 15:10:35.283 [info] Added views:workbench.panel.output in workbench.panel.output
2023-03-31 15:10:35.283 [info] Added views:terminal in terminal
2023-03-31 15:10:35.283 [info] Added views:outline in workbench.view.explorer
2023-03-31 15:10:35.283 [info] Added views:workbench.scm in workbench.view.scm
2023-03-31 15:10:35.283 [info] Added views:workbench.view.search in workbench.view.search
2023-03-31 15:10:35.283 [info] Added views:timeline in workbench.view.explorer
2023-03-31 15:10:35.283 [info] Added views:workbench.explorer.fileView in workbench.view.explorer
2023-03-31 15:10:35.283 [info] Added views:workbench.explorer.openEditorsView in workbench.view.explorer
2023-03-31 15:10:35.293 [info] Added views:workbench.panel.markers.view in workbench.panel.markers
2023-03-31 15:10:35.293 [info] Added views:workbench.panel.output in workbench.panel.output
2023-03-31 15:10:35.293 [info] Added views:terminal in terminal
2023-03-31 15:10:35.293 [info] Added views:outline in workbench.view.explorer
2023-03-31 15:10:35.293 [info] Added views:workbench.scm in workbench.view.scm
2023-03-31 15:10:35.293 [info] Added views:workbench.view.search in workbench.view.search
2023-03-31 15:10:35.293 [info] Added views:timeline in workbench.view.explorer
2023-03-31 15:10:35.293 [info] Added views:workbench.explorer.fileView in workbench.view.explorer
2023-03-31 15:10:35.293 [info] Added views:workbench.explorer.openEditorsView in workbench.view.explorer
2023-03-31 15:10:35.582 [info] Added views:workbench.debug.welcome in workbench.view.debug
2023-03-31 15:10:35.762 [info] Added views:workbench.debug.welcome in workbench.view.debug
2023-03-31 15:10:41.120 [info] Added views:gitlens.views.home,gitlens.views.contributors in workbench.view.extension.gitlens
2023-03-31 15:10:41.123 [info] Added views:gitlens.views.commits,gitlens.views.commitDetails,gitlens.views.fileHistory,gitlens.views.branches,gitlens.views.remotes,gitlens.views.stashes,gitlens.views.tags,gitlens.views.searchAndCompare in workbench.view.scm
2023-03-31 15:10:41.124 [info] Added views:dockerContainers,dockerImages,dockerRegistries,dockerNetworks,dockerVolumes,vscode-docker.views.dockerContexts,vscode-docker.views.help in workbench.view.extension.dockerView
2023-03-31 15:10:41.127 [info] Added views:vscode-serial-monitor.monitor0 in workbench.view.extension.vscode-serial-monitor-tools
2023-03-31 15:10:41.128 [info] Added views:platformio-ide.quickAccess in workbench.view.extension.platformio
2023-03-31 15:10:41.128 [info] Added views:platformio-debug.peripherals,platformio-debug.registers,platformio-debug.memory,platformio-debug.disassembly in workbench.view.debug
2023-03-31 15:10:41.317 [info] Added views:gitlens.views.home,gitlens.views.contributors in workbench.view.extension.gitlens
2023-03-31 15:10:41.319 [info] Added views:gitlens.views.commits,gitlens.views.commitDetails,gitlens.views.fileHistory,gitlens.views.branches,gitlens.views.remotes,gitlens.views.stashes,gitlens.views.tags,gitlens.views.searchAndCompare in workbench.view.scm
2023-03-31 15:10:41.320 [info] Added views:dockerContainers,dockerImages,dockerRegistries,dockerNetworks,dockerVolumes,vscode-docker.views.dockerContexts,vscode-docker.views.help in workbench.view.extension.dockerView
2023-03-31 15:10:41.320 [info] Added views:vscode-serial-monitor.monitor0 in workbench.view.extension.vscode-serial-monitor-tools
2023-03-31 15:10:41.323 [info] Added views:platformio-ide.quickAccess in workbench.view.extension.platformio
2023-03-31 15:10:41.323 [info] Added views:platformio-debug.peripherals,platformio-debug.registers,platformio-debug.memory,platformio-debug.disassembly in workbench.view.debug
2023-03-31 15:10:42.051 [info] Added views:workbench.panel.repl.view in workbench.panel.repl
2023-03-31 15:10:42.259 [info] Added views:workbench.panel.repl.view in workbench.panel.repl
2023-03-31 15:10:48.853 [info] Added views:workbench.view.testing in workbench.view.extension.test
2023-03-31 15:10:49.893 [info] Added views:workbench.view.testing in workbench.view.extension.test
2023-03-31 15:10:52.481 [info] Removed views:gitlens.views.contributors from workbench.view.extension.gitlens
2023-03-31 15:10:52.486 [info] Removed views:gitlens.views.searchAndCompare,gitlens.views.tags,gitlens.views.stashes,gitlens.views.remotes,gitlens.views.branches,gitlens.views.fileHistory,gitlens.views.commitDetails,gitlens.views.commits from workbench.view.scm
2023-03-31 15:10:52.539 [info] Removed views:gitlens.views.contributors from workbench.view.extension.gitlens
2023-03-31 15:10:52.540 [info] Removed views:gitlens.views.searchAndCompare,gitlens.views.tags,gitlens.views.stashes,gitlens.views.remotes,gitlens.views.branches,gitlens.views.fileHistory,gitlens.views.commitDetails,gitlens.views.commits from workbench.view.scm
2023-03-31 15:11:04.097 [info] Removed views:workbench.view.testing from workbench.view.extension.test
2023-03-31 15:12:33.580 [info] Added views:jupyterViewVariables in workbench.view.extension.jupyter-variables
2023-03-31 15:12:54.006 [info] Added views:workbench.views.extensions.installed,workbench.views.extensions.popular,extensions.recommendedList in workbench.view.extensions
2023-03-31 15:12:54.019 [info] Removed views:workbench.views.extensions.popular from workbench.view.extensions
2023-03-31 15:12:58.364 [info] Removed views:workbench.view.testing from workbench.view.extension.test
2023-03-31 15:13:00.041 [info] Added views:workbench.panel.markers.view in workbench.panel.markers
2023-03-31 15:13:00.041 [info] Added views:workbench.panel.output in workbench.panel.output
2023-03-31 15:13:00.041 [info] Added views:terminal in terminal
2023-03-31 15:13:00.041 [info] Added views:outline in workbench.view.explorer
2023-03-31 15:13:00.041 [info] Added views:workbench.scm in workbench.view.scm
2023-03-31 15:13:00.041 [info] Added views:workbench.view.search in workbench.view.search
2023-03-31 15:13:00.041 [info] Added views:timeline in workbench.view.explorer
2023-03-31 15:13:00.041 [info] Added views:workbench.explorer.fileView in workbench.view.explorer
2023-03-31 15:13:00.041 [info] Added views:workbench.explorer.openEditorsView in workbench.view.explorer
2023-03-31 15:13:00.325 [info] Added views:workbench.debug.welcome in workbench.view.debug
2023-03-31 15:13:01.231 [info] Added views:workbench.views.extensions.installed,extensions.recommendedList in workbench.view.extensions
2023-03-31 15:13:01.940 [info] Added views:gitlens.views.home,gitlens.views.contributors in workbench.view.extension.gitlens
2023-03-31 15:13:01.940 [info] Added views:gitlens.views.commits,gitlens.views.commitDetails,gitlens.views.fileHistory,gitlens.views.branches,gitlens.views.remotes,gitlens.views.stashes,gitlens.views.tags,gitlens.views.searchAndCompare in workbench.view.scm
2023-03-31 15:13:01.948 [info] Added views:dockerContainers,dockerImages,dockerRegistries,dockerNetworks,dockerVolumes,vscode-docker.views.dockerContexts,vscode-docker.views.help in workbench.view.extension.dockerView
2023-03-31 15:13:01.948 [info] Added views:vscode-serial-monitor.monitor0 in workbench.view.extension.vscode-serial-monitor-tools
2023-03-31 15:13:01.948 [info] Added views:platformio-ide.quickAccess in workbench.view.extension.platformio
2023-03-31 15:13:01.949 [info] Added views:platformio-debug.peripherals,platformio-debug.registers,platformio-debug.memory,platformio-debug.disassembly in workbench.view.debug
2023-03-31 15:13:03.184 [info] Added views:workbench.panel.repl.view in workbench.panel.repl
2023-03-31 15:13:05.700 [info] Added views:workbench.view.testing in workbench.view.extension.test
2023-03-31 15:13:06.979 [info] Removed views:gitlens.views.contributors from workbench.view.extension.gitlens
2023-03-31 15:13:06.980 [info] Removed views:gitlens.views.searchAndCompare,gitlens.views.tags,gitlens.views.stashes,gitlens.views.remotes,gitlens.views.branches,gitlens.views.fileHistory,gitlens.views.commitDetails,gitlens.views.commits from workbench.view.scm
2023-03-31 15:19:08.867 [info] Added views:jupyterViewVariables in workbench.view.extension.jupyter-variables
2023-03-31 15:20:29.317 [info] Removed views:jupyterViewVariables from workbench.view.extension.jupyter-variables
2023-03-31 15:20:34.982 [info] Added views:jupyterViewVariables in workbench.view.extension.jupyter-variables
2023-03-31 15:22:42.204 [info] Removed views:jupyterViewVariables from workbench.view.extension.jupyter-variables
2023-03-31 15:23:20.816 [info] Added views:jupyterViewVariables in workbench.view.extension.jupyter-variables
2023-03-31 15:25:45.104 [info] Removed views:workbench.view.testing from workbench.view.extension.test
