2023-03-31 15:25:59.073 [info] Log level: Info
2023-03-31 15:25:59.074 [info] Validating found git in: "git"
2023-03-31 15:25:59.074 [info] Using git "2.34.1" from "git"
2023-03-31 15:25:59.074 [info] > git rev-parse --show-toplevel [97ms]
2023-03-31 15:25:59.074 [info] fatal: not a git repository (or any parent up to mount point /)
Stopping at filesystem boundary (GIT_DISCOVERY_ACROSS_FILESYSTEM not set).
2023-03-31 15:25:59.074 [info] > git rev-parse --show-toplevel [79ms]
2023-03-31 15:25:59.074 [info] fatal: not a git repository (or any parent up to mount point /)
Stopping at filesystem boundary (GIT_DISCOVERY_ACROSS_FILESYSTEM not set).
2023-03-31 15:25:59.074 [info] > git rev-parse --show-toplevel [155ms]
2023-03-31 15:25:59.074 [info] fatal: not a git repository (or any parent up to mount point /)
Stopping at filesystem boundary (GIT_DISCOVERY_ACROSS_FILESYSTEM not set).
2023-03-31 15:25:59.074 [info] > git rev-parse --show-toplevel [401ms]
2023-03-31 15:25:59.074 [info] fatal: not a git repository (or any parent up to mount point /)
Stopping at filesystem boundary (GIT_DISCOVERY_ACROSS_FILESYSTEM not set).
2023-03-31 15:25:59.402 [info] > git rev-parse --show-toplevel [31ms]
2023-03-31 15:25:59.402 [info] fatal: not a git repository (or any parent up to mount point /)
Stopping at filesystem boundary (GIT_DISCOVERY_ACROSS_FILESYSTEM not set).
2023-03-31 15:56:18.441 [info] > git rev-parse --show-toplevel [21ms]
2023-03-31 15:56:18.441 [info] fatal: not a git repository (or any parent up to mount point /)
Stopping at filesystem boundary (GIT_DISCOVERY_ACROSS_FILESYSTEM not set).
2023-03-31 15:57:20.491 [info] > git rev-parse --show-toplevel [3ms]
2023-03-31 15:57:20.491 [info] fatal: not a git repository (or any parent up to mount point /)
Stopping at filesystem boundary (GIT_DISCOVERY_ACROSS_FILESYSTEM not set).
2023-03-31 15:57:20.519 [info] > git rev-parse --show-toplevel [9ms]
2023-03-31 15:57:20.519 [info] fatal: not a git repository (or any parent up to mount point /)
Stopping at filesystem boundary (GIT_DISCOVERY_ACROSS_FILESYSTEM not set).
2023-03-31 15:58:21.477 [info] > git rev-parse --show-toplevel [2ms]
2023-03-31 15:58:21.477 [info] fatal: not a git repository (or any parent up to mount point /)
Stopping at filesystem boundary (GIT_DISCOVERY_ACROSS_FILESYSTEM not set).
2023-03-31 15:58:21.495 [info] > git rev-parse --show-toplevel [3ms]
2023-03-31 15:58:21.495 [info] fatal: not a git repository (or any parent up to mount point /)
Stopping at filesystem boundary (GIT_DISCOVERY_ACROSS_FILESYSTEM not set).
2023-03-31 15:58:43.542 [info] > git rev-parse --show-toplevel [4ms]
2023-03-31 15:58:43.542 [info] fatal: not a git repository (or any parent up to mount point /)
Stopping at filesystem boundary (GIT_DISCOVERY_ACROSS_FILESYSTEM not set).
2023-03-31 15:58:48.165 [info] > git rev-parse --show-toplevel [7ms]
2023-03-31 15:58:48.165 [info] fatal: not a git repository (or any parent up to mount point /)
Stopping at filesystem boundary (GIT_DISCOVERY_ACROSS_FILESYSTEM not set).
2023-03-31 15:58:48.716 [info] > git rev-parse --show-toplevel [10ms]
2023-03-31 15:58:48.716 [info] fatal: not a git repository (or any parent up to mount point /)
Stopping at filesystem boundary (GIT_DISCOVERY_ACROSS_FILESYSTEM not set).
2023-03-31 15:58:48.735 [info] > git rev-parse --show-toplevel [2ms]
2023-03-31 15:58:48.735 [info] fatal: not a git repository (or any parent up to mount point /)
Stopping at filesystem boundary (GIT_DISCOVERY_ACROSS_FILESYSTEM not set).
2023-03-31 15:58:48.750 [info] > git rev-parse --show-toplevel [1ms]
2023-03-31 15:58:48.750 [info] fatal: not a git repository (or any parent up to mount point /)
Stopping at filesystem boundary (GIT_DISCOVERY_ACROSS_FILESYSTEM not set).
2023-03-31 15:58:48.764 [info] > git rev-parse --show-toplevel [2ms]
2023-03-31 15:58:48.764 [info] fatal: not a git repository (or any parent up to mount point /)
Stopping at filesystem boundary (GIT_DISCOVERY_ACROSS_FILESYSTEM not set).
2023-03-31 15:58:50.147 [info] > git rev-parse --show-toplevel [5ms]
2023-03-31 15:58:50.147 [info] fatal: not a git repository (or any parent up to mount point /)
Stopping at filesystem boundary (GIT_DISCOVERY_ACROSS_FILESYSTEM not set).
2023-03-31 15:58:58.968 [info] > git rev-parse --show-toplevel [41ms]
2023-03-31 15:58:58.968 [info] fatal: not a git repository (or any parent up to mount point /)
Stopping at filesystem boundary (GIT_DISCOVERY_ACROSS_FILESYSTEM not set).
2023-03-31 15:58:59.033 [info] > git rev-parse --show-toplevel [7ms]
2023-03-31 15:58:59.033 [info] fatal: not a git repository (or any parent up to mount point /)
Stopping at filesystem boundary (GIT_DISCOVERY_ACROSS_FILESYSTEM not set).
2023-03-31 15:58:59.063 [info] > git rev-parse --show-toplevel [10ms]
2023-03-31 15:58:59.063 [info] fatal: not a git repository (or any parent up to mount point /)
Stopping at filesystem boundary (GIT_DISCOVERY_ACROSS_FILESYSTEM not set).
2023-03-31 15:59:07.958 [info] > git rev-parse --show-toplevel [23ms]
2023-03-31 15:59:07.958 [info] fatal: not a git repository (or any parent up to mount point /)
Stopping at filesystem boundary (GIT_DISCOVERY_ACROSS_FILESYSTEM not set).
2023-03-31 15:59:08.063 [info] > git rev-parse --show-toplevel [17ms]
2023-03-31 15:59:08.063 [info] fatal: not a git repository (or any parent up to mount point /)
Stopping at filesystem boundary (GIT_DISCOVERY_ACROSS_FILESYSTEM not set).
2023-03-31 15:59:14.715 [info] > git rev-parse --show-toplevel [12ms]
2023-03-31 15:59:14.715 [info] fatal: not a git repository (or any parent up to mount point /)
Stopping at filesystem boundary (GIT_DISCOVERY_ACROSS_FILESYSTEM not set).
2023-03-31 15:59:47.864 [info] > git rev-parse --show-toplevel [7ms]
2023-03-31 15:59:47.864 [info] fatal: not a git repository (or any parent up to mount point /)
Stopping at filesystem boundary (GIT_DISCOVERY_ACROSS_FILESYSTEM not set).
2023-03-31 15:59:47.893 [info] > git rev-parse --show-toplevel [12ms]
2023-03-31 15:59:47.894 [info] fatal: not a git repository (or any parent up to mount point /)
Stopping at filesystem boundary (GIT_DISCOVERY_ACROSS_FILESYSTEM not set).
2023-03-31 16:00:02.424 [info] > git rev-parse --show-toplevel [11ms]
2023-03-31 16:00:02.424 [info] fatal: not a git repository (or any parent up to mount point /)
Stopping at filesystem boundary (GIT_DISCOVERY_ACROSS_FILESYSTEM not set).
2023-03-31 16:00:02.450 [info] > git rev-parse --show-toplevel [5ms]
2023-03-31 16:00:02.450 [info] fatal: not a git repository (or any parent up to mount point /)
Stopping at filesystem boundary (GIT_DISCOVERY_ACROSS_FILESYSTEM not set).
2023-03-31 16:00:07.950 [info] > git rev-parse --show-toplevel [6ms]
2023-03-31 16:00:07.950 [info] fatal: not a git repository (or any parent up to mount point /)
Stopping at filesystem boundary (GIT_DISCOVERY_ACROSS_FILESYSTEM not set).
2023-03-31 16:00:07.977 [info] > git rev-parse --show-toplevel [9ms]
2023-03-31 16:00:07.977 [info] fatal: not a git repository (or any parent up to mount point /)
Stopping at filesystem boundary (GIT_DISCOVERY_ACROSS_FILESYSTEM not set).
2023-03-31 16:00:07.995 [info] > git rev-parse --show-toplevel [3ms]
2023-03-31 16:00:07.996 [info] fatal: not a git repository (or any parent up to mount point /)
Stopping at filesystem boundary (GIT_DISCOVERY_ACROSS_FILESYSTEM not set).
2023-03-31 16:00:10.041 [info] > git rev-parse --show-toplevel [9ms]
2023-03-31 16:00:10.041 [info] fatal: not a git repository (or any parent up to mount point /)
Stopping at filesystem boundary (GIT_DISCOVERY_ACROSS_FILESYSTEM not set).
2023-03-31 16:00:10.106 [info] > git rev-parse --show-toplevel [6ms]
2023-03-31 16:00:10.106 [info] fatal: not a git repository (or any parent up to mount point /)
Stopping at filesystem boundary (GIT_DISCOVERY_ACROSS_FILESYSTEM not set).
2023-03-31 16:00:41.457 [info] > git rev-parse --show-toplevel [4ms]
2023-03-31 16:00:41.457 [info] fatal: not a git repository (or any parent up to mount point /)
Stopping at filesystem boundary (GIT_DISCOVERY_ACROSS_FILESYSTEM not set).
2023-03-31 16:00:44.751 [info] > git rev-parse --show-toplevel [11ms]
2023-03-31 16:00:44.751 [info] fatal: not a git repository (or any parent up to mount point /)
Stopping at filesystem boundary (GIT_DISCOVERY_ACROSS_FILESYSTEM not set).
2023-03-31 16:00:46.425 [info] > git rev-parse --show-toplevel [3ms]
2023-03-31 16:00:46.425 [info] fatal: not a git repository (or any parent up to mount point /)
Stopping at filesystem boundary (GIT_DISCOVERY_ACROSS_FILESYSTEM not set).
2023-03-31 16:00:46.777 [info] > git rev-parse --show-toplevel [4ms]
2023-03-31 16:00:46.777 [info] fatal: not a git repository (or any parent up to mount point /)
Stopping at filesystem boundary (GIT_DISCOVERY_ACROSS_FILESYSTEM not set).
2023-03-31 16:01:20.093 [info] > git rev-parse --show-toplevel [5ms]
2023-03-31 16:01:20.093 [info] fatal: not a git repository (or any parent up to mount point /)
Stopping at filesystem boundary (GIT_DISCOVERY_ACROSS_FILESYSTEM not set).
2023-03-31 16:01:22.670 [info] > git rev-parse --show-toplevel [18ms]
2023-03-31 16:01:22.670 [info] fatal: not a git repository (or any parent up to mount point /)
Stopping at filesystem boundary (GIT_DISCOVERY_ACROSS_FILESYSTEM not set).
2023-03-31 16:01:22.774 [info] > git rev-parse --show-toplevel [5ms]
2023-03-31 16:01:22.774 [info] fatal: not a git repository (or any parent up to mount point /)
Stopping at filesystem boundary (GIT_DISCOVERY_ACROSS_FILESYSTEM not set).
2023-03-31 16:50:52.087 [info] > git rev-parse --show-toplevel [692ms]
2023-03-31 16:50:52.088 [info] fatal: not a git repository (or any parent up to mount point /)
Stopping at filesystem boundary (GIT_DISCOVERY_ACROSS_FILESYSTEM not set).
2023-03-31 16:50:52.171 [info] > git rev-parse --show-toplevel [9ms]
2023-03-31 16:50:52.171 [info] fatal: not a git repository (or any parent up to mount point /)
Stopping at filesystem boundary (GIT_DISCOVERY_ACROSS_FILESYSTEM not set).
2023-03-31 16:51:59.697 [info] > git rev-parse --show-toplevel [10ms]
2023-03-31 16:51:59.697 [info] fatal: not a git repository (or any parent up to mount point /)
Stopping at filesystem boundary (GIT_DISCOVERY_ACROSS_FILESYSTEM not set).
2023-03-31 16:52:01.128 [info] > git rev-parse --show-toplevel [4ms]
2023-03-31 16:52:01.129 [info] fatal: not a git repository (or any parent up to mount point /)
Stopping at filesystem boundary (GIT_DISCOVERY_ACROSS_FILESYSTEM not set).
2023-03-31 16:52:02.700 [info] > git rev-parse --show-toplevel [10ms]
2023-03-31 16:52:02.700 [info] fatal: not a git repository (or any parent up to mount point /)
Stopping at filesystem boundary (GIT_DISCOVERY_ACROSS_FILESYSTEM not set).
2023-03-31 16:52:07.044 [info] > git rev-parse --show-toplevel [6ms]
2023-03-31 16:52:07.044 [info] fatal: not a git repository (or any parent up to mount point /)
Stopping at filesystem boundary (GIT_DISCOVERY_ACROSS_FILESYSTEM not set).
2023-03-31 16:52:10.175 [info] > git rev-parse --show-toplevel [5ms]
2023-03-31 16:52:10.175 [info] fatal: not a git repository (or any parent up to mount point /)
Stopping at filesystem boundary (GIT_DISCOVERY_ACROSS_FILESYSTEM not set).
2023-03-31 16:52:13.768 [info] > git rev-parse --show-toplevel [4ms]
2023-03-31 16:52:13.768 [info] fatal: not a git repository (or any parent up to mount point /)
Stopping at filesystem boundary (GIT_DISCOVERY_ACROSS_FILESYSTEM not set).
2023-03-31 16:52:18.307 [info] > git rev-parse --show-toplevel [2ms]
2023-03-31 16:52:18.307 [info] fatal: not a git repository (or any parent up to mount point /)
Stopping at filesystem boundary (GIT_DISCOVERY_ACROSS_FILESYSTEM not set).
2023-03-31 16:52:19.608 [info] > git rev-parse --show-toplevel [14ms]
2023-03-31 16:52:19.608 [info] fatal: not a git repository (or any parent up to mount point /)
Stopping at filesystem boundary (GIT_DISCOVERY_ACROSS_FILESYSTEM not set).
2023-03-31 16:52:19.744 [info] > git rev-parse --show-toplevel [3ms]
2023-03-31 16:52:19.744 [info] fatal: not a git repository (or any parent up to mount point /)
Stopping at filesystem boundary (GIT_DISCOVERY_ACROSS_FILESYSTEM not set).
2023-03-31 16:52:19.791 [info] > git rev-parse --show-toplevel [3ms]
2023-03-31 16:52:19.791 [info] fatal: not a git repository (or any parent up to mount point /)
Stopping at filesystem boundary (GIT_DISCOVERY_ACROSS_FILESYSTEM not set).
2023-03-31 16:52:19.823 [info] > git rev-parse --show-toplevel [4ms]
2023-03-31 16:52:19.823 [info] fatal: not a git repository (or any parent up to mount point /)
Stopping at filesystem boundary (GIT_DISCOVERY_ACROSS_FILESYSTEM not set).
2023-03-31 16:52:20.056 [info] > git rev-parse --show-toplevel [15ms]
2023-03-31 16:52:20.056 [info] fatal: not a git repository (or any parent up to mount point /)
Stopping at filesystem boundary (GIT_DISCOVERY_ACROSS_FILESYSTEM not set).
2023-03-31 16:52:20.118 [info] > git rev-parse --show-toplevel [3ms]
2023-03-31 16:52:20.118 [info] fatal: not a git repository (or any parent up to mount point /)
Stopping at filesystem boundary (GIT_DISCOVERY_ACROSS_FILESYSTEM not set).
2023-03-31 16:52:21.982 [info] > git rev-parse --show-toplevel [5ms]
2023-03-31 16:52:21.982 [info] fatal: not a git repository (or any parent up to mount point /)
Stopping at filesystem boundary (GIT_DISCOVERY_ACROSS_FILESYSTEM not set).
2023-03-31 16:52:22.012 [info] > git rev-parse --show-toplevel [3ms]
2023-03-31 16:52:22.012 [info] fatal: not a git repository (or any parent up to mount point /)
Stopping at filesystem boundary (GIT_DISCOVERY_ACROSS_FILESYSTEM not set).
2023-03-31 16:52:22.041 [info] > git rev-parse --show-toplevel [3ms]
2023-03-31 16:52:22.041 [info] fatal: not a git repository (or any parent up to mount point /)
Stopping at filesystem boundary (GIT_DISCOVERY_ACROSS_FILESYSTEM not set).
2023-03-31 16:52:23.665 [info] > git rev-parse --show-toplevel [11ms]
2023-03-31 16:52:23.665 [info] fatal: not a git repository (or any parent up to mount point /)
Stopping at filesystem boundary (GIT_DISCOVERY_ACROSS_FILESYSTEM not set).
2023-03-31 16:52:27.407 [info] > git rev-parse --show-toplevel [8ms]
2023-03-31 16:52:27.407 [info] fatal: not a git repository (or any parent up to mount point /)
Stopping at filesystem boundary (GIT_DISCOVERY_ACROSS_FILESYSTEM not set).
2023-03-31 22:08:49.225 [info] > git rev-parse --show-toplevel [205ms]
2023-03-31 22:08:49.235 [info] fatal: not a git repository (or any parent up to mount point /)
Stopping at filesystem boundary (GIT_DISCOVERY_ACROSS_FILESYSTEM not set).
2023-03-31 22:09:36.198 [info] > git rev-parse --show-toplevel [10ms]
2023-03-31 22:09:36.199 [info] fatal: not a git repository (or any parent up to mount point /)
Stopping at filesystem boundary (GIT_DISCOVERY_ACROSS_FILESYSTEM not set).
2023-03-31 22:09:36.308 [info] > git rev-parse --show-toplevel [3ms]
2023-03-31 22:09:36.308 [info] fatal: not a git repository (or any parent up to mount point /)
Stopping at filesystem boundary (GIT_DISCOVERY_ACROSS_FILESYSTEM not set).
2023-03-31 22:09:41.146 [info] > git rev-parse --show-toplevel [5ms]
2023-03-31 22:09:41.148 [info] fatal: not a git repository (or any parent up to mount point /)
Stopping at filesystem boundary (GIT_DISCOVERY_ACROSS_FILESYSTEM not set).
