{"logTime": "0323/081531", "correlationVector":"zEIY73/m+9B9LItdw85nOz","action":"Commit Request", "result":"", "context":Item count: 1
Contributing types: Device Info}
{"logTime": "0323/081531", "correlationVector":"zEIY73/m+9B9LItdw85nOz.1","action":"SyncServerConnectionManagerRequest", "result":"SYNC_SERVER_OK", "context":{"environment":"Prod_NorthEurope_000h", "server":"GENERAL01000012"}}
{"logTime": "0323/081531", "correlationVector":"zEIY73/m+9B9LItdw85nOz.2","action":"Commit Response", "result":"SYNCER_OK", "context":Result: SYNCER_OK. cV=zEIY73/m+9B9LItdw85nOz.0;server=GENERAL01000012;cloudType=Consumer;environment=Prod_NorthEurope_000h;migrationStage=NotStarted}
{"logTime": "0323/081531", "correlationVector":"auQT30JLz0lYxmlJzcTOTI","action":"Commit Request", "result":"", "context":Item count: 20
Contributing types: Sessions}
{"logTime": "0323/081532", "correlationVector":"auQT30JLz0lYxmlJzcTOTI.1","action":"SyncServerConnectionManagerRequest", "result":"SYNC_SERVER_OK", "context":{"environment":"Prod_NorthEurope_000h", "server":"GENERAL0100001T"}}
{"logTime": "0323/081532", "correlationVector":"auQT30JLz0lYxmlJzcTOTI.3","action":"Commit.Sessions", "result":"Success", "context":{"id":"0fbd33ad-58f5-4d12-ab09-1f59e1900058", "isDeleted":"true", "size":"0", "version":"1679345520054"}}
{"logTime": "0323/081532", "correlationVector":"auQT30JLz0lYxmlJzcTOTI.4","action":"Commit.Sessions", "result":"Success", "context":{"id":"9e5a7742-94d6-4370-a4b4-60d28c2e3c6d", "isDeleted":"true", "size":"0", "version":"1679345455475"}}
{"logTime": "0323/081532", "correlationVector":"auQT30JLz0lYxmlJzcTOTI.5","action":"Commit.Sessions", "result":"Success", "context":{"id":"52d4a39d-8706-4026-b724-f830e31d4fc2", "isDeleted":"true", "size":"0", "version":"1679345487994"}}
{"logTime": "0323/081532", "correlationVector":"auQT30JLz0lYxmlJzcTOTI.6","action":"Commit.Sessions", "result":"Success", "context":{"id":"7f292baa-e650-42fc-918c-9aec5bfda44a", "isDeleted":"true", "size":"0", "version":"1679345487995"}}
{"logTime": "0323/081532", "correlationVector":"auQT30JLz0lYxmlJzcTOTI.7","action":"Commit.Sessions", "result":"Success", "context":{"id":"1756a063-a7f6-4c1a-b3b6-c7bfda76902d", "isDeleted":"true", "size":"0", "version":"1679345455479"}}
{"logTime": "0323/081532", "correlationVector":"auQT30JLz0lYxmlJzcTOTI.8","action":"Commit.Sessions", "result":"Success", "context":{"id":"8a946f4d-1032-4ed0-8da2-41e122be589c", "isDeleted":"true", "size":"0", "version":"1679345455480"}}
{"logTime": "0323/081532", "correlationVector":"auQT30JLz0lYxmlJzcTOTI.9","action":"Commit.Sessions", "result":"Success", "context":{"id":"3bad9c5a-8d96-4986-8458-40368b87464e", "isDeleted":"true", "size":"0", "version":"1679345455481"}}
{"logTime": "0323/081532", "correlationVector":"auQT30JLz0lYxmlJzcTOTI.10","action":"Commit.Sessions", "result":"Success", "context":{"id":"6a1d90a7-890d-48cc-9df8-28cea562a172", "isDeleted":"true", "size":"0", "version":"1679345520055"}}
{"logTime": "0323/081532", "correlationVector":"auQT30JLz0lYxmlJzcTOTI.11","action":"Commit.Sessions", "result":"Success", "context":{"id":"cd4856a4-7423-422c-a435-fc5a1d870175", "isDeleted":"true", "size":"0", "version":"1679345641133"}}
{"logTime": "0323/081532", "correlationVector":"auQT30JLz0lYxmlJzcTOTI.2","action":"Commit Response", "result":"SYNCER_OK", "context":Result: SYNCER_OK. cV=auQT30JLz0lYxmlJzcTOTI.0;server=GENERAL0100001T;cloudType=Consumer;environment=Prod_NorthEurope_000h;migrationStage=NotStarted}
{"logTime": "0323/081533", "correlationVector":"fmpjA7msnC+NIU4YsYT30O","action":"Commit Request", "result":"", "context":Item count: 9
Contributing types: Sessions, User Consents}
{"logTime": "0323/081534", "correlationVector":"fmpjA7msnC+NIU4YsYT30O.1","action":"SyncServerConnectionManagerRequest", "result":"SYNC_SERVER_OK", "context":{"environment":"Prod_NorthEurope_000h", "server":"GENERAL0100001Q"}}
{"logTime": "0323/081534", "correlationVector":"fmpjA7msnC+NIU4YsYT30O.3","action":"Commit.Sessions", "result":"Success", "context":{"id":"3fd468b8-aa56-421e-873a-36e32805c8a0", "isDeleted":"true", "size":"0", "version":"1679559331639"}}
{"logTime": "0323/081534", "correlationVector":"fmpjA7msnC+NIU4YsYT30O.4","action":"Commit.Sessions", "result":"Success", "context":{"id":"bc571879-8ae0-4d46-8a83-63496f63b257", "isDeleted":"true", "size":"0", "version":"1679345487998"}}
{"logTime": "0323/081534", "correlationVector":"fmpjA7msnC+NIU4YsYT30O.5","action":"Commit.Sessions", "result":"Success", "context":{"id":"5958dabb-d723-4068-8237-e610dbc3f80c", "isDeleted":"true", "size":"0", "version":"1679345520057"}}
{"logTime": "0323/081534", "correlationVector":"fmpjA7msnC+NIU4YsYT30O.6","action":"Commit.Sessions", "result":"Success", "context":{"id":"c9603c54-b49a-48e7-987a-a9d734224abc", "isDeleted":"true", "size":"0", "version":"1679345488000"}}
{"logTime": "0323/081534", "correlationVector":"fmpjA7msnC+NIU4YsYT30O.2","action":"Commit Response", "result":"SYNCER_OK", "context":Result: SYNCER_OK. cV=fmpjA7msnC+NIU4YsYT30O.0;server=GENERAL0100001Q;cloudType=Consumer;environment=Prod_NorthEurope_000h;migrationStage=NotStarted}
{"logTime": "0323/081604", "correlationVector":"WvEtRM/fyPVMvWvDLMOqzE","action":"Commit Request", "result":"", "context":Item count: 9
Contributing types: Sessions}
{"logTime": "0323/081605", "correlationVector":"WvEtRM/fyPVMvWvDLMOqzE.1","action":"SyncServerConnectionManagerRequest", "result":"SYNC_SERVER_OK", "context":{"environment":"Prod_NorthEurope_000h", "server":"GENERAL0100001B"}}
{"logTime": "0323/081605", "correlationVector":"WvEtRM/fyPVMvWvDLMOqzE.3","action":"Commit.Sessions", "result":"Success", "context":{"id":"b8550fd2-d150-480a-8941-ceb9cc159730", "isDeleted":"true", "size":"0", "version":"1679559333678"}}
{"logTime": "0323/081605", "correlationVector":"WvEtRM/fyPVMvWvDLMOqzE.2","action":"Commit Response", "result":"SYNCER_OK", "context":Result: SYNCER_OK. cV=WvEtRM/fyPVMvWvDLMOqzE.0;server=GENERAL0100001B;cloudType=Consumer;environment=Prod_NorthEurope_000h;migrationStage=NotStarted}
{"logTime": "0323/081623", "correlationVector":"V90OD+0/+VyUidD/I3YbvN","action":"Commit Request", "result":"", "context":Item count: 1
Contributing types: Extensions}
{"logTime": "0323/081624", "correlationVector":"V90OD+0/+VyUidD/I3YbvN.1","action":"SyncServerConnectionManagerRequest", "result":"SYNC_SERVER_OK", "context":{"environment":"Prod_NorthEurope_000h", "server":"GENERAL01000011"}}
{"logTime": "0323/081624", "correlationVector":"V90OD+0/+VyUidD/I3YbvN.2","action":"Commit Response", "result":"SYNCER_OK", "context":Result: SYNCER_OK. cV=V90OD+0/+VyUidD/I3YbvN.0;server=GENERAL01000011;cloudType=Consumer;environment=Prod_NorthEurope_000h;migrationStage=NotStarted}
{"logTime": "0323/081702", "correlationVector":"QpijmlEN0jEnoFEEiK6rR6","action":"Commit Request", "result":"", "context":Item count: 3
Contributing types: Sessions}
{"logTime": "0323/081703", "correlationVector":"QpijmlEN0jEnoFEEiK6rR6.1","action":"SyncServerConnectionManagerRequest", "result":"SYNC_SERVER_OK", "context":{"environment":"Prod_NorthEurope_000h", "server":"GENERAL0100000K"}}
{"logTime": "0323/081703", "correlationVector":"QpijmlEN0jEnoFEEiK6rR6.2","action":"Commit Response", "result":"SYNCER_OK", "context":Result: SYNCER_OK. cV=QpijmlEN0jEnoFEEiK6rR6.0;server=GENERAL0100000K;cloudType=Consumer;environment=Prod_NorthEurope_000h;migrationStage=NotStarted}
{"logTime": "0323/081900", "correlationVector":"xjfQv+AvCl5sfTVZPoO9N5","action":"Poll GetUpdate request", "result":"", "context":cV=xjfQv+AvCl5sfTVZPoO9N5}
{"logTime": "0323/081901", "correlationVector":"xjfQv+AvCl5sfTVZPoO9N5.1","action":"SyncServerConnectionManagerRequest", "result":"SYNC_SERVER_OK", "context":{"environment":"Prod_NorthEurope_000h", "server":"GENERAL0100000V"}}
{"logTime": "0323/081901", "correlationVector":"xjfQv+AvCl5sfTVZPoO9N5.2","action":"GetUpdates", "result":"DeleteReceived", "context":{"id":"0fbd33ad-58f5-4d12-ab09-1f59e1900058", "isDeleted:":"true", "version":"1679559331624"}}
{"logTime": "0323/081901", "correlationVector":"xjfQv+AvCl5sfTVZPoO9N5.3","action":"GetUpdates", "result":"DeleteReceived", "context":{"id":"9e5a7742-94d6-4370-a4b4-60d28c2e3c6d", "isDeleted:":"true", "version":"1679559331625"}}
{"logTime": "0323/081901", "correlationVector":"xjfQv+AvCl5sfTVZPoO9N5.4","action":"GetUpdates", "result":"DeleteReceived", "context":{"id":"52d4a39d-8706-4026-b724-f830e31d4fc2", "isDeleted:":"true", "version":"1679559331627"}}
{"logTime": "0323/081901", "correlationVector":"xjfQv+AvCl5sfTVZPoO9N5.5","action":"GetUpdates", "result":"DeleteReceived", "context":{"id":"7f292baa-e650-42fc-918c-9aec5bfda44a", "isDeleted:":"true", "version":"1679559331628"}}
{"logTime": "0323/081901", "correlationVector":"xjfQv+AvCl5sfTVZPoO9N5.6","action":"GetUpdates", "result":"DeleteReceived", "context":{"id":"1756a063-a7f6-4c1a-b3b6-c7bfda76902d", "isDeleted:":"true", "version":"1679559331633"}}
{"logTime": "0323/081901", "correlationVector":"xjfQv+AvCl5sfTVZPoO9N5.7","action":"GetUpdates", "result":"DeleteReceived", "context":{"id":"8a946f4d-1032-4ed0-8da2-41e122be589c", "isDeleted:":"true", "version":"1679559331634"}}
{"logTime": "0323/081901", "correlationVector":"xjfQv+AvCl5sfTVZPoO9N5.8","action":"GetUpdates", "result":"DeleteReceived", "context":{"id":"3bad9c5a-8d96-4986-8458-40368b87464e", "isDeleted:":"true", "version":"1679559331635"}}
{"logTime": "0323/081901", "correlationVector":"xjfQv+AvCl5sfTVZPoO9N5.9","action":"GetUpdates", "result":"DeleteReceived", "context":{"id":"6a1d90a7-890d-48cc-9df8-28cea562a172", "isDeleted:":"true", "version":"1679559331637"}}
{"logTime": "0323/081901", "correlationVector":"xjfQv+AvCl5sfTVZPoO9N5.10","action":"GetUpdates", "result":"DeleteReceived", "context":{"id":"cd4856a4-7423-422c-a435-fc5a1d870175", "isDeleted:":"true", "version":"1679559331642"}}
{"logTime": "0323/081901", "correlationVector":"xjfQv+AvCl5sfTVZPoO9N5.11","action":"GetUpdates", "result":"DeleteReceived", "context":{"id":"3fd468b8-aa56-421e-873a-36e32805c8a0", "isDeleted:":"true", "version":"1679559333677"}}
{"logTime": "0323/081901", "correlationVector":"xjfQv+AvCl5sfTVZPoO9N5.12","action":"GetUpdates", "result":"DeleteReceived", "context":{"id":"bc571879-8ae0-4d46-8a83-63496f63b257", "isDeleted:":"true", "version":"1679559333680"}}
{"logTime": "0323/081901", "correlationVector":"xjfQv+AvCl5sfTVZPoO9N5.13","action":"GetUpdates", "result":"DeleteReceived", "context":{"id":"5958dabb-d723-4068-8237-e610dbc3f80c", "isDeleted:":"true", "version":"1679559333681"}}
{"logTime": "0323/081901", "correlationVector":"xjfQv+AvCl5sfTVZPoO9N5.14","action":"GetUpdates", "result":"DeleteReceived", "context":{"id":"c9603c54-b49a-48e7-987a-a9d734224abc", "isDeleted:":"true", "version":"1679559333683"}}
{"logTime": "0323/081901", "correlationVector":"xjfQv+AvCl5sfTVZPoO9N5.15","action":"GetUpdates", "result":"DeleteReceived", "context":{"id":"b8550fd2-d150-480a-8941-ceb9cc159730", "isDeleted:":"true", "version":"1679559364658"}}
{"logTime": "0323/081901", "correlationVector":"xjfQv+AvCl5sfTVZPoO9N5.16","action":"GetUpdates Response", "result":"SYNCER_OK", "context":Received 29 update(s). cV=xjfQv+AvCl5sfTVZPoO9N5.0;server=GENERAL0100000V;cloudType=Consumer;environment=Prod_NorthEurope_000h;migrationStage=NotStarted}
{"logTime": "0323/082101", "correlationVector":"mE5CIshhBTD8kW5ImKUM9A","action":"Commit Request", "result":"", "context":Item count: 3
Contributing types: Sessions}
{"logTime": "0323/082101", "correlationVector":"mE5CIshhBTD8kW5ImKUM9A.1","action":"SyncServerConnectionManagerRequest", "result":"SYNC_SERVER_OK", "context":{"environment":"Prod_NorthEurope_x00f", "server":"GENERAL01000027"}}
{"logTime": "0323/082101", "correlationVector":"mE5CIshhBTD8kW5ImKUM9A.2","action":"Commit Response", "result":"SYNCER_OK", "context":Result: SYNCER_OK. cV=mE5CIshhBTD8kW5ImKUM9A.0;server=GENERAL01000027;cloudType=Consumer;environment=Prod_NorthEurope_x00f;migrationStage=NotStarted}
{"logTime": "0323/082504", "correlationVector":"Aosu/Qn9Aj8F8p/OzHqDvM","action":"Commit Request", "result":"", "context":Item count: 2
Contributing types: Sessions}
{"logTime": "0323/082506", "correlationVector":"Aosu/Qn9Aj8F8p/OzHqDvM.1","action":"SyncServerConnectionManagerRequest", "result":"SYNC_SERVER_OK", "context":{"environment":"Prod_WestEurope_x00e", "server":"general0100001C"}}
{"logTime": "0323/082506", "correlationVector":"Aosu/Qn9Aj8F8p/OzHqDvM.2","action":"Commit Response", "result":"SYNCER_OK", "context":Result: SYNCER_OK. cV=Aosu/Qn9Aj8F8p/OzHqDvM.0;server=general0100001C;cloudType=Consumer;environment=Prod_WestEurope_x00e;migrationStage=NotStarted}
{"logTime": "0323/085021", "correlationVector":"bGlE/Z9bRHt5lEiUlMGwOK","action":"Commit Request", "result":"", "context":Item count: 9
Contributing types: Sessions}
{"logTime": "0323/085022", "correlationVector":"bGlE/Z9bRHt5lEiUlMGwOK.1","action":"SyncServerConnectionManagerRequest", "result":"SYNC_SERVER_OK", "context":{"environment":"Prod_NorthEurope_x00f", "server":"GENERAL0100000H"}}
{"logTime": "0323/085022", "correlationVector":"bGlE/Z9bRHt5lEiUlMGwOK.3","action":"Commit.Sessions", "result":"Success", "context":{"id":"4264a117-32c9-4bf0-8112-dbd8ec0408a0", "isDeleted":"true", "size":"0", "version":"1679559661592"}}
{"logTime": "0323/085022", "correlationVector":"bGlE/Z9bRHt5lEiUlMGwOK.4","action":"Commit.Sessions", "result":"Success", "context":{"id":"4e3fa0ce-6be3-4f3e-a567-52dcf0744d48", "isDeleted":"true", "size":"0", "version":"1679559422883"}}
{"logTime": "0323/085022", "correlationVector":"bGlE/Z9bRHt5lEiUlMGwOK.5","action":"Commit.Sessions", "result":"Success", "context":{"id":"27247c14-bf9d-45a7-949d-ab4ec8ea6c08", "isDeleted":"true", "size":"0", "version":"1679559906012"}}
{"logTime": "0323/085022", "correlationVector":"bGlE/Z9bRHt5lEiUlMGwOK.2","action":"Commit Response", "result":"SYNCER_OK", "context":Result: SYNCER_OK. cV=bGlE/Z9bRHt5lEiUlMGwOK.0;server=GENERAL0100000H;cloudType=Consumer;environment=Prod_NorthEurope_x00f;migrationStage=NotStarted}
{"logTime": "0323/085053", "correlationVector":"tCaCFAMWG8boB4nJXvXWEs","action":"Commit Request", "result":"", "context":Item count: 3
Contributing types: Sessions}
{"logTime": "0323/085054", "correlationVector":"tCaCFAMWG8boB4nJXvXWEs.1","action":"SyncServerConnectionManagerRequest", "result":"SYNC_SERVER_OK", "context":{"environment":"Prod_WestEurope_000l", "server":"GENERAL01000000"}}
{"logTime": "0323/085054", "correlationVector":"tCaCFAMWG8boB4nJXvXWEs.3","action":"Commit.Sessions", "result":"Success", "context":{"id":"0e2da0aa-d6b7-4764-bd72-4dac34d4981c", "isDeleted":"true", "size":"0", "version":"1679561422480"}}
{"logTime": "0323/085054", "correlationVector":"tCaCFAMWG8boB4nJXvXWEs.2","action":"Commit Response", "result":"SYNCER_OK", "context":Result: SYNCER_OK. cV=tCaCFAMWG8boB4nJXvXWEs.0;server=GENERAL01000000;cloudType=Consumer;environment=Prod_WestEurope_000l;migrationStage=NotStarted}
{"logTime": "0323/094615", "correlationVector":"c13RyakMmIo3PBcy3brSRt","action":"Commit Request", "result":"", "context":Item count: 20
Contributing types: Sessions}
{"logTime": "0323/094617", "correlationVector":"c13RyakMmIo3PBcy3brSRt.1","action":"SyncServerConnectionManagerRequest", "result":"SYNC_SERVER_OK", "context":{"environment":"Prod_WestEurope_x00e", "server":"general0100001E"}}
{"logTime": "0323/094617", "correlationVector":"c13RyakMmIo3PBcy3brSRt.3","action":"Commit.Sessions", "result":"Success", "context":{"id":"cae05f15-c3e3-4e94-943a-f44a44353745", "isDeleted":"true", "size":"0", "version":"1679559364652"}}
{"logTime": "0323/094617", "correlationVector":"c13RyakMmIo3PBcy3brSRt.4","action":"Commit.Sessions", "result":"Success", "context":{"id":"fb1eed7a-aba5-4ea8-b6aa-e58330e77604", "isDeleted":"true", "size":"0", "version":"1679559331629"}}
{"logTime": "0323/094617", "correlationVector":"c13RyakMmIo3PBcy3brSRt.5","action":"Commit.Sessions", "result":"Success", "context":{"id":"36bed875-b397-4d78-86b0-9254b9b56981", "isDeleted":"true", "size":"0", "version":"1679559364653"}}
{"logTime": "0323/094617", "correlationVector":"c13RyakMmIo3PBcy3brSRt.6","action":"Commit.Sessions", "result":"Success", "context":{"id":"30495d9e-9b4e-4488-b511-18d588020790", "isDeleted":"true", "size":"0", "version":"1679559364654"}}
{"logTime": "0323/094617", "correlationVector":"c13RyakMmIo3PBcy3brSRt.7","action":"Commit.Sessions", "result":"Success", "context":{"id":"235eed2f-6efd-4ce6-9452-fbedc5172792", "isDeleted":"true", "size":"0", "version":"1679561422482"}}
{"logTime": "0323/094617", "correlationVector":"c13RyakMmIo3PBcy3brSRt.8","action":"Commit.Sessions", "result":"Success", "context":{"id":"5307b730-f598-4ebd-9957-fd6563147dbf", "isDeleted":"true", "size":"0", "version":"1679559364657"}}
{"logTime": "0323/094617", "correlationVector":"c13RyakMmIo3PBcy3brSRt.9","action":"Commit.Sessions", "result":"Success", "context":{"id":"c3359db3-9083-47d2-9f20-a61e7c389bc8", "isDeleted":"true", "size":"0", "version":"1679561453844"}}
{"logTime": "0323/094617", "correlationVector":"c13RyakMmIo3PBcy3brSRt.10","action":"Commit.Sessions", "result":"Success", "context":{"id":"37fad79a-1b50-4c91-8111-c9b235229501", "isDeleted":"true", "size":"0", "version":"1679561422485"}}
{"logTime": "0323/094617", "correlationVector":"c13RyakMmIo3PBcy3brSRt.11","action":"Commit.Sessions", "result":"Success", "context":{"id":"9514504d-cd41-4823-bc7e-47ecb4e4655a", "isDeleted":"true", "size":"0", "version":"1679561453845"}}
{"logTime": "0323/094617", "correlationVector":"c13RyakMmIo3PBcy3brSRt.2","action":"Commit Response", "result":"SYNCER_OK", "context":Result: SYNCER_OK. cV=c13RyakMmIo3PBcy3brSRt.0;server=general0100001E;cloudType=Consumer;environment=Prod_WestEurope_x00e;migrationStage=NotStarted}
{"logTime": "0323/094619", "correlationVector":"ggjWFzolhmqSDN7L2rUKko","action":"Commit Request", "result":"", "context":Item count: 3
Contributing types: Sessions}
{"logTime": "0323/094620", "correlationVector":"ggjWFzolhmqSDN7L2rUKko.1","action":"SyncServerConnectionManagerRequest", "result":"SYNC_SERVER_OK", "context":{"environment":"Prod_NorthEurope_x00f", "server":"GENERAL01000023"}}
{"logTime": "0323/094620", "correlationVector":"ggjWFzolhmqSDN7L2rUKko.3","action":"Commit.Sessions", "result":"Success", "context":{"id":"ed492f15-3cba-4a14-9343-1640ef0deca5", "isDeleted":"true", "size":"0", "version":"1679559364660"}}
{"logTime": "0323/094620", "correlationVector":"ggjWFzolhmqSDN7L2rUKko.2","action":"Commit Response", "result":"SYNCER_OK", "context":Result: SYNCER_OK. cV=ggjWFzolhmqSDN7L2rUKko.0;server=GENERAL01000023;cloudType=Consumer;environment=Prod_NorthEurope_x00f;migrationStage=NotStarted}
{"logTime": "0323/094650", "correlationVector":"mXLKFW4T2CWxhG2W3Uu/QV","action":"Commit Request", "result":"", "context":Item count: 2
Contributing types: Sessions}
{"logTime": "0323/094650", "correlationVector":"mXLKFW4T2CWxhG2W3Uu/QV.1","action":"SyncServerConnectionManagerRequest", "result":"SYNC_SERVER_OK", "context":{"environment":"Prod_NorthEurope_x00f", "server":"GENERAL0100000Q"}}
{"logTime": "0323/094650", "correlationVector":"mXLKFW4T2CWxhG2W3Uu/QV.2","action":"Commit Response", "result":"SYNCER_OK", "context":Result: SYNCER_OK. cV=mXLKFW4T2CWxhG2W3Uu/QV.0;server=GENERAL0100000Q;cloudType=Consumer;environment=Prod_NorthEurope_x00f;migrationStage=NotStarted}
{"logTime": "0323/095823", "correlationVector":"5NQMhcYympx2y2P1x7mytW","action":"Commit Request", "result":"", "context":Item count: 4
Contributing types: Sessions}
{"logTime": "0323/095824", "correlationVector":"5NQMhcYympx2y2P1x7mytW.1","action":"SyncServerConnectionManagerRequest", "result":"SYNC_SERVER_OK", "context":{"environment":"Prod_WestEurope_000l", "server":"GENERAL0100000Z"}}
{"logTime": "0323/095824", "correlationVector":"5NQMhcYympx2y2P1x7mytW.2","action":"Commit Response", "result":"SYNCER_OK", "context":Result: SYNCER_OK. cV=5NQMhcYympx2y2P1x7mytW.0;server=GENERAL0100000Z;cloudType=Consumer;environment=Prod_WestEurope_000l;migrationStage=NotStarted}
{"logTime": "0323/100657", "correlationVector":"CkaHZRsdMbxr6cIJTmO7xU","action":"Commit Request", "result":"", "context":Item count: 1
Contributing types: Sessions}
{"logTime": "0323/100658", "correlationVector":"CkaHZRsdMbxr6cIJTmO7xU.1","action":"SyncServerConnectionManagerRequest", "result":"SYNC_SERVER_OK", "context":{"environment":"Prod_NorthEurope_000h", "server":"GENERAL0100000J"}}
{"logTime": "0323/100658", "correlationVector":"CkaHZRsdMbxr6cIJTmO7xU.2","action":"Commit Response", "result":"SYNCER_OK", "context":Result: SYNCER_OK. cV=CkaHZRsdMbxr6cIJTmO7xU.0;server=GENERAL0100000J;cloudType=Consumer;environment=Prod_NorthEurope_000h;migrationStage=NotStarted}
{"logTime": "0323/104320", "correlationVector":"yyxkvUe0uilJjCTtpZ199J","action":"Commit Request", "result":"", "context":Item count: 12
Contributing types: Sessions}
{"logTime": "0323/104321", "correlationVector":"yyxkvUe0uilJjCTtpZ199J.1","action":"SyncServerConnectionManagerRequest", "result":"SYNC_SERVER_OK", "context":{"environment":"Prod_NorthEurope_000h", "server":"GENERAL0100001D"}}
{"logTime": "0323/104321", "correlationVector":"yyxkvUe0uilJjCTtpZ199J.2","action":"Commit Response", "result":"SYNCER_OK", "context":Result: SYNCER_OK. cV=yyxkvUe0uilJjCTtpZ199J.0;server=GENERAL0100001D;cloudType=Consumer;environment=Prod_NorthEurope_000h;migrationStage=NotStarted}
{"logTime": "0323/111449", "correlationVector":"ir16pw9HnZSYboaAELn2bV","action":"Commit Request", "result":"", "context":Item count: 14
Contributing types: Sessions}
{"logTime": "0323/111451", "correlationVector":"ir16pw9HnZSYboaAELn2bV.1","action":"SyncServerConnectionManagerRequest", "result":"SYNC_SERVER_OK", "context":{"environment":"Prod_NorthEurope_000h", "server":"general01000016"}}
{"logTime": "0323/111451", "correlationVector":"ir16pw9HnZSYboaAELn2bV.2","action":"Commit Response", "result":"SYNCER_OK", "context":Result: SYNCER_OK. cV=ir16pw9HnZSYboaAELn2bV.0;server=general01000016;cloudType=Consumer;environment=Prod_NorthEurope_000h;migrationStage=NotStarted}
{"logTime": "0323/114823", "correlationVector":"IR496K4KM9hr1962A/Z9D2","action":"Commit Request", "result":"", "context":Item count: 15
Contributing types: Sessions}
{"logTime": "0323/114824", "correlationVector":"IR496K4KM9hr1962A/Z9D2.1","action":"SyncServerConnectionManagerRequest", "result":"SYNC_SERVER_OK", "context":{"environment":"Prod_WestEurope_000l", "server":"GENERAL01000026"}}
{"logTime": "0323/114824", "correlationVector":"IR496K4KM9hr1962A/Z9D2.2","action":"Commit Response", "result":"SYNCER_OK", "context":Result: SYNCER_OK. cV=IR496K4KM9hr1962A/Z9D2.0;server=GENERAL01000026;cloudType=Consumer;environment=Prod_WestEurope_000l;migrationStage=NotStarted}
{"logTime": "0323/114854", "correlationVector":"pvFXK1hfGtUqYYiF1zfpQG","action":"Commit Request", "result":"", "context":Item count: 5
Contributing types: Sessions}
{"logTime": "0323/114855", "correlationVector":"pvFXK1hfGtUqYYiF1zfpQG.1","action":"SyncServerConnectionManagerRequest", "result":"SYNC_SERVER_OK", "context":{"environment":"Prod_WestEurope_x00e", "server":"general01000013"}}
{"logTime": "0323/114855", "correlationVector":"pvFXK1hfGtUqYYiF1zfpQG.2","action":"Commit Response", "result":"SYNCER_OK", "context":Result: SYNCER_OK. cV=pvFXK1hfGtUqYYiF1zfpQG.0;server=general01000013;cloudType=Consumer;environment=Prod_WestEurope_x00e;migrationStage=NotStarted}
{"logTime": "0323/114931", "correlationVector":"EP7keFB7NrIoQwlyAk8zqV","action":"Commit Request", "result":"", "context":Item count: 1
Contributing types: Sessions}
{"logTime": "0323/114931", "correlationVector":"EP7keFB7NrIoQwlyAk8zqV.0","action":"SyncServerConnectionManagerRequest", "result":"SYNC_SERVER_ERROR", "context":{"environment":"", "error_type":"http_status_code", "error_value":"429", "server":""}}
{"logTime": "0323/114932", "correlationVector":"EP7keFB7NrIoQwlyAk8zqV.1","action":"Commit Response", "result":"SYNC_SERVER_ERROR (HTTP 429)", "context":Result: SYNC_SERVER_ERROR (HTTP 429). }
{"logTime": "0323/115016", "correlationVector":"IkEXqTOgaiJU5bGDODqrNV","action":"Commit Request", "result":"", "context":Item count: 2
Contributing types: Passwords, Sessions}
{"logTime": "0323/115017", "correlationVector":"IkEXqTOgaiJU5bGDODqrNV.1","action":"SyncServerConnectionManagerRequest", "result":"SYNC_SERVER_OK", "context":{"environment":"Prod_NorthEurope_000h", "server":"GENERAL0100001U"}}
{"logTime": "0323/115017", "correlationVector":"IkEXqTOgaiJU5bGDODqrNV.2","action":"Commit Response", "result":"SYNCER_OK", "context":Result: SYNCER_OK. cV=IkEXqTOgaiJU5bGDODqrNV.0;server=GENERAL0100001U;cloudType=Consumer;environment=Prod_NorthEurope_000h;migrationStage=NotStarted}
{"logTime": "0323/115142", "correlationVector":"7n4uGq9lB3PgweWvbJCK5V","action":"Commit Request", "result":"", "context":Item count: 8
Contributing types: Passwords, Typed URLs, Sessions}
{"logTime": "0323/115143", "correlationVector":"7n4uGq9lB3PgweWvbJCK5V.1","action":"SyncServerConnectionManagerRequest", "result":"SYNC_SERVER_OK", "context":{"environment":"Prod_NorthEurope_x00f", "server":"GENERAL0100001Y"}}
{"logTime": "0323/115143", "correlationVector":"7n4uGq9lB3PgweWvbJCK5V.2","action":"Commit Response", "result":"SYNCER_OK", "context":Result: SYNCER_OK. cV=7n4uGq9lB3PgweWvbJCK5V.0;server=GENERAL0100001Y;cloudType=Consumer;environment=Prod_NorthEurope_x00f;migrationStage=NotStarted}
{"logTime": "0323/121054", "correlationVector":"ikPxzCSKTs9WnK8z7QMkSC","action":"Commit Request", "result":"", "context":Item count: 16
Contributing types: Sessions}
{"logTime": "0323/121056", "correlationVector":"ikPxzCSKTs9WnK8z7QMkSC.1","action":"SyncServerConnectionManagerRequest", "result":"SYNC_SERVER_OK", "context":{"environment":"Prod_WestEurope_x00e", "server":"general0100002O"}}
{"logTime": "0323/121056", "correlationVector":"ikPxzCSKTs9WnK8z7QMkSC.3","action":"Commit.Sessions", "result":"Success", "context":{"id":"b032e53a-cee0-439d-ba10-273c24597415", "isDeleted":"true", "size":"0", "version":"1679572135087"}}
{"logTime": "0323/121056", "correlationVector":"ikPxzCSKTs9WnK8z7QMkSC.2","action":"Commit Response", "result":"SYNCER_OK", "context":Result: SYNCER_OK. cV=ikPxzCSKTs9WnK8z7QMkSC.0;server=general0100002O;cloudType=Consumer;environment=Prod_WestEurope_x00e;migrationStage=NotStarted}
{"logTime": "0323/121129", "correlationVector":"qoEgjtc5alJATkFwCupafd","action":"Commit Request", "result":"", "context":Item count: 9
Contributing types: Sessions}
{"logTime": "0323/121130", "correlationVector":"qoEgjtc5alJATkFwCupafd.1","action":"SyncServerConnectionManagerRequest", "result":"SYNC_SERVER_OK", "context":{"environment":"Prod_WestEurope_x00e", "server":"general0100000P"}}
{"logTime": "0323/121130", "correlationVector":"qoEgjtc5alJATkFwCupafd.3","action":"Commit.Sessions", "result":"Success", "context":{"id":"c8d1bc68-ea50-4b54-ac7c-88f3b4000c5b", "isDeleted":"true", "size":"0", "version":"1679573455552"}}
{"logTime": "0323/121130", "correlationVector":"qoEgjtc5alJATkFwCupafd.2","action":"Commit Response", "result":"SYNCER_OK", "context":Result: SYNCER_OK. cV=qoEgjtc5alJATkFwCupafd.0;server=general0100000P;cloudType=Consumer;environment=Prod_WestEurope_x00e;migrationStage=NotStarted}
{"logTime": "0323/131341", "correlationVector":"lApemvCXBfHZWZ02oy/fFz","action":"Commit Request", "result":"", "context":Item count: 1
Contributing types: Bookmarks}
{"logTime": "0323/131342", "correlationVector":"lApemvCXBfHZWZ02oy/fFz.1","action":"SyncServerConnectionManagerRequest", "result":"SYNC_SERVER_OK", "context":{"environment":"Prod_WestEurope_000l", "server":"GENERAL0100000A"}}
{"logTime": "0323/131342", "correlationVector":"lApemvCXBfHZWZ02oy/fFz.2","action":"Commit Response", "result":"SERVER_RETURN_UNKNOWN_ERROR", "context":Result: SERVER_RETURN_UNKNOWN_ERROR. cV=lApemvCXBfHZWZ02oy/fFz.0;server=GENERAL0100000A;cloudType=Undetermined;environment=Prod_WestEurope_000l;migrationStage=NotStarted}
{"logTime": "0323/131427", "correlationVector":"vYOkoFXPSn1btBXTvpFe53","action":"Commit Request", "result":"", "context":Item count: 1
Contributing types: Bookmarks}
{"logTime": "0323/131427", "correlationVector":"vYOkoFXPSn1btBXTvpFe53.1","action":"SyncServerConnectionManagerRequest", "result":"SYNC_SERVER_OK", "context":{"environment":"Prod_WestEurope_000l", "server":"GENERAL0100000A"}}
{"logTime": "0323/131427", "correlationVector":"vYOkoFXPSn1btBXTvpFe53.2","action":"Commit Response", "result":"SERVER_RETURN_UNKNOWN_ERROR", "context":Result: SERVER_RETURN_UNKNOWN_ERROR. cV=vYOkoFXPSn1btBXTvpFe53.0;server=GENERAL0100000A;cloudType=Undetermined;environment=Prod_WestEurope_000l;migrationStage=NotStarted}
{"logTime": "0323/131535", "correlationVector":"pnWUht6rAe8sqpQ0RaOhuZ","action":"Commit Request", "result":"", "context":Item count: 1
Contributing types: Bookmarks}
{"logTime": "0323/131536", "correlationVector":"pnWUht6rAe8sqpQ0RaOhuZ.1","action":"SyncServerConnectionManagerRequest", "result":"SYNC_SERVER_OK", "context":{"environment":"Prod_NorthEurope_000h", "server":"GENERAL0100000X"}}
{"logTime": "0323/131536", "correlationVector":"pnWUht6rAe8sqpQ0RaOhuZ.2","action":"Commit Response", "result":"SYNCER_OK", "context":Result: SYNCER_OK. cV=pnWUht6rAe8sqpQ0RaOhuZ.0;server=GENERAL0100000X;cloudType=Consumer;environment=Prod_NorthEurope_000h;migrationStage=NotStarted}
{"logTime": "0323/133355", "correlationVector":"s+n4A6wGmfWmVOTNu2HOXA","action":"Commit Request", "result":"", "context":Item count: 4
Contributing types: Sessions}
{"logTime": "0323/133356", "correlationVector":"s+n4A6wGmfWmVOTNu2HOXA.1","action":"SyncServerConnectionManagerRequest", "result":"SYNC_SERVER_OK", "context":{"environment":"Prod_WestEurope_000l", "server":"GENERAL0100000L"}}
{"logTime": "0323/133356", "correlationVector":"s+n4A6wGmfWmVOTNu2HOXA.3","action":"Commit.Sessions", "result":"Success", "context":{"id":"d3db913f-3191-4b83-90af-f3c0a4e5e1e8", "isDeleted":"true", "size":"0", "version":"1679573489794"}}
{"logTime": "0323/133356", "correlationVector":"s+n4A6wGmfWmVOTNu2HOXA.4","action":"Commit.Sessions", "result":"Success", "context":{"id":"db60c1d1-a49b-4071-b7e3-6dbe7bf15654", "isDeleted":"true", "size":"0", "version":"1679573489798"}}
{"logTime": "0323/133356", "correlationVector":"s+n4A6wGmfWmVOTNu2HOXA.5","action":"Commit.Sessions", "result":"Success", "context":{"id":"8858d931-9952-466b-9dc9-3445fe86cf2d", "isDeleted":"true", "size":"0", "version":"1679573489801"}}
{"logTime": "0323/133356", "correlationVector":"s+n4A6wGmfWmVOTNu2HOXA.2","action":"Commit Response", "result":"SYNCER_OK", "context":Result: SYNCER_OK. cV=s+n4A6wGmfWmVOTNu2HOXA.0;server=GENERAL0100000L;cloudType=Consumer;environment=Prod_WestEurope_000l;migrationStage=NotStarted}
{"logTime": "0323/133356", "correlationVector":"s+n4A6wGmfWmVOTNu2HOXA.6","action":"Commit.Sessions", "result":"Success", "context":{"id":"07900401-7256-4c03-bad6-1d88d7ad7357", "isDeleted":"true", "size":"0", "version":"1679573489802"}}
{"logTime": "0323/134544", "correlationVector":"iP5YUfgVGRxUtRzpUwPz6G","action":"Commit Request", "result":"", "context":Item count: 1
Contributing types: Sessions}
{"logTime": "0323/134545", "correlationVector":"iP5YUfgVGRxUtRzpUwPz6G.1","action":"SyncServerConnectionManagerRequest", "result":"SYNC_SERVER_OK", "context":{"environment":"Prod_WestEurope_000l", "server":"GENERAL01000011"}}
{"logTime": "0323/134545", "correlationVector":"iP5YUfgVGRxUtRzpUwPz6G.2","action":"Commit Response", "result":"SYNCER_OK", "context":Result: SYNCER_OK. cV=iP5YUfgVGRxUtRzpUwPz6G.0;server=GENERAL01000011;cloudType=Consumer;environment=Prod_WestEurope_000l;migrationStage=NotStarted}
{"logTime": "0323/135219", "correlationVector":"Kz5R668sKhfW0lUiPo9RWE","action":"Commit Request", "result":"", "context":Item count: 4
Contributing types: Sessions}
{"logTime": "0323/135220", "correlationVector":"Kz5R668sKhfW0lUiPo9RWE.1","action":"SyncServerConnectionManagerRequest", "result":"SYNC_SERVER_OK", "context":{"environment":"Prod_NorthEurope_000h", "server":"GENERAL01000023"}}
{"logTime": "0323/135220", "correlationVector":"Kz5R668sKhfW0lUiPo9RWE.2","action":"Commit Response", "result":"SYNCER_OK", "context":Result: SYNCER_OK. cV=Kz5R668sKhfW0lUiPo9RWE.0;server=GENERAL01000023;cloudType=Consumer;environment=Prod_NorthEurope_000h;migrationStage=NotStarted}
{"logTime": "0324/070112", "correlationVector":"Dz/n46v8kjdeazdvBhhAPr.0","action":"FeedSettingFetch_homeCloud", "result":"0", "context":{}}
{"logTime": "0324/070114", "correlationVector":"jdzKBOTERHKLxjsmhSq35e","action":"Initial GetUpdates", "result":"", "context":Reason: NEWLY_SUPPORTED_DATATYPE. cV=jdzKBOTERHKLxjsmhSq35e}
{"logTime": "0324/070118", "correlationVector":"jdzKBOTERHKLxjsmhSq35e.1","action":"SyncServerConnectionManagerRequest", "result":"SYNC_SERVER_OK", "context":{"environment":"Prod_NorthEurope_000h", "server":"general0100000H"}}
{"logTime": "0324/070118", "correlationVector":"jdzKBOTERHKLxjsmhSq35e.2","action":"GetUpdates", "result":"DeleteReceived", "context":{"id":"f7eae8f2-3ae1-4984-85aa-92dbcee812bf", "isDeleted:":"true", "version":"1679247159758"}}
{"logTime": "0324/070118", "correlationVector":"jdzKBOTERHKLxjsmhSq35e.3","action":"GetUpdates Response", "result":"SYNCER_OK", "context":Received 195 update(s). cV=jdzKBOTERHKLxjsmhSq35e.0;server=general0100000H;cloudType=Consumer;environment=Prod_NorthEurope_000h;migrationStage=NotStarted}
{"logTime": "0324/070118", "correlationVector":"kIG6GMy3+hbFOH53r0GCV8","action":"Normal GetUpdate request", "result":"", "context":cV=kIG6GMy3+hbFOH53r0GCV8
Nudged types: Preferences, Extensions, Sessions, User Consents
Refresh requested types: Bookmarks, Preferences, Passwords, Autofill Profiles, Autofill, Autofill Custom Data, Typed URLs, Extensions, Sessions, Extension settings, History Delete Directives, Device Info, User Consents, Send Tab To Self, Web Apps, Collection, Edge E Drop, Encryption Keys}
{"logTime": "0324/070119", "correlationVector":"kIG6GMy3+hbFOH53r0GCV8.1","action":"SyncServerConnectionManagerRequest", "result":"SYNC_SERVER_OK", "context":{"environment":"Prod_NorthEurope_000h", "server":"GENERAL0100000K"}}
{"logTime": "0324/070119", "correlationVector":"kIG6GMy3+hbFOH53r0GCV8.2","action":"GetUpdates", "result":"DeleteReceived", "context":{"id":"4264a117-32c9-4bf0-8112-dbd8ec0408a0", "isDeleted:":"true", "version":"1679561422478"}}
{"logTime": "0324/070119", "correlationVector":"kIG6GMy3+hbFOH53r0GCV8.3","action":"GetUpdates", "result":"DeleteReceived", "context":{"id":"4e3fa0ce-6be3-4f3e-a567-52dcf0744d48", "isDeleted:":"true", "version":"1679561422481"}}
{"logTime": "0324/070119", "correlationVector":"kIG6GMy3+hbFOH53r0GCV8.4","action":"GetUpdates", "result":"DeleteReceived", "context":{"id":"27247c14-bf9d-45a7-949d-ab4ec8ea6c08", "isDeleted:":"true", "version":"1679561422483"}}
{"logTime": "0324/070119", "correlationVector":"kIG6GMy3+hbFOH53r0GCV8.5","action":"GetUpdates", "result":"DeleteReceived", "context":{"id":"0e2da0aa-d6b7-4764-bd72-4dac34d4981c", "isDeleted:":"true", "version":"1679561453843"}}
{"logTime": "0324/070119", "correlationVector":"kIG6GMy3+hbFOH53r0GCV8.6","action":"GetUpdates", "result":"DeleteReceived", "context":{"id":"cae05f15-c3e3-4e94-943a-f44a44353745", "isDeleted:":"true", "version":"1679564776537"}}
{"logTime": "0324/070119", "correlationVector":"kIG6GMy3+hbFOH53r0GCV8.7","action":"GetUpdates", "result":"DeleteReceived", "context":{"id":"fb1eed7a-aba5-4ea8-b6aa-e58330e77604", "isDeleted:":"true", "version":"1679564776539"}}
{"logTime": "0324/070119", "correlationVector":"kIG6GMy3+hbFOH53r0GCV8.8","action":"GetUpdates", "result":"DeleteReceived", "context":{"id":"36bed875-b397-4d78-86b0-9254b9b56981", "isDeleted:":"true", "version":"1679564776540"}}
{"logTime": "0324/070119", "correlationVector":"kIG6GMy3+hbFOH53r0GCV8.9","action":"GetUpdates", "result":"DeleteReceived", "context":{"id":"30495d9e-9b4e-4488-b511-18d588020790", "isDeleted:":"true", "version":"1679564776541"}}
{"logTime": "0324/070119", "correlationVector":"kIG6GMy3+hbFOH53r0GCV8.10","action":"GetUpdates", "result":"DeleteReceived", "context":{"id":"235eed2f-6efd-4ce6-9452-fbedc5172792", "isDeleted:":"true", "version":"1679564776546"}}
{"logTime": "0324/070119", "correlationVector":"kIG6GMy3+hbFOH53r0GCV8.11","action":"GetUpdates", "result":"DeleteReceived", "context":{"id":"5307b730-f598-4ebd-9957-fd6563147dbf", "isDeleted:":"true", "version":"1679564776548"}}
{"logTime": "0324/070119", "correlationVector":"kIG6GMy3+hbFOH53r0GCV8.12","action":"GetUpdates", "result":"DeleteReceived", "context":{"id":"c3359db3-9083-47d2-9f20-a61e7c389bc8", "isDeleted:":"true", "version":"1679564776549"}}
{"logTime": "0324/070119", "correlationVector":"kIG6GMy3+hbFOH53r0GCV8.13","action":"GetUpdates", "result":"DeleteReceived", "context":{"id":"37fad79a-1b50-4c91-8111-c9b235229501", "isDeleted:":"true", "version":"1679564776550"}}
{"logTime": "0324/070119", "correlationVector":"kIG6GMy3+hbFOH53r0GCV8.14","action":"GetUpdates", "result":"DeleteReceived", "context":{"id":"9514504d-cd41-4823-bc7e-47ecb4e4655a", "isDeleted:":"true", "version":"1679564776553"}}
{"logTime": "0324/070119", "correlationVector":"kIG6GMy3+hbFOH53r0GCV8.15","action":"GetUpdates", "result":"DeleteReceived", "context":{"id":"ed492f15-3cba-4a14-9343-1640ef0deca5", "isDeleted:":"true", "version":"1679564779934"}}
{"logTime": "0324/070119", "correlationVector":"kIG6GMy3+hbFOH53r0GCV8.16","action":"GetUpdates", "result":"DeleteReceived", "context":{"id":"b032e53a-cee0-439d-ba10-273c24597415", "isDeleted:":"true", "version":"1679573455564"}}
{"logTime": "0324/070119", "correlationVector":"kIG6GMy3+hbFOH53r0GCV8.17","action":"GetUpdates", "result":"DeleteReceived", "context":{"id":"c8d1bc68-ea50-4b54-ac7c-88f3b4000c5b", "isDeleted:":"true", "version":"1679573489795"}}
{"logTime": "0324/070119", "correlationVector":"kIG6GMy3+hbFOH53r0GCV8.18","action":"GetUpdates", "result":"DeleteReceived", "context":{"id":"d3db913f-3191-4b83-90af-f3c0a4e5e1e8", "isDeleted:":"true", "version":"1679578435620"}}
{"logTime": "0324/070119", "correlationVector":"kIG6GMy3+hbFOH53r0GCV8.19","action":"GetUpdates", "result":"DeleteReceived", "context":{"id":"db60c1d1-a49b-4071-b7e3-6dbe7bf15654", "isDeleted:":"true", "version":"1679578435621"}}
{"logTime": "0324/070119", "correlationVector":"kIG6GMy3+hbFOH53r0GCV8.20","action":"GetUpdates", "result":"DeleteReceived", "context":{"id":"8858d931-9952-466b-9dc9-3445fe86cf2d", "isDeleted:":"true", "version":"1679578435622"}}
{"logTime": "0324/070119", "correlationVector":"kIG6GMy3+hbFOH53r0GCV8.21","action":"GetUpdates", "result":"DeleteReceived", "context":{"id":"07900401-7256-4c03-bad6-1d88d7ad7357", "isDeleted:":"true", "version":"1679578435623"}}
{"logTime": "0324/070119", "correlationVector":"kIG6GMy3+hbFOH53r0GCV8.22","action":"GetUpdates Response", "result":"SYNCER_OK", "context":Received 38 update(s). cV=kIG6GMy3+hbFOH53r0GCV8.0;server=GENERAL0100000K;cloudType=Consumer;environment=Prod_NorthEurope_000h;migrationStage=NotStarted}
{"logTime": "0324/070120", "correlationVector":"9u9gsiJ3WiwcCVAPQxDboK","action":"Commit Request", "result":"", "context":Item count: 20
Contributing types: Preferences, Extensions, Sessions}
{"logTime": "0324/070122", "correlationVector":"9u9gsiJ3WiwcCVAPQxDboK.1","action":"SyncServerConnectionManagerRequest", "result":"SYNC_SERVER_OK", "context":{"environment":"Prod_NorthEurope_000h", "server":"GENERAL0100000L"}}
{"logTime": "0324/070122", "correlationVector":"9u9gsiJ3WiwcCVAPQxDboK.3","action":"Commit.Sessions", "result":"Success", "context":{"id":"af991a38-1487-4de1-aa3c-50db20e2e029", "isDeleted":"true", "size":"0", "version":"1679579540496"}}
{"logTime": "0324/070122", "correlationVector":"9u9gsiJ3WiwcCVAPQxDboK.4","action":"Commit.Sessions", "result":"Success", "context":{"id":"d3bd5fe1-121f-4d1d-9881-7464dd2eedab", "isDeleted":"true", "size":"0", "version":"1679573489796"}}
{"logTime": "0324/070122", "correlationVector":"9u9gsiJ3WiwcCVAPQxDboK.5","action":"Commit.Sessions", "result":"Success", "context":{"id":"f3649058-cbf5-4226-9234-7e54c0c8a0fb", "isDeleted":"true", "size":"0", "version":"1679579540498"}}
{"logTime": "0324/070122", "correlationVector":"9u9gsiJ3WiwcCVAPQxDboK.6","action":"Commit.Sessions", "result":"Success", "context":{"id":"b6a93a86-4382-47e1-8d14-7b4a26afba1a", "isDeleted":"true", "size":"0", "version":"1679573489799"}}
{"logTime": "0324/070122", "correlationVector":"9u9gsiJ3WiwcCVAPQxDboK.7","action":"Commit.Sessions", "result":"Success", "context":{"id":"00858d94-ccd6-4dd6-a19c-38d1fc280be2", "isDeleted":"true", "size":"0", "version":"1679573489800"}}
{"logTime": "0324/070122", "correlationVector":"9u9gsiJ3WiwcCVAPQxDboK.8","action":"Commit.Sessions", "result":"Success", "context":{"id":"19e4925d-1e4a-4432-ab82-29aa31430253", "isDeleted":"true", "size":"0", "version":"1679573455558"}}
{"logTime": "0324/070122", "correlationVector":"9u9gsiJ3WiwcCVAPQxDboK.9","action":"Commit.Sessions", "result":"Success", "context":{"id":"29a97031-941c-4d6d-a131-3db83f0aa292", "isDeleted":"true", "size":"0", "version":"1679573455559"}}
{"logTime": "0324/070122", "correlationVector":"9u9gsiJ3WiwcCVAPQxDboK.10","action":"Commit.Sessions", "result":"Success", "context":{"id":"649908bb-09d1-418f-87ee-26d947e811fd", "isDeleted":"true", "size":"0", "version":"1679579540499"}}
{"logTime": "0324/070122", "correlationVector":"9u9gsiJ3WiwcCVAPQxDboK.11","action":"Commit.Sessions", "result":"Success", "context":{"id":"ba877811-6ac4-4b05-9e3a-0d5aaea97ffa", "isDeleted":"true", "size":"0", "version":"1679573455563"}}
{"logTime": "0324/070122", "correlationVector":"9u9gsiJ3WiwcCVAPQxDboK.2","action":"Commit Response", "result":"SYNCER_OK", "context":Result: SYNCER_OK. cV=9u9gsiJ3WiwcCVAPQxDboK.0;server=GENERAL0100000L;cloudType=Consumer;environment=Prod_NorthEurope_000h;migrationStage=NotStarted}
{"logTime": "0324/070122", "correlationVector":"bYicz7AzIIja2MupPtkNuM","action":"Commit Request", "result":"", "context":Item count: 5
Contributing types: Sessions, User Consents}
{"logTime": "0324/070124", "correlationVector":"bYicz7AzIIja2MupPtkNuM.1","action":"SyncServerConnectionManagerRequest", "result":"SYNC_SERVER_OK", "context":{"environment":"Prod_NorthEurope_000h", "server":"GENERAL0100001A"}}
{"logTime": "0324/070124", "correlationVector":"bYicz7AzIIja2MupPtkNuM.3","action":"Commit.Sessions", "result":"Success", "context":{"id":"44482ed0-b7fd-4e17-be76-3337c4f59abc", "isDeleted":"true", "size":"0", "version":"1679579145119"}}
{"logTime": "0324/070124", "correlationVector":"bYicz7AzIIja2MupPtkNuM.2","action":"Commit Response", "result":"SYNCER_OK", "context":Result: SYNCER_OK. cV=bYicz7AzIIja2MupPtkNuM.0;server=GENERAL0100001A;cloudType=Consumer;environment=Prod_NorthEurope_000h;migrationStage=NotStarted}
{"logTime": "0324/070124", "correlationVector":"jlGbMmQJdkm35hopZn7oue","action":"Commit Request", "result":"", "context":Item count: 1
Contributing types: Sessions}
{"logTime": "0324/070125", "correlationVector":"jlGbMmQJdkm35hopZn7oue.1","action":"SyncServerConnectionManagerRequest", "result":"SYNC_SERVER_OK", "context":{"environment":"Prod_WestEurope_000l", "server":"GENERAL01000025"}}
{"logTime": "0324/070125", "correlationVector":"jlGbMmQJdkm35hopZn7oue.2","action":"Commit Response", "result":"SYNCER_OK", "context":Result: SYNCER_OK. cV=jlGbMmQJdkm35hopZn7oue.0;server=GENERAL01000025;cloudType=Consumer;environment=Prod_WestEurope_000l;migrationStage=NotStarted}
{"logTime": "0324/070155", "correlationVector":"TMf0+a8UxTVrYTqA8E0JPH","action":"Commit Request", "result":"", "context":Item count: 9
Contributing types: Sessions}
{"logTime": "0324/070157", "correlationVector":"TMf0+a8UxTVrYTqA8E0JPH.1","action":"SyncServerConnectionManagerRequest", "result":"SYNC_SERVER_OK", "context":{"environment":"Prod_WestEurope_000l", "server":"GENERAL01000023"}}
{"logTime": "0324/070157", "correlationVector":"TMf0+a8UxTVrYTqA8E0JPH.2","action":"Commit Response", "result":"SYNCER_OK", "context":Result: SYNCER_OK. cV=TMf0+a8UxTVrYTqA8E0JPH.0;server=GENERAL01000023;cloudType=Consumer;environment=Prod_WestEurope_000l;migrationStage=NotStarted}
{"logTime": "0324/070206", "correlationVector":"muAEL7QQEExKDBZ9JSi/MR","action":"Commit Request", "result":"", "context":Item count: 1
Contributing types: Sessions}
{"logTime": "0324/070207", "correlationVector":"muAEL7QQEExKDBZ9JSi/MR.1","action":"SyncServerConnectionManagerRequest", "result":"SYNC_SERVER_OK", "context":{"environment":"Prod_NorthEurope_000h", "server":"GENERAL0100000Y"}}
{"logTime": "0324/070207", "correlationVector":"muAEL7QQEExKDBZ9JSi/MR.2","action":"Commit Response", "result":"SYNCER_OK", "context":Result: SYNCER_OK. cV=muAEL7QQEExKDBZ9JSi/MR.0;server=GENERAL0100000Y;cloudType=Consumer;environment=Prod_NorthEurope_000h;migrationStage=NotStarted}
{"logTime": "0324/070207", "correlationVector":"/sXHPJ5a+kdfMf/SkyzwOe","action":"Poll GetUpdate request", "result":"", "context":cV=/sXHPJ5a+kdfMf/SkyzwOe}
{"logTime": "0324/070209", "correlationVector":"/sXHPJ5a+kdfMf/SkyzwOe.1","action":"SyncServerConnectionManagerRequest", "result":"SYNC_SERVER_OK", "context":{"environment":"Prod_WestEurope_000l", "server":"GENERAL01000013"}}
{"logTime": "0324/070209", "correlationVector":"/sXHPJ5a+kdfMf/SkyzwOe.2","action":"GetUpdates", "result":"DeleteReceived", "context":{"id":"af991a38-1487-4de1-aa3c-50db20e2e029", "isDeleted:":"true", "version":"1679641280769"}}
{"logTime": "0324/070209", "correlationVector":"/sXHPJ5a+kdfMf/SkyzwOe.3","action":"GetUpdates", "result":"DeleteReceived", "context":{"id":"d3bd5fe1-121f-4d1d-9881-7464dd2eedab", "isDeleted:":"true", "version":"1679641280772"}}
{"logTime": "0324/070209", "correlationVector":"/sXHPJ5a+kdfMf/SkyzwOe.4","action":"GetUpdates", "result":"DeleteReceived", "context":{"id":"f3649058-cbf5-4226-9234-7e54c0c8a0fb", "isDeleted:":"true", "version":"1679641280776"}}
{"logTime": "0324/070209", "correlationVector":"/sXHPJ5a+kdfMf/SkyzwOe.5","action":"GetUpdates", "result":"DeleteReceived", "context":{"id":"b6a93a86-4382-47e1-8d14-7b4a26afba1a", "isDeleted:":"true", "version":"1679641280777"}}
{"logTime": "0324/070209", "correlationVector":"/sXHPJ5a+kdfMf/SkyzwOe.6","action":"GetUpdates", "result":"DeleteReceived", "context":{"id":"00858d94-ccd6-4dd6-a19c-38d1fc280be2", "isDeleted:":"true", "version":"1679641280778"}}
{"logTime": "0324/070209", "correlationVector":"/sXHPJ5a+kdfMf/SkyzwOe.7","action":"GetUpdates", "result":"DeleteReceived", "context":{"id":"19e4925d-1e4a-4432-ab82-29aa31430253", "isDeleted:":"true", "version":"1679641280780"}}
{"logTime": "0324/070209", "correlationVector":"/sXHPJ5a+kdfMf/SkyzwOe.8","action":"GetUpdates", "result":"DeleteReceived", "context":{"id":"29a97031-941c-4d6d-a131-3db83f0aa292", "isDeleted:":"true", "version":"1679641280781"}}
{"logTime": "0324/070209", "correlationVector":"/sXHPJ5a+kdfMf/SkyzwOe.9","action":"GetUpdates", "result":"DeleteReceived", "context":{"id":"649908bb-09d1-418f-87ee-26d947e811fd", "isDeleted:":"true", "version":"1679641280784"}}
{"logTime": "0324/070209", "correlationVector":"/sXHPJ5a+kdfMf/SkyzwOe.10","action":"GetUpdates", "result":"DeleteReceived", "context":{"id":"ba877811-6ac4-4b05-9e3a-0d5aaea97ffa", "isDeleted:":"true", "version":"1679641280785"}}
{"logTime": "0324/070209", "correlationVector":"/sXHPJ5a+kdfMf/SkyzwOe.11","action":"GetUpdates", "result":"DeleteReceived", "context":{"id":"44482ed0-b7fd-4e17-be76-3337c4f59abc", "isDeleted:":"true", "version":"1679641282228"}}
{"logTime": "0324/070209", "correlationVector":"/sXHPJ5a+kdfMf/SkyzwOe.12","action":"GetUpdates Response", "result":"SYNCER_OK", "context":Received 23 update(s). cV=/sXHPJ5a+kdfMf/SkyzwOe.0;server=GENERAL01000013;cloudType=Consumer;environment=Prod_WestEurope_000l;migrationStage=NotStarted}
{"logTime": "0324/070400", "correlationVector":"yhcxDjU25PKilq0HzUdJw7","action":"Commit Request", "result":"", "context":Item count: 3
Contributing types: Sessions}
{"logTime": "0324/070401", "correlationVector":"yhcxDjU25PKilq0HzUdJw7.1","action":"SyncServerConnectionManagerRequest", "result":"SYNC_SERVER_OK", "context":{"environment":"Prod_WestEurope_000l", "server":"GENERAL0100000G"}}
{"logTime": "0324/070401", "correlationVector":"yhcxDjU25PKilq0HzUdJw7.2","action":"Commit Response", "result":"SYNCER_OK", "context":Result: SYNCER_OK. cV=yhcxDjU25PKilq0HzUdJw7.0;server=GENERAL0100000G;cloudType=Consumer;environment=Prod_WestEurope_000l;migrationStage=NotStarted}
{"logTime": "0324/070527", "correlationVector":"VPDh6clRSXhEUXwglYgQCq","action":"Commit Request", "result":"", "context":Item count: 1
Contributing types: Sessions}
{"logTime": "0324/070527", "correlationVector":"VPDh6clRSXhEUXwglYgQCq.1","action":"SyncServerConnectionManagerRequest", "result":"SYNC_SERVER_OK", "context":{"environment":"Prod_NorthEurope_000h", "server":"general01000021"}}
{"logTime": "0324/070527", "correlationVector":"VPDh6clRSXhEUXwglYgQCq.2","action":"Commit Response", "result":"SYNCER_OK", "context":Result: SYNCER_OK. cV=VPDh6clRSXhEUXwglYgQCq.0;server=general01000021;cloudType=Consumer;environment=Prod_NorthEurope_000h;migrationStage=NotStarted}
{"logTime": "0324/070620", "correlationVector":"a/Lafh/9pO6FWPmeaUrCL7","action":"Commit Request", "result":"", "context":Item count: 3
Contributing types: Sessions}
{"logTime": "0324/070622", "correlationVector":"a/Lafh/9pO6FWPmeaUrCL7.1","action":"SyncServerConnectionManagerRequest", "result":"SYNC_SERVER_OK", "context":{"environment":"Prod_NorthEurope_000h", "server":"GENERAL0100001X"}}
{"logTime": "0324/070622", "correlationVector":"a/Lafh/9pO6FWPmeaUrCL7.2","action":"Commit Response", "result":"SYNCER_OK", "context":Result: SYNCER_OK. cV=a/Lafh/9pO6FWPmeaUrCL7.0;server=GENERAL0100001X;cloudType=Consumer;environment=Prod_NorthEurope_000h;migrationStage=NotStarted}
{"logTime": "0324/070900", "correlationVector":"QSXHUZWhwL04dBXLwzqvLd","action":"Commit Request", "result":"", "context":Item count: 1
Contributing types: Sessions}
{"logTime": "0324/070905", "correlationVector":"QSXHUZWhwL04dBXLwzqvLd.1","action":"SyncServerConnectionManagerRequest", "result":"SYNC_SERVER_OK", "context":{"environment":"Prod_WestEurope_x00e", "server":"general01000020"}}
{"logTime": "0324/070905", "correlationVector":"QSXHUZWhwL04dBXLwzqvLd.2","action":"Commit Response", "result":"SYNCER_OK", "context":Result: SYNCER_OK. cV=QSXHUZWhwL04dBXLwzqvLd.0;server=general01000020;cloudType=Consumer;environment=Prod_WestEurope_x00e;migrationStage=NotStarted}
{"logTime": "0324/162304", "correlationVector":"oTF/QxvJZEIrCRFXkwSxmO.0","action":"FeedSettingFetch_homeCloud", "result":"0", "context":{}}
{"logTime": "0324/162306", "correlationVector":"W29wWpmYBz2fUfgs+IJobX","action":"Normal GetUpdate request", "result":"", "context":cV=W29wWpmYBz2fUfgs+IJobX
Nudged types: Sessions, Device Info, User Consents
Refresh requested types: Bookmarks, Preferences, Passwords, Autofill Profiles, Autofill, Autofill Custom Data, Typed URLs, Extensions, Sessions, Extension settings, History Delete Directives, Device Info, User Consents, Send Tab To Self, Web Apps, Collection, Edge E Drop, Encryption Keys}
{"logTime": "0324/162307", "correlationVector":"W29wWpmYBz2fUfgs+IJobX.1","action":"SyncServerConnectionManagerRequest", "result":"SYNC_SERVER_OK", "context":{"environment":"Prod_WestEurope_000l", "server":"GENERAL01000016"}}
{"logTime": "0324/162308", "correlationVector":"W29wWpmYBz2fUfgs+IJobX.2","action":"GetUpdates Response", "result":"SYNCER_OK", "context":Received 4 update(s). cV=W29wWpmYBz2fUfgs+IJobX.0;server=GENERAL01000016;cloudType=Consumer;environment=Prod_WestEurope_000l;migrationStage=NotStarted}
{"logTime": "0324/162309", "correlationVector":"61ZxxUkWcSaPfPB2oCMthQ","action":"Commit Request", "result":"", "context":Item count: 1
Contributing types: Device Info}
{"logTime": "0324/162309", "correlationVector":"61ZxxUkWcSaPfPB2oCMthQ.1","action":"SyncServerConnectionManagerRequest", "result":"SYNC_SERVER_OK", "context":{"environment":"Prod_WestEurope_000l", "server":"GENERAL0100000I"}}
{"logTime": "0324/162309", "correlationVector":"61ZxxUkWcSaPfPB2oCMthQ.2","action":"Commit Response", "result":"SYNCER_OK", "context":Result: SYNCER_OK. cV=61ZxxUkWcSaPfPB2oCMthQ.0;server=GENERAL0100000I;cloudType=Consumer;environment=Prod_WestEurope_000l;migrationStage=NotStarted}
{"logTime": "0324/162320", "correlationVector":"EQz/UZQ4T4kehoi2zkm+r1","action":"Commit Request", "result":"", "context":Item count: 20
Contributing types: Sessions}
{"logTime": "0324/162321", "correlationVector":"EQz/UZQ4T4kehoi2zkm+r1.1","action":"SyncServerConnectionManagerRequest", "result":"SYNC_SERVER_OK", "context":{"environment":"Prod_WestEurope_000l", "server":"GENERAL0100000O"}}
{"logTime": "0324/162321", "correlationVector":"EQz/UZQ4T4kehoi2zkm+r1.3","action":"Commit.Sessions", "result":"Success", "context":{"id":"3c9fbd65-87d7-4bd3-8561-44723d528734", "isDeleted":"true", "size":"0", "version":"1679641326462"}}
{"logTime": "0324/162321", "correlationVector":"EQz/UZQ4T4kehoi2zkm+r1.4","action":"Commit.Sessions", "result":"Success", "context":{"id":"ef8f4804-0456-498b-bbd3-1678c96e8ae9", "isDeleted":"true", "size":"0", "version":"1679641316200"}}
{"logTime": "0324/162321", "correlationVector":"EQz/UZQ4T4kehoi2zkm+r1.5","action":"Commit.Sessions", "result":"Success", "context":{"id":"2245fbfb-d5e3-4387-887e-c223b023e7c9", "isDeleted":"true", "size":"0", "version":"1679641316201"}}
{"logTime": "0324/162321", "correlationVector":"EQz/UZQ4T4kehoi2zkm+r1.6","action":"Commit.Sessions", "result":"Success", "context":{"id":"9c5009c5-4d6e-40f1-b297-480a6924efb3", "isDeleted":"true", "size":"0", "version":"1679641745308"}}
{"logTime": "0324/162321", "correlationVector":"EQz/UZQ4T4kehoi2zkm+r1.7","action":"Commit.Sessions", "result":"Success", "context":{"id":"df489766-c4cd-4d91-9b53-f1644d286a9b", "isDeleted":"true", "size":"0", "version":"1679641316202"}}
{"logTime": "0324/162321", "correlationVector":"EQz/UZQ4T4kehoi2zkm+r1.8","action":"Commit.Sessions", "result":"Success", "context":{"id":"928d76a5-9103-4aa0-8356-f8b7bf89fe3f", "isDeleted":"true", "size":"0", "version":"1679641316203"}}
{"logTime": "0324/162321", "correlationVector":"EQz/UZQ4T4kehoi2zkm+r1.9","action":"Commit.Sessions", "result":"Success", "context":{"id":"eab52b65-3b2c-4fc5-8b36-0aa03b2a64fc", "isDeleted":"true", "size":"0", "version":"1679641316204"}}
{"logTime": "0324/162321", "correlationVector":"EQz/UZQ4T4kehoi2zkm+r1.10","action":"Commit.Sessions", "result":"Success", "context":{"id":"7182e293-3c64-490d-8374-f99b42e9df0f", "isDeleted":"true", "size":"0", "version":"1679641280782"}}
{"logTime": "0324/162322", "correlationVector":"EQz/UZQ4T4kehoi2zkm+r1.2","action":"Commit Response", "result":"SYNCER_OK", "context":Result: SYNCER_OK. cV=EQz/UZQ4T4kehoi2zkm+r1.0;server=GENERAL0100000O;cloudType=Consumer;environment=Prod_WestEurope_000l;migrationStage=NotStarted}
{"logTime": "0324/162324", "correlationVector":"zDGi+XXnyFpDQ/e9kKIDZv","action":"Commit Request", "result":"", "context":Item count: 9
Contributing types: Sessions, User Consents}
{"logTime": "0324/162324", "correlationVector":"zDGi+XXnyFpDQ/e9kKIDZv.1","action":"SyncServerConnectionManagerRequest", "result":"SYNC_SERVER_OK", "context":{"environment":"Prod_WestEurope_000l", "server":"GENERAL01000025"}}
{"logTime": "0324/162324", "correlationVector":"zDGi+XXnyFpDQ/e9kKIDZv.3","action":"Commit.Sessions", "result":"Success", "context":{"id":"46335353-1b57-4ea0-9f13-c03a8122be00", "isDeleted":"true", "size":"0", "version":"1679641316205"}}
{"logTime": "0324/162324", "correlationVector":"zDGi+XXnyFpDQ/e9kKIDZv.2","action":"Commit Response", "result":"SYNCER_OK", "context":Result: SYNCER_OK. cV=zDGi+XXnyFpDQ/e9kKIDZv.0;server=GENERAL01000025;cloudType=Consumer;environment=Prod_WestEurope_000l;migrationStage=NotStarted}
{"logTime": "0324/162324", "correlationVector":"zDGi+XXnyFpDQ/e9kKIDZv.4","action":"Commit.Sessions", "result":"Success", "context":{"id":"b6b3d6fb-68fd-4a21-a43f-c751abeb0a06", "isDeleted":"true", "size":"0", "version":"1679641316206"}}
{"logTime": "0324/162324", "correlationVector":"zDGi+XXnyFpDQ/e9kKIDZv.5","action":"Commit.Sessions", "result":"Success", "context":{"id":"60470995-0c96-4c4a-90c2-e1c3737dc27c", "isDeleted":"true", "size":"0", "version":"1679641316207"}}
{"logTime": "0324/162416", "correlationVector":"hg+rJQ7yzhcjv9PeGXWrPq","action":"Commit Request", "result":"", "context":Item count: 3
Contributing types: Sessions}
{"logTime": "0324/162417", "correlationVector":"hg+rJQ7yzhcjv9PeGXWrPq.1","action":"SyncServerConnectionManagerRequest", "result":"SYNC_SERVER_OK", "context":{"environment":"Prod_WestEurope_000l", "server":"GENERAL01000005"}}
{"logTime": "0324/162418", "correlationVector":"hg+rJQ7yzhcjv9PeGXWrPq.2","action":"Commit Response", "result":"SYNCER_OK", "context":Result: SYNCER_OK. cV=hg+rJQ7yzhcjv9PeGXWrPq.0;server=GENERAL01000005;cloudType=Consumer;environment=Prod_WestEurope_000l;migrationStage=NotStarted}
{"logTime": "0324/162447", "correlationVector":"J+RB1YYCSTk7GKCNt+wDG6","action":"Commit Request", "result":"", "context":Item count: 5
Contributing types: Sessions}
{"logTime": "0324/162448", "correlationVector":"J+RB1YYCSTk7GKCNt+wDG6.1","action":"SyncServerConnectionManagerRequest", "result":"SYNC_SERVER_OK", "context":{"environment":"Prod_WestEurope_000l", "server":"GENERAL0100000I"}}
{"logTime": "0324/162454", "correlationVector":"J+RB1YYCSTk7GKCNt+wDG6.2","action":"Commit Response", "result":"SYNCER_OK", "context":Result: SYNCER_OK. cV=J+RB1YYCSTk7GKCNt+wDG6.0;server=GENERAL0100000I;cloudType=Consumer;environment=Prod_WestEurope_000l;migrationStage=NotStarted}
{"logTime": "0324/162733", "correlationVector":"/13g7sIziyZcTXhATGNUBo","action":"Poll GetUpdate request", "result":"", "context":cV=/13g7sIziyZcTXhATGNUBo}
{"logTime": "0324/162735", "correlationVector":"/13g7sIziyZcTXhATGNUBo.1","action":"SyncServerConnectionManagerRequest", "result":"SYNC_SERVER_OK", "context":{"environment":"Prod_WestEurope_000l", "server":"GENERAL0100000F"}}
{"logTime": "0324/162735", "correlationVector":"/13g7sIziyZcTXhATGNUBo.2","action":"GetUpdates", "result":"DeleteReceived", "context":{"id":"3c9fbd65-87d7-4bd3-8561-44723d528734", "isDeleted:":"true", "version":"1679675000271"}}
{"logTime": "0324/162735", "correlationVector":"/13g7sIziyZcTXhATGNUBo.3","action":"GetUpdates", "result":"DeleteReceived", "context":{"id":"ef8f4804-0456-498b-bbd3-1678c96e8ae9", "isDeleted:":"true", "version":"1679675000273"}}
{"logTime": "0324/162735", "correlationVector":"/13g7sIziyZcTXhATGNUBo.4","action":"GetUpdates", "result":"DeleteReceived", "context":{"id":"2245fbfb-d5e3-4387-887e-c223b023e7c9", "isDeleted:":"true", "version":"1679675000274"}}
{"logTime": "0324/162735", "correlationVector":"/13g7sIziyZcTXhATGNUBo.5","action":"GetUpdates", "result":"DeleteReceived", "context":{"id":"9c5009c5-4d6e-40f1-b297-480a6924efb3", "isDeleted:":"true", "version":"1679675000275"}}
{"logTime": "0324/162735", "correlationVector":"/13g7sIziyZcTXhATGNUBo.6","action":"GetUpdates", "result":"DeleteReceived", "context":{"id":"df489766-c4cd-4d91-9b53-f1644d286a9b", "isDeleted:":"true", "version":"1679675000276"}}
{"logTime": "0324/162735", "correlationVector":"/13g7sIziyZcTXhATGNUBo.7","action":"GetUpdates", "result":"DeleteReceived", "context":{"id":"928d76a5-9103-4aa0-8356-f8b7bf89fe3f", "isDeleted:":"true", "version":"1679675000278"}}
{"logTime": "0324/162735", "correlationVector":"/13g7sIziyZcTXhATGNUBo.8","action":"GetUpdates", "result":"DeleteReceived", "context":{"id":"eab52b65-3b2c-4fc5-8b36-0aa03b2a64fc", "isDeleted:":"true", "version":"1679675000283"}}
{"logTime": "0324/162735", "correlationVector":"/13g7sIziyZcTXhATGNUBo.9","action":"GetUpdates", "result":"DeleteReceived", "context":{"id":"7182e293-3c64-490d-8374-f99b42e9df0f", "isDeleted:":"true", "version":"1679675000289"}}
{"logTime": "0324/162735", "correlationVector":"/13g7sIziyZcTXhATGNUBo.10","action":"GetUpdates", "result":"DeleteReceived", "context":{"id":"46335353-1b57-4ea0-9f13-c03a8122be00", "isDeleted:":"true", "version":"1679675004543"}}
{"logTime": "0324/162735", "correlationVector":"/13g7sIziyZcTXhATGNUBo.11","action":"GetUpdates", "result":"DeleteReceived", "context":{"id":"b6b3d6fb-68fd-4a21-a43f-c751abeb0a06", "isDeleted:":"true", "version":"1679675004547"}}
{"logTime": "0324/162735", "correlationVector":"/13g7sIziyZcTXhATGNUBo.12","action":"GetUpdates", "result":"DeleteReceived", "context":{"id":"60470995-0c96-4c4a-90c2-e1c3737dc27c", "isDeleted:":"true", "version":"1679675004549"}}
{"logTime": "0324/162735", "correlationVector":"/13g7sIziyZcTXhATGNUBo.13","action":"GetUpdates Response", "result":"SYNCER_OK", "context":Received 28 update(s). cV=/13g7sIziyZcTXhATGNUBo.0;server=GENERAL0100000F;cloudType=Consumer;environment=Prod_WestEurope_000l;migrationStage=NotStarted}
{"logTime": "0325/184230", "correlationVector":"2AV0Hu9I3O5hA52vtPimig.0","action":"FeedSettingFetch_homeCloud", "result":"0", "context":{}}
{"logTime": "0325/184232", "correlationVector":"DOhF1VnkHjlf0tO09x683I","action":"Initial GetUpdates", "result":"", "context":Reason: NEWLY_SUPPORTED_DATATYPE. cV=DOhF1VnkHjlf0tO09x683I}
{"logTime": "0325/184234", "correlationVector":"DOhF1VnkHjlf0tO09x683I.1","action":"SyncServerConnectionManagerRequest", "result":"SYNC_SERVER_OK", "context":{"environment":"Prod_WestEurope_x00e", "server":"general01000004"}}
{"logTime": "0325/184234", "correlationVector":"DOhF1VnkHjlf0tO09x683I.2","action":"GetUpdates", "result":"DeleteReceived", "context":{"id":"f7eae8f2-3ae1-4984-85aa-92dbcee812bf", "isDeleted:":"true", "version":"1679247159758"}}
{"logTime": "0325/184234", "correlationVector":"DOhF1VnkHjlf0tO09x683I.3","action":"GetUpdates Response", "result":"SYNCER_OK", "context":Received 195 update(s). cV=DOhF1VnkHjlf0tO09x683I.0;server=general01000004;cloudType=Consumer;environment=Prod_WestEurope_x00e;migrationStage=NotStarted}
{"logTime": "0325/184234", "correlationVector":"nfdbCt5MdMNt0tk6rpyRMe","action":"Normal GetUpdate request", "result":"", "context":cV=nfdbCt5MdMNt0tk6rpyRMe
Nudged types: Sessions, Device Info, User Consents
Refresh requested types: Bookmarks, Preferences, Passwords, Autofill Profiles, Autofill, Autofill Custom Data, Typed URLs, Extensions, Sessions, Extension settings, History Delete Directives, Device Info, User Consents, Send Tab To Self, Web Apps, Collection, Edge E Drop, Encryption Keys}
{"logTime": "0325/184234", "correlationVector":"nfdbCt5MdMNt0tk6rpyRMe.1","action":"SyncServerConnectionManagerRequest", "result":"SYNC_SERVER_OK", "context":{"environment":"Prod_WestEurope_000l", "server":"GENERAL0100000O"}}
{"logTime": "0325/184234", "correlationVector":"nfdbCt5MdMNt0tk6rpyRMe.2","action":"GetUpdates Response", "result":"SYNCER_OK", "context":Received 0 update(s). cV=nfdbCt5MdMNt0tk6rpyRMe.0;server=GENERAL0100000O;cloudType=Consumer;environment=Prod_WestEurope_000l;migrationStage=NotStarted}
{"logTime": "0325/184234", "correlationVector":"lA768YD6/nhYKwMbxBcdFN","action":"Commit Request", "result":"", "context":Item count: 1
Contributing types: Device Info}
{"logTime": "0325/184235", "correlationVector":"lA768YD6/nhYKwMbxBcdFN.1","action":"SyncServerConnectionManagerRequest", "result":"SYNC_SERVER_OK", "context":{"environment":"Prod_WestEurope_x00e", "server":"general0100000C"}}
{"logTime": "0325/184235", "correlationVector":"lA768YD6/nhYKwMbxBcdFN.2","action":"Commit Response", "result":"SYNCER_OK", "context":Result: SYNCER_OK. cV=lA768YD6/nhYKwMbxBcdFN.0;server=general0100000C;cloudType=Consumer;environment=Prod_WestEurope_x00e;migrationStage=NotStarted}
{"logTime": "0325/184236", "correlationVector":"DeYztMxL++1sBa4H7h3PXk","action":"Commit Request", "result":"", "context":Item count: 20
Contributing types: Sessions}
{"logTime": "0325/184237", "correlationVector":"DeYztMxL++1sBa4H7h3PXk.1","action":"SyncServerConnectionManagerRequest", "result":"SYNC_SERVER_OK", "context":{"environment":"Prod_WestEurope_x00e", "server":"general0100000A"}}
{"logTime": "0325/184237", "correlationVector":"DeYztMxL++1sBa4H7h3PXk.3","action":"Commit.Sessions", "result":"Success", "context":{"id":"293e0045-a892-4120-8325-123dad78c8e6", "isDeleted":"true", "size":"0", "version":"1679675056911"}}
{"logTime": "0325/184237", "correlationVector":"DeYztMxL++1sBa4H7h3PXk.4","action":"Commit.Sessions", "result":"Success", "context":{"id":"e1315400-b49d-4b67-aa49-e7534ca12bf8", "isDeleted":"true", "size":"0", "version":"1679675087798"}}
{"logTime": "0325/184237", "correlationVector":"DeYztMxL++1sBa4H7h3PXk.2","action":"Commit Response", "result":"SYNCER_OK", "context":Result: SYNCER_OK. cV=DeYztMxL++1sBa4H7h3PXk.0;server=general0100000A;cloudType=Consumer;environment=Prod_WestEurope_x00e;migrationStage=NotStarted}
{"logTime": "0325/184237", "correlationVector":"DeYztMxL++1sBa4H7h3PXk.5","action":"Commit.Sessions", "result":"Success", "context":{"id":"6319ba10-7ed1-441b-b806-9809da060a3c", "isDeleted":"true", "size":"0", "version":"1679675000277"}}
{"logTime": "0325/184237", "correlationVector":"DeYztMxL++1sBa4H7h3PXk.6","action":"Commit.Sessions", "result":"Success", "context":{"id":"6fdf9695-209c-4f80-8391-2871567a5501", "isDeleted":"true", "size":"0", "version":"1679675087799"}}
{"logTime": "0325/184237", "correlationVector":"DeYztMxL++1sBa4H7h3PXk.7","action":"Commit.Sessions", "result":"Success", "context":{"id":"878f5072-8681-4a61-b6d1-219734738986", "isDeleted":"true", "size":"0", "version":"1679675000281"}}
{"logTime": "0325/184237", "correlationVector":"DeYztMxL++1sBa4H7h3PXk.8","action":"Commit.Sessions", "result":"Success", "context":{"id":"a76f7379-6730-49b2-92d8-12700104b99d", "isDeleted":"true", "size":"0", "version":"1679675087800"}}
{"logTime": "0325/184237", "correlationVector":"DeYztMxL++1sBa4H7h3PXk.9","action":"Commit.Sessions", "result":"Success", "context":{"id":"066884b7-6fcb-435f-a414-bc7e1bb112ca", "isDeleted":"true", "size":"0", "version":"1679675000284"}}
{"logTime": "0325/184237", "correlationVector":"DeYztMxL++1sBa4H7h3PXk.10","action":"Commit.Sessions", "result":"Success", "context":{"id":"08b77957-6f1a-4e62-9bb4-83aea0c18566", "isDeleted":"true", "size":"0", "version":"1679675000285"}}
{"logTime": "0325/184237", "correlationVector":"J75uoEJNV6KhRqTs9vOJZq","action":"Commit Request", "result":"", "context":Item count: 13
Contributing types: Sessions, User Consents}
{"logTime": "0325/184238", "correlationVector":"J75uoEJNV6KhRqTs9vOJZq.1","action":"SyncServerConnectionManagerRequest", "result":"SYNC_SERVER_OK", "context":{"environment":"Prod_WestEurope_000l", "server":"GENERAL01000021"}}
{"logTime": "0325/184238", "correlationVector":"J75uoEJNV6KhRqTs9vOJZq.3","action":"Commit.Sessions", "result":"Success", "context":{"id":"85d2c063-7f17-4336-9fee-65b4b57997ef", "isDeleted":"true", "size":"0", "version":"1679675056913"}}
{"logTime": "0325/184238", "correlationVector":"J75uoEJNV6KhRqTs9vOJZq.4","action":"Commit.Sessions", "result":"Success", "context":{"id":"f84821d2-3498-4b8e-bf93-663f63dd6740", "isDeleted":"true", "size":"0", "version":"1679675087801"}}
{"logTime": "0325/184238", "correlationVector":"J75uoEJNV6KhRqTs9vOJZq.5","action":"Commit.Sessions", "result":"Success", "context":{"id":"d64cc1c8-4de2-4733-9e15-d0e959a9d787", "isDeleted":"true", "size":"0", "version":"1679675000288"}}
{"logTime": "0325/184238", "correlationVector":"J75uoEJNV6KhRqTs9vOJZq.6","action":"Commit.Sessions", "result":"Success", "context":{"id":"ab372ec2-1b83-4ed9-a822-c60f2d3831df", "isDeleted":"true", "size":"0", "version":"1679675004544"}}
{"logTime": "0325/184238", "correlationVector":"J75uoEJNV6KhRqTs9vOJZq.2","action":"Commit Response", "result":"SYNCER_OK", "context":Result: SYNCER_OK. cV=J75uoEJNV6KhRqTs9vOJZq.0;server=GENERAL01000021;cloudType=Consumer;environment=Prod_WestEurope_000l;migrationStage=NotStarted}
{"logTime": "0325/184238", "correlationVector":"J75uoEJNV6KhRqTs9vOJZq.7","action":"Commit.Sessions", "result":"Success", "context":{"id":"06323e86-f218-43bf-b1b0-234f7e5cd802", "isDeleted":"true", "size":"0", "version":"1679675004545"}}
{"logTime": "0325/184238", "correlationVector":"J75uoEJNV6KhRqTs9vOJZq.8","action":"Commit.Sessions", "result":"Success", "context":{"id":"4f843663-50a1-421e-8d80-a0239bb21d27", "isDeleted":"true", "size":"0", "version":"1679675004546"}}
{"logTime": "0325/184238", "correlationVector":"J75uoEJNV6KhRqTs9vOJZq.9","action":"Commit.Sessions", "result":"Success", "context":{"id":"a908688e-a5bd-4ed4-8e57-23eaa303eef2", "isDeleted":"true", "size":"0", "version":"1679675087802"}}
{"logTime": "0325/184241", "correlationVector":"iWEaJPp3tHJEZfRcmvlJvf","action":"Commit Request", "result":"", "context":Item count: 2
Contributing types: Preferences, Sessions}
{"logTime": "0325/184241", "correlationVector":"iWEaJPp3tHJEZfRcmvlJvf.1","action":"SyncServerConnectionManagerRequest", "result":"SYNC_SERVER_OK", "context":{"environment":"Prod_WestEurope_x00e", "server":"general01000019"}}
{"logTime": "0325/184241", "correlationVector":"iWEaJPp3tHJEZfRcmvlJvf.2","action":"Commit Response", "result":"SYNCER_OK", "context":Result: SYNCER_OK. cV=iWEaJPp3tHJEZfRcmvlJvf.0;server=general01000019;cloudType=Consumer;environment=Prod_WestEurope_x00e;migrationStage=NotStarted}
{"logTime": "0325/184321", "correlationVector":"zZAWDmNNoOj5GdkaTsl4LE","action":"Commit Request", "result":"", "context":Item count: 6
Contributing types: Sessions}
{"logTime": "0325/184321", "correlationVector":"zZAWDmNNoOj5GdkaTsl4LE.1","action":"SyncServerConnectionManagerRequest", "result":"SYNC_SERVER_OK", "context":{"environment":"Prod_WestEurope_x00e", "server":"general0100001X"}}
{"logTime": "0325/184321", "correlationVector":"zZAWDmNNoOj5GdkaTsl4LE.2","action":"Commit Response", "result":"SYNCER_OK", "context":Result: SYNCER_OK. cV=zZAWDmNNoOj5GdkaTsl4LE.0;server=general0100001X;cloudType=Consumer;environment=Prod_WestEurope_x00e;migrationStage=NotStarted}
{"logTime": "0325/184408", "correlationVector":"UAi4b/vPyFYidtw2KNIsrr","action":"Commit Request", "result":"", "context":Item count: 2
Contributing types: Sessions}
{"logTime": "0325/184409", "correlationVector":"UAi4b/vPyFYidtw2KNIsrr.1","action":"SyncServerConnectionManagerRequest", "result":"SYNC_SERVER_OK", "context":{"environment":"Prod_WestEurope_000l", "server":"GENERAL01000022"}}
{"logTime": "0325/184409", "correlationVector":"UAi4b/vPyFYidtw2KNIsrr.2","action":"Commit Response", "result":"SYNCER_OK", "context":Result: SYNCER_OK. cV=UAi4b/vPyFYidtw2KNIsrr.0;server=GENERAL01000022;cloudType=Consumer;environment=Prod_WestEurope_000l;migrationStage=NotStarted}
{"logTime": "0325/184457", "correlationVector":"6eBbRf9KSgtL0vdLyEuhEc","action":"Commit Request", "result":"", "context":Item count: 1
Contributing types: Sessions}
{"logTime": "0325/184457", "correlationVector":"6eBbRf9KSgtL0vdLyEuhEc.1","action":"SyncServerConnectionManagerRequest", "result":"SYNC_SERVER_OK", "context":{"environment":"Prod_WestEurope_x00e", "server":"general0100000T"}}
{"logTime": "0325/184457", "correlationVector":"6eBbRf9KSgtL0vdLyEuhEc.2","action":"Commit Response", "result":"SYNCER_OK", "context":Result: SYNCER_OK. cV=6eBbRf9KSgtL0vdLyEuhEc.0;server=general0100000T;cloudType=Consumer;environment=Prod_WestEurope_x00e;migrationStage=NotStarted}
{"logTime": "0325/184533", "correlationVector":"UNMvg1M5Bt4Sn+M4/Du8pn","action":"Commit Request", "result":"", "context":Item count: 2
Contributing types: Sessions}
{"logTime": "0325/184533", "correlationVector":"UNMvg1M5Bt4Sn+M4/Du8pn.1","action":"SyncServerConnectionManagerRequest", "result":"SYNC_SERVER_OK", "context":{"environment":"Prod_WestEurope_x00e", "server":"general0100000H"}}
{"logTime": "0325/184533", "correlationVector":"UNMvg1M5Bt4Sn+M4/Du8pn.2","action":"Commit Response", "result":"SYNCER_OK", "context":Result: SYNCER_OK. cV=UNMvg1M5Bt4Sn+M4/Du8pn.0;server=general0100000H;cloudType=Consumer;environment=Prod_WestEurope_x00e;migrationStage=NotStarted}
{"logTime": "0325/184533", "correlationVector":"eLYOKGX0l02tgtuU6X5mZV","action":"Poll GetUpdate request", "result":"", "context":cV=eLYOKGX0l02tgtuU6X5mZV}
{"logTime": "0325/184533", "correlationVector":"eLYOKGX0l02tgtuU6X5mZV.1","action":"SyncServerConnectionManagerRequest", "result":"SYNC_SERVER_OK", "context":{"environment":"Prod_WestEurope_x00e", "server":"general01000019"}}
{"logTime": "0325/184533", "correlationVector":"eLYOKGX0l02tgtuU6X5mZV.2","action":"GetUpdates", "result":"DeleteReceived", "context":{"id":"d3db913f-3191-4b83-90af-f3c0a4e5e1e8", "isDeleted:":"true", "version":"1679578435620"}}
{"logTime": "0325/184533", "correlationVector":"eLYOKGX0l02tgtuU6X5mZV.3","action":"GetUpdates", "result":"DeleteReceived", "context":{"id":"db60c1d1-a49b-4071-b7e3-6dbe7bf15654", "isDeleted:":"true", "version":"1679578435621"}}
{"logTime": "0325/184533", "correlationVector":"eLYOKGX0l02tgtuU6X5mZV.4","action":"GetUpdates", "result":"DeleteReceived", "context":{"id":"8858d931-9952-466b-9dc9-3445fe86cf2d", "isDeleted:":"true", "version":"1679578435622"}}
{"logTime": "0325/184533", "correlationVector":"eLYOKGX0l02tgtuU6X5mZV.5","action":"GetUpdates", "result":"DeleteReceived", "context":{"id":"07900401-7256-4c03-bad6-1d88d7ad7357", "isDeleted:":"true", "version":"1679578435623"}}
{"logTime": "0325/184533", "correlationVector":"eLYOKGX0l02tgtuU6X5mZV.6","action":"GetUpdates", "result":"DeleteReceived", "context":{"id":"af991a38-1487-4de1-aa3c-50db20e2e029", "isDeleted:":"true", "version":"1679641280769"}}
{"logTime": "0325/184533", "correlationVector":"eLYOKGX0l02tgtuU6X5mZV.7","action":"GetUpdates", "result":"DeleteReceived", "context":{"id":"d3bd5fe1-121f-4d1d-9881-7464dd2eedab", "isDeleted:":"true", "version":"1679641280772"}}
{"logTime": "0325/184533", "correlationVector":"eLYOKGX0l02tgtuU6X5mZV.8","action":"GetUpdates", "result":"DeleteReceived", "context":{"id":"f3649058-cbf5-4226-9234-7e54c0c8a0fb", "isDeleted:":"true", "version":"1679641280776"}}
{"logTime": "0325/184533", "correlationVector":"eLYOKGX0l02tgtuU6X5mZV.9","action":"GetUpdates", "result":"DeleteReceived", "context":{"id":"b6a93a86-4382-47e1-8d14-7b4a26afba1a", "isDeleted:":"true", "version":"1679641280777"}}
{"logTime": "0325/184533", "correlationVector":"eLYOKGX0l02tgtuU6X5mZV.10","action":"GetUpdates", "result":"DeleteReceived", "context":{"id":"00858d94-ccd6-4dd6-a19c-38d1fc280be2", "isDeleted:":"true", "version":"1679641280778"}}
{"logTime": "0325/184533", "correlationVector":"eLYOKGX0l02tgtuU6X5mZV.11","action":"GetUpdates", "result":"DeleteReceived", "context":{"id":"19e4925d-1e4a-4432-ab82-29aa31430253", "isDeleted:":"true", "version":"1679641280780"}}
{"logTime": "0325/184533", "correlationVector":"eLYOKGX0l02tgtuU6X5mZV.12","action":"GetUpdates", "result":"DeleteReceived", "context":{"id":"29a97031-941c-4d6d-a131-3db83f0aa292", "isDeleted:":"true", "version":"1679641280781"}}
{"logTime": "0325/184534", "correlationVector":"eLYOKGX0l02tgtuU6X5mZV.13","action":"GetUpdates", "result":"DeleteReceived", "context":{"id":"649908bb-09d1-418f-87ee-26d947e811fd", "isDeleted:":"true", "version":"1679641280784"}}
{"logTime": "0325/184534", "correlationVector":"eLYOKGX0l02tgtuU6X5mZV.14","action":"GetUpdates", "result":"DeleteReceived", "context":{"id":"ba877811-6ac4-4b05-9e3a-0d5aaea97ffa", "isDeleted:":"true", "version":"1679641280785"}}
{"logTime": "0325/184534", "correlationVector":"eLYOKGX0l02tgtuU6X5mZV.15","action":"GetUpdates", "result":"DeleteReceived", "context":{"id":"44482ed0-b7fd-4e17-be76-3337c4f59abc", "isDeleted:":"true", "version":"1679641282228"}}
{"logTime": "0325/184534", "correlationVector":"eLYOKGX0l02tgtuU6X5mZV.16","action":"GetUpdates", "result":"DeleteReceived", "context":{"id":"3c9fbd65-87d7-4bd3-8561-44723d528734", "isDeleted:":"true", "version":"1679675000271"}}
{"logTime": "0325/184534", "correlationVector":"eLYOKGX0l02tgtuU6X5mZV.17","action":"GetUpdates", "result":"DeleteReceived", "context":{"id":"ef8f4804-0456-498b-bbd3-1678c96e8ae9", "isDeleted:":"true", "version":"1679675000273"}}
{"logTime": "0325/184534", "correlationVector":"eLYOKGX0l02tgtuU6X5mZV.18","action":"GetUpdates", "result":"DeleteReceived", "context":{"id":"2245fbfb-d5e3-4387-887e-c223b023e7c9", "isDeleted:":"true", "version":"1679675000274"}}
{"logTime": "0325/184534", "correlationVector":"eLYOKGX0l02tgtuU6X5mZV.19","action":"GetUpdates", "result":"DeleteReceived", "context":{"id":"9c5009c5-4d6e-40f1-b297-480a6924efb3", "isDeleted:":"true", "version":"1679675000275"}}
{"logTime": "0325/184534", "correlationVector":"eLYOKGX0l02tgtuU6X5mZV.20","action":"GetUpdates", "result":"DeleteReceived", "context":{"id":"df489766-c4cd-4d91-9b53-f1644d286a9b", "isDeleted:":"true", "version":"1679675000276"}}
{"logTime": "0325/184534", "correlationVector":"eLYOKGX0l02tgtuU6X5mZV.21","action":"GetUpdates", "result":"DeleteReceived", "context":{"id":"928d76a5-9103-4aa0-8356-f8b7bf89fe3f", "isDeleted:":"true", "version":"1679675000278"}}
{"logTime": "0325/184534", "correlationVector":"eLYOKGX0l02tgtuU6X5mZV.22","action":"GetUpdates", "result":"DeleteReceived", "context":{"id":"eab52b65-3b2c-4fc5-8b36-0aa03b2a64fc", "isDeleted:":"true", "version":"1679675000283"}}
{"logTime": "0325/184534", "correlationVector":"eLYOKGX0l02tgtuU6X5mZV.23","action":"GetUpdates", "result":"DeleteReceived", "context":{"id":"7182e293-3c64-490d-8374-f99b42e9df0f", "isDeleted:":"true", "version":"1679675000289"}}
{"logTime": "0325/184534", "correlationVector":"eLYOKGX0l02tgtuU6X5mZV.24","action":"GetUpdates", "result":"DeleteReceived", "context":{"id":"46335353-1b57-4ea0-9f13-c03a8122be00", "isDeleted:":"true", "version":"1679675004543"}}
{"logTime": "0325/184534", "correlationVector":"eLYOKGX0l02tgtuU6X5mZV.25","action":"GetUpdates", "result":"DeleteReceived", "context":{"id":"b6b3d6fb-68fd-4a21-a43f-c751abeb0a06", "isDeleted:":"true", "version":"1679675004547"}}
{"logTime": "0325/184534", "correlationVector":"eLYOKGX0l02tgtuU6X5mZV.26","action":"GetUpdates", "result":"DeleteReceived", "context":{"id":"60470995-0c96-4c4a-90c2-e1c3737dc27c", "isDeleted:":"true", "version":"1679675004549"}}
{"logTime": "0325/184534", "correlationVector":"eLYOKGX0l02tgtuU6X5mZV.27","action":"GetUpdates", "result":"DeleteReceived", "context":{"id":"293e0045-a892-4120-8325-123dad78c8e6", "isDeleted:":"true", "version":"1679769759108"}}
{"logTime": "0325/184534", "correlationVector":"eLYOKGX0l02tgtuU6X5mZV.28","action":"GetUpdates", "result":"DeleteReceived", "context":{"id":"e1315400-b49d-4b67-aa49-e7534ca12bf8", "isDeleted:":"true", "version":"1679769759111"}}
{"logTime": "0325/184534", "correlationVector":"eLYOKGX0l02tgtuU6X5mZV.29","action":"GetUpdates", "result":"DeleteReceived", "context":{"id":"6319ba10-7ed1-441b-b806-9809da060a3c", "isDeleted:":"true", "version":"1679769759119"}}
{"logTime": "0325/184534", "correlationVector":"eLYOKGX0l02tgtuU6X5mZV.30","action":"GetUpdates", "result":"DeleteReceived", "context":{"id":"6fdf9695-209c-4f80-8391-2871567a5501", "isDeleted:":"true", "version":"1679769759122"}}
{"logTime": "0325/184534", "correlationVector":"eLYOKGX0l02tgtuU6X5mZV.31","action":"GetUpdates", "result":"DeleteReceived", "context":{"id":"878f5072-8681-4a61-b6d1-219734738986", "isDeleted:":"true", "version":"1679769759123"}}
{"logTime": "0325/184534", "correlationVector":"eLYOKGX0l02tgtuU6X5mZV.32","action":"GetUpdates", "result":"DeleteReceived", "context":{"id":"a76f7379-6730-49b2-92d8-12700104b99d", "isDeleted:":"true", "version":"1679769759124"}}
{"logTime": "0325/184534", "correlationVector":"eLYOKGX0l02tgtuU6X5mZV.33","action":"GetUpdates", "result":"DeleteReceived", "context":{"id":"066884b7-6fcb-435f-a414-bc7e1bb112ca", "isDeleted:":"true", "version":"1679769759126"}}
{"logTime": "0325/184534", "correlationVector":"eLYOKGX0l02tgtuU6X5mZV.34","action":"GetUpdates", "result":"DeleteReceived", "context":{"id":"08b77957-6f1a-4e62-9bb4-83aea0c18566", "isDeleted:":"true", "version":"1679769759127"}}
{"logTime": "0325/184534", "correlationVector":"eLYOKGX0l02tgtuU6X5mZV.35","action":"GetUpdates", "result":"DeleteReceived", "context":{"id":"85d2c063-7f17-4336-9fee-65b4b57997ef", "isDeleted:":"true", "version":"1679769760206"}}
{"logTime": "0325/184534", "correlationVector":"eLYOKGX0l02tgtuU6X5mZV.36","action":"GetUpdates", "result":"DeleteReceived", "context":{"id":"f84821d2-3498-4b8e-bf93-663f63dd6740", "isDeleted:":"true", "version":"1679769760207"}}
{"logTime": "0325/184534", "correlationVector":"eLYOKGX0l02tgtuU6X5mZV.37","action":"GetUpdates", "result":"DeleteReceived", "context":{"id":"d64cc1c8-4de2-4733-9e15-d0e959a9d787", "isDeleted:":"true", "version":"1679769760208"}}
{"logTime": "0325/184534", "correlationVector":"eLYOKGX0l02tgtuU6X5mZV.38","action":"GetUpdates", "result":"DeleteReceived", "context":{"id":"ab372ec2-1b83-4ed9-a822-c60f2d3831df", "isDeleted:":"true", "version":"1679769760212"}}
{"logTime": "0325/184534", "correlationVector":"eLYOKGX0l02tgtuU6X5mZV.39","action":"GetUpdates", "result":"DeleteReceived", "context":{"id":"06323e86-f218-43bf-b1b0-234f7e5cd802", "isDeleted:":"true", "version":"1679769760213"}}
{"logTime": "0325/184534", "correlationVector":"eLYOKGX0l02tgtuU6X5mZV.40","action":"GetUpdates", "result":"DeleteReceived", "context":{"id":"4f843663-50a1-421e-8d80-a0239bb21d27", "isDeleted:":"true", "version":"1679769760214"}}
{"logTime": "0325/184534", "correlationVector":"eLYOKGX0l02tgtuU6X5mZV.41","action":"GetUpdates", "result":"DeleteReceived", "context":{"id":"a908688e-a5bd-4ed4-8e57-23eaa303eef2", "isDeleted:":"true", "version":"1679769760216"}}
{"logTime": "0325/184534", "correlationVector":"eLYOKGX0l02tgtuU6X5mZV.42","action":"GetUpdates Response", "result":"SYNCER_OK", "context":Received 60 update(s). cV=eLYOKGX0l02tgtuU6X5mZV.0;server=general01000019;cloudType=Consumer;environment=Prod_WestEurope_x00e;migrationStage=NotStarted}
{"logTime": "0325/184616", "correlationVector":"LeInGMUkKy/9xY6FnWQ2W0","action":"Commit Request", "result":"", "context":Item count: 5
Contributing types: Sessions}
{"logTime": "0325/184617", "correlationVector":"LeInGMUkKy/9xY6FnWQ2W0.1","action":"SyncServerConnectionManagerRequest", "result":"SYNC_SERVER_OK", "context":{"environment":"Prod_WestEurope_x00e", "server":"general0100000C"}}
{"logTime": "0325/184617", "correlationVector":"LeInGMUkKy/9xY6FnWQ2W0.2","action":"Commit Response", "result":"SYNCER_OK", "context":Result: SYNCER_OK. cV=LeInGMUkKy/9xY6FnWQ2W0.0;server=general0100000C;cloudType=Consumer;environment=Prod_WestEurope_x00e;migrationStage=NotStarted}
{"logTime": "0325/184825", "correlationVector":"BwCJ2VxFdjTNKNUm6atZnm","action":"Commit Request", "result":"", "context":Item count: 2
Contributing types: Sessions}
{"logTime": "0325/184825", "correlationVector":"BwCJ2VxFdjTNKNUm6atZnm.1","action":"SyncServerConnectionManagerRequest", "result":"SYNC_SERVER_OK", "context":{"environment":"Prod_WestEurope_x00e", "server":"general01000016"}}
{"logTime": "0325/184825", "correlationVector":"BwCJ2VxFdjTNKNUm6atZnm.2","action":"Commit Response", "result":"SYNCER_OK", "context":Result: SYNCER_OK. cV=BwCJ2VxFdjTNKNUm6atZnm.0;server=general01000016;cloudType=Consumer;environment=Prod_WestEurope_x00e;migrationStage=NotStarted}
{"logTime": "0325/185214", "correlationVector":"KOwncx2QN2QxJ+5mzQXZkN","action":"Commit Request", "result":"", "context":Item count: 4
Contributing types: Sessions}
{"logTime": "0325/185215", "correlationVector":"KOwncx2QN2QxJ+5mzQXZkN.1","action":"SyncServerConnectionManagerRequest", "result":"SYNC_SERVER_OK", "context":{"environment":"Prod_WestEurope_x00e", "server":"general0100000Y"}}
{"logTime": "0325/185215", "correlationVector":"KOwncx2QN2QxJ+5mzQXZkN.3","action":"Commit.Sessions", "result":"Success", "context":{"id":"08fb58c0-93c8-421a-be06-346beced214e", "isDeleted":"true", "size":"0", "version":"1679769851460"}}
{"logTime": "0325/185215", "correlationVector":"KOwncx2QN2QxJ+5mzQXZkN.2","action":"Commit Response", "result":"SYNCER_OK", "context":Result: SYNCER_OK. cV=KOwncx2QN2QxJ+5mzQXZkN.0;server=general0100000Y;cloudType=Consumer;environment=Prod_WestEurope_x00e;migrationStage=NotStarted}
{"logTime": "0325/185315", "correlationVector":"pT1VdzizdJhowzAwr+Stby","action":"Commit Request", "result":"", "context":Item count: 2
Contributing types: Sessions}
{"logTime": "0325/185316", "correlationVector":"pT1VdzizdJhowzAwr+Stby.1","action":"SyncServerConnectionManagerRequest", "result":"SYNC_SERVER_OK", "context":{"environment":"Prod_WestEurope_x00e", "server":"general0100000A"}}
{"logTime": "0325/185316", "correlationVector":"pT1VdzizdJhowzAwr+Stby.2","action":"Commit Response", "result":"SYNCER_OK", "context":Result: SYNCER_OK. cV=pT1VdzizdJhowzAwr+Stby.0;server=general0100000A;cloudType=Consumer;environment=Prod_WestEurope_x00e;migrationStage=NotStarted}
{"logTime": "0325/185446", "correlationVector":"mj+CiqIP0HABVUFH2LUNps","action":"Commit Request", "result":"", "context":Item count: 2
Contributing types: Sessions}
{"logTime": "0325/185447", "correlationVector":"mj+CiqIP0HABVUFH2LUNps.1","action":"SyncServerConnectionManagerRequest", "result":"SYNC_SERVER_OK", "context":{"environment":"Prod_WestEurope_x00e", "server":"general0100002B"}}
{"logTime": "0325/185447", "correlationVector":"mj+CiqIP0HABVUFH2LUNps.2","action":"Commit Response", "result":"SYNCER_OK", "context":Result: SYNCER_OK. cV=mj+CiqIP0HABVUFH2LUNps.0;server=general0100002B;cloudType=Consumer;environment=Prod_WestEurope_x00e;migrationStage=NotStarted}
{"logTime": "0325/185912", "correlationVector":"NcveN1bB08XmEzL+hl0bHv","action":"Commit Request", "result":"", "context":Item count: 4
Contributing types: Sessions}
{"logTime": "0325/185914", "correlationVector":"NcveN1bB08XmEzL+hl0bHv.1","action":"SyncServerConnectionManagerRequest", "result":"SYNC_SERVER_OK", "context":{"environment":"Prod_WestEurope_000l", "server":"GENERAL0100000D"}}
{"logTime": "0325/185914", "correlationVector":"NcveN1bB08XmEzL+hl0bHv.2","action":"Commit Response", "result":"SYNCER_OK", "context":Result: SYNCER_OK. cV=NcveN1bB08XmEzL+hl0bHv.0;server=GENERAL0100000D;cloudType=Consumer;environment=Prod_WestEurope_000l;migrationStage=NotStarted}
{"logTime": "0325/190000", "correlationVector":"4HVodymbIZeqGosGZvgsBm","action":"Commit Request", "result":"", "context":Item count: 1
Contributing types: Sessions}
{"logTime": "0325/190001", "correlationVector":"4HVodymbIZeqGosGZvgsBm.1","action":"SyncServerConnectionManagerRequest", "result":"SYNC_SERVER_OK", "context":{"environment":"Prod_WestEurope_000l", "server":"GENERAL0100001D"}}
{"logTime": "0325/190001", "correlationVector":"4HVodymbIZeqGosGZvgsBm.3","action":"Commit.Sessions", "result":"Success", "context":{"id":"55c16a1d-3507-4999-97a5-bae92ff93a04", "isDeleted":"true", "size":"0", "version":"1679770757517"}}
{"logTime": "0325/190001", "correlationVector":"4HVodymbIZeqGosGZvgsBm.2","action":"Commit Response", "result":"SYNCER_OK", "context":Result: SYNCER_OK. cV=4HVodymbIZeqGosGZvgsBm.0;server=GENERAL0100001D;cloudType=Consumer;environment=Prod_WestEurope_000l;migrationStage=NotStarted}
{"logTime": "0325/190112", "correlationVector":"CEFgXgPX6dVZI8yuuPhSBG","action":"Commit Request", "result":"", "context":Item count: 4
Contributing types: Extensions, Sessions}
{"logTime": "0325/190112", "correlationVector":"CEFgXgPX6dVZI8yuuPhSBG.1","action":"SyncServerConnectionManagerRequest", "result":"SYNC_SERVER_OK", "context":{"environment":"Prod_WestEurope_000l", "server":"GENERAL0100000G"}}
{"logTime": "0325/190112", "correlationVector":"CEFgXgPX6dVZI8yuuPhSBG.3","action":"Commit.Sessions", "result":"Success", "context":{"id":"76728500-e7ec-4e42-82b3-840d6fb708ca", "isDeleted":"true", "size":"0", "version":"1679770757515"}}
{"logTime": "0325/190112", "correlationVector":"CEFgXgPX6dVZI8yuuPhSBG.2","action":"Commit Response", "result":"SYNCER_OK", "context":Result: SYNCER_OK. cV=CEFgXgPX6dVZI8yuuPhSBG.0;server=GENERAL0100000G;cloudType=Consumer;environment=Prod_WestEurope_000l;migrationStage=NotStarted}
{"logTime": "0325/190151", "correlationVector":"3aWtn93Yuze+hwLynoqwIP","action":"Commit Request", "result":"", "context":Item count: 2
Contributing types: Sessions}
{"logTime": "0325/190152", "correlationVector":"3aWtn93Yuze+hwLynoqwIP.1","action":"SyncServerConnectionManagerRequest", "result":"SYNC_SERVER_OK", "context":{"environment":"Prod_WestEurope_000l", "server":"GENERAL01000001"}}
{"logTime": "0325/190152", "correlationVector":"3aWtn93Yuze+hwLynoqwIP.2","action":"Commit Response", "result":"SYNCER_OK", "context":Result: SYNCER_OK. cV=3aWtn93Yuze+hwLynoqwIP.0;server=GENERAL01000001;cloudType=Consumer;environment=Prod_WestEurope_000l;migrationStage=NotStarted}
{"logTime": "0325/190232", "correlationVector":"jN9C51jRs9Ur+/yXK4An2C","action":"Commit Request", "result":"", "context":Item count: 1
Contributing types: Sessions}
{"logTime": "0325/190233", "correlationVector":"jN9C51jRs9Ur+/yXK4An2C.1","action":"SyncServerConnectionManagerRequest", "result":"SYNC_SERVER_OK", "context":{"environment":"Prod_WestEurope_000l", "server":"GENERAL0100000R"}}
{"logTime": "0325/190233", "correlationVector":"jN9C51jRs9Ur+/yXK4An2C.3","action":"Commit.Sessions", "result":"Success", "context":{"id":"90454b75-ed43-48bd-9761-6db20d7aaa41", "isDeleted":"true", "size":"0", "version":"1679770915185"}}
{"logTime": "0325/190233", "correlationVector":"jN9C51jRs9Ur+/yXK4An2C.2","action":"Commit Response", "result":"SYNCER_OK", "context":Result: SYNCER_OK. cV=jN9C51jRs9Ur+/yXK4An2C.0;server=GENERAL0100000R;cloudType=Consumer;environment=Prod_WestEurope_000l;migrationStage=NotStarted}
{"logTime": "0326/111530", "correlationVector":"W/DfpH/Odl8oXMJr5+uEMr.0","action":"FeedSettingFetch_homeCloud", "result":"0", "context":{}}
{"logTime": "0326/111534", "correlationVector":"W/DfpH/Odl8oXMJr5+uEMr.0","action":"SyncServerConnectionManagerRequest", "result":"SYNC_SERVER_OK", "context":{"environment":"", "server":""}}
{"logTime": "0326/111534", "correlationVector":"5At4UkNCYVRfAGTAG9hekq","action":"Initial GetUpdates", "result":"", "context":Reason: NEWLY_SUPPORTED_DATATYPE. cV=5At4UkNCYVRfAGTAG9hekq}
{"logTime": "0326/111537", "correlationVector":"5At4UkNCYVRfAGTAG9hekq.1","action":"SyncServerConnectionManagerRequest", "result":"SYNC_SERVER_OK", "context":{"environment":"Prod_WestEurope_x00e", "server":"general0100001G"}}
{"logTime": "0326/111537", "correlationVector":"5At4UkNCYVRfAGTAG9hekq.2","action":"GetUpdates", "result":"DeleteReceived", "context":{"id":"f7eae8f2-3ae1-4984-85aa-92dbcee812bf", "isDeleted:":"true", "version":"1679247159758"}}
{"logTime": "0326/111537", "correlationVector":"5At4UkNCYVRfAGTAG9hekq.3","action":"GetUpdates Response", "result":"SYNCER_OK", "context":Received 195 update(s). cV=5At4UkNCYVRfAGTAG9hekq.0;server=general0100001G;cloudType=Consumer;environment=Prod_WestEurope_x00e;migrationStage=NotStarted}
{"logTime": "0326/111538", "correlationVector":"/WVR+pKeG9diLjCboehtvj","action":"Normal GetUpdate request", "result":"", "context":cV=/WVR+pKeG9diLjCboehtvj
Nudged types: Sessions, User Consents
Refresh requested types: Bookmarks, Preferences, Passwords, Autofill Profiles, Autofill, Autofill Custom Data, Typed URLs, Extensions, Sessions, Extension settings, History Delete Directives, Device Info, User Consents, Send Tab To Self, Web Apps, Collection, Edge E Drop, Encryption Keys}
{"logTime": "0326/111540", "correlationVector":"/WVR+pKeG9diLjCboehtvj.1","action":"SyncServerConnectionManagerRequest", "result":"SYNC_SERVER_OK", "context":{"environment":"Prod_WestEurope_x00e", "server":"general0100000T"}}
{"logTime": "0326/111540", "correlationVector":"/WVR+pKeG9diLjCboehtvj.2","action":"GetUpdates", "result":"DeleteReceived", "context":{"id":"08fb58c0-93c8-421a-be06-346beced214e", "isDeleted:":"true", "version":"1679770337726"}}
{"logTime": "0326/111540", "correlationVector":"/WVR+pKeG9diLjCboehtvj.3","action":"GetUpdates", "result":"DeleteReceived", "context":{"id":"55c16a1d-3507-4999-97a5-bae92ff93a04", "isDeleted:":"true", "version":"1679770804319"}}
{"logTime": "0326/111540", "correlationVector":"/WVR+pKeG9diLjCboehtvj.4","action":"GetUpdates", "result":"DeleteReceived", "context":{"id":"76728500-e7ec-4e42-82b3-840d6fb708ca", "isDeleted:":"true", "version":"1679770875504"}}
{"logTime": "0326/111540", "correlationVector":"/WVR+pKeG9diLjCboehtvj.5","action":"GetUpdates", "result":"DeleteReceived", "context":{"id":"90454b75-ed43-48bd-9761-6db20d7aaa41", "isDeleted:":"true", "version":"1679770956081"}}
{"logTime": "0326/111540", "correlationVector":"/WVR+pKeG9diLjCboehtvj.6","action":"GetUpdates Response", "result":"SYNCER_OK", "context":Received 14 update(s). cV=/WVR+pKeG9diLjCboehtvj.0;server=general0100000T;cloudType=Consumer;environment=Prod_WestEurope_x00e;migrationStage=NotStarted}
{"logTime": "0326/111542", "correlationVector":"YC0SeYJ29YLcd3StvpE4Hw","action":"Commit Request", "result":"", "context":Item count: 20
Contributing types: Sessions}
{"logTime": "0326/111546", "correlationVector":"YC0SeYJ29YLcd3StvpE4Hw.1","action":"SyncServerConnectionManagerRequest", "result":"SYNC_SERVER_OK", "context":{"environment":"Prod_WestEurope_x00e", "server":"general0100000T"}}
{"logTime": "0326/111546", "correlationVector":"YC0SeYJ29YLcd3StvpE4Hw.3","action":"Commit.Sessions", "result":"Success", "context":{"id":"8e5afa49-f6d0-4928-b10c-a99fdc947c4e", "isDeleted":"true", "size":"0", "version":"1679770490274"}}
{"logTime": "0326/111546", "correlationVector":"YC0SeYJ29YLcd3StvpE4Hw.2","action":"Commit Response", "result":"SYNCER_OK", "context":Result: SYNCER_OK. cV=YC0SeYJ29YLcd3StvpE4Hw.0;server=general0100000T;cloudType=Consumer;environment=Prod_WestEurope_x00e;migrationStage=NotStarted}
{"logTime": "0326/111546", "correlationVector":"YC0SeYJ29YLcd3StvpE4Hw.4","action":"Commit.Sessions", "result":"Success", "context":{"id":"9b104356-108d-45f8-b0ec-98f8483005c3", "isDeleted":"true", "size":"0", "version":"1679769759110"}}
{"logTime": "0326/111546", "correlationVector":"YC0SeYJ29YLcd3StvpE4Hw.5","action":"Commit.Sessions", "result":"Success", "context":{"id":"ac7a0c82-8fa4-4eb7-ba95-089defc833ff", "isDeleted":"true", "size":"0", "version":"1679769803931"}}
{"logTime": "0326/111546", "correlationVector":"YC0SeYJ29YLcd3StvpE4Hw.6","action":"Commit.Sessions", "result":"Success", "context":{"id":"3aece960-c49a-40ae-9597-5d553bdda108", "isDeleted":"true", "size":"0", "version":"1679769935853"}}
{"logTime": "0326/111546", "correlationVector":"YC0SeYJ29YLcd3StvpE4Hw.7","action":"Commit.Sessions", "result":"Success", "context":{"id":"43dd16fe-2364-4ed7-a0a3-8bbb9c3221d0", "isDeleted":"true", "size":"0", "version":"1679769979485"}}
{"logTime": "0326/111546", "correlationVector":"YC0SeYJ29YLcd3StvpE4Hw.8","action":"Commit.Sessions", "result":"Success", "context":{"id":"d2ad8cc9-4181-46a0-b56b-39daa03267ad", "isDeleted":"true", "size":"0", "version":"1679770490275"}}
{"logTime": "0326/111546", "correlationVector":"YC0SeYJ29YLcd3StvpE4Hw.9","action":"Commit.Sessions", "result":"Success", "context":{"id":"4ff7d56c-e7ae-4f65-82ca-1f58e1b7ecbc", "isDeleted":"true", "size":"0", "version":"1679769803934"}}
{"logTime": "0326/111546", "correlationVector":"YC0SeYJ29YLcd3StvpE4Hw.10","action":"Commit.Sessions", "result":"Success", "context":{"id":"bfde6c0f-d2b9-4deb-ae43-91793b5df63e", "isDeleted":"true", "size":"0", "version":"1679769979486"}}
{"logTime": "0326/111546", "correlationVector":"YC0SeYJ29YLcd3StvpE4Hw.11","action":"Commit.Sessions", "result":"Success", "context":{"id":"d1f46648-75b8-49e4-b569-f4873d3cd230", "isDeleted":"true", "size":"0", "version":"1679769979487"}}
{"logTime": "0326/111546", "correlationVector":"YC0SeYJ29YLcd3StvpE4Hw.12","action":"Commit.Sessions", "result":"Success", "context":{"id":"b4d41ec1-ea69-48ca-8ef0-b40f2bb1f210", "isDeleted":"true", "size":"0", "version":"1679770875505"}}
{"logTime": "0326/111546", "correlationVector":"YC0SeYJ29YLcd3StvpE4Hw.13","action":"Commit.Sessions", "result":"Success", "context":{"id":"e719623b-0f33-4bc3-b458-f31470e71ec4", "isDeleted":"true", "size":"0", "version":"1679769979488"}}
{"logTime": "0326/111546", "correlationVector":"WqyLOkvW84sT9KUaGOraBN","action":"Commit Request", "result":"", "context":Item count: 14
Contributing types: Sessions, User Consents}
{"logTime": "0326/111548", "correlationVector":"WqyLOkvW84sT9KUaGOraBN.1","action":"SyncServerConnectionManagerRequest", "result":"SYNC_SERVER_OK", "context":{"environment":"Prod_WestEurope_x00e", "server":"general0100001M"}}
{"logTime": "0326/111548", "correlationVector":"WqyLOkvW84sT9KUaGOraBN.3","action":"Commit.Sessions", "result":"Success", "context":{"id":"9d7cd565-e3c0-4eee-86ed-93d4f6eedc95", "isDeleted":"true", "size":"0", "version":"1679769935854"}}
{"logTime": "0326/111548", "correlationVector":"WqyLOkvW84sT9KUaGOraBN.4","action":"Commit.Sessions", "result":"Success", "context":{"id":"0a3ab7d9-237d-42af-8973-df26ee80ab81", "isDeleted":"true", "size":"0", "version":"1679769760210"}}
{"logTime": "0326/111548", "correlationVector":"WqyLOkvW84sT9KUaGOraBN.5","action":"Commit.Sessions", "result":"Success", "context":{"id":"5df7efbd-5d83-497e-954f-d14dd52859f2", "isDeleted":"true", "size":"0", "version":"1679769760211"}}
{"logTime": "0326/111548", "correlationVector":"WqyLOkvW84sT9KUaGOraBN.6","action":"Commit.Sessions", "result":"Success", "context":{"id":"2f27a5fc-d701-427e-9493-ea66c4951466", "isDeleted":"true", "size":"0", "version":"1679769760215"}}
{"logTime": "0326/111548", "correlationVector":"WqyLOkvW84sT9KUaGOraBN.7","action":"Commit.Sessions", "result":"Success", "context":{"id":"967222bf-2a3b-4f8f-b50f-0c50024eed04", "isDeleted":"true", "size":"0", "version":"1679769979489"}}
{"logTime": "0326/111548", "correlationVector":"WqyLOkvW84sT9KUaGOraBN.2","action":"Commit Response", "result":"SYNCER_OK", "context":Result: SYNCER_OK. cV=WqyLOkvW84sT9KUaGOraBN.0;server=general0100001M;cloudType=Consumer;environment=Prod_WestEurope_x00e;migrationStage=NotStarted}
{"logTime": "0326/111619", "correlationVector":"IPfymIawP+c6mWvCOeBDrb","action":"Commit Request", "result":"", "context":Item count: 4
Contributing types: Sessions}
{"logTime": "0326/111619", "correlationVector":"IPfymIawP+c6mWvCOeBDrb.1","action":"SyncServerConnectionManagerRequest", "result":"SYNC_SERVER_OK", "context":{"environment":"Prod_WestEurope_000l", "server":"GENERAL01000023"}}
{"logTime": "0326/111619", "correlationVector":"IPfymIawP+c6mWvCOeBDrb.3","action":"Commit.Sessions", "result":"Success", "context":{"id":"fb7cbe0a-0c56-4818-84c7-6d32369bc7af", "isDeleted":"true", "size":"0", "version":"1679829343003"}}
{"logTime": "0326/111619", "correlationVector":"IPfymIawP+c6mWvCOeBDrb.2","action":"Commit Response", "result":"SYNCER_OK", "context":Result: SYNCER_OK. cV=IPfymIawP+c6mWvCOeBDrb.0;server=GENERAL01000023;cloudType=Consumer;environment=Prod_WestEurope_000l;migrationStage=NotStarted}
{"logTime": "0326/111649", "correlationVector":"+9uKNBc1vfNw9acCaxuw1d","action":"Commit Request", "result":"", "context":Item count: 5
Contributing types: Sessions}
{"logTime": "0326/111650", "correlationVector":"+9uKNBc1vfNw9acCaxuw1d.1","action":"SyncServerConnectionManagerRequest", "result":"SYNC_SERVER_OK", "context":{"environment":"Prod_WestEurope_x00e", "server":"general01000010"}}
{"logTime": "0326/111650", "correlationVector":"+9uKNBc1vfNw9acCaxuw1d.2","action":"Commit Response", "result":"SYNCER_OK", "context":Result: SYNCER_OK. cV=+9uKNBc1vfNw9acCaxuw1d.0;server=general01000010;cloudType=Consumer;environment=Prod_WestEurope_x00e;migrationStage=NotStarted}
