[Info  - 10:16:21 AM] (4058) Pylance language server 2023.3.30 (pyright 68a8e98a) starting
[Info  - 10:16:21 AM] (4058) Server root directory: /home/hadi/.vscode/extensions/ms-python.vscode-pylance-2023.3.30/dist
[Info  - 10:16:21 AM] (4058) Starting service instance "Desktop"
[Info  - 10:16:21 AM] (4058) Auto-indent enabled
[Info  - 10:16:21 AM] (4058) No configuration file found.
[Info  - 10:16:21 AM] (4058) No pyproject.toml file found.
[Info  - 10:16:21 AM] (4058) Setting pythonPath for service "Desktop": "/bin/python3"
[Warn  - 10:16:21 AM] (4058) stubPath /home/hadi/Desktop/typings is not a valid directory.
[Info  - 10:16:21 AM] (4058) Assuming Python version 3.10
[Info  - 10:16:21 AM] (4058) Assuming Python platform Linux
[Info  - 10:16:24 AM] (4058) Searching for source files
[Info  - 10:16:24 AM] (4058) Found 3 source files
[Info  - 10:16:25 AM] (4058) Background analysis(1) root directory: /home/hadi/.vscode/extensions/ms-python.vscode-pylance-2023.3.30/dist
[Info  - 10:16:25 AM] (4058) Background analysis(1) started
[Info  - 10:16:25 AM] (4058) Indexer background runner(2) root directory: /home/hadi/.vscode/extensions/ms-python.vscode-pylance-2023.3.30/dist (index)
[Info  - 10:16:25 AM] (4058) Indexing(2) started
[Info  - 10:16:29 AM] (4058) [IDX(2)] Long operation: scan packages /home/hadi/Desktop (4081ms)
[Info  - 10:16:29 AM] (4058) scanned(2) 161 files over 1 exec env
[Info  - 10:16:38 AM] (4058) [IDX(2)] Long operation: index execution environment /home/hadi/Desktop (8393ms)
[Info  - 10:16:38 AM] (4058) [IDX(2)] Long operation: index packages /home/hadi/Desktop (8424ms)
[Info  - 10:16:38 AM] (4058) indexed(2) 95 files over 1 exec env
[Info  - 10:16:38 AM] (4058) Indexing finished(2).
[Info  - 10:23:30 AM] (4058) Indexer background runner(3) root directory: /home/hadi/.vscode/extensions/ms-python.vscode-pylance-2023.3.30/dist (refresh)
[Info  - 10:23:33 AM] (4058) Indexing(3) started
[Info  - 10:23:33 AM] (4058) [BG(1)] Long operation: parsing: /home/hadi/Desktop/earthquake_proj/data_modifier.py (4683ms)
[Info  - 10:23:33 AM] (4058) [BG(1)] Long operation: parsing: /home/hadi/.vscode/extensions/ms-python.vscode-pylance-2023.3.30/dist/typeshed-fallback/stdlib/builtins.pyi (2104ms)
[Info  - 10:23:33 AM] (4058) [IDX(3)] Long operation: scan packages /home/hadi/Desktop (22113ms)
[Info  - 10:23:33 AM] (4058) scanned(3) 161 files over 1 exec env
[Info  - 10:23:33 AM] (4058) [BG(1)] Long operation: parsing: /home/hadi/.local/lib/python3.10/site-packages/numpy/__init__.pyi (2201ms)
[Info  - 10:23:33 AM] (4058) [IDX(3)] Long operation: indexing: /home/hadi/.vscode/extensions/ms-python.vscode-pylance-2023.3.30/dist/bundled/stubs/pandas/__init__.pyi (2214ms)
[Info  - 10:23:33 AM] (4058) [BG(1)] Long operation: checking: /home/hadi/Desktop/earthquake_proj/data_modifier.py (11412ms)
[Info  - 10:23:33 AM] (4058) [BG(1)] Long operation: analyzing: /home/hadi/Desktop/earthquake_proj/data_modifier.py (21599ms)
[Info  - 10:23:35 AM] (4058) [FG] Long operation: parsing: /home/hadi/Desktop/earthquake_proj/data_modifier.py (3256ms)
[Info  - 10:23:40 AM] (4058) [IDX(3)] Long operation: index execution environment /home/hadi/Desktop (14176ms)
[Info  - 10:23:40 AM] (4058) [IDX(3)] Long operation: index packages /home/hadi/Desktop (14492ms)
[Info  - 10:23:40 AM] (4058) Indexing finished(3).
[Info  - 10:23:46 AM] (4058) Indexer background runner(4) root directory: /home/hadi/.vscode/extensions/ms-python.vscode-pylance-2023.3.30/dist (refresh)
[Info  - 10:23:46 AM] (4058) Indexing(4) started
[Info  - 10:23:47 AM] (4058) scanned(4) 161 files over 1 exec env
[Info  - 10:23:52 AM] (4058) [IDX(4)] Long operation: index execution environment /home/hadi/Desktop (4269ms)
[Info  - 10:23:52 AM] (4058) [IDX(4)] Long operation: index packages /home/hadi/Desktop (4281ms)
[Info  - 10:23:52 AM] (4058) indexed(4) 95 files over 1 exec env
[Info  - 10:23:52 AM] (4058) Indexing finished(4).
