Experiment 'pythonaacf' is active
Experiment 'pythonPromptNewToolsExt' is active
Experiment 'pythonSurveyNotificationcf' is active
LSP Notebooks experiment is enabled
LSP Notebooks interactive window support is enabled
Python interpreter path: /bin/python3
> conda info --json
> /bin/python3 -I ~/.vscode/extensions/ms-python.python-2023.4.1/pythonFiles/get_output_via_markers.py ~/.vscode/extensions/ms-python.python-2023.4.1/pythonFiles/interpreterInfo.py
> /usr/bin/python3 -I ~/.vscode/extensions/ms-python.python-2023.4.1/pythonFiles/get_output_via_markers.py ~/.vscode/extensions/ms-python.python-2023.4.1/pythonFiles/interpreterInfo.py
Starting Pylance language server.
> /bin/python3 ~/.vscode/extensions/ms-python.python-2023.4.1/pythonFiles/normalizeSelection.py
Send text to terminal: /bin/python3
Send text to terminal: import numpy

Jupyter provided interpreter path override: /bin/python3
> /bin/python3 ~/.vscode/extensions/ms-python.python-2023.4.1/pythonFiles/normalizeSelection.py
Send text to terminal: import pandas as pd 

> /bin/python3 ~/.vscode/extensions/ms-python.python-2023.4.1/pythonFiles/normalizeSelection.py
Send text to terminal: import pandas as pd 

> /bin/python3 ~/.vscode/extensions/ms-python.python-2023.4.1/pythonFiles/normalizeSelection.py
Send text to terminal: data = pd.read_excel("dataset_modified_V2.0.xlsx")

Jupyter provided interpreter path override: /bin/python3
